[0.159s] Invoking command in '/home/ibrahim/ChampQuadbot/build/champ_gazebo': AMENT_PREFIX_PATH=/home/ibrahim/ChampQuadbot/install/champ_msgs:/home/ibrahim/ChampQuadbot/install/champ:${AMENT_PREFIX_PATH} CMAKE_PREFIX_PATH=/home/ibrahim/ChampQuadbot/install/champ_msgs:/home/ibrahim/ChampQuadbot/install/champ:/home/ibrahim/RobotArmExpanded/install/main_arm_package:/home/ibrahim/RobotArmExpanded/install/action_interfaces:/home/ibrahim/MoveItArm/install/moveit_config:/home/ibrahim/MoveItArm/install/moveit_arm_package:/home/ibrahim/TF2Sample/install/tf2sim:/home/ibrahim/RobotNav/install/main_robot_nodes:/home/ibrahim/RobotNav/install/action_interfaces:/home/ibrahim/RobotMonitor/install/Robot3Node_Package:/home/ibrahim/ros2_ws/install/my_first_package:/home/ibrahim/ros2_ws/install/action_interfaces:/home/ibrahim/RobotArm/install/main_arm_package:/home/ibrahim/RobotArm/install/action_interfaces:/opt/ros/humble LD_LIBRARY_PATH=/home/ibrahim/ChampQuadbot/install/champ_msgs/lib:${LD_LIBRARY_PATH} PYTHONPATH=/home/ibrahim/ChampQuadbot/install/champ_msgs/local/lib/python3.10/dist-packages:${PYTHONPATH} /usr/bin/cmake /home/ibrahim/ChampQuadbot/src/champ/champ_gazebo -DCMAKE_INSTALL_PREFIX=/home/ibrahim/ChampQuadbot/install/champ_gazebo
[0.320s] -- The C compiler identification is GNU 11.4.0
[0.760s] -- The CXX compiler identification is GNU 11.4.0
[1.045s] -- Detecting C compiler ABI info
[1.209s] -- Detecting C compiler ABI info - done
[1.217s] -- Check for working C compiler: /usr/bin/cc - skipped
[1.217s] -- Detecting C compile features
[1.217s] -- Detecting C compile features - done
[1.220s] -- Detecting CXX compiler ABI info
[1.373s] -- Detecting CXX compiler ABI info - done
[1.378s] -- Check for working CXX compiler: /usr/bin/c++ - skipped
[1.378s] -- Detecting CXX compile features
[1.379s] -- Detecting CXX compile features - done
[1.383s] -- Found ament_cmake: 1.3.14 (/opt/ros/humble/share/ament_cmake/cmake)
[1.541s] -- Found Python3: /usr/bin/python3 (found version "3.10.12") found components: Interpreter 
[1.670s] -- Found rclcpp: 16.0.19 (/opt/ros/humble/share/rclcpp/cmake)
[1.815s] -- Found rosidl_generator_c: 3.1.8 (/opt/ros/humble/share/rosidl_generator_c/cmake)
[1.825s] -- Found rosidl_adapter: 3.1.8 (/opt/ros/humble/share/rosidl_adapter/cmake)
[1.836s] -- Found rosidl_generator_cpp: 3.1.8 (/opt/ros/humble/share/rosidl_generator_cpp/cmake)
[1.851s] -- Using all available rosidl_typesupport_c: rosidl_typesupport_fastrtps_c;rosidl_typesupport_introspection_c
[1.869s] -- Using all available rosidl_typesupport_cpp: rosidl_typesupport_fastrtps_cpp;rosidl_typesupport_introspection_cpp
[1.931s] -- Found rmw_implementation_cmake: 6.1.2 (/opt/ros/humble/share/rmw_implementation_cmake/cmake)
[1.936s] -- Found rmw_cyclonedds_cpp: 1.3.4 (/opt/ros/humble/share/rmw_cyclonedds_cpp/cmake)
[1.966s] -- Using RMW implementation 'rmw_cyclonedds_cpp' as default
[1.982s] -- Looking for pthread.h
[2.133s] -- Looking for pthread.h - found
[2.134s] -- Performing Test CMAKE_HAVE_LIBC_PTHREAD
[2.280s] -- Performing Test CMAKE_HAVE_LIBC_PTHREAD - Success
[2.281s] -- Found Threads: TRUE  
[2.354s] -- Found urdf: 2.6.1 (/opt/ros/humble/share/urdf/cmake)
[3.977s] -- Found champ: 0.1.0 (/home/ibrahim/ChampQuadbot/install/champ/share/champ/cmake)
[3.978s] -- Found champ_msgs: 0.1.0 (/home/ibrahim/ChampQuadbot/install/champ_msgs/share/champ_msgs/cmake)
[4.007s] -- Found gazebo_ros2_control: 0.4.10 (/opt/ros/humble/share/gazebo_ros2_control/cmake)
[4.257s] -- Found PkgConfig: /usr/bin/pkg-config (found version "0.29.2") 
[4.258s] -- Checking for module 'bullet>=2.82'
[4.280s] --   Found bullet, version 3.05
[4.494s] -- Found fcl: /usr/include (found suitable version "0.7.0", minimum required is "0.5.0") 
[4.572s] -- Found assimp: /usr/include (found version "5.2.0") 
[4.623s] -- Found DART: /usr/include (Required is at least version "6.6") found components: dart 
[4.675s] -- Found Boost: /usr/lib/x86_64-linux-gnu/cmake/Boost-1.74.0/BoostConfig.cmake (found suitable version "1.74.0", minimum required is "1.40.0") found components: thread system filesystem program_options regex iostreams date_time 
[5.150s] -- Found Protobuf: /usr/lib/x86_64-linux-gnu/libprotobuf.so (found version "3.12.4") 
[5.166s] -- Looking for ignition-math6 -- found version 6.15.1
[5.184s] -- Searching for dependencies of ignition-math6
[5.188s] -- Looking for OGRE...
[5.188s] -- OGRE_PREFIX_WATCH changed.
[5.195s] -- Checking for module 'OGRE'
[5.215s] --   Found OGRE, version 1.9.0
[5.272s] -- Found Ogre Ghadamon (1.9.0)
[5.790s] -- Found OGRE: optimized;/usr/lib/x86_64-linux-gnu/libOgreMain.so;debug;/usr/lib/x86_64-linux-gnu/libOgreMain.so
[5.803s] -- Looking for OGRE_Paging...
[6.250s] -- Found OGRE_Paging: optimized;/usr/lib/x86_64-linux-gnu/libOgrePaging.so;debug;/usr/lib/x86_64-linux-gnu/libOgrePaging.so
[6.250s] -- Looking for OGRE_Terrain...
[6.710s] -- Found OGRE_Terrain: optimized;/usr/lib/x86_64-linux-gnu/libOgreTerrain.so;debug;/usr/lib/x86_64-linux-gnu/libOgreTerrain.so
[6.710s] -- Looking for OGRE_Property...
[7.176s] -- Found OGRE_Property: optimized;/usr/lib/x86_64-linux-gnu/libOgreProperty.so;debug;/usr/lib/x86_64-linux-gnu/libOgreProperty.so
[7.177s] -- Looking for OGRE_RTShaderSystem...
[7.682s] -- Found OGRE_RTShaderSystem: optimized;/usr/lib/x86_64-linux-gnu/libOgreRTShaderSystem.so;debug;/usr/lib/x86_64-linux-gnu/libOgreRTShaderSystem.so
[7.682s] -- Looking for OGRE_Volume...
[8.175s] -- Found OGRE_Volume: optimized;/usr/lib/x86_64-linux-gnu/libOgreVolume.so;debug;/usr/lib/x86_64-linux-gnu/libOgreVolume.so
[8.175s] -- Looking for OGRE_Overlay...
[8.676s] -- Found OGRE_Overlay: optimized;/usr/lib/x86_64-linux-gnu/libOgreOverlay.so;debug;/usr/lib/x86_64-linux-gnu/libOgreOverlay.so
[34.286s] -- Looking for ignition-math6 -- found version 6.15.1
[34.295s] -- Looking for ignition-transport8 -- found version 8.2.1
[34.297s] -- Searching for dependencies of ignition-transport8
[35.837s] -- Found Protobuf: /usr/lib/x86_64-linux-gnu/libprotobuf.so (found suitable version "3.12.4", minimum required is "3") 
[37.329s] -- Config-file not installed for ZeroMQ -- checking for pkg-config
[37.340s] -- Checking for module 'libzmq >= 4'
[37.368s] --   Found libzmq , version 4.3.4
[37.423s] -- Found ZeroMQ: TRUE (Required is at least version "4") 
[37.477s] -- Checking for module 'uuid'
[37.499s] --   Found uuid, version 2.37.2
[37.549s] -- Found UUID: TRUE  
[37.555s] -- Looking for ignition-msgs5 -- found version 5.8.1
[37.556s] -- Searching for dependencies of ignition-msgs5
[39.064s] -- Looking for ignition-math6 -- found version 6.15.1
[39.070s] -- Checking for module 'tinyxml2'
[39.090s] --   Found tinyxml2, version 9.0.0
[39.155s] -- Looking for ignition-msgs5 -- found version 5.8.1
[39.162s] -- Looking for ignition-common3 -- found version 3.14.0
[39.163s] -- Searching for dependencies of ignition-common3
[39.208s] -- Looking for dlfcn.h - found
[39.255s] -- Looking for libdl - found
[39.256s] -- Found DL: TRUE  
[39.369s] -- Found tinyobjloader: /usr/lib/x86_64-linux-gnu/cmake/tinyobjloader/tinyobjloader-config.cmake (found version "2.0.0") 
[39.371s] -- Searching for <ignition-common3> component [graphics]
[39.378s] -- Looking for ignition-common3-graphics -- found version 3.14.0
[39.379s] -- Searching for dependencies of ignition-common3-graphics
[39.379s] -- Looking for ignition-math6 -- found version 6.15.1
[39.387s] -- Looking for ignition-fuel_tools4 -- found version 4.4.0
[39.389s] -- Searching for dependencies of ignition-fuel_tools4
[41.475s] -- Found CURL: /usr/lib/x86_64-linux-gnu/libcurl.so (found version "7.81.0")  
[41.491s] -- Checking for module 'jsoncpp'
[41.514s] --   Found jsoncpp, version 1.9.5
[41.574s] -- Found JSONCPP: TRUE  
[41.584s] -- Checking for module 'libzip'
[41.610s] --   Found libzip, version 1.7.3
[41.669s] -- Found ZIP: TRUE  
[41.669s] -- Looking for ignition-common3 -- found version 3.14.0
[41.670s] -- Looking for ignition-math6 -- found version 6.15.1
[41.670s] -- Looking for ignition-msgs5 -- found version 5.8.1
[41.680s] -- Gazebo version: 11.10
[41.680s] -- Checking for module 'tbb'
[41.704s] --   Found tbb, version 2021.5.0
[41.901s] -- Configuring done
[42.086s] -- Generating done
[42.099s] -- Build files have been written to: /home/ibrahim/ChampQuadbot/build/champ_gazebo
[42.124s] Invoked command in '/home/ibrahim/ChampQuadbot/build/champ_gazebo' returned '0': AMENT_PREFIX_PATH=/home/ibrahim/ChampQuadbot/install/champ_msgs:/home/ibrahim/ChampQuadbot/install/champ:${AMENT_PREFIX_PATH} CMAKE_PREFIX_PATH=/home/ibrahim/ChampQuadbot/install/champ_msgs:/home/ibrahim/ChampQuadbot/install/champ:/home/ibrahim/RobotArmExpanded/install/main_arm_package:/home/ibrahim/RobotArmExpanded/install/action_interfaces:/home/ibrahim/MoveItArm/install/moveit_config:/home/ibrahim/MoveItArm/install/moveit_arm_package:/home/ibrahim/TF2Sample/install/tf2sim:/home/ibrahim/RobotNav/install/main_robot_nodes:/home/ibrahim/RobotNav/install/action_interfaces:/home/ibrahim/RobotMonitor/install/Robot3Node_Package:/home/ibrahim/ros2_ws/install/my_first_package:/home/ibrahim/ros2_ws/install/action_interfaces:/home/ibrahim/RobotArm/install/main_arm_package:/home/ibrahim/RobotArm/install/action_interfaces:/opt/ros/humble LD_LIBRARY_PATH=/home/ibrahim/ChampQuadbot/install/champ_msgs/lib:${LD_LIBRARY_PATH} PYTHONPATH=/home/ibrahim/ChampQuadbot/install/champ_msgs/local/lib/python3.10/dist-packages:${PYTHONPATH} /usr/bin/cmake /home/ibrahim/ChampQuadbot/src/champ/champ_gazebo -DCMAKE_INSTALL_PREFIX=/home/ibrahim/ChampQuadbot/install/champ_gazebo
[42.126s] Invoking command in '/home/ibrahim/ChampQuadbot/build/champ_gazebo': AMENT_PREFIX_PATH=/home/ibrahim/ChampQuadbot/install/champ_msgs:/home/ibrahim/ChampQuadbot/install/champ:${AMENT_PREFIX_PATH} CMAKE_PREFIX_PATH=/home/ibrahim/ChampQuadbot/install/champ_msgs:/home/ibrahim/ChampQuadbot/install/champ:/home/ibrahim/RobotArmExpanded/install/main_arm_package:/home/ibrahim/RobotArmExpanded/install/action_interfaces:/home/ibrahim/MoveItArm/install/moveit_config:/home/ibrahim/MoveItArm/install/moveit_arm_package:/home/ibrahim/TF2Sample/install/tf2sim:/home/ibrahim/RobotNav/install/main_robot_nodes:/home/ibrahim/RobotNav/install/action_interfaces:/home/ibrahim/RobotMonitor/install/Robot3Node_Package:/home/ibrahim/ros2_ws/install/my_first_package:/home/ibrahim/ros2_ws/install/action_interfaces:/home/ibrahim/RobotArm/install/main_arm_package:/home/ibrahim/RobotArm/install/action_interfaces:/opt/ros/humble LD_LIBRARY_PATH=/home/ibrahim/ChampQuadbot/install/champ_msgs/lib:${LD_LIBRARY_PATH} PYTHONPATH=/home/ibrahim/ChampQuadbot/install/champ_msgs/local/lib/python3.10/dist-packages:${PYTHONPATH} /usr/bin/cmake --build /home/ibrahim/ChampQuadbot/build/champ_gazebo -- -j16 -l16
[42.219s] [ 50%] [32mBuilding CXX object CMakeFiles/contact_sensor.dir/src/contact_sensor.cpp.o[0m
[67.149s] [100%] [32m[1mLinking CXX executable contact_sensor[0m
[69.947s] [100%] Built target contact_sensor
[69.977s] Invoked command in '/home/ibrahim/ChampQuadbot/build/champ_gazebo' returned '0': AMENT_PREFIX_PATH=/home/ibrahim/ChampQuadbot/install/champ_msgs:/home/ibrahim/ChampQuadbot/install/champ:${AMENT_PREFIX_PATH} CMAKE_PREFIX_PATH=/home/ibrahim/ChampQuadbot/install/champ_msgs:/home/ibrahim/ChampQuadbot/install/champ:/home/ibrahim/RobotArmExpanded/install/main_arm_package:/home/ibrahim/RobotArmExpanded/install/action_interfaces:/home/ibrahim/MoveItArm/install/moveit_config:/home/ibrahim/MoveItArm/install/moveit_arm_package:/home/ibrahim/TF2Sample/install/tf2sim:/home/ibrahim/RobotNav/install/main_robot_nodes:/home/ibrahim/RobotNav/install/action_interfaces:/home/ibrahim/RobotMonitor/install/Robot3Node_Package:/home/ibrahim/ros2_ws/install/my_first_package:/home/ibrahim/ros2_ws/install/action_interfaces:/home/ibrahim/RobotArm/install/main_arm_package:/home/ibrahim/RobotArm/install/action_interfaces:/opt/ros/humble LD_LIBRARY_PATH=/home/ibrahim/ChampQuadbot/install/champ_msgs/lib:${LD_LIBRARY_PATH} PYTHONPATH=/home/ibrahim/ChampQuadbot/install/champ_msgs/local/lib/python3.10/dist-packages:${PYTHONPATH} /usr/bin/cmake --build /home/ibrahim/ChampQuadbot/build/champ_gazebo -- -j16 -l16
[69.983s] Invoking command in '/home/ibrahim/ChampQuadbot/build/champ_gazebo': AMENT_PREFIX_PATH=/home/ibrahim/ChampQuadbot/install/champ_msgs:/home/ibrahim/ChampQuadbot/install/champ:${AMENT_PREFIX_PATH} CMAKE_PREFIX_PATH=/home/ibrahim/ChampQuadbot/install/champ_msgs:/home/ibrahim/ChampQuadbot/install/champ:/home/ibrahim/RobotArmExpanded/install/main_arm_package:/home/ibrahim/RobotArmExpanded/install/action_interfaces:/home/ibrahim/MoveItArm/install/moveit_config:/home/ibrahim/MoveItArm/install/moveit_arm_package:/home/ibrahim/TF2Sample/install/tf2sim:/home/ibrahim/RobotNav/install/main_robot_nodes:/home/ibrahim/RobotNav/install/action_interfaces:/home/ibrahim/RobotMonitor/install/Robot3Node_Package:/home/ibrahim/ros2_ws/install/my_first_package:/home/ibrahim/ros2_ws/install/action_interfaces:/home/ibrahim/RobotArm/install/main_arm_package:/home/ibrahim/RobotArm/install/action_interfaces:/opt/ros/humble LD_LIBRARY_PATH=/home/ibrahim/ChampQuadbot/install/champ_msgs/lib:${LD_LIBRARY_PATH} PYTHONPATH=/home/ibrahim/ChampQuadbot/install/champ_msgs/local/lib/python3.10/dist-packages:${PYTHONPATH} /usr/bin/cmake --install /home/ibrahim/ChampQuadbot/build/champ_gazebo
[69.999s] -- Install configuration: ""
[70.002s] -- Installing: /home/ibrahim/ChampQuadbot/install/champ_gazebo/bin/imu_sensor.py
[70.002s] -- Installing: /home/ibrahim/ChampQuadbot/install/champ_gazebo/bin/odometry_tf.py
[70.002s] -- Installing: /home/ibrahim/ChampQuadbot/install/champ_gazebo/bin/odometry.py
[70.004s] -- Installing: /home/ibrahim/ChampQuadbot/install/champ_gazebo/lib/champ_gazebo/contact_sensor
[70.010s] -- Set runtime path of "/home/ibrahim/ChampQuadbot/install/champ_gazebo/lib/champ_gazebo/contact_sensor" to ""
[70.010s] -- Installing: /home/ibrahim/ChampQuadbot/install/champ_gazebo/share/champ_gazebo/launch
[70.013s] -- Installing: /home/ibrahim/ChampQuadbot/install/champ_gazebo/share/champ_gazebo/launch/spawn_robot.launch
[70.013s] -- Installing: /home/ibrahim/ChampQuadbot/install/champ_gazebo/share/champ_gazebo/launch/spawn_world.launch
[70.015s] -- Installing: /home/ibrahim/ChampQuadbot/install/champ_gazebo/share/champ_gazebo/launch/gazebo.launch
[70.015s] -- Installing: /home/ibrahim/ChampQuadbot/install/champ_gazebo/share/champ_gazebo/launch/gazebo.launch.py
[70.016s] -- Installing: /home/ibrahim/ChampQuadbot/install/champ_gazebo/share/champ_gazebo/config
[70.017s] -- Installing: /home/ibrahim/ChampQuadbot/install/champ_gazebo/share/champ_gazebo/config/gazebo.yaml
[70.018s] -- Installing: /home/ibrahim/ChampQuadbot/install/champ_gazebo/share/champ_gazebo/config/ros_control.yaml
[70.019s] -- Installing: /home/ibrahim/ChampQuadbot/install/champ_gazebo/share/champ_gazebo/worlds
[70.020s] -- Installing: /home/ibrahim/ChampQuadbot/install/champ_gazebo/share/champ_gazebo/worlds/playground.world
[70.022s] -- Installing: /home/ibrahim/ChampQuadbot/install/champ_gazebo/share/champ_gazebo/worlds/outdoor.world
[70.023s] -- Installing: /home/ibrahim/ChampQuadbot/install/champ_gazebo/share/champ_gazebo/worlds/default.world
[70.027s] -- Installing: /home/ibrahim/ChampQuadbot/install/champ_gazebo/share/ament_index/resource_index/package_run_dependencies/champ_gazebo
[70.028s] -- Installing: /home/ibrahim/ChampQuadbot/install/champ_gazebo/share/ament_index/resource_index/parent_prefix_path/champ_gazebo
[70.029s] -- Installing: /home/ibrahim/ChampQuadbot/install/champ_gazebo/share/champ_gazebo/environment/ament_prefix_path.sh
[70.029s] -- Installing: /home/ibrahim/ChampQuadbot/install/champ_gazebo/share/champ_gazebo/environment/ament_prefix_path.dsv
[70.030s] -- Installing: /home/ibrahim/ChampQuadbot/install/champ_gazebo/share/champ_gazebo/environment/path.sh
[70.030s] -- Installing: /home/ibrahim/ChampQuadbot/install/champ_gazebo/share/champ_gazebo/environment/path.dsv
[70.031s] -- Installing: /home/ibrahim/ChampQuadbot/install/champ_gazebo/share/champ_gazebo/local_setup.bash
[70.031s] -- Installing: /home/ibrahim/ChampQuadbot/install/champ_gazebo/share/champ_gazebo/local_setup.sh
[70.032s] -- Installing: /home/ibrahim/ChampQuadbot/install/champ_gazebo/share/champ_gazebo/local_setup.zsh
[70.032s] -- Installing: /home/ibrahim/ChampQuadbot/install/champ_gazebo/share/champ_gazebo/local_setup.dsv
[70.032s] -- Installing: /home/ibrahim/ChampQuadbot/install/champ_gazebo/share/champ_gazebo/package.dsv
[70.034s] -- Installing: /home/ibrahim/ChampQuadbot/install/champ_gazebo/share/ament_index/resource_index/packages/champ_gazebo
[70.036s] -- Installing: /home/ibrahim/ChampQuadbot/install/champ_gazebo/share/champ_gazebo/cmake/ament_cmake_export_include_directories-extras.cmake
[70.036s] -- Installing: /home/ibrahim/ChampQuadbot/install/champ_gazebo/share/champ_gazebo/cmake/ament_cmake_export_dependencies-extras.cmake
[70.037s] -- Installing: /home/ibrahim/ChampQuadbot/install/champ_gazebo/share/champ_gazebo/cmake/champ_gazeboConfig.cmake
[70.037s] -- Installing: /home/ibrahim/ChampQuadbot/install/champ_gazebo/share/champ_gazebo/cmake/champ_gazeboConfig-version.cmake
[70.038s] -- Installing: /home/ibrahim/ChampQuadbot/install/champ_gazebo/share/champ_gazebo/package.xml
[70.043s] Invoked command in '/home/ibrahim/ChampQuadbot/build/champ_gazebo' returned '0': AMENT_PREFIX_PATH=/home/ibrahim/ChampQuadbot/install/champ_msgs:/home/ibrahim/ChampQuadbot/install/champ:${AMENT_PREFIX_PATH} CMAKE_PREFIX_PATH=/home/ibrahim/ChampQuadbot/install/champ_msgs:/home/ibrahim/ChampQuadbot/install/champ:/home/ibrahim/RobotArmExpanded/install/main_arm_package:/home/ibrahim/RobotArmExpanded/install/action_interfaces:/home/ibrahim/MoveItArm/install/moveit_config:/home/ibrahim/MoveItArm/install/moveit_arm_package:/home/ibrahim/TF2Sample/install/tf2sim:/home/ibrahim/RobotNav/install/main_robot_nodes:/home/ibrahim/RobotNav/install/action_interfaces:/home/ibrahim/RobotMonitor/install/Robot3Node_Package:/home/ibrahim/ros2_ws/install/my_first_package:/home/ibrahim/ros2_ws/install/action_interfaces:/home/ibrahim/RobotArm/install/main_arm_package:/home/ibrahim/RobotArm/install/action_interfaces:/opt/ros/humble LD_LIBRARY_PATH=/home/ibrahim/ChampQuadbot/install/champ_msgs/lib:${LD_LIBRARY_PATH} PYTHONPATH=/home/ibrahim/ChampQuadbot/install/champ_msgs/local/lib/python3.10/dist-packages:${PYTHONPATH} /usr/bin/cmake --install /home/ibrahim/ChampQuadbot/build/champ_gazebo
