[0.125s] Invoking command in '/home/ibrahim/ChampQuadbot/build/champ': CMAKE_PREFIX_PATH=${CMAKE_PREFIX_PATH}:/home/ibrahim/RobotArm/install/main_arm_package:/home/ibrahim/RobotArm/install/action_interfaces:/opt/ros/humble /usr/bin/cmake --build /home/ibrahim/ChampQuadbot/build/champ -- -j16 -l16
[0.246s] Invoked command in '/home/ibrahim/ChampQuadbot/build/champ' returned '0': CMAKE_PREFIX_PATH=${CMAKE_PREFIX_PATH}:/home/ibrahim/RobotArm/install/main_arm_package:/home/ibrahim/RobotArm/install/action_interfaces:/opt/ros/humble /usr/bin/cmake --build /home/ibrahim/ChampQuadbot/build/champ -- -j16 -l16
[0.269s] Invoking command in '/home/ibrahim/ChampQuadbot/build/champ': CMAKE_PREFIX_PATH=${CMAKE_PREFIX_PATH}:/home/ibrahim/RobotArm/install/main_arm_package:/home/ibrahim/RobotArm/install/action_interfaces:/opt/ros/humble /usr/bin/cmake --install /home/ibrahim/ChampQuadbot/build/champ
[0.335s] -- Install configuration: ""
[0.341s] -- Up-to-date: /home/ibrahim/ChampQuadbot/install/champ/include
[0.398s] -- Up-to-date: /home/ibrahim/ChampQuadbot/install/champ/include/champ
[0.399s] -- Up-to-date: /home/ibrahim/ChampQuadbot/install/champ/include/champ/kinematics
[0.399s] -- Up-to-date: /home/ibrahim/ChampQuadbot/install/champ/include/champ/kinematics/kinematics.h
[0.400s] -- Up-to-date: /home/ibrahim/ChampQuadbot/install/champ/include/champ/odometry
[0.401s] -- Up-to-date: /home/ibrahim/ChampQuadbot/install/champ/include/champ/odometry/odometry.h
[0.401s] -- Up-to-date: /home/ibrahim/ChampQuadbot/install/champ/include/champ/quadruped_base
[0.402s] -- Up-to-date: /home/ibrahim/ChampQuadbot/install/champ/include/champ/quadruped_base/quadruped_base.h
[0.403s] -- Up-to-date: /home/ibrahim/ChampQuadbot/install/champ/include/champ/quadruped_base/quadruped_leg.h
[0.404s] -- Up-to-date: /home/ibrahim/ChampQuadbot/install/champ/include/champ/quadruped_base/quadruped_components.h
[0.404s] -- Up-to-date: /home/ibrahim/ChampQuadbot/install/champ/include/champ/quadruped_base/quadruped_joint.h
[0.405s] -- Up-to-date: /home/ibrahim/ChampQuadbot/install/champ/include/champ/bla
[0.406s] -- Up-to-date: /home/ibrahim/ChampQuadbot/install/champ/include/champ/bla/memory_delegate.h
[0.407s] -- Up-to-date: /home/ibrahim/ChampQuadbot/install/champ/include/champ/bla/basic_linear_algebra.h
[0.407s] -- Up-to-date: /home/ibrahim/ChampQuadbot/install/champ/include/champ/LICENSE
[0.408s] -- Up-to-date: /home/ibrahim/ChampQuadbot/install/champ/include/champ/leg_controller
[0.409s] -- Up-to-date: /home/ibrahim/ChampQuadbot/install/champ/include/champ/leg_controller/phase_generator.h
[0.409s] -- Up-to-date: /home/ibrahim/ChampQuadbot/install/champ/include/champ/leg_controller/leg_controller.h
[0.409s] -- Up-to-date: /home/ibrahim/ChampQuadbot/install/champ/include/champ/leg_controller/trajectory_planner.h
[0.410s] -- Up-to-date: /home/ibrahim/ChampQuadbot/install/champ/include/champ/.git
[0.411s] -- Up-to-date: /home/ibrahim/ChampQuadbot/install/champ/include/champ/macros
[0.412s] -- Up-to-date: /home/ibrahim/ChampQuadbot/install/champ/include/champ/macros/macros.h
[0.412s] -- Up-to-date: /home/ibrahim/ChampQuadbot/install/champ/include/champ/README.md
[0.413s] -- Up-to-date: /home/ibrahim/ChampQuadbot/install/champ/include/champ/utils
[0.413s] -- Up-to-date: /home/ibrahim/ChampQuadbot/install/champ/include/champ/utils/xmlrpc_helpers.h
[0.413s] -- Up-to-date: /home/ibrahim/ChampQuadbot/install/champ/include/champ/utils/urdf_loader.h
[0.414s] -- Up-to-date: /home/ibrahim/ChampQuadbot/install/champ/include/champ/geometry
[0.415s] -- Up-to-date: /home/ibrahim/ChampQuadbot/install/champ/include/champ/geometry/geometry.h
[0.416s] -- Up-to-date: /home/ibrahim/ChampQuadbot/install/champ/include/champ/body_controller
[0.418s] -- Up-to-date: /home/ibrahim/ChampQuadbot/install/champ/include/champ/body_controller/body_controller.h
[0.418s] -- Up-to-date: /home/ibrahim/ChampQuadbot/install/champ/share/ament_index/resource_index/package_run_dependencies/champ
[0.419s] -- Up-to-date: /home/ibrahim/ChampQuadbot/install/champ/share/ament_index/resource_index/parent_prefix_path/champ
[0.420s] -- Up-to-date: /home/ibrahim/ChampQuadbot/install/champ/share/champ/environment/ament_prefix_path.sh
[0.420s] -- Up-to-date: /home/ibrahim/ChampQuadbot/install/champ/share/champ/environment/ament_prefix_path.dsv
[0.420s] -- Up-to-date: /home/ibrahim/ChampQuadbot/install/champ/share/champ/environment/path.sh
[0.421s] -- Up-to-date: /home/ibrahim/ChampQuadbot/install/champ/share/champ/environment/path.dsv
[0.421s] -- Up-to-date: /home/ibrahim/ChampQuadbot/install/champ/share/champ/local_setup.bash
[0.422s] -- Up-to-date: /home/ibrahim/ChampQuadbot/install/champ/share/champ/local_setup.sh
[0.422s] -- Up-to-date: /home/ibrahim/ChampQuadbot/install/champ/share/champ/local_setup.zsh
[0.423s] -- Up-to-date: /home/ibrahim/ChampQuadbot/install/champ/share/champ/local_setup.dsv
[0.423s] -- Installing: /home/ibrahim/ChampQuadbot/install/champ/share/champ/package.dsv
[0.440s] -- Up-to-date: /home/ibrahim/ChampQuadbot/install/champ/share/ament_index/resource_index/packages/champ
[0.440s] -- Up-to-date: /home/ibrahim/ChampQuadbot/install/champ/share/champ/cmake/ament_cmake_export_include_directories-extras.cmake
[0.441s] -- Up-to-date: /home/ibrahim/ChampQuadbot/install/champ/share/champ/cmake/champConfig.cmake
[0.441s] -- Up-to-date: /home/ibrahim/ChampQuadbot/install/champ/share/champ/cmake/champConfig-version.cmake
[0.441s] -- Up-to-date: /home/ibrahim/ChampQuadbot/install/champ/share/champ/package.xml
[0.511s] Invoked command in '/home/ibrahim/ChampQuadbot/build/champ' returned '0': CMAKE_PREFIX_PATH=${CMAKE_PREFIX_PATH}:/home/ibrahim/RobotArm/install/main_arm_package:/home/ibrahim/RobotArm/install/action_interfaces:/opt/ros/humble /usr/bin/cmake --install /home/ibrahim/ChampQuadbot/build/champ
