[0.410s] Invoking command in '/home/ibrahim/ChampQuadbot/build/champ_bringup': AMENT_PREFIX_PATH=/home/ibrahim/ChampQuadbot/install/champ_base:/home/ibrahim/ChampQuadbot/install/champ_msgs:/home/ibrahim/ChampQuadbot/install/champ_description:/home/ibrahim/ChampQuadbot/install/champ:${AMENT_PREFIX_PATH} CMAKE_PREFIX_PATH=/home/ibrahim/ChampQuadbot/install/champ_base:/home/ibrahim/ChampQuadbot/install/champ_msgs:/home/ibrahim/ChampQuadbot/install/champ_description:/home/ibrahim/ChampQuadbot/install/champ:/home/ibrahim/ChampQuadbot/install/champbot_nodes:/home/ibrahim/RobotArmExpanded/install/main_arm_package:/home/ibrahim/RobotArmExpanded/install/action_interfaces:/home/ibrahim/MoveItArm/install/moveit_config:/home/ibrahim/MoveItArm/install/moveit_arm_package:/home/ibrahim/TF2Sample/install/tf2sim:/home/ibrahim/RobotNav/install/main_robot_nodes:/home/ibrahim/RobotNav/install/action_interfaces:/home/ibrahim/RobotMonitor/install/Robot3Node_Package:/home/ibrahim/ros2_ws/install/my_first_package:/home/ibrahim/ros2_ws/install/action_interfaces:/home/ibrahim/RobotArm/install/main_arm_package:/home/ibrahim/RobotArm/install/action_interfaces:/opt/ros/humble LD_LIBRARY_PATH=/home/ibrahim/ChampQuadbot/install/champ_base/lib:/home/ibrahim/ChampQuadbot/install/champ_msgs/lib:${LD_LIBRARY_PATH} PATH=/home/ibrahim/ChampQuadbot/install/champ_base/bin:${PATH} PYTHONPATH=/home/ibrahim/ChampQuadbot/install/champ_msgs/local/lib/python3.10/dist-packages:${PYTHONPATH} /usr/bin/cmake --build /home/ibrahim/ChampQuadbot/build/champ_bringup -- -j16 -l16
[0.527s] Built target ament_cmake_python_copy_champ_bringup
[0.952s] running egg_info
[0.954s] writing champ_bringup.egg-info/PKG-INFO
[0.954s] writing dependency_links to champ_bringup.egg-info/dependency_links.txt
[0.954s] writing top-level names to champ_bringup.egg-info/top_level.txt
[0.956s] reading manifest file 'champ_bringup.egg-info/SOURCES.txt'
[0.957s] writing manifest file 'champ_bringup.egg-info/SOURCES.txt'
[0.988s] Built target ament_cmake_python_build_champ_bringup_egg
[1.008s] Invoked command in '/home/ibrahim/ChampQuadbot/build/champ_bringup' returned '0': AMENT_PREFIX_PATH=/home/ibrahim/ChampQuadbot/install/champ_base:/home/ibrahim/ChampQuadbot/install/champ_msgs:/home/ibrahim/ChampQuadbot/install/champ_description:/home/ibrahim/ChampQuadbot/install/champ:${AMENT_PREFIX_PATH} CMAKE_PREFIX_PATH=/home/ibrahim/ChampQuadbot/install/champ_base:/home/ibrahim/ChampQuadbot/install/champ_msgs:/home/ibrahim/ChampQuadbot/install/champ_description:/home/ibrahim/ChampQuadbot/install/champ:/home/ibrahim/ChampQuadbot/install/champbot_nodes:/home/ibrahim/RobotArmExpanded/install/main_arm_package:/home/ibrahim/RobotArmExpanded/install/action_interfaces:/home/ibrahim/MoveItArm/install/moveit_config:/home/ibrahim/MoveItArm/install/moveit_arm_package:/home/ibrahim/TF2Sample/install/tf2sim:/home/ibrahim/RobotNav/install/main_robot_nodes:/home/ibrahim/RobotNav/install/action_interfaces:/home/ibrahim/RobotMonitor/install/Robot3Node_Package:/home/ibrahim/ros2_ws/install/my_first_package:/home/ibrahim/ros2_ws/install/action_interfaces:/home/ibrahim/RobotArm/install/main_arm_package:/home/ibrahim/RobotArm/install/action_interfaces:/opt/ros/humble LD_LIBRARY_PATH=/home/ibrahim/ChampQuadbot/install/champ_base/lib:/home/ibrahim/ChampQuadbot/install/champ_msgs/lib:${LD_LIBRARY_PATH} PATH=/home/ibrahim/ChampQuadbot/install/champ_base/bin:${PATH} PYTHONPATH=/home/ibrahim/ChampQuadbot/install/champ_msgs/local/lib/python3.10/dist-packages:${PYTHONPATH} /usr/bin/cmake --build /home/ibrahim/ChampQuadbot/build/champ_bringup -- -j16 -l16
[1.011s] Invoking command in '/home/ibrahim/ChampQuadbot/build/champ_bringup': AMENT_PREFIX_PATH=/home/ibrahim/ChampQuadbot/install/champ_base:/home/ibrahim/ChampQuadbot/install/champ_msgs:/home/ibrahim/ChampQuadbot/install/champ_description:/home/ibrahim/ChampQuadbot/install/champ:${AMENT_PREFIX_PATH} CMAKE_PREFIX_PATH=/home/ibrahim/ChampQuadbot/install/champ_base:/home/ibrahim/ChampQuadbot/install/champ_msgs:/home/ibrahim/ChampQuadbot/install/champ_description:/home/ibrahim/ChampQuadbot/install/champ:/home/ibrahim/ChampQuadbot/install/champbot_nodes:/home/ibrahim/RobotArmExpanded/install/main_arm_package:/home/ibrahim/RobotArmExpanded/install/action_interfaces:/home/ibrahim/MoveItArm/install/moveit_config:/home/ibrahim/MoveItArm/install/moveit_arm_package:/home/ibrahim/TF2Sample/install/tf2sim:/home/ibrahim/RobotNav/install/main_robot_nodes:/home/ibrahim/RobotNav/install/action_interfaces:/home/ibrahim/RobotMonitor/install/Robot3Node_Package:/home/ibrahim/ros2_ws/install/my_first_package:/home/ibrahim/ros2_ws/install/action_interfaces:/home/ibrahim/RobotArm/install/main_arm_package:/home/ibrahim/RobotArm/install/action_interfaces:/opt/ros/humble LD_LIBRARY_PATH=/home/ibrahim/ChampQuadbot/install/champ_base/lib:/home/ibrahim/ChampQuadbot/install/champ_msgs/lib:${LD_LIBRARY_PATH} PATH=/home/ibrahim/ChampQuadbot/install/champ_base/bin:${PATH} PYTHONPATH=/home/ibrahim/ChampQuadbot/install/champ_msgs/local/lib/python3.10/dist-packages:${PYTHONPATH} /usr/bin/cmake --install /home/ibrahim/ChampQuadbot/build/champ_bringup
[1.020s] -- Install configuration: ""
[1.021s] -- Up-to-date: /home/ibrahim/ChampQuadbot/install/champ_bringup/share/champ_bringup/launch
[1.021s] -- Up-to-date: /home/ibrahim/ChampQuadbot/install/champ_bringup/share/champ_bringup/launch/include
[1.021s] -- Up-to-date: /home/ibrahim/ChampQuadbot/install/champ_bringup/share/champ_bringup/launch/include/velocity_smoother.launch
[1.021s] -- Up-to-date: /home/ibrahim/ChampQuadbot/install/champ_bringup/share/champ_bringup/launch/include/laser
[1.021s] -- Up-to-date: /home/ibrahim/ChampQuadbot/install/champ_bringup/share/champ_bringup/launch/include/laser/lms1xx.launch
[1.021s] -- Up-to-date: /home/ibrahim/ChampQuadbot/install/champ_bringup/share/champ_bringup/launch/include/laser/xv11.launch
[1.021s] -- Up-to-date: /home/ibrahim/ChampQuadbot/install/champ_bringup/share/champ_bringup/launch/include/laser/ydlidar.launch
[1.021s] -- Up-to-date: /home/ibrahim/ChampQuadbot/install/champ_bringup/share/champ_bringup/launch/include/laser/sweep.launch
[1.021s] -- Up-to-date: /home/ibrahim/ChampQuadbot/install/champ_bringup/share/champ_bringup/launch/include/laser/kinect.launch
[1.021s] -- Up-to-date: /home/ibrahim/ChampQuadbot/install/champ_bringup/share/champ_bringup/launch/include/laser/rplidar.launch
[1.022s] -- Up-to-date: /home/ibrahim/ChampQuadbot/install/champ_bringup/share/champ_bringup/launch/include/laser/hokuyo.launch
[1.022s] -- Up-to-date: /home/ibrahim/ChampQuadbot/install/champ_bringup/share/champ_bringup/launch/include/laser/d435.launch
[1.022s] -- Up-to-date: /home/ibrahim/ChampQuadbot/install/champ_bringup/share/champ_bringup/launch/include/laser/sim.launch
[1.022s] -- Up-to-date: /home/ibrahim/ChampQuadbot/install/champ_bringup/share/champ_bringup/launch/include/laser/realsense.launch
[1.022s] -- Up-to-date: /home/ibrahim/ChampQuadbot/install/champ_bringup/share/champ_bringup/launch/bringup.launch.py
[1.022s] -- Up-to-date: /home/ibrahim/ChampQuadbot/install/champ_bringup/share/champ_bringup/launch/joints_gui.launch
[1.022s] -- Up-to-date: /home/ibrahim/ChampQuadbot/install/champ_bringup/share/champ_bringup/launch/bringup.launch
[1.022s] -- Up-to-date: /home/ibrahim/ChampQuadbot/install/champ_bringup/share/champ_bringup/launch/joints_gui.launch.py
[1.022s] -- Up-to-date: /home/ibrahim/ChampQuadbot/install/champ_bringup/share/champ_bringup/environment/pythonpath.sh
[1.022s] -- Up-to-date: /home/ibrahim/ChampQuadbot/install/champ_bringup/share/champ_bringup/environment/pythonpath.dsv
[1.022s] -- Up-to-date: /home/ibrahim/ChampQuadbot/install/champ_bringup/local/lib/python3.10/dist-packages/champ_bringup-0.1.0-py3.10.egg-info
[1.022s] -- Installing: /home/ibrahim/ChampQuadbot/install/champ_bringup/local/lib/python3.10/dist-packages/champ_bringup-0.1.0-py3.10.egg-info/top_level.txt
[1.023s] -- Installing: /home/ibrahim/ChampQuadbot/install/champ_bringup/local/lib/python3.10/dist-packages/champ_bringup-0.1.0-py3.10.egg-info/PKG-INFO
[1.023s] -- Installing: /home/ibrahim/ChampQuadbot/install/champ_bringup/local/lib/python3.10/dist-packages/champ_bringup-0.1.0-py3.10.egg-info/dependency_links.txt
[1.023s] -- Installing: /home/ibrahim/ChampQuadbot/install/champ_bringup/local/lib/python3.10/dist-packages/champ_bringup-0.1.0-py3.10.egg-info/SOURCES.txt
[1.023s] -- Up-to-date: /home/ibrahim/ChampQuadbot/install/champ_bringup/local/lib/python3.10/dist-packages/champ_bringup
[1.023s] -- Up-to-date: /home/ibrahim/ChampQuadbot/install/champ_bringup/local/lib/python3.10/dist-packages/champ_bringup/joint_calibrator_relay.py
[1.023s] -- Up-to-date: /home/ibrahim/ChampQuadbot/install/champ_bringup/local/lib/python3.10/dist-packages/champ_bringup/__init__.py
[1.062s] Listing '/home/ibrahim/ChampQuadbot/install/champ_bringup/local/lib/python3.10/dist-packages/champ_bringup'...
[1.068s] -- Up-to-date: /home/ibrahim/ChampQuadbot/install/champ_bringup/lib/champ_bringup/joint_calibrator_relay.py
[1.068s] -- Up-to-date: /home/ibrahim/ChampQuadbot/install/champ_bringup/share/ament_index/resource_index/package_run_dependencies/champ_bringup
[1.068s] -- Up-to-date: /home/ibrahim/ChampQuadbot/install/champ_bringup/share/ament_index/resource_index/parent_prefix_path/champ_bringup
[1.068s] -- Up-to-date: /home/ibrahim/ChampQuadbot/install/champ_bringup/share/champ_bringup/environment/ament_prefix_path.sh
[1.068s] -- Up-to-date: /home/ibrahim/ChampQuadbot/install/champ_bringup/share/champ_bringup/environment/ament_prefix_path.dsv
[1.069s] -- Up-to-date: /home/ibrahim/ChampQuadbot/install/champ_bringup/share/champ_bringup/environment/path.sh
[1.069s] -- Up-to-date: /home/ibrahim/ChampQuadbot/install/champ_bringup/share/champ_bringup/environment/path.dsv
[1.069s] -- Up-to-date: /home/ibrahim/ChampQuadbot/install/champ_bringup/share/champ_bringup/local_setup.bash
[1.069s] -- Up-to-date: /home/ibrahim/ChampQuadbot/install/champ_bringup/share/champ_bringup/local_setup.sh
[1.069s] -- Up-to-date: /home/ibrahim/ChampQuadbot/install/champ_bringup/share/champ_bringup/local_setup.zsh
[1.069s] -- Up-to-date: /home/ibrahim/ChampQuadbot/install/champ_bringup/share/champ_bringup/local_setup.dsv
[1.069s] -- Installing: /home/ibrahim/ChampQuadbot/install/champ_bringup/share/champ_bringup/package.dsv
[1.069s] -- Up-to-date: /home/ibrahim/ChampQuadbot/install/champ_bringup/share/ament_index/resource_index/packages/champ_bringup
[1.069s] -- Up-to-date: /home/ibrahim/ChampQuadbot/install/champ_bringup/share/champ_bringup/cmake/champ_bringupConfig.cmake
[1.069s] -- Up-to-date: /home/ibrahim/ChampQuadbot/install/champ_bringup/share/champ_bringup/cmake/champ_bringupConfig-version.cmake
[1.070s] -- Up-to-date: /home/ibrahim/ChampQuadbot/install/champ_bringup/share/champ_bringup/package.xml
[1.073s] Invoked command in '/home/ibrahim/ChampQuadbot/build/champ_bringup' returned '0': AMENT_PREFIX_PATH=/home/ibrahim/ChampQuadbot/install/champ_base:/home/ibrahim/ChampQuadbot/install/champ_msgs:/home/ibrahim/ChampQuadbot/install/champ_description:/home/ibrahim/ChampQuadbot/install/champ:${AMENT_PREFIX_PATH} CMAKE_PREFIX_PATH=/home/ibrahim/ChampQuadbot/install/champ_base:/home/ibrahim/ChampQuadbot/install/champ_msgs:/home/ibrahim/ChampQuadbot/install/champ_description:/home/ibrahim/ChampQuadbot/install/champ:/home/ibrahim/ChampQuadbot/install/champbot_nodes:/home/ibrahim/RobotArmExpanded/install/main_arm_package:/home/ibrahim/RobotArmExpanded/install/action_interfaces:/home/ibrahim/MoveItArm/install/moveit_config:/home/ibrahim/MoveItArm/install/moveit_arm_package:/home/ibrahim/TF2Sample/install/tf2sim:/home/ibrahim/RobotNav/install/main_robot_nodes:/home/ibrahim/RobotNav/install/action_interfaces:/home/ibrahim/RobotMonitor/install/Robot3Node_Package:/home/ibrahim/ros2_ws/install/my_first_package:/home/ibrahim/ros2_ws/install/action_interfaces:/home/ibrahim/RobotArm/install/main_arm_package:/home/ibrahim/RobotArm/install/action_interfaces:/opt/ros/humble LD_LIBRARY_PATH=/home/ibrahim/ChampQuadbot/install/champ_base/lib:/home/ibrahim/ChampQuadbot/install/champ_msgs/lib:${LD_LIBRARY_PATH} PATH=/home/ibrahim/ChampQuadbot/install/champ_base/bin:${PATH} PYTHONPATH=/home/ibrahim/ChampQuadbot/install/champ_msgs/local/lib/python3.10/dist-packages:${PYTHONPATH} /usr/bin/cmake --install /home/ibrahim/ChampQuadbot/build/champ_bringup
