[0.114s] Invoking command in '/home/ibrahim/ChampQuadbot/build/champ_description': CMAKE_PREFIX_PATH=${CMAKE_PREFIX_PATH}:/home/ibrahim/RobotArm/install/main_arm_package:/home/ibrahim/RobotArm/install/action_interfaces:/opt/ros/humble /usr/bin/cmake --build /home/ibrahim/ChampQuadbot/build/champ_description -- -j16 -l16
[0.224s] Invoked command in '/home/ibrahim/ChampQuadbot/build/champ_description' returned '0': CMAKE_PREFIX_PATH=${CMAKE_PREFIX_PATH}:/home/ibrahim/RobotArm/install/main_arm_package:/home/ibrahim/RobotArm/install/action_interfaces:/opt/ros/humble /usr/bin/cmake --build /home/ibrahim/ChampQuadbot/build/champ_description -- -j16 -l16
[0.247s] Invoking command in '/home/ibrahim/ChampQuadbot/build/champ_description': CMAKE_PREFIX_PATH=${CMAKE_PREFIX_PATH}:/home/ibrahim/RobotArm/install/main_arm_package:/home/ibrahim/RobotArm/install/action_interfaces:/opt/ros/humble /usr/bin/cmake --install /home/ibrahim/ChampQuadbot/build/champ_description
[0.270s] -- Install configuration: ""
[0.272s] -- Up-to-date: /home/ibrahim/ChampQuadbot/install/champ_description/share/champ_description/launch
[0.273s] -- Up-to-date: /home/ibrahim/ChampQuadbot/install/champ_description/share/champ_description/launch/description.launch
[0.273s] -- Up-to-date: /home/ibrahim/ChampQuadbot/install/champ_description/share/champ_description/launch/description.launch.py
[0.276s] -- Up-to-date: /home/ibrahim/ChampQuadbot/install/champ_description/share/champ_description/launch/view_urdf.launch
[0.277s] -- Up-to-date: /home/ibrahim/ChampQuadbot/install/champ_description/share/champ_description/rviz
[0.277s] -- Up-to-date: /home/ibrahim/ChampQuadbot/install/champ_description/share/champ_description/rviz/urdf_viewer.rviz
[0.277s] -- Up-to-date: /home/ibrahim/ChampQuadbot/install/champ_description/share/champ_description/meshes
[0.277s] -- Up-to-date: /home/ibrahim/ChampQuadbot/install/champ_description/share/champ_description/meshes/hip.stl
[0.278s] -- Up-to-date: /home/ibrahim/ChampQuadbot/install/champ_description/share/champ_description/meshes/upper_leg_simple.stl
[0.278s] -- Up-to-date: /home/ibrahim/ChampQuadbot/install/champ_description/share/champ_description/meshes/base_simple.stl
[0.278s] -- Up-to-date: /home/ibrahim/ChampQuadbot/install/champ_description/share/champ_description/meshes/hokuyo_utm_30lx.dae
[0.278s] -- Up-to-date: /home/ibrahim/ChampQuadbot/install/champ_description/share/champ_description/meshes/base.stl
[0.278s] -- Up-to-date: /home/ibrahim/ChampQuadbot/install/champ_description/share/champ_description/meshes/asus_camera_simple.dae
[0.278s] -- Up-to-date: /home/ibrahim/ChampQuadbot/install/champ_description/share/champ_description/meshes/lower_leg.stl
[0.278s] -- Up-to-date: /home/ibrahim/ChampQuadbot/install/champ_description/share/champ_description/meshes/upper_leg.stl
[0.278s] -- Up-to-date: /home/ibrahim/ChampQuadbot/install/champ_description/share/champ_description/meshes/arm
[0.279s] -- Up-to-date: /home/ibrahim/ChampQuadbot/install/champ_description/share/champ_description/meshes/arm/upper_arm.stl
[0.279s] -- Up-to-date: /home/ibrahim/ChampQuadbot/install/champ_description/share/champ_description/meshes/arm/wrist1.stl
[0.279s] -- Up-to-date: /home/ibrahim/ChampQuadbot/install/champ_description/share/champ_description/meshes/arm/lower_arm.stl
[0.279s] -- Up-to-date: /home/ibrahim/ChampQuadbot/install/champ_description/share/champ_description/meshes/arm/base.stl
[0.279s] -- Up-to-date: /home/ibrahim/ChampQuadbot/install/champ_description/share/champ_description/meshes/arm/wrist2.stl
[0.279s] -- Up-to-date: /home/ibrahim/ChampQuadbot/install/champ_description/share/champ_description/meshes/lower_leg_simple.stl
[0.285s] -- Up-to-date: /home/ibrahim/ChampQuadbot/install/champ_description/share/champ_description/urdf
[0.285s] -- Up-to-date: /home/ibrahim/ChampQuadbot/install/champ_description/share/champ_description/urdf/accessories.urdf.xacro
[0.285s] -- Up-to-date: /home/ibrahim/ChampQuadbot/install/champ_description/share/champ_description/urdf/champ.urdf
[0.285s] -- Up-to-date: /home/ibrahim/ChampQuadbot/install/champ_description/share/champ_description/urdf/properties.urdf.xacro
[0.285s] -- Up-to-date: /home/ibrahim/ChampQuadbot/install/champ_description/share/champ_description/urdf/champ_arm.urdf
[0.285s] -- Up-to-date: /home/ibrahim/ChampQuadbot/install/champ_description/share/champ_description/urdf/asus_camera.urdf.xacro
[0.286s] -- Up-to-date: /home/ibrahim/ChampQuadbot/install/champ_description/share/champ_description/urdf/champ_velodyne.urdf
[0.286s] -- Up-to-date: /home/ibrahim/ChampQuadbot/install/champ_description/share/champ_description/urdf/hokuyo_utm30lx.urdf.xacro
[0.286s] -- Up-to-date: /home/ibrahim/ChampQuadbot/install/champ_description/share/champ_description/urdf/leg.urdf.xacro
[0.291s] -- Up-to-date: /home/ibrahim/ChampQuadbot/install/champ_description/share/champ_description/urdf/champ.urdf.xacro
[0.291s] -- Up-to-date: /home/ibrahim/ChampQuadbot/install/champ_description/share/champ_description/urdf/gen_urdf
[0.292s] -- Up-to-date: /home/ibrahim/ChampQuadbot/install/champ_description/share/ament_index/resource_index/package_run_dependencies/champ_description
[0.295s] -- Up-to-date: /home/ibrahim/ChampQuadbot/install/champ_description/share/ament_index/resource_index/parent_prefix_path/champ_description
[0.297s] -- Up-to-date: /home/ibrahim/ChampQuadbot/install/champ_description/share/champ_description/environment/ament_prefix_path.sh
[0.301s] -- Up-to-date: /home/ibrahim/ChampQuadbot/install/champ_description/share/champ_description/environment/ament_prefix_path.dsv
[0.303s] -- Up-to-date: /home/ibrahim/ChampQuadbot/install/champ_description/share/champ_description/environment/path.sh
[0.304s] -- Up-to-date: /home/ibrahim/ChampQuadbot/install/champ_description/share/champ_description/environment/path.dsv
[0.305s] -- Up-to-date: /home/ibrahim/ChampQuadbot/install/champ_description/share/champ_description/local_setup.bash
[0.305s] -- Up-to-date: /home/ibrahim/ChampQuadbot/install/champ_description/share/champ_description/local_setup.sh
[0.306s] -- Up-to-date: /home/ibrahim/ChampQuadbot/install/champ_description/share/champ_description/local_setup.zsh
[0.306s] -- Up-to-date: /home/ibrahim/ChampQuadbot/install/champ_description/share/champ_description/local_setup.dsv
[0.307s] -- Installing: /home/ibrahim/ChampQuadbot/install/champ_description/share/champ_description/package.dsv
[0.311s] -- Up-to-date: /home/ibrahim/ChampQuadbot/install/champ_description/share/ament_index/resource_index/packages/champ_description
[0.312s] -- Up-to-date: /home/ibrahim/ChampQuadbot/install/champ_description/share/champ_description/cmake/champ_descriptionConfig.cmake
[0.313s] -- Up-to-date: /home/ibrahim/ChampQuadbot/install/champ_description/share/champ_description/cmake/champ_descriptionConfig-version.cmake
[0.314s] -- Up-to-date: /home/ibrahim/ChampQuadbot/install/champ_description/share/champ_description/package.xml
[0.372s] Invoked command in '/home/ibrahim/ChampQuadbot/build/champ_description' returned '0': CMAKE_PREFIX_PATH=${CMAKE_PREFIX_PATH}:/home/ibrahim/RobotArm/install/main_arm_package:/home/ibrahim/RobotArm/install/action_interfaces:/opt/ros/humble /usr/bin/cmake --install /home/ibrahim/ChampQuadbot/build/champ_description
