[0.124s] Invoking command in '/home/ibrahim/ChampQuadbot/build/champ_base': CMAKE_PREFIX_PATH=/home/ibrahim/ChampQuadbot/install/champ_msgs:/home/ibrahim/ChampQuadbot/install/champ:/home/ibrahim/ChampQuadbot/install/quadbot_config:/home/ibrahim/ChampQuadbot/install/champbot_nodes:/home/ibrahim/ChampQuadbot/install/champ_teleop:/home/ibrahim/ChampQuadbot/install/champ_navigation:/home/ibrahim/ChampQuadbot/install/champ_gazebo:/home/ibrahim/ChampQuadbot/install/champ_bringup:/home/ibrahim/ChampQuadbot/install/champ_base:/home/ibrahim/ChampQuadbot/install/champ_description:/home/ibrahim/ChampQuadbot/install/champ_config:/home/ibrahim/RobotArmExpanded/install/main_arm_package:/home/ibrahim/RobotArmExpanded/install/action_interfaces:/home/ibrahim/MoveItArm/install/moveit_config:/home/ibrahim/MoveItArm/install/moveit_arm_package:/home/ibrahim/TF2Sample/install/tf2sim:/home/ibrahim/RobotNav/install/main_robot_nodes:/home/ibrahim/RobotNav/install/action_interfaces:/home/ibrahim/RobotMonitor/install/Robot3Node_Package:/home/ibrahim/ros2_ws/install/my_first_package:/home/ibrahim/ros2_ws/install/action_interfaces:/home/ibrahim/RobotArm/install/main_arm_package:/home/ibrahim/RobotArm/install/action_interfaces:/opt/ros/humble LD_LIBRARY_PATH=/home/ibrahim/ChampQuadbot/install/champ_msgs/lib:/home/ibrahim/ChampQuadbot/install/champ_base/lib:/home/ibrahim/RobotArmExpanded/install/action_interfaces/lib:/home/ibrahim/RobotArm/install/action_interfaces/lib:/home/ibrahim/RobotNav/install/action_interfaces/lib:/home/ibrahim/ros2_ws/install/action_interfaces/lib:/usr/lib/x86_64-linux-gnu/gazebo-11/plugins:/opt/ros/humble/opt/rviz_ogre_vendor/lib:/opt/ros/humble/lib/x86_64-linux-gnu:/opt/ros/humble/lib /usr/bin/cmake --build /home/ibrahim/ChampQuadbot/build/champ_base -- -j16 -l16
[0.197s] [ 50%] Built target state_estimation
[0.197s] [ 50%] Built target message_relay
[0.197s] [ 50%] Built target quadruped_controller
[0.230s] [ 66%] Built target quadruped_controller_node
[0.231s] [ 83%] Built target state_estimation_node
[0.266s] [100%] Built target message_relay_node
[0.298s] Invoked command in '/home/ibrahim/ChampQuadbot/build/champ_base' returned '0': CMAKE_PREFIX_PATH=/home/ibrahim/ChampQuadbot/install/champ_msgs:/home/ibrahim/ChampQuadbot/install/champ:/home/ibrahim/ChampQuadbot/install/quadbot_config:/home/ibrahim/ChampQuadbot/install/champbot_nodes:/home/ibrahim/ChampQuadbot/install/champ_teleop:/home/ibrahim/ChampQuadbot/install/champ_navigation:/home/ibrahim/ChampQuadbot/install/champ_gazebo:/home/ibrahim/ChampQuadbot/install/champ_bringup:/home/ibrahim/ChampQuadbot/install/champ_base:/home/ibrahim/ChampQuadbot/install/champ_description:/home/ibrahim/ChampQuadbot/install/champ_config:/home/ibrahim/RobotArmExpanded/install/main_arm_package:/home/ibrahim/RobotArmExpanded/install/action_interfaces:/home/ibrahim/MoveItArm/install/moveit_config:/home/ibrahim/MoveItArm/install/moveit_arm_package:/home/ibrahim/TF2Sample/install/tf2sim:/home/ibrahim/RobotNav/install/main_robot_nodes:/home/ibrahim/RobotNav/install/action_interfaces:/home/ibrahim/RobotMonitor/install/Robot3Node_Package:/home/ibrahim/ros2_ws/install/my_first_package:/home/ibrahim/ros2_ws/install/action_interfaces:/home/ibrahim/RobotArm/install/main_arm_package:/home/ibrahim/RobotArm/install/action_interfaces:/opt/ros/humble LD_LIBRARY_PATH=/home/ibrahim/ChampQuadbot/install/champ_msgs/lib:/home/ibrahim/ChampQuadbot/install/champ_base/lib:/home/ibrahim/RobotArmExpanded/install/action_interfaces/lib:/home/ibrahim/RobotArm/install/action_interfaces/lib:/home/ibrahim/RobotNav/install/action_interfaces/lib:/home/ibrahim/ros2_ws/install/action_interfaces/lib:/usr/lib/x86_64-linux-gnu/gazebo-11/plugins:/opt/ros/humble/opt/rviz_ogre_vendor/lib:/opt/ros/humble/lib/x86_64-linux-gnu:/opt/ros/humble/lib /usr/bin/cmake --build /home/ibrahim/ChampQuadbot/build/champ_base -- -j16 -l16
[0.300s] Invoking command in '/home/ibrahim/ChampQuadbot/build/champ_base': CMAKE_PREFIX_PATH=/home/ibrahim/ChampQuadbot/install/champ_msgs:/home/ibrahim/ChampQuadbot/install/champ:/home/ibrahim/ChampQuadbot/install/quadbot_config:/home/ibrahim/ChampQuadbot/install/champbot_nodes:/home/ibrahim/ChampQuadbot/install/champ_teleop:/home/ibrahim/ChampQuadbot/install/champ_navigation:/home/ibrahim/ChampQuadbot/install/champ_gazebo:/home/ibrahim/ChampQuadbot/install/champ_bringup:/home/ibrahim/ChampQuadbot/install/champ_base:/home/ibrahim/ChampQuadbot/install/champ_description:/home/ibrahim/ChampQuadbot/install/champ_config:/home/ibrahim/RobotArmExpanded/install/main_arm_package:/home/ibrahim/RobotArmExpanded/install/action_interfaces:/home/ibrahim/MoveItArm/install/moveit_config:/home/ibrahim/MoveItArm/install/moveit_arm_package:/home/ibrahim/TF2Sample/install/tf2sim:/home/ibrahim/RobotNav/install/main_robot_nodes:/home/ibrahim/RobotNav/install/action_interfaces:/home/ibrahim/RobotMonitor/install/Robot3Node_Package:/home/ibrahim/ros2_ws/install/my_first_package:/home/ibrahim/ros2_ws/install/action_interfaces:/home/ibrahim/RobotArm/install/main_arm_package:/home/ibrahim/RobotArm/install/action_interfaces:/opt/ros/humble LD_LIBRARY_PATH=/home/ibrahim/ChampQuadbot/install/champ_msgs/lib:/home/ibrahim/ChampQuadbot/install/champ_base/lib:/home/ibrahim/RobotArmExpanded/install/action_interfaces/lib:/home/ibrahim/RobotArm/install/action_interfaces/lib:/home/ibrahim/RobotNav/install/action_interfaces/lib:/home/ibrahim/ros2_ws/install/action_interfaces/lib:/usr/lib/x86_64-linux-gnu/gazebo-11/plugins:/opt/ros/humble/opt/rviz_ogre_vendor/lib:/opt/ros/humble/lib/x86_64-linux-gnu:/opt/ros/humble/lib /usr/bin/cmake --install /home/ibrahim/ChampQuadbot/build/champ_base
[0.310s] -- Install configuration: ""
[0.310s] -- Up-to-date: /home/ibrahim/ChampQuadbot/install/champ_base/share/champ_base/config
[0.310s] -- Up-to-date: /home/ibrahim/ChampQuadbot/install/champ_base/share/champ_base/config/velocity_smoother
[0.310s] -- Installing: /home/ibrahim/ChampQuadbot/install/champ_base/share/champ_base/config/velocity_smoother/velocity_smoother.yaml
[0.311s] -- Up-to-date: /home/ibrahim/ChampQuadbot/install/champ_base/share/champ_base/config/ekf
[0.311s] -- Installing: /home/ibrahim/ChampQuadbot/install/champ_base/share/champ_base/config/ekf/footprint_to_odom.yaml
[0.312s] -- Installing: /home/ibrahim/ChampQuadbot/install/champ_base/share/champ_base/config/ekf/base_to_footprint.yaml
[0.312s] -- Installing: /home/ibrahim/ChampQuadbot/install/champ_base/lib/libquadruped_controller.so
[0.342s] -- Set runtime path of "/home/ibrahim/ChampQuadbot/install/champ_base/lib/libquadruped_controller.so" to ""
[0.342s] -- Installing: /home/ibrahim/ChampQuadbot/install/champ_base/bin/quadruped_controller_node
[0.343s] -- Set runtime path of "/home/ibrahim/ChampQuadbot/install/champ_base/bin/quadruped_controller_node" to ""
[0.344s] -- Installing: /home/ibrahim/ChampQuadbot/install/champ_base/lib/libmessage_relay.so
[0.383s] -- Set runtime path of "/home/ibrahim/ChampQuadbot/install/champ_base/lib/libmessage_relay.so" to ""
[0.383s] -- Installing: /home/ibrahim/ChampQuadbot/install/champ_base/bin/message_relay_node
[0.384s] -- Set runtime path of "/home/ibrahim/ChampQuadbot/install/champ_base/bin/message_relay_node" to ""
[0.385s] -- Installing: /home/ibrahim/ChampQuadbot/install/champ_base/lib/libstate_estimation.so
[0.427s] -- Set runtime path of "/home/ibrahim/ChampQuadbot/install/champ_base/lib/libstate_estimation.so" to ""
[0.427s] -- Installing: /home/ibrahim/ChampQuadbot/install/champ_base/bin/state_estimation_node
[0.429s] -- Set runtime path of "/home/ibrahim/ChampQuadbot/install/champ_base/bin/state_estimation_node" to ""
[0.429s] -- Installing: /home/ibrahim/ChampQuadbot/install/champ_base/lib/champ_base/quadruped_controller_node
[0.430s] -- Set runtime path of "/home/ibrahim/ChampQuadbot/install/champ_base/lib/champ_base/quadruped_controller_node" to ""
[0.430s] -- Installing: /home/ibrahim/ChampQuadbot/install/champ_base/lib/champ_base/message_relay_node
[0.431s] -- Set runtime path of "/home/ibrahim/ChampQuadbot/install/champ_base/lib/champ_base/message_relay_node" to ""
[0.431s] -- Installing: /home/ibrahim/ChampQuadbot/install/champ_base/lib/champ_base/state_estimation_node
[0.432s] -- Set runtime path of "/home/ibrahim/ChampQuadbot/install/champ_base/lib/champ_base/state_estimation_node" to ""
[0.432s] -- Installing: /home/ibrahim/ChampQuadbot/install/champ_base/share/ament_index/resource_index/package_run_dependencies/champ_base
[0.432s] -- Installing: /home/ibrahim/ChampQuadbot/install/champ_base/share/ament_index/resource_index/parent_prefix_path/champ_base
[0.433s] -- Installing: /home/ibrahim/ChampQuadbot/install/champ_base/share/champ_base/environment/ament_prefix_path.sh
[0.433s] -- Installing: /home/ibrahim/ChampQuadbot/install/champ_base/share/champ_base/environment/ament_prefix_path.dsv
[0.434s] -- Installing: /home/ibrahim/ChampQuadbot/install/champ_base/share/champ_base/environment/path.sh
[0.434s] -- Installing: /home/ibrahim/ChampQuadbot/install/champ_base/share/champ_base/environment/path.dsv
[0.435s] -- Installing: /home/ibrahim/ChampQuadbot/install/champ_base/share/champ_base/local_setup.bash
[0.435s] -- Installing: /home/ibrahim/ChampQuadbot/install/champ_base/share/champ_base/local_setup.sh
[0.436s] -- Installing: /home/ibrahim/ChampQuadbot/install/champ_base/share/champ_base/local_setup.zsh
[0.437s] -- Installing: /home/ibrahim/ChampQuadbot/install/champ_base/share/champ_base/local_setup.dsv
[0.437s] -- Installing: /home/ibrahim/ChampQuadbot/install/champ_base/share/champ_base/package.dsv
[0.438s] -- Installing: /home/ibrahim/ChampQuadbot/install/champ_base/share/ament_index/resource_index/packages/champ_base
[0.438s] -- Installing: /home/ibrahim/ChampQuadbot/install/champ_base/share/champ_base/cmake/ament_cmake_export_include_directories-extras.cmake
[0.439s] -- Installing: /home/ibrahim/ChampQuadbot/install/champ_base/share/champ_base/cmake/ament_cmake_export_dependencies-extras.cmake
[0.439s] -- Installing: /home/ibrahim/ChampQuadbot/install/champ_base/share/champ_base/cmake/champ_baseConfig.cmake
[0.439s] -- Installing: /home/ibrahim/ChampQuadbot/install/champ_base/share/champ_base/cmake/champ_baseConfig-version.cmake
[0.440s] -- Installing: /home/ibrahim/ChampQuadbot/install/champ_base/share/champ_base/package.xml
[0.443s] Invoked command in '/home/ibrahim/ChampQuadbot/build/champ_base' returned '0': CMAKE_PREFIX_PATH=/home/ibrahim/ChampQuadbot/install/champ_msgs:/home/ibrahim/ChampQuadbot/install/champ:/home/ibrahim/ChampQuadbot/install/quadbot_config:/home/ibrahim/ChampQuadbot/install/champbot_nodes:/home/ibrahim/ChampQuadbot/install/champ_teleop:/home/ibrahim/ChampQuadbot/install/champ_navigation:/home/ibrahim/ChampQuadbot/install/champ_gazebo:/home/ibrahim/ChampQuadbot/install/champ_bringup:/home/ibrahim/ChampQuadbot/install/champ_base:/home/ibrahim/ChampQuadbot/install/champ_description:/home/ibrahim/ChampQuadbot/install/champ_config:/home/ibrahim/RobotArmExpanded/install/main_arm_package:/home/ibrahim/RobotArmExpanded/install/action_interfaces:/home/ibrahim/MoveItArm/install/moveit_config:/home/ibrahim/MoveItArm/install/moveit_arm_package:/home/ibrahim/TF2Sample/install/tf2sim:/home/ibrahim/RobotNav/install/main_robot_nodes:/home/ibrahim/RobotNav/install/action_interfaces:/home/ibrahim/RobotMonitor/install/Robot3Node_Package:/home/ibrahim/ros2_ws/install/my_first_package:/home/ibrahim/ros2_ws/install/action_interfaces:/home/ibrahim/RobotArm/install/main_arm_package:/home/ibrahim/RobotArm/install/action_interfaces:/opt/ros/humble LD_LIBRARY_PATH=/home/ibrahim/ChampQuadbot/install/champ_msgs/lib:/home/ibrahim/ChampQuadbot/install/champ_base/lib:/home/ibrahim/RobotArmExpanded/install/action_interfaces/lib:/home/ibrahim/RobotArm/install/action_interfaces/lib:/home/ibrahim/RobotNav/install/action_interfaces/lib:/home/ibrahim/ros2_ws/install/action_interfaces/lib:/usr/lib/x86_64-linux-gnu/gazebo-11/plugins:/opt/ros/humble/opt/rviz_ogre_vendor/lib:/opt/ros/humble/lib/x86_64-linux-gnu:/opt/ros/humble/lib /usr/bin/cmake --install /home/ibrahim/ChampQuadbot/build/champ_base
