[0.241s] DEBUG:colcon:Command line arguments: ['/usr/bin/colcon', 'build', '--packages-select', 'quadbot_config']
[0.241s] DEBUG:colcon:Parsed command line arguments: Namespace(log_base=None, log_level=None, verb_name='build', build_base='build', install_base='install', merge_install=False, symlink_install=False, test_result_base=None, continue_on_error=False, executor='parallel', parallel_workers=16, event_handlers=None, ignore_user_meta=False, metas=['./colcon.meta'], base_paths=['.'], packages_ignore=None, packages_ignore_regex=None, paths=None, packages_up_to=None, packages_up_to_regex=None, packages_above=None, packages_above_and_dependencies=None, packages_above_depth=None, packages_select_by_dep=None, packages_skip_by_dep=None, packages_skip_up_to=None, packages_select_build_failed=False, packages_skip_build_finished=False, packages_select_test_failures=False, packages_skip_test_passed=False, packages_select=['quadbot_config'], packages_skip=None, packages_select_regex=None, packages_skip_regex=None, packages_start=None, packages_end=None, allow_overriding=[], cmake_args=None, cmake_target=None, cmake_target_skip_unavailable=False, cmake_clean_cache=False, cmake_clean_first=False, cmake_force_configure=False, ament_cmake_args=None, catkin_cmake_args=None, catkin_skip_building_tests=False, verb_parser=<colcon_defaults.argument_parser.defaults.DefaultArgumentsDecorator object at 0x72b956049120>, verb_extension=<colcon_core.verb.build.BuildVerb object at 0x72b956048b50>, main=<bound method BuildVerb.main of <colcon_core.verb.build.BuildVerb object at 0x72b956048b50>>)
[0.449s] Level 1:colcon.colcon_core.package_discovery:discover_packages(colcon_meta) check parameters
[0.450s] Level 1:colcon.colcon_core.package_discovery:discover_packages(recursive) check parameters
[0.450s] Level 1:colcon.colcon_core.package_discovery:discover_packages(ignore) check parameters
[0.450s] Level 1:colcon.colcon_core.package_discovery:discover_packages(path) check parameters
[0.450s] Level 1:colcon.colcon_core.package_discovery:discover_packages(colcon_meta) discover
[0.450s] Level 1:colcon.colcon_core.package_discovery:discover_packages(recursive) discover
[0.450s] INFO:colcon.colcon_core.package_discovery:Crawling recursively for packages in '/home/ibrahim/ChampQuadbot'
[0.450s] Level 1:colcon.colcon_core.package_identification:_identify(.) by extensions ['ignore', 'ignore_ament_install']
[0.450s] Level 1:colcon.colcon_core.package_identification:_identify(.) by extension 'ignore'
[0.450s] Level 1:colcon.colcon_core.package_identification:_identify(.) by extension 'ignore_ament_install'
[0.450s] Level 1:colcon.colcon_core.package_identification:_identify(.) by extensions ['colcon_pkg']
[0.450s] Level 1:colcon.colcon_core.package_identification:_identify(.) by extension 'colcon_pkg'
[0.450s] Level 1:colcon.colcon_core.package_identification:_identify(.) by extensions ['colcon_meta']
[0.450s] Level 1:colcon.colcon_core.package_identification:_identify(.) by extension 'colcon_meta'
[0.450s] Level 1:colcon.colcon_core.package_identification:_identify(.) by extensions ['ros']
[0.450s] Level 1:colcon.colcon_core.package_identification:_identify(.) by extension 'ros'
[0.466s] Level 1:colcon.colcon_core.package_identification:_identify(.) by extensions ['cmake', 'python']
[0.466s] Level 1:colcon.colcon_core.package_identification:_identify(.) by extension 'cmake'
[0.466s] Level 1:colcon.colcon_core.package_identification:_identify(.) by extension 'python'
[0.466s] Level 1:colcon.colcon_core.package_identification:_identify(.) by extensions ['python_setup_py']
[0.466s] Level 1:colcon.colcon_core.package_identification:_identify(.) by extension 'python_setup_py'
[0.466s] Level 1:colcon.colcon_core.package_identification:_identify(build) by extensions ['ignore', 'ignore_ament_install']
[0.466s] Level 1:colcon.colcon_core.package_identification:_identify(build) by extension 'ignore'
[0.466s] Level 1:colcon.colcon_core.package_identification:_identify(build) ignored
[0.467s] Level 1:colcon.colcon_core.package_identification:_identify(install) by extensions ['ignore', 'ignore_ament_install']
[0.467s] Level 1:colcon.colcon_core.package_identification:_identify(install) by extension 'ignore'
[0.467s] Level 1:colcon.colcon_core.package_identification:_identify(install) ignored
[0.467s] Level 1:colcon.colcon_core.package_identification:_identify(log) by extensions ['ignore', 'ignore_ament_install']
[0.467s] Level 1:colcon.colcon_core.package_identification:_identify(log) by extension 'ignore'
[0.467s] Level 1:colcon.colcon_core.package_identification:_identify(log) ignored
[0.468s] Level 1:colcon.colcon_core.package_identification:_identify(src) by extensions ['ignore', 'ignore_ament_install']
[0.468s] Level 1:colcon.colcon_core.package_identification:_identify(src) by extension 'ignore'
[0.468s] Level 1:colcon.colcon_core.package_identification:_identify(src) by extension 'ignore_ament_install'
[0.468s] Level 1:colcon.colcon_core.package_identification:_identify(src) by extensions ['colcon_pkg']
[0.468s] Level 1:colcon.colcon_core.package_identification:_identify(src) by extension 'colcon_pkg'
[0.468s] Level 1:colcon.colcon_core.package_identification:_identify(src) by extensions ['colcon_meta']
[0.468s] Level 1:colcon.colcon_core.package_identification:_identify(src) by extension 'colcon_meta'
[0.468s] Level 1:colcon.colcon_core.package_identification:_identify(src) by extensions ['ros']
[0.468s] Level 1:colcon.colcon_core.package_identification:_identify(src) by extension 'ros'
[0.469s] Level 1:colcon.colcon_core.package_identification:_identify(src) by extensions ['cmake', 'python']
[0.469s] Level 1:colcon.colcon_core.package_identification:_identify(src) by extension 'cmake'
[0.469s] Level 1:colcon.colcon_core.package_identification:_identify(src) by extension 'python'
[0.469s] Level 1:colcon.colcon_core.package_identification:_identify(src) by extensions ['python_setup_py']
[0.469s] Level 1:colcon.colcon_core.package_identification:_identify(src) by extension 'python_setup_py'
[0.469s] Level 1:colcon.colcon_core.package_identification:_identify(src/champ) by extensions ['ignore', 'ignore_ament_install']
[0.470s] Level 1:colcon.colcon_core.package_identification:_identify(src/champ) by extension 'ignore'
[0.470s] Level 1:colcon.colcon_core.package_identification:_identify(src/champ) by extension 'ignore_ament_install'
[0.470s] Level 1:colcon.colcon_core.package_identification:_identify(src/champ) by extensions ['colcon_pkg']
[0.470s] Level 1:colcon.colcon_core.package_identification:_identify(src/champ) by extension 'colcon_pkg'
[0.470s] Level 1:colcon.colcon_core.package_identification:_identify(src/champ) by extensions ['colcon_meta']
[0.470s] Level 1:colcon.colcon_core.package_identification:_identify(src/champ) by extension 'colcon_meta'
[0.470s] Level 1:colcon.colcon_core.package_identification:_identify(src/champ) by extensions ['ros']
[0.470s] Level 1:colcon.colcon_core.package_identification:_identify(src/champ) by extension 'ros'
[0.470s] Level 1:colcon.colcon_core.package_identification:_identify(src/champ) by extensions ['cmake', 'python']
[0.470s] Level 1:colcon.colcon_core.package_identification:_identify(src/champ) by extension 'cmake'
[0.470s] Level 1:colcon.colcon_core.package_identification:_identify(src/champ) by extension 'python'
[0.470s] Level 1:colcon.colcon_core.package_identification:_identify(src/champ) by extensions ['python_setup_py']
[0.470s] Level 1:colcon.colcon_core.package_identification:_identify(src/champ) by extension 'python_setup_py'
[0.470s] Level 1:colcon.colcon_core.package_identification:_identify(src/champ/champ) by extensions ['ignore', 'ignore_ament_install']
[0.471s] Level 1:colcon.colcon_core.package_identification:_identify(src/champ/champ) by extension 'ignore'
[0.471s] Level 1:colcon.colcon_core.package_identification:_identify(src/champ/champ) by extension 'ignore_ament_install'
[0.471s] Level 1:colcon.colcon_core.package_identification:_identify(src/champ/champ) by extensions ['colcon_pkg']
[0.471s] Level 1:colcon.colcon_core.package_identification:_identify(src/champ/champ) by extension 'colcon_pkg'
[0.471s] Level 1:colcon.colcon_core.package_identification:_identify(src/champ/champ) by extensions ['colcon_meta']
[0.471s] Level 1:colcon.colcon_core.package_identification:_identify(src/champ/champ) by extension 'colcon_meta'
[0.471s] Level 1:colcon.colcon_core.package_identification:_identify(src/champ/champ) by extensions ['ros']
[0.471s] Level 1:colcon.colcon_core.package_identification:_identify(src/champ/champ) by extension 'ros'
[0.475s] DEBUG:colcon.colcon_core.package_identification:Package 'src/champ/champ' with type 'ros.ament_cmake' and name 'champ'
[0.475s] Level 1:colcon.colcon_core.package_identification:_identify(src/champ/champ_base) by extensions ['ignore', 'ignore_ament_install']
[0.475s] Level 1:colcon.colcon_core.package_identification:_identify(src/champ/champ_base) by extension 'ignore'
[0.475s] Level 1:colcon.colcon_core.package_identification:_identify(src/champ/champ_base) by extension 'ignore_ament_install'
[0.475s] Level 1:colcon.colcon_core.package_identification:_identify(src/champ/champ_base) by extensions ['colcon_pkg']
[0.475s] Level 1:colcon.colcon_core.package_identification:_identify(src/champ/champ_base) by extension 'colcon_pkg'
[0.476s] Level 1:colcon.colcon_core.package_identification:_identify(src/champ/champ_base) by extensions ['colcon_meta']
[0.476s] Level 1:colcon.colcon_core.package_identification:_identify(src/champ/champ_base) by extension 'colcon_meta'
[0.476s] Level 1:colcon.colcon_core.package_identification:_identify(src/champ/champ_base) by extensions ['ros']
[0.476s] Level 1:colcon.colcon_core.package_identification:_identify(src/champ/champ_base) by extension 'ros'
[0.478s] DEBUG:colcon.colcon_core.package_identification:Package 'src/champ/champ_base' with type 'ros.ament_cmake' and name 'champ_base'
[0.478s] Level 1:colcon.colcon_core.package_identification:_identify(src/champ/champ_bringup) by extensions ['ignore', 'ignore_ament_install']
[0.478s] Level 1:colcon.colcon_core.package_identification:_identify(src/champ/champ_bringup) by extension 'ignore'
[0.478s] Level 1:colcon.colcon_core.package_identification:_identify(src/champ/champ_bringup) by extension 'ignore_ament_install'
[0.478s] Level 1:colcon.colcon_core.package_identification:_identify(src/champ/champ_bringup) by extensions ['colcon_pkg']
[0.478s] Level 1:colcon.colcon_core.package_identification:_identify(src/champ/champ_bringup) by extension 'colcon_pkg'
[0.478s] Level 1:colcon.colcon_core.package_identification:_identify(src/champ/champ_bringup) by extensions ['colcon_meta']
[0.478s] Level 1:colcon.colcon_core.package_identification:_identify(src/champ/champ_bringup) by extension 'colcon_meta'
[0.479s] Level 1:colcon.colcon_core.package_identification:_identify(src/champ/champ_bringup) by extensions ['ros']
[0.479s] Level 1:colcon.colcon_core.package_identification:_identify(src/champ/champ_bringup) by extension 'ros'
[0.479s] DEBUG:colcon.colcon_core.package_identification:Package 'src/champ/champ_bringup' with type 'ros.ament_cmake' and name 'champ_bringup'
[0.480s] Level 1:colcon.colcon_core.package_identification:_identify(src/champ/champ_config) by extensions ['ignore', 'ignore_ament_install']
[0.480s] Level 1:colcon.colcon_core.package_identification:_identify(src/champ/champ_config) by extension 'ignore'
[0.480s] Level 1:colcon.colcon_core.package_identification:_identify(src/champ/champ_config) by extension 'ignore_ament_install'
[0.480s] Level 1:colcon.colcon_core.package_identification:_identify(src/champ/champ_config) by extensions ['colcon_pkg']
[0.480s] Level 1:colcon.colcon_core.package_identification:_identify(src/champ/champ_config) by extension 'colcon_pkg'
[0.481s] Level 1:colcon.colcon_core.package_identification:_identify(src/champ/champ_config) by extensions ['colcon_meta']
[0.481s] Level 1:colcon.colcon_core.package_identification:_identify(src/champ/champ_config) by extension 'colcon_meta'
[0.481s] Level 1:colcon.colcon_core.package_identification:_identify(src/champ/champ_config) by extensions ['ros']
[0.481s] Level 1:colcon.colcon_core.package_identification:_identify(src/champ/champ_config) by extension 'ros'
[0.482s] DEBUG:colcon.colcon_core.package_identification:Package 'src/champ/champ_config' with type 'ros.ament_cmake' and name 'champ_config'
[0.482s] Level 1:colcon.colcon_core.package_identification:_identify(src/champ/champ_description) by extensions ['ignore', 'ignore_ament_install']
[0.483s] Level 1:colcon.colcon_core.package_identification:_identify(src/champ/champ_description) by extension 'ignore'
[0.483s] Level 1:colcon.colcon_core.package_identification:_identify(src/champ/champ_description) by extension 'ignore_ament_install'
[0.483s] Level 1:colcon.colcon_core.package_identification:_identify(src/champ/champ_description) by extensions ['colcon_pkg']
[0.483s] Level 1:colcon.colcon_core.package_identification:_identify(src/champ/champ_description) by extension 'colcon_pkg'
[0.483s] Level 1:colcon.colcon_core.package_identification:_identify(src/champ/champ_description) by extensions ['colcon_meta']
[0.483s] Level 1:colcon.colcon_core.package_identification:_identify(src/champ/champ_description) by extension 'colcon_meta'
[0.483s] Level 1:colcon.colcon_core.package_identification:_identify(src/champ/champ_description) by extensions ['ros']
[0.483s] Level 1:colcon.colcon_core.package_identification:_identify(src/champ/champ_description) by extension 'ros'
[0.484s] DEBUG:colcon.colcon_core.package_identification:Package 'src/champ/champ_description' with type 'ros.ament_cmake' and name 'champ_description'
[0.484s] Level 1:colcon.colcon_core.package_identification:_identify(src/champ/champ_gazebo) by extensions ['ignore', 'ignore_ament_install']
[0.484s] Level 1:colcon.colcon_core.package_identification:_identify(src/champ/champ_gazebo) by extension 'ignore'
[0.484s] Level 1:colcon.colcon_core.package_identification:_identify(src/champ/champ_gazebo) by extension 'ignore_ament_install'
[0.484s] Level 1:colcon.colcon_core.package_identification:_identify(src/champ/champ_gazebo) by extensions ['colcon_pkg']
[0.484s] Level 1:colcon.colcon_core.package_identification:_identify(src/champ/champ_gazebo) by extension 'colcon_pkg'
[0.484s] Level 1:colcon.colcon_core.package_identification:_identify(src/champ/champ_gazebo) by extensions ['colcon_meta']
[0.484s] Level 1:colcon.colcon_core.package_identification:_identify(src/champ/champ_gazebo) by extension 'colcon_meta'
[0.484s] Level 1:colcon.colcon_core.package_identification:_identify(src/champ/champ_gazebo) by extensions ['ros']
[0.485s] Level 1:colcon.colcon_core.package_identification:_identify(src/champ/champ_gazebo) by extension 'ros'
[0.486s] DEBUG:colcon.colcon_core.package_identification:Package 'src/champ/champ_gazebo' with type 'ros.ament_cmake' and name 'champ_gazebo'
[0.486s] Level 1:colcon.colcon_core.package_identification:_identify(src/champ/champ_msgs) by extensions ['ignore', 'ignore_ament_install']
[0.486s] Level 1:colcon.colcon_core.package_identification:_identify(src/champ/champ_msgs) by extension 'ignore'
[0.486s] Level 1:colcon.colcon_core.package_identification:_identify(src/champ/champ_msgs) by extension 'ignore_ament_install'
[0.486s] Level 1:colcon.colcon_core.package_identification:_identify(src/champ/champ_msgs) by extensions ['colcon_pkg']
[0.487s] Level 1:colcon.colcon_core.package_identification:_identify(src/champ/champ_msgs) by extension 'colcon_pkg'
[0.488s] Level 1:colcon.colcon_core.package_identification:_identify(src/champ/champ_msgs) by extensions ['colcon_meta']
[0.488s] Level 1:colcon.colcon_core.package_identification:_identify(src/champ/champ_msgs) by extension 'colcon_meta'
[0.488s] Level 1:colcon.colcon_core.package_identification:_identify(src/champ/champ_msgs) by extensions ['ros']
[0.488s] Level 1:colcon.colcon_core.package_identification:_identify(src/champ/champ_msgs) by extension 'ros'
[0.490s] DEBUG:colcon.colcon_core.package_identification:Package 'src/champ/champ_msgs' with type 'ros.ament_cmake' and name 'champ_msgs'
[0.490s] Level 1:colcon.colcon_core.package_identification:_identify(src/champ/champ_navigation) by extensions ['ignore', 'ignore_ament_install']
[0.490s] Level 1:colcon.colcon_core.package_identification:_identify(src/champ/champ_navigation) by extension 'ignore'
[0.490s] Level 1:colcon.colcon_core.package_identification:_identify(src/champ/champ_navigation) by extension 'ignore_ament_install'
[0.490s] Level 1:colcon.colcon_core.package_identification:_identify(src/champ/champ_navigation) by extensions ['colcon_pkg']
[0.490s] Level 1:colcon.colcon_core.package_identification:_identify(src/champ/champ_navigation) by extension 'colcon_pkg'
[0.490s] Level 1:colcon.colcon_core.package_identification:_identify(src/champ/champ_navigation) by extensions ['colcon_meta']
[0.490s] Level 1:colcon.colcon_core.package_identification:_identify(src/champ/champ_navigation) by extension 'colcon_meta'
[0.491s] Level 1:colcon.colcon_core.package_identification:_identify(src/champ/champ_navigation) by extensions ['ros']
[0.491s] Level 1:colcon.colcon_core.package_identification:_identify(src/champ/champ_navigation) by extension 'ros'
[0.491s] DEBUG:colcon.colcon_core.package_identification:Package 'src/champ/champ_navigation' with type 'ros.ament_cmake' and name 'champ_navigation'
[0.492s] Level 1:colcon.colcon_core.package_identification:_identify(src/champ/docs) by extensions ['ignore', 'ignore_ament_install']
[0.492s] Level 1:colcon.colcon_core.package_identification:_identify(src/champ/docs) by extension 'ignore'
[0.492s] Level 1:colcon.colcon_core.package_identification:_identify(src/champ/docs) by extension 'ignore_ament_install'
[0.493s] Level 1:colcon.colcon_core.package_identification:_identify(src/champ/docs) by extensions ['colcon_pkg']
[0.493s] Level 1:colcon.colcon_core.package_identification:_identify(src/champ/docs) by extension 'colcon_pkg'
[0.493s] Level 1:colcon.colcon_core.package_identification:_identify(src/champ/docs) by extensions ['colcon_meta']
[0.493s] Level 1:colcon.colcon_core.package_identification:_identify(src/champ/docs) by extension 'colcon_meta'
[0.493s] Level 1:colcon.colcon_core.package_identification:_identify(src/champ/docs) by extensions ['ros']
[0.493s] Level 1:colcon.colcon_core.package_identification:_identify(src/champ/docs) by extension 'ros'
[0.493s] Level 1:colcon.colcon_core.package_identification:_identify(src/champ/docs) by extensions ['cmake', 'python']
[0.494s] Level 1:colcon.colcon_core.package_identification:_identify(src/champ/docs) by extension 'cmake'
[0.494s] Level 1:colcon.colcon_core.package_identification:_identify(src/champ/docs) by extension 'python'
[0.494s] Level 1:colcon.colcon_core.package_identification:_identify(src/champ/docs) by extensions ['python_setup_py']
[0.494s] Level 1:colcon.colcon_core.package_identification:_identify(src/champ/docs) by extension 'python_setup_py'
[0.494s] Level 1:colcon.colcon_core.package_identification:_identify(src/champ/docs/images) by extensions ['ignore', 'ignore_ament_install']
[0.494s] Level 1:colcon.colcon_core.package_identification:_identify(src/champ/docs/images) by extension 'ignore'
[0.494s] Level 1:colcon.colcon_core.package_identification:_identify(src/champ/docs/images) by extension 'ignore_ament_install'
[0.494s] Level 1:colcon.colcon_core.package_identification:_identify(src/champ/docs/images) by extensions ['colcon_pkg']
[0.494s] Level 1:colcon.colcon_core.package_identification:_identify(src/champ/docs/images) by extension 'colcon_pkg'
[0.494s] Level 1:colcon.colcon_core.package_identification:_identify(src/champ/docs/images) by extensions ['colcon_meta']
[0.494s] Level 1:colcon.colcon_core.package_identification:_identify(src/champ/docs/images) by extension 'colcon_meta'
[0.494s] Level 1:colcon.colcon_core.package_identification:_identify(src/champ/docs/images) by extensions ['ros']
[0.494s] Level 1:colcon.colcon_core.package_identification:_identify(src/champ/docs/images) by extension 'ros'
[0.495s] Level 1:colcon.colcon_core.package_identification:_identify(src/champ/docs/images) by extensions ['cmake', 'python']
[0.495s] Level 1:colcon.colcon_core.package_identification:_identify(src/champ/docs/images) by extension 'cmake'
[0.495s] Level 1:colcon.colcon_core.package_identification:_identify(src/champ/docs/images) by extension 'python'
[0.495s] Level 1:colcon.colcon_core.package_identification:_identify(src/champ/docs/images) by extensions ['python_setup_py']
[0.495s] Level 1:colcon.colcon_core.package_identification:_identify(src/champ/docs/images) by extension 'python_setup_py'
[0.495s] Level 1:colcon.colcon_core.package_identification:_identify(src/champ_teleop) by extensions ['ignore', 'ignore_ament_install']
[0.495s] Level 1:colcon.colcon_core.package_identification:_identify(src/champ_teleop) by extension 'ignore'
[0.495s] Level 1:colcon.colcon_core.package_identification:_identify(src/champ_teleop) by extension 'ignore_ament_install'
[0.495s] Level 1:colcon.colcon_core.package_identification:_identify(src/champ_teleop) by extensions ['colcon_pkg']
[0.495s] Level 1:colcon.colcon_core.package_identification:_identify(src/champ_teleop) by extension 'colcon_pkg'
[0.495s] Level 1:colcon.colcon_core.package_identification:_identify(src/champ_teleop) by extensions ['colcon_meta']
[0.495s] Level 1:colcon.colcon_core.package_identification:_identify(src/champ_teleop) by extension 'colcon_meta'
[0.495s] Level 1:colcon.colcon_core.package_identification:_identify(src/champ_teleop) by extensions ['ros']
[0.495s] Level 1:colcon.colcon_core.package_identification:_identify(src/champ_teleop) by extension 'ros'
[0.496s] DEBUG:colcon.colcon_core.package_identification:Package 'src/champ_teleop' with type 'ros.ament_cmake' and name 'champ_teleop'
[0.496s] Level 1:colcon.colcon_core.package_identification:_identify(src/champbot_nodes) by extensions ['ignore', 'ignore_ament_install']
[0.496s] Level 1:colcon.colcon_core.package_identification:_identify(src/champbot_nodes) by extension 'ignore'
[0.496s] Level 1:colcon.colcon_core.package_identification:_identify(src/champbot_nodes) by extension 'ignore_ament_install'
[0.496s] Level 1:colcon.colcon_core.package_identification:_identify(src/champbot_nodes) by extensions ['colcon_pkg']
[0.496s] Level 1:colcon.colcon_core.package_identification:_identify(src/champbot_nodes) by extension 'colcon_pkg'
[0.496s] Level 1:colcon.colcon_core.package_identification:_identify(src/champbot_nodes) by extensions ['colcon_meta']
[0.496s] Level 1:colcon.colcon_core.package_identification:_identify(src/champbot_nodes) by extension 'colcon_meta'
[0.496s] Level 1:colcon.colcon_core.package_identification:_identify(src/champbot_nodes) by extensions ['ros']
[0.496s] Level 1:colcon.colcon_core.package_identification:_identify(src/champbot_nodes) by extension 'ros'
[0.497s] DEBUG:colcon.colcon_core.package_identification:Package 'src/champbot_nodes' with type 'ros.ament_cmake' and name 'champbot_nodes'
[0.498s] Level 1:colcon.colcon_core.package_identification:_identify(src/quadbot_config) by extensions ['ignore', 'ignore_ament_install']
[0.498s] Level 1:colcon.colcon_core.package_identification:_identify(src/quadbot_config) by extension 'ignore'
[0.498s] Level 1:colcon.colcon_core.package_identification:_identify(src/quadbot_config) by extension 'ignore_ament_install'
[0.498s] Level 1:colcon.colcon_core.package_identification:_identify(src/quadbot_config) by extensions ['colcon_pkg']
[0.498s] Level 1:colcon.colcon_core.package_identification:_identify(src/quadbot_config) by extension 'colcon_pkg'
[0.498s] Level 1:colcon.colcon_core.package_identification:_identify(src/quadbot_config) by extensions ['colcon_meta']
[0.498s] Level 1:colcon.colcon_core.package_identification:_identify(src/quadbot_config) by extension 'colcon_meta'
[0.498s] Level 1:colcon.colcon_core.package_identification:_identify(src/quadbot_config) by extensions ['ros']
[0.499s] Level 1:colcon.colcon_core.package_identification:_identify(src/quadbot_config) by extension 'ros'
[0.499s] DEBUG:colcon.colcon_core.package_identification:Package 'src/quadbot_config' with type 'ros.ament_cmake' and name 'quadbot_config'
[0.500s] Level 1:colcon.colcon_core.package_discovery:discover_packages(recursive) using defaults
[0.500s] Level 1:colcon.colcon_core.package_discovery:discover_packages(ignore) discover
[0.500s] Level 1:colcon.colcon_core.package_discovery:discover_packages(ignore) using defaults
[0.500s] Level 1:colcon.colcon_core.package_discovery:discover_packages(path) discover
[0.500s] Level 1:colcon.colcon_core.package_discovery:discover_packages(path) using defaults
[0.557s] INFO:colcon.colcon_core.package_selection:Skipping not selected package 'champ' in 'src/champ/champ'
[0.558s] INFO:colcon.colcon_core.package_selection:Skipping not selected package 'champ_config' in 'src/champ/champ_config'
[0.558s] INFO:colcon.colcon_core.package_selection:Skipping not selected package 'champ_description' in 'src/champ/champ_description'
[0.558s] INFO:colcon.colcon_core.package_selection:Skipping not selected package 'champ_msgs' in 'src/champ/champ_msgs'
[0.558s] INFO:colcon.colcon_core.package_selection:Skipping not selected package 'champ_navigation' in 'src/champ/champ_navigation'
[0.558s] INFO:colcon.colcon_core.package_selection:Skipping not selected package 'champ_teleop' in 'src/champ_teleop'
[0.558s] INFO:colcon.colcon_core.package_selection:Skipping not selected package 'champbot_nodes' in 'src/champbot_nodes'
[0.558s] INFO:colcon.colcon_core.package_selection:Skipping not selected package 'champ_base' in 'src/champ/champ_base'
[0.558s] INFO:colcon.colcon_core.package_selection:Skipping not selected package 'champ_gazebo' in 'src/champ/champ_gazebo'
[0.558s] INFO:colcon.colcon_core.package_selection:Skipping not selected package 'champ_bringup' in 'src/champ/champ_bringup'
[0.559s] Level 1:colcon.colcon_core.package_discovery:discover_packages(prefix_path) check parameters
[0.559s] Level 1:colcon.colcon_core.package_discovery:discover_packages(prefix_path) discover
[0.561s] DEBUG:colcon.colcon_installed_package_information.package_discovery:Found 2 installed packages in /home/ibrahim/MoveItArm/install
[0.561s] DEBUG:colcon.colcon_installed_package_information.package_discovery:Found 2 installed packages in /home/ibrahim/RobotArmExpanded/install
[0.561s] DEBUG:colcon.colcon_installed_package_information.package_discovery:Found 2 installed packages in /home/ibrahim/RobotArm/install
[0.562s] DEBUG:colcon.colcon_installed_package_information.package_discovery:Found 1 installed packages in /home/ibrahim/TF2Sample/install
[0.562s] DEBUG:colcon.colcon_installed_package_information.package_discovery:Found 2 installed packages in /home/ibrahim/RobotNav/install
[0.563s] DEBUG:colcon.colcon_installed_package_information.package_discovery:Found 1 installed packages in /home/ibrahim/RobotMonitor/install
[0.563s] DEBUG:colcon.colcon_installed_package_information.package_discovery:Found 2 installed packages in /home/ibrahim/ros2_ws/install
[0.566s] DEBUG:colcon.colcon_installed_package_information.package_discovery:Found 449 installed packages in /opt/ros/humble
[0.569s] Level 1:colcon.colcon_core.package_discovery:discover_packages(prefix_path) using defaults
[0.629s] Level 5:colcon.colcon_core.verb:set package 'quadbot_config' build argument 'cmake_args' from command line to 'None'
[0.629s] Level 5:colcon.colcon_core.verb:set package 'quadbot_config' build argument 'cmake_target' from command line to 'None'
[0.629s] Level 5:colcon.colcon_core.verb:set package 'quadbot_config' build argument 'cmake_target_skip_unavailable' from command line to 'False'
[0.629s] Level 5:colcon.colcon_core.verb:set package 'quadbot_config' build argument 'cmake_clean_cache' from command line to 'False'
[0.629s] Level 5:colcon.colcon_core.verb:set package 'quadbot_config' build argument 'cmake_clean_first' from command line to 'False'
[0.629s] Level 5:colcon.colcon_core.verb:set package 'quadbot_config' build argument 'cmake_force_configure' from command line to 'False'
[0.629s] Level 5:colcon.colcon_core.verb:set package 'quadbot_config' build argument 'ament_cmake_args' from command line to 'None'
[0.629s] Level 5:colcon.colcon_core.verb:set package 'quadbot_config' build argument 'catkin_cmake_args' from command line to 'None'
[0.629s] Level 5:colcon.colcon_core.verb:set package 'quadbot_config' build argument 'catkin_skip_building_tests' from command line to 'False'
[0.629s] DEBUG:colcon.colcon_core.verb:Building package 'quadbot_config' with the following arguments: {'ament_cmake_args': None, 'build_base': '/home/ibrahim/ChampQuadbot/build/quadbot_config', 'catkin_cmake_args': None, 'catkin_skip_building_tests': False, 'cmake_args': None, 'cmake_clean_cache': False, 'cmake_clean_first': False, 'cmake_force_configure': False, 'cmake_target': None, 'cmake_target_skip_unavailable': False, 'install_base': '/home/ibrahim/ChampQuadbot/install/quadbot_config', 'merge_install': False, 'path': '/home/ibrahim/ChampQuadbot/src/quadbot_config', 'symlink_install': False, 'test_result_base': None}
[0.630s] INFO:colcon.colcon_core.executor:Executing jobs using 'parallel' executor
[0.632s] DEBUG:colcon.colcon_parallel_executor.executor.parallel:run_until_complete
[0.632s] INFO:colcon.colcon_ros.task.ament_cmake.build:Building ROS package in '/home/ibrahim/ChampQuadbot/src/quadbot_config' with build type 'ament_cmake'
[0.633s] INFO:colcon.colcon_cmake.task.cmake.build:Building CMake package in '/home/ibrahim/ChampQuadbot/src/quadbot_config'
[0.637s] INFO:colcon.colcon_core.plugin_system:Skipping extension 'colcon_core.shell.bat': Not used on non-Windows systems
[0.638s] INFO:colcon.colcon_core.shell:Skip shell extension 'powershell' for command environment: Not usable outside of PowerShell
[0.638s] DEBUG:colcon.colcon_core.shell:Skip shell extension 'dsv' for command environment
[1.324s] DEBUG:colcon.colcon_core.event_handler.log_command:Invoking command in '/home/ibrahim/ChampQuadbot/build/quadbot_config': AMENT_PREFIX_PATH=/home/ibrahim/ChampQuadbot/install/champ_bringup:/home/ibrahim/ChampQuadbot/install/champ_gazebo:/home/ibrahim/ChampQuadbot/install/champ_base:/home/ibrahim/ChampQuadbot/install/champbot_nodes:/home/ibrahim/ChampQuadbot/install/champ_msgs:/home/ibrahim/ChampQuadbot/install/champ_description:/home/ibrahim/ChampQuadbot/install/champ:${AMENT_PREFIX_PATH} CMAKE_PREFIX_PATH=/home/ibrahim/ChampQuadbot/install/champ_bringup:/home/ibrahim/ChampQuadbot/install/champ_gazebo:/home/ibrahim/ChampQuadbot/install/champ_base:/home/ibrahim/ChampQuadbot/install/champbot_nodes:/home/ibrahim/ChampQuadbot/install/champ_msgs:/home/ibrahim/ChampQuadbot/install/champ_description:/home/ibrahim/ChampQuadbot/install/champ:/home/ibrahim/RobotArmExpanded/install/main_arm_package:/home/ibrahim/RobotArmExpanded/install/action_interfaces:/home/ibrahim/MoveItArm/install/moveit_config:/home/ibrahim/MoveItArm/install/moveit_arm_package:/home/ibrahim/TF2Sample/install/tf2sim:/home/ibrahim/RobotNav/install/main_robot_nodes:/home/ibrahim/RobotNav/install/action_interfaces:/home/ibrahim/RobotMonitor/install/Robot3Node_Package:/home/ibrahim/ros2_ws/install/my_first_package:/home/ibrahim/ros2_ws/install/action_interfaces:/home/ibrahim/RobotArm/install/main_arm_package:/home/ibrahim/RobotArm/install/action_interfaces:/opt/ros/humble LD_LIBRARY_PATH=/home/ibrahim/ChampQuadbot/install/champ_base/lib:/home/ibrahim/ChampQuadbot/install/champ_msgs/lib:${LD_LIBRARY_PATH} PATH=/home/ibrahim/ChampQuadbot/install/champ_gazebo/bin:/home/ibrahim/ChampQuadbot/install/champ_base/bin:${PATH} PYTHONPATH=/home/ibrahim/ChampQuadbot/install/champ_bringup/local/lib/python3.10/dist-packages:/home/ibrahim/ChampQuadbot/install/champ_msgs/local/lib/python3.10/dist-packages:${PYTHONPATH} /usr/bin/cmake --build /home/ibrahim/ChampQuadbot/build/quadbot_config -- -j16 -l16
[1.750s] DEBUG:colcon.colcon_core.event_handler.log_command:Invoked command in '/home/ibrahim/ChampQuadbot/build/quadbot_config' returned '0': AMENT_PREFIX_PATH=/home/ibrahim/ChampQuadbot/install/champ_bringup:/home/ibrahim/ChampQuadbot/install/champ_gazebo:/home/ibrahim/ChampQuadbot/install/champ_base:/home/ibrahim/ChampQuadbot/install/champbot_nodes:/home/ibrahim/ChampQuadbot/install/champ_msgs:/home/ibrahim/ChampQuadbot/install/champ_description:/home/ibrahim/ChampQuadbot/install/champ:${AMENT_PREFIX_PATH} CMAKE_PREFIX_PATH=/home/ibrahim/ChampQuadbot/install/champ_bringup:/home/ibrahim/ChampQuadbot/install/champ_gazebo:/home/ibrahim/ChampQuadbot/install/champ_base:/home/ibrahim/ChampQuadbot/install/champbot_nodes:/home/ibrahim/ChampQuadbot/install/champ_msgs:/home/ibrahim/ChampQuadbot/install/champ_description:/home/ibrahim/ChampQuadbot/install/champ:/home/ibrahim/RobotArmExpanded/install/main_arm_package:/home/ibrahim/RobotArmExpanded/install/action_interfaces:/home/ibrahim/MoveItArm/install/moveit_config:/home/ibrahim/MoveItArm/install/moveit_arm_package:/home/ibrahim/TF2Sample/install/tf2sim:/home/ibrahim/RobotNav/install/main_robot_nodes:/home/ibrahim/RobotNav/install/action_interfaces:/home/ibrahim/RobotMonitor/install/Robot3Node_Package:/home/ibrahim/ros2_ws/install/my_first_package:/home/ibrahim/ros2_ws/install/action_interfaces:/home/ibrahim/RobotArm/install/main_arm_package:/home/ibrahim/RobotArm/install/action_interfaces:/opt/ros/humble LD_LIBRARY_PATH=/home/ibrahim/ChampQuadbot/install/champ_base/lib:/home/ibrahim/ChampQuadbot/install/champ_msgs/lib:${LD_LIBRARY_PATH} PATH=/home/ibrahim/ChampQuadbot/install/champ_gazebo/bin:/home/ibrahim/ChampQuadbot/install/champ_base/bin:${PATH} PYTHONPATH=/home/ibrahim/ChampQuadbot/install/champ_bringup/local/lib/python3.10/dist-packages:/home/ibrahim/ChampQuadbot/install/champ_msgs/local/lib/python3.10/dist-packages:${PYTHONPATH} /usr/bin/cmake --build /home/ibrahim/ChampQuadbot/build/quadbot_config -- -j16 -l16
[1.764s] DEBUG:colcon.colcon_core.event_handler.log_command:Invoking command in '/home/ibrahim/ChampQuadbot/build/quadbot_config': AMENT_PREFIX_PATH=/home/ibrahim/ChampQuadbot/install/champ_bringup:/home/ibrahim/ChampQuadbot/install/champ_gazebo:/home/ibrahim/ChampQuadbot/install/champ_base:/home/ibrahim/ChampQuadbot/install/champbot_nodes:/home/ibrahim/ChampQuadbot/install/champ_msgs:/home/ibrahim/ChampQuadbot/install/champ_description:/home/ibrahim/ChampQuadbot/install/champ:${AMENT_PREFIX_PATH} CMAKE_PREFIX_PATH=/home/ibrahim/ChampQuadbot/install/champ_bringup:/home/ibrahim/ChampQuadbot/install/champ_gazebo:/home/ibrahim/ChampQuadbot/install/champ_base:/home/ibrahim/ChampQuadbot/install/champbot_nodes:/home/ibrahim/ChampQuadbot/install/champ_msgs:/home/ibrahim/ChampQuadbot/install/champ_description:/home/ibrahim/ChampQuadbot/install/champ:/home/ibrahim/RobotArmExpanded/install/main_arm_package:/home/ibrahim/RobotArmExpanded/install/action_interfaces:/home/ibrahim/MoveItArm/install/moveit_config:/home/ibrahim/MoveItArm/install/moveit_arm_package:/home/ibrahim/TF2Sample/install/tf2sim:/home/ibrahim/RobotNav/install/main_robot_nodes:/home/ibrahim/RobotNav/install/action_interfaces:/home/ibrahim/RobotMonitor/install/Robot3Node_Package:/home/ibrahim/ros2_ws/install/my_first_package:/home/ibrahim/ros2_ws/install/action_interfaces:/home/ibrahim/RobotArm/install/main_arm_package:/home/ibrahim/RobotArm/install/action_interfaces:/opt/ros/humble LD_LIBRARY_PATH=/home/ibrahim/ChampQuadbot/install/champ_base/lib:/home/ibrahim/ChampQuadbot/install/champ_msgs/lib:${LD_LIBRARY_PATH} PATH=/home/ibrahim/ChampQuadbot/install/champ_gazebo/bin:/home/ibrahim/ChampQuadbot/install/champ_base/bin:${PATH} PYTHONPATH=/home/ibrahim/ChampQuadbot/install/champ_bringup/local/lib/python3.10/dist-packages:/home/ibrahim/ChampQuadbot/install/champ_msgs/local/lib/python3.10/dist-packages:${PYTHONPATH} /usr/bin/cmake --install /home/ibrahim/ChampQuadbot/build/quadbot_config
[1.781s] Level 1:colcon.colcon_core.environment:create_environment_scripts_only(quadbot_config)
[1.781s] DEBUG:colcon.colcon_core.event_handler.log_command:Invoked command in '/home/ibrahim/ChampQuadbot/build/quadbot_config' returned '0': AMENT_PREFIX_PATH=/home/ibrahim/ChampQuadbot/install/champ_bringup:/home/ibrahim/ChampQuadbot/install/champ_gazebo:/home/ibrahim/ChampQuadbot/install/champ_base:/home/ibrahim/ChampQuadbot/install/champbot_nodes:/home/ibrahim/ChampQuadbot/install/champ_msgs:/home/ibrahim/ChampQuadbot/install/champ_description:/home/ibrahim/ChampQuadbot/install/champ:${AMENT_PREFIX_PATH} CMAKE_PREFIX_PATH=/home/ibrahim/ChampQuadbot/install/champ_bringup:/home/ibrahim/ChampQuadbot/install/champ_gazebo:/home/ibrahim/ChampQuadbot/install/champ_base:/home/ibrahim/ChampQuadbot/install/champbot_nodes:/home/ibrahim/ChampQuadbot/install/champ_msgs:/home/ibrahim/ChampQuadbot/install/champ_description:/home/ibrahim/ChampQuadbot/install/champ:/home/ibrahim/RobotArmExpanded/install/main_arm_package:/home/ibrahim/RobotArmExpanded/install/action_interfaces:/home/ibrahim/MoveItArm/install/moveit_config:/home/ibrahim/MoveItArm/install/moveit_arm_package:/home/ibrahim/TF2Sample/install/tf2sim:/home/ibrahim/RobotNav/install/main_robot_nodes:/home/ibrahim/RobotNav/install/action_interfaces:/home/ibrahim/RobotMonitor/install/Robot3Node_Package:/home/ibrahim/ros2_ws/install/my_first_package:/home/ibrahim/ros2_ws/install/action_interfaces:/home/ibrahim/RobotArm/install/main_arm_package:/home/ibrahim/RobotArm/install/action_interfaces:/opt/ros/humble LD_LIBRARY_PATH=/home/ibrahim/ChampQuadbot/install/champ_base/lib:/home/ibrahim/ChampQuadbot/install/champ_msgs/lib:${LD_LIBRARY_PATH} PATH=/home/ibrahim/ChampQuadbot/install/champ_gazebo/bin:/home/ibrahim/ChampQuadbot/install/champ_base/bin:${PATH} PYTHONPATH=/home/ibrahim/ChampQuadbot/install/champ_bringup/local/lib/python3.10/dist-packages:/home/ibrahim/ChampQuadbot/install/champ_msgs/local/lib/python3.10/dist-packages:${PYTHONPATH} /usr/bin/cmake --install /home/ibrahim/ChampQuadbot/build/quadbot_config
[1.783s] Level 1:colcon.colcon_core.environment:checking '/home/ibrahim/ChampQuadbot/install/quadbot_config' for CMake module files
[1.784s] Level 1:colcon.colcon_core.environment:checking '/home/ibrahim/ChampQuadbot/install/quadbot_config' for CMake config files
[1.784s] Level 1:colcon.colcon_core.shell:create_environment_hook('quadbot_config', 'cmake_prefix_path')
[1.785s] INFO:colcon.colcon_core.shell:Creating environment hook '/home/ibrahim/ChampQuadbot/install/quadbot_config/share/quadbot_config/hook/cmake_prefix_path.ps1'
[1.785s] INFO:colcon.colcon_core.shell:Creating environment descriptor '/home/ibrahim/ChampQuadbot/install/quadbot_config/share/quadbot_config/hook/cmake_prefix_path.dsv'
[1.786s] INFO:colcon.colcon_core.shell:Creating environment hook '/home/ibrahim/ChampQuadbot/install/quadbot_config/share/quadbot_config/hook/cmake_prefix_path.sh'
[1.787s] Level 1:colcon.colcon_core.environment:checking '/home/ibrahim/ChampQuadbot/install/quadbot_config/bin'
[1.787s] Level 1:colcon.colcon_core.environment:checking '/home/ibrahim/ChampQuadbot/install/quadbot_config/lib/pkgconfig/quadbot_config.pc'
[1.788s] Level 1:colcon.colcon_core.environment:checking '/home/ibrahim/ChampQuadbot/install/quadbot_config/lib/python3.10/site-packages'
[1.788s] Level 1:colcon.colcon_core.environment:checking '/home/ibrahim/ChampQuadbot/install/quadbot_config/bin'
[1.788s] INFO:colcon.colcon_core.shell:Creating package script '/home/ibrahim/ChampQuadbot/install/quadbot_config/share/quadbot_config/package.ps1'
[1.789s] INFO:colcon.colcon_core.shell:Creating package descriptor '/home/ibrahim/ChampQuadbot/install/quadbot_config/share/quadbot_config/package.dsv'
[1.790s] INFO:colcon.colcon_core.shell:Creating package script '/home/ibrahim/ChampQuadbot/install/quadbot_config/share/quadbot_config/package.sh'
[1.791s] INFO:colcon.colcon_core.shell:Creating package script '/home/ibrahim/ChampQuadbot/install/quadbot_config/share/quadbot_config/package.bash'
[1.791s] INFO:colcon.colcon_core.shell:Creating package script '/home/ibrahim/ChampQuadbot/install/quadbot_config/share/quadbot_config/package.zsh'
[1.792s] Level 1:colcon.colcon_core.environment:create_file_with_runtime_dependencies(/home/ibrahim/ChampQuadbot/install/quadbot_config/share/colcon-core/packages/quadbot_config)
[1.792s] Level 1:colcon.colcon_core.environment:create_environment_scripts_only(quadbot_config)
[1.792s] Level 1:colcon.colcon_core.environment:checking '/home/ibrahim/ChampQuadbot/install/quadbot_config' for CMake module files
[1.793s] Level 1:colcon.colcon_core.environment:checking '/home/ibrahim/ChampQuadbot/install/quadbot_config' for CMake config files
[1.793s] Level 1:colcon.colcon_core.shell:create_environment_hook('quadbot_config', 'cmake_prefix_path')
[1.793s] INFO:colcon.colcon_core.shell:Creating environment hook '/home/ibrahim/ChampQuadbot/install/quadbot_config/share/quadbot_config/hook/cmake_prefix_path.ps1'
[1.794s] INFO:colcon.colcon_core.shell:Creating environment descriptor '/home/ibrahim/ChampQuadbot/install/quadbot_config/share/quadbot_config/hook/cmake_prefix_path.dsv'
[1.794s] INFO:colcon.colcon_core.shell:Creating environment hook '/home/ibrahim/ChampQuadbot/install/quadbot_config/share/quadbot_config/hook/cmake_prefix_path.sh'
[1.795s] Level 1:colcon.colcon_core.environment:checking '/home/ibrahim/ChampQuadbot/install/quadbot_config/bin'
[1.795s] Level 1:colcon.colcon_core.environment:checking '/home/ibrahim/ChampQuadbot/install/quadbot_config/lib/pkgconfig/quadbot_config.pc'
[1.795s] Level 1:colcon.colcon_core.environment:checking '/home/ibrahim/ChampQuadbot/install/quadbot_config/lib/python3.10/site-packages'
[1.795s] Level 1:colcon.colcon_core.environment:checking '/home/ibrahim/ChampQuadbot/install/quadbot_config/bin'
[1.796s] INFO:colcon.colcon_core.shell:Creating package script '/home/ibrahim/ChampQuadbot/install/quadbot_config/share/quadbot_config/package.ps1'
[1.797s] INFO:colcon.colcon_core.shell:Creating package descriptor '/home/ibrahim/ChampQuadbot/install/quadbot_config/share/quadbot_config/package.dsv'
[1.798s] INFO:colcon.colcon_core.shell:Creating package script '/home/ibrahim/ChampQuadbot/install/quadbot_config/share/quadbot_config/package.sh'
[1.798s] INFO:colcon.colcon_core.shell:Creating package script '/home/ibrahim/ChampQuadbot/install/quadbot_config/share/quadbot_config/package.bash'
[1.799s] INFO:colcon.colcon_core.shell:Creating package script '/home/ibrahim/ChampQuadbot/install/quadbot_config/share/quadbot_config/package.zsh'
[1.799s] Level 1:colcon.colcon_core.environment:create_file_with_runtime_dependencies(/home/ibrahim/ChampQuadbot/install/quadbot_config/share/colcon-core/packages/quadbot_config)
[1.799s] DEBUG:colcon.colcon_parallel_executor.executor.parallel:closing loop
[1.800s] DEBUG:colcon.colcon_parallel_executor.executor.parallel:loop closed
[1.800s] DEBUG:colcon.colcon_parallel_executor.executor.parallel:run_until_complete finished with '0'
[1.800s] DEBUG:colcon.colcon_core.event_reactor:joining thread
[1.850s] INFO:colcon.colcon_core.plugin_system:Skipping extension 'colcon_notification.desktop_notification.notify_send': Could not find 'notify-send'
[1.850s] INFO:colcon.colcon_core.plugin_system:Skipping extension 'colcon_notification.desktop_notification.terminal_notifier': Not used on non-Darwin systems
[1.851s] INFO:colcon.colcon_core.plugin_system:Skipping extension 'colcon_notification.desktop_notification.win32': Not used on non-Windows systems
[1.851s] INFO:colcon.colcon_notification.desktop_notification:Sending desktop notification using 'notify2'
[1.851s] DEBUG:colcon.colcon_notification.desktop_notification.notify2:Failed to initialize notify2: org.freedesktop.DBus.Error.FileNotFound: Failed to connect to socket /run/user/1000/bus: No such file or directory
[1.851s] DEBUG:colcon.colcon_core.event_reactor:joined thread
[1.851s] INFO:colcon.colcon_core.shell:Creating prefix script '/home/ibrahim/ChampQuadbot/install/local_setup.ps1'
[1.852s] INFO:colcon.colcon_core.shell:Creating prefix util module '/home/ibrahim/ChampQuadbot/install/_local_setup_util_ps1.py'
[1.853s] INFO:colcon.colcon_core.shell:Creating prefix chain script '/home/ibrahim/ChampQuadbot/install/setup.ps1'
[1.855s] INFO:colcon.colcon_core.shell:Creating prefix script '/home/ibrahim/ChampQuadbot/install/local_setup.sh'
[1.855s] INFO:colcon.colcon_core.shell:Creating prefix util module '/home/ibrahim/ChampQuadbot/install/_local_setup_util_sh.py'
[1.856s] INFO:colcon.colcon_core.shell:Creating prefix chain script '/home/ibrahim/ChampQuadbot/install/setup.sh'
[1.857s] INFO:colcon.colcon_core.shell:Creating prefix script '/home/ibrahim/ChampQuadbot/install/local_setup.bash'
[1.858s] INFO:colcon.colcon_core.shell:Creating prefix chain script '/home/ibrahim/ChampQuadbot/install/setup.bash'
[1.859s] INFO:colcon.colcon_core.shell:Creating prefix script '/home/ibrahim/ChampQuadbot/install/local_setup.zsh'
[1.859s] INFO:colcon.colcon_core.shell:Creating prefix chain script '/home/ibrahim/ChampQuadbot/install/setup.zsh'
