[0.135s] Invoking command in '/home/ibrahim/ChampQuadbot/build/champ_base': AMENT_PREFIX_PATH=/home/ibrahim/ChampQuadbot/install/champ_msgs:/home/ibrahim/ChampQuadbot/install/champ:${AMENT_PREFIX_PATH} CMAKE_PREFIX_PATH=/home/ibrahim/ChampQuadbot/install/champ_msgs:/home/ibrahim/ChampQuadbot/install/champ:/home/ibrahim/RobotArmExpanded/install/main_arm_package:/home/ibrahim/RobotArmExpanded/install/action_interfaces:/home/ibrahim/MoveItArm/install/moveit_config:/home/ibrahim/MoveItArm/install/moveit_arm_package:/home/ibrahim/TF2Sample/install/tf2sim:/home/ibrahim/RobotNav/install/main_robot_nodes:/home/ibrahim/RobotNav/install/action_interfaces:/home/ibrahim/RobotMonitor/install/Robot3Node_Package:/home/ibrahim/ros2_ws/install/my_first_package:/home/ibrahim/ros2_ws/install/action_interfaces:/home/ibrahim/RobotArm/install/main_arm_package:/home/ibrahim/RobotArm/install/action_interfaces:/opt/ros/humble LD_LIBRARY_PATH=/home/ibrahim/ChampQuadbot/install/champ_msgs/lib:${LD_LIBRARY_PATH} PYTHONPATH=/home/ibrahim/ChampQuadbot/install/champ_msgs/local/lib/python3.10/dist-packages:${PYTHONPATH} /usr/bin/cmake --build /home/ibrahim/ChampQuadbot/build/champ_base -- -j16 -l16
[0.247s] [ 16%] Built target message_relay
[0.248s] [ 33%] Built target quadruped_controller
[0.253s] [ 50%] Built target state_estimation
[0.296s] [ 66%] Built target message_relay_node
[0.298s] [ 83%] Built target quadruped_controller_node
[0.301s] [100%] Built target state_estimation_node
[0.334s] Invoked command in '/home/ibrahim/ChampQuadbot/build/champ_base' returned '0': AMENT_PREFIX_PATH=/home/ibrahim/ChampQuadbot/install/champ_msgs:/home/ibrahim/ChampQuadbot/install/champ:${AMENT_PREFIX_PATH} CMAKE_PREFIX_PATH=/home/ibrahim/ChampQuadbot/install/champ_msgs:/home/ibrahim/ChampQuadbot/install/champ:/home/ibrahim/RobotArmExpanded/install/main_arm_package:/home/ibrahim/RobotArmExpanded/install/action_interfaces:/home/ibrahim/MoveItArm/install/moveit_config:/home/ibrahim/MoveItArm/install/moveit_arm_package:/home/ibrahim/TF2Sample/install/tf2sim:/home/ibrahim/RobotNav/install/main_robot_nodes:/home/ibrahim/RobotNav/install/action_interfaces:/home/ibrahim/RobotMonitor/install/Robot3Node_Package:/home/ibrahim/ros2_ws/install/my_first_package:/home/ibrahim/ros2_ws/install/action_interfaces:/home/ibrahim/RobotArm/install/main_arm_package:/home/ibrahim/RobotArm/install/action_interfaces:/opt/ros/humble LD_LIBRARY_PATH=/home/ibrahim/ChampQuadbot/install/champ_msgs/lib:${LD_LIBRARY_PATH} PYTHONPATH=/home/ibrahim/ChampQuadbot/install/champ_msgs/local/lib/python3.10/dist-packages:${PYTHONPATH} /usr/bin/cmake --build /home/ibrahim/ChampQuadbot/build/champ_base -- -j16 -l16
[0.335s] Invoking command in '/home/ibrahim/ChampQuadbot/build/champ_base': AMENT_PREFIX_PATH=/home/ibrahim/ChampQuadbot/install/champ_msgs:/home/ibrahim/ChampQuadbot/install/champ:${AMENT_PREFIX_PATH} CMAKE_PREFIX_PATH=/home/ibrahim/ChampQuadbot/install/champ_msgs:/home/ibrahim/ChampQuadbot/install/champ:/home/ibrahim/RobotArmExpanded/install/main_arm_package:/home/ibrahim/RobotArmExpanded/install/action_interfaces:/home/ibrahim/MoveItArm/install/moveit_config:/home/ibrahim/MoveItArm/install/moveit_arm_package:/home/ibrahim/TF2Sample/install/tf2sim:/home/ibrahim/RobotNav/install/main_robot_nodes:/home/ibrahim/RobotNav/install/action_interfaces:/home/ibrahim/RobotMonitor/install/Robot3Node_Package:/home/ibrahim/ros2_ws/install/my_first_package:/home/ibrahim/ros2_ws/install/action_interfaces:/home/ibrahim/RobotArm/install/main_arm_package:/home/ibrahim/RobotArm/install/action_interfaces:/opt/ros/humble LD_LIBRARY_PATH=/home/ibrahim/ChampQuadbot/install/champ_msgs/lib:${LD_LIBRARY_PATH} PYTHONPATH=/home/ibrahim/ChampQuadbot/install/champ_msgs/local/lib/python3.10/dist-packages:${PYTHONPATH} /usr/bin/cmake --install /home/ibrahim/ChampQuadbot/build/champ_base
[0.338s] -- Install configuration: ""
[0.339s] -- Up-to-date: /home/ibrahim/ChampQuadbot/install/champ_base/share/champ_base/config
[0.340s] -- Up-to-date: /home/ibrahim/ChampQuadbot/install/champ_base/share/champ_base/config/velocity_smoother
[0.340s] -- Up-to-date: /home/ibrahim/ChampQuadbot/install/champ_base/share/champ_base/config/velocity_smoother/velocity_smoother.yaml
[0.341s] -- Up-to-date: /home/ibrahim/ChampQuadbot/install/champ_base/share/champ_base/config/ekf
[0.341s] -- Up-to-date: /home/ibrahim/ChampQuadbot/install/champ_base/share/champ_base/config/ekf/footprint_to_odom.yaml
[0.342s] -- Up-to-date: /home/ibrahim/ChampQuadbot/install/champ_base/share/champ_base/config/ekf/base_to_footprint.yaml
[0.342s] -- Up-to-date: /home/ibrahim/ChampQuadbot/install/champ_base/lib/libquadruped_controller.so
[0.344s] -- Up-to-date: /home/ibrahim/ChampQuadbot/install/champ_base/bin/quadruped_controller_node
[0.344s] -- Up-to-date: /home/ibrahim/ChampQuadbot/install/champ_base/lib/libmessage_relay.so
[0.345s] -- Up-to-date: /home/ibrahim/ChampQuadbot/install/champ_base/bin/message_relay_node
[0.345s] -- Up-to-date: /home/ibrahim/ChampQuadbot/install/champ_base/lib/libstate_estimation.so
[0.346s] -- Up-to-date: /home/ibrahim/ChampQuadbot/install/champ_base/bin/state_estimation_node
[0.347s] -- Up-to-date: /home/ibrahim/ChampQuadbot/install/champ_base/lib/champ_base/quadruped_controller_node
[0.347s] -- Up-to-date: /home/ibrahim/ChampQuadbot/install/champ_base/lib/champ_base/message_relay_node
[0.348s] -- Up-to-date: /home/ibrahim/ChampQuadbot/install/champ_base/lib/champ_base/state_estimation_node
[0.348s] -- Up-to-date: /home/ibrahim/ChampQuadbot/install/champ_base/share/ament_index/resource_index/package_run_dependencies/champ_base
[0.349s] -- Up-to-date: /home/ibrahim/ChampQuadbot/install/champ_base/share/ament_index/resource_index/parent_prefix_path/champ_base
[0.350s] -- Up-to-date: /home/ibrahim/ChampQuadbot/install/champ_base/share/champ_base/environment/ament_prefix_path.sh
[0.351s] -- Up-to-date: /home/ibrahim/ChampQuadbot/install/champ_base/share/champ_base/environment/ament_prefix_path.dsv
[0.352s] -- Up-to-date: /home/ibrahim/ChampQuadbot/install/champ_base/share/champ_base/environment/path.sh
[0.352s] -- Up-to-date: /home/ibrahim/ChampQuadbot/install/champ_base/share/champ_base/environment/path.dsv
[0.353s] -- Up-to-date: /home/ibrahim/ChampQuadbot/install/champ_base/share/champ_base/local_setup.bash
[0.354s] -- Up-to-date: /home/ibrahim/ChampQuadbot/install/champ_base/share/champ_base/local_setup.sh
[0.354s] -- Up-to-date: /home/ibrahim/ChampQuadbot/install/champ_base/share/champ_base/local_setup.zsh
[0.354s] -- Up-to-date: /home/ibrahim/ChampQuadbot/install/champ_base/share/champ_base/local_setup.dsv
[0.354s] -- Installing: /home/ibrahim/ChampQuadbot/install/champ_base/share/champ_base/package.dsv
[0.355s] -- Up-to-date: /home/ibrahim/ChampQuadbot/install/champ_base/share/ament_index/resource_index/packages/champ_base
[0.356s] -- Up-to-date: /home/ibrahim/ChampQuadbot/install/champ_base/share/champ_base/cmake/ament_cmake_export_include_directories-extras.cmake
[0.356s] -- Up-to-date: /home/ibrahim/ChampQuadbot/install/champ_base/share/champ_base/cmake/ament_cmake_export_dependencies-extras.cmake
[0.356s] -- Up-to-date: /home/ibrahim/ChampQuadbot/install/champ_base/share/champ_base/cmake/champ_baseConfig.cmake
[0.357s] -- Up-to-date: /home/ibrahim/ChampQuadbot/install/champ_base/share/champ_base/cmake/champ_baseConfig-version.cmake
[0.357s] -- Up-to-date: /home/ibrahim/ChampQuadbot/install/champ_base/share/champ_base/package.xml
[0.379s] Invoked command in '/home/ibrahim/ChampQuadbot/build/champ_base' returned '0': AMENT_PREFIX_PATH=/home/ibrahim/ChampQuadbot/install/champ_msgs:/home/ibrahim/ChampQuadbot/install/champ:${AMENT_PREFIX_PATH} CMAKE_PREFIX_PATH=/home/ibrahim/ChampQuadbot/install/champ_msgs:/home/ibrahim/ChampQuadbot/install/champ:/home/ibrahim/RobotArmExpanded/install/main_arm_package:/home/ibrahim/RobotArmExpanded/install/action_interfaces:/home/ibrahim/MoveItArm/install/moveit_config:/home/ibrahim/MoveItArm/install/moveit_arm_package:/home/ibrahim/TF2Sample/install/tf2sim:/home/ibrahim/RobotNav/install/main_robot_nodes:/home/ibrahim/RobotNav/install/action_interfaces:/home/ibrahim/RobotMonitor/install/Robot3Node_Package:/home/ibrahim/ros2_ws/install/my_first_package:/home/ibrahim/ros2_ws/install/action_interfaces:/home/ibrahim/RobotArm/install/main_arm_package:/home/ibrahim/RobotArm/install/action_interfaces:/opt/ros/humble LD_LIBRARY_PATH=/home/ibrahim/ChampQuadbot/install/champ_msgs/lib:${LD_LIBRARY_PATH} PYTHONPATH=/home/ibrahim/ChampQuadbot/install/champ_msgs/local/lib/python3.10/dist-packages:${PYTHONPATH} /usr/bin/cmake --install /home/ibrahim/ChampQuadbot/build/champ_base
