[0.091s] Invoking command in '/home/ibrahim/ChampQuadbot/build/champ_teleop': CMAKE_PREFIX_PATH=${CMAKE_PREFIX_PATH}:/home/ibrahim/RobotArm/install/main_arm_package:/home/ibrahim/RobotArm/install/action_interfaces:/opt/ros/humble /usr/bin/cmake --build /home/ibrahim/ChampQuadbot/build/champ_teleop -- -j16 -l16
[0.273s] Invoked command in '/home/ibrahim/ChampQuadbot/build/champ_teleop' returned '0': CMAKE_PREFIX_PATH=${CMAKE_PREFIX_PATH}:/home/ibrahim/RobotArm/install/main_arm_package:/home/ibrahim/RobotArm/install/action_interfaces:/opt/ros/humble /usr/bin/cmake --build /home/ibrahim/ChampQuadbot/build/champ_teleop -- -j16 -l16
[0.293s] Invoking command in '/home/ibrahim/ChampQuadbot/build/champ_teleop': CMAKE_PREFIX_PATH=${CMAKE_PREFIX_PATH}:/home/ibrahim/RobotArm/install/main_arm_package:/home/ibrahim/RobotArm/install/action_interfaces:/opt/ros/humble /usr/bin/cmake --install /home/ibrahim/ChampQuadbot/build/champ_teleop
[0.321s] -- Install configuration: ""
[0.322s] -- Up-to-date: /home/ibrahim/ChampQuadbot/install/champ_teleop/share/champ_teleop/launch
[0.322s] -- Up-to-date: /home/ibrahim/ChampQuadbot/install/champ_teleop/share/champ_teleop/launch/teleop.launch.py
[0.323s] -- Up-to-date: /home/ibrahim/ChampQuadbot/install/champ_teleop/lib/champ_teleop/champ_teleop.py
[0.324s] -- Up-to-date: /home/ibrahim/ChampQuadbot/install/champ_teleop/share/ament_index/resource_index/package_run_dependencies/champ_teleop
[0.324s] -- Up-to-date: /home/ibrahim/ChampQuadbot/install/champ_teleop/share/ament_index/resource_index/parent_prefix_path/champ_teleop
[0.324s] -- Up-to-date: /home/ibrahim/ChampQuadbot/install/champ_teleop/share/champ_teleop/environment/ament_prefix_path.sh
[0.325s] -- Up-to-date: /home/ibrahim/ChampQuadbot/install/champ_teleop/share/champ_teleop/environment/ament_prefix_path.dsv
[0.325s] -- Up-to-date: /home/ibrahim/ChampQuadbot/install/champ_teleop/share/champ_teleop/environment/path.sh
[0.325s] -- Up-to-date: /home/ibrahim/ChampQuadbot/install/champ_teleop/share/champ_teleop/environment/path.dsv
[0.326s] -- Up-to-date: /home/ibrahim/ChampQuadbot/install/champ_teleop/share/champ_teleop/local_setup.bash
[0.326s] -- Up-to-date: /home/ibrahim/ChampQuadbot/install/champ_teleop/share/champ_teleop/local_setup.sh
[0.326s] -- Up-to-date: /home/ibrahim/ChampQuadbot/install/champ_teleop/share/champ_teleop/local_setup.zsh
[0.327s] -- Up-to-date: /home/ibrahim/ChampQuadbot/install/champ_teleop/share/champ_teleop/local_setup.dsv
[0.327s] -- Installing: /home/ibrahim/ChampQuadbot/install/champ_teleop/share/champ_teleop/package.dsv
[0.328s] -- Up-to-date: /home/ibrahim/ChampQuadbot/install/champ_teleop/share/ament_index/resource_index/packages/champ_teleop
[0.328s] -- Up-to-date: /home/ibrahim/ChampQuadbot/install/champ_teleop/share/champ_teleop/cmake/champ_teleopConfig.cmake
[0.329s] -- Up-to-date: /home/ibrahim/ChampQuadbot/install/champ_teleop/share/champ_teleop/cmake/champ_teleopConfig-version.cmake
[0.330s] -- Up-to-date: /home/ibrahim/ChampQuadbot/install/champ_teleop/share/champ_teleop/package.xml
[0.413s] Invoked command in '/home/ibrahim/ChampQuadbot/build/champ_teleop' returned '0': CMAKE_PREFIX_PATH=${CMAKE_PREFIX_PATH}:/home/ibrahim/RobotArm/install/main_arm_package:/home/ibrahim/RobotArm/install/action_interfaces:/opt/ros/humble /usr/bin/cmake --install /home/ibrahim/ChampQuadbot/build/champ_teleop
