[0.072s] Invoking command in '/home/ibrahim/ChampQuadbot/build/champ_teleop': CMAKE_PREFIX_PATH=${CMAKE_PREFIX_PATH}:/home/ibrahim/RobotArm/install/main_arm_package:/home/ibrahim/RobotArm/install/action_interfaces:/opt/ros/humble /usr/bin/cmake --build /home/ibrahim/ChampQuadbot/build/champ_teleop -- -j16 -l16
[0.257s] Invoked command in '/home/ibrahim/ChampQuadbot/build/champ_teleop' returned '0': CMAKE_PREFIX_PATH=${CMAKE_PREFIX_PATH}:/home/ibrahim/RobotArm/install/main_arm_package:/home/ibrahim/RobotArm/install/action_interfaces:/opt/ros/humble /usr/bin/cmake --build /home/ibrahim/ChampQuadbot/build/champ_teleop -- -j16 -l16
[0.258s] Invoking command in '/home/ibrahim/ChampQuadbot/build/champ_teleop': CMAKE_PREFIX_PATH=${CMAKE_PREFIX_PATH}:/home/ibrahim/RobotArm/install/main_arm_package:/home/ibrahim/RobotArm/install/action_interfaces:/opt/ros/humble /usr/bin/cmake --install /home/ibrahim/ChampQuadbot/build/champ_teleop
[0.306s] -- Install configuration: ""
[0.307s] -- Up-to-date: /home/ibrahim/ChampQuadbot/install/champ_teleop/share/champ_teleop/launch
[0.307s] -- Up-to-date: /home/ibrahim/ChampQuadbot/install/champ_teleop/share/champ_teleop/launch/teleop.launch.py
[0.308s] -- Up-to-date: /home/ibrahim/ChampQuadbot/install/champ_teleop/lib/champ_teleop/champ_teleop.py
[0.308s] -- Up-to-date: /home/ibrahim/ChampQuadbot/install/champ_teleop/share/ament_index/resource_index/package_run_dependencies/champ_teleop
[0.309s] -- Up-to-date: /home/ibrahim/ChampQuadbot/install/champ_teleop/share/ament_index/resource_index/parent_prefix_path/champ_teleop
[0.310s] -- Up-to-date: /home/ibrahim/ChampQuadbot/install/champ_teleop/share/champ_teleop/environment/ament_prefix_path.sh
[0.311s] -- Up-to-date: /home/ibrahim/ChampQuadbot/install/champ_teleop/share/champ_teleop/environment/ament_prefix_path.dsv
[0.314s] -- Up-to-date: /home/ibrahim/ChampQuadbot/install/champ_teleop/share/champ_teleop/environment/path.sh
[0.314s] -- Up-to-date: /home/ibrahim/ChampQuadbot/install/champ_teleop/share/champ_teleop/environment/path.dsv
[0.315s] -- Up-to-date: /home/ibrahim/ChampQuadbot/install/champ_teleop/share/champ_teleop/local_setup.bash
[0.316s] -- Up-to-date: /home/ibrahim/ChampQuadbot/install/champ_teleop/share/champ_teleop/local_setup.sh
[0.316s] -- Up-to-date: /home/ibrahim/ChampQuadbot/install/champ_teleop/share/champ_teleop/local_setup.zsh
[0.316s] -- Up-to-date: /home/ibrahim/ChampQuadbot/install/champ_teleop/share/champ_teleop/local_setup.dsv
[0.317s] -- Installing: /home/ibrahim/ChampQuadbot/install/champ_teleop/share/champ_teleop/package.dsv
[0.318s] -- Up-to-date: /home/ibrahim/ChampQuadbot/install/champ_teleop/share/ament_index/resource_index/packages/champ_teleop
[0.319s] -- Up-to-date: /home/ibrahim/ChampQuadbot/install/champ_teleop/share/champ_teleop/cmake/champ_teleopConfig.cmake
[0.319s] -- Up-to-date: /home/ibrahim/ChampQuadbot/install/champ_teleop/share/champ_teleop/cmake/champ_teleopConfig-version.cmake
[0.320s] -- Up-to-date: /home/ibrahim/ChampQuadbot/install/champ_teleop/share/champ_teleop/package.xml
[0.418s] Invoked command in '/home/ibrahim/ChampQuadbot/build/champ_teleop' returned '0': CMAKE_PREFIX_PATH=${CMAKE_PREFIX_PATH}:/home/ibrahim/RobotArm/install/main_arm_package:/home/ibrahim/RobotArm/install/action_interfaces:/opt/ros/humble /usr/bin/cmake --install /home/ibrahim/ChampQuadbot/build/champ_teleop
