[0.359s] Invoking command in '/home/ibrahim/ChampQuadbot/build/champ_bringup': AMENT_PREFIX_PATH=/home/ibrahim/ChampQuadbot/install/champ_base:/home/ibrahim/ChampQuadbot/install/champ_msgs:/home/ibrahim/ChampQuadbot/install/champ_description:/home/ibrahim/ChampQuadbot/install/champ:${AMENT_PREFIX_PATH} CMAKE_PREFIX_PATH=/home/ibrahim/ChampQuadbot/install/champ_base:/home/ibrahim/ChampQuadbot/install/champ_msgs:/home/ibrahim/ChampQuadbot/install/champ_description:/home/ibrahim/ChampQuadbot/install/champ:/home/ibrahim/RobotArmExpanded/install/main_arm_package:/home/ibrahim/RobotArmExpanded/install/action_interfaces:/home/ibrahim/MoveItArm/install/moveit_config:/home/ibrahim/MoveItArm/install/moveit_arm_package:/home/ibrahim/TF2Sample/install/tf2sim:/home/ibrahim/RobotNav/install/main_robot_nodes:/home/ibrahim/RobotNav/install/action_interfaces:/home/ibrahim/RobotMonitor/install/Robot3Node_Package:/home/ibrahim/ros2_ws/install/my_first_package:/home/ibrahim/ros2_ws/install/action_interfaces:/home/ibrahim/RobotArm/install/main_arm_package:/home/ibrahim/RobotArm/install/action_interfaces:/opt/ros/humble LD_LIBRARY_PATH=/home/ibrahim/ChampQuadbot/install/champ_base/lib:/home/ibrahim/ChampQuadbot/install/champ_msgs/lib:${LD_LIBRARY_PATH} PATH=/home/ibrahim/ChampQuadbot/install/champ_base/bin:${PATH} PYTHONPATH=/home/ibrahim/ChampQuadbot/install/champ_msgs/local/lib/python3.10/dist-packages:${PYTHONPATH} /usr/bin/cmake /home/ibrahim/ChampQuadbot/src/champ/champ_bringup -DCMAKE_INSTALL_PREFIX=/home/ibrahim/ChampQuadbot/install/champ_bringup
[0.564s] -- The C compiler identification is GNU 11.4.0
[1.079s] -- The CXX compiler identification is GNU 11.4.0
[1.477s] -- Detecting C compiler ABI info
[1.651s] -- Detecting C compiler ABI info - done
[1.657s] -- Check for working C compiler: /usr/bin/cc - skipped
[1.658s] -- Detecting C compile features
[1.658s] -- Detecting C compile features - done
[1.662s] -- Detecting CXX compiler ABI info
[1.847s] -- Detecting CXX compiler ABI info - done
[1.855s] -- Check for working CXX compiler: /usr/bin/c++ - skipped
[1.856s] -- Detecting CXX compile features
[1.856s] -- Detecting CXX compile features - done
[1.879s] -- Found ament_cmake: 1.3.14 (/opt/ros/humble/share/ament_cmake/cmake)
[2.100s] -- Found Python3: /usr/bin/python3 (found version "3.10.12") found components: Interpreter 
[2.467s] -- Configuring done
[2.477s] -- Generating done
[2.480s] -- Build files have been written to: /home/ibrahim/ChampQuadbot/build/champ_bringup
[2.487s] Invoked command in '/home/ibrahim/ChampQuadbot/build/champ_bringup' returned '0': AMENT_PREFIX_PATH=/home/ibrahim/ChampQuadbot/install/champ_base:/home/ibrahim/ChampQuadbot/install/champ_msgs:/home/ibrahim/ChampQuadbot/install/champ_description:/home/ibrahim/ChampQuadbot/install/champ:${AMENT_PREFIX_PATH} CMAKE_PREFIX_PATH=/home/ibrahim/ChampQuadbot/install/champ_base:/home/ibrahim/ChampQuadbot/install/champ_msgs:/home/ibrahim/ChampQuadbot/install/champ_description:/home/ibrahim/ChampQuadbot/install/champ:/home/ibrahim/RobotArmExpanded/install/main_arm_package:/home/ibrahim/RobotArmExpanded/install/action_interfaces:/home/ibrahim/MoveItArm/install/moveit_config:/home/ibrahim/MoveItArm/install/moveit_arm_package:/home/ibrahim/TF2Sample/install/tf2sim:/home/ibrahim/RobotNav/install/main_robot_nodes:/home/ibrahim/RobotNav/install/action_interfaces:/home/ibrahim/RobotMonitor/install/Robot3Node_Package:/home/ibrahim/ros2_ws/install/my_first_package:/home/ibrahim/ros2_ws/install/action_interfaces:/home/ibrahim/RobotArm/install/main_arm_package:/home/ibrahim/RobotArm/install/action_interfaces:/opt/ros/humble LD_LIBRARY_PATH=/home/ibrahim/ChampQuadbot/install/champ_base/lib:/home/ibrahim/ChampQuadbot/install/champ_msgs/lib:${LD_LIBRARY_PATH} PATH=/home/ibrahim/ChampQuadbot/install/champ_base/bin:${PATH} PYTHONPATH=/home/ibrahim/ChampQuadbot/install/champ_msgs/local/lib/python3.10/dist-packages:${PYTHONPATH} /usr/bin/cmake /home/ibrahim/ChampQuadbot/src/champ/champ_bringup -DCMAKE_INSTALL_PREFIX=/home/ibrahim/ChampQuadbot/install/champ_bringup
[2.490s] Invoking command in '/home/ibrahim/ChampQuadbot/build/champ_bringup': AMENT_PREFIX_PATH=/home/ibrahim/ChampQuadbot/install/champ_base:/home/ibrahim/ChampQuadbot/install/champ_msgs:/home/ibrahim/ChampQuadbot/install/champ_description:/home/ibrahim/ChampQuadbot/install/champ:${AMENT_PREFIX_PATH} CMAKE_PREFIX_PATH=/home/ibrahim/ChampQuadbot/install/champ_base:/home/ibrahim/ChampQuadbot/install/champ_msgs:/home/ibrahim/ChampQuadbot/install/champ_description:/home/ibrahim/ChampQuadbot/install/champ:/home/ibrahim/RobotArmExpanded/install/main_arm_package:/home/ibrahim/RobotArmExpanded/install/action_interfaces:/home/ibrahim/MoveItArm/install/moveit_config:/home/ibrahim/MoveItArm/install/moveit_arm_package:/home/ibrahim/TF2Sample/install/tf2sim:/home/ibrahim/RobotNav/install/main_robot_nodes:/home/ibrahim/RobotNav/install/action_interfaces:/home/ibrahim/RobotMonitor/install/Robot3Node_Package:/home/ibrahim/ros2_ws/install/my_first_package:/home/ibrahim/ros2_ws/install/action_interfaces:/home/ibrahim/RobotArm/install/main_arm_package:/home/ibrahim/RobotArm/install/action_interfaces:/opt/ros/humble LD_LIBRARY_PATH=/home/ibrahim/ChampQuadbot/install/champ_base/lib:/home/ibrahim/ChampQuadbot/install/champ_msgs/lib:${LD_LIBRARY_PATH} PATH=/home/ibrahim/ChampQuadbot/install/champ_base/bin:${PATH} PYTHONPATH=/home/ibrahim/ChampQuadbot/install/champ_msgs/local/lib/python3.10/dist-packages:${PYTHONPATH} /usr/bin/cmake --build /home/ibrahim/ChampQuadbot/build/champ_bringup -- -j16 -l16
[2.573s] Built target ament_cmake_python_copy_champ_bringup
[3.159s] running egg_info
[3.160s] creating champ_bringup.egg-info
[3.160s] writing champ_bringup.egg-info/PKG-INFO
[3.161s] writing dependency_links to champ_bringup.egg-info/dependency_links.txt
[3.161s] writing top-level names to champ_bringup.egg-info/top_level.txt
[3.161s] writing manifest file 'champ_bringup.egg-info/SOURCES.txt'
[3.164s] reading manifest file 'champ_bringup.egg-info/SOURCES.txt'
[3.165s] writing manifest file 'champ_bringup.egg-info/SOURCES.txt'
[3.202s] Built target ament_cmake_python_build_champ_bringup_egg
[3.220s] Invoked command in '/home/ibrahim/ChampQuadbot/build/champ_bringup' returned '0': AMENT_PREFIX_PATH=/home/ibrahim/ChampQuadbot/install/champ_base:/home/ibrahim/ChampQuadbot/install/champ_msgs:/home/ibrahim/ChampQuadbot/install/champ_description:/home/ibrahim/ChampQuadbot/install/champ:${AMENT_PREFIX_PATH} CMAKE_PREFIX_PATH=/home/ibrahim/ChampQuadbot/install/champ_base:/home/ibrahim/ChampQuadbot/install/champ_msgs:/home/ibrahim/ChampQuadbot/install/champ_description:/home/ibrahim/ChampQuadbot/install/champ:/home/ibrahim/RobotArmExpanded/install/main_arm_package:/home/ibrahim/RobotArmExpanded/install/action_interfaces:/home/ibrahim/MoveItArm/install/moveit_config:/home/ibrahim/MoveItArm/install/moveit_arm_package:/home/ibrahim/TF2Sample/install/tf2sim:/home/ibrahim/RobotNav/install/main_robot_nodes:/home/ibrahim/RobotNav/install/action_interfaces:/home/ibrahim/RobotMonitor/install/Robot3Node_Package:/home/ibrahim/ros2_ws/install/my_first_package:/home/ibrahim/ros2_ws/install/action_interfaces:/home/ibrahim/RobotArm/install/main_arm_package:/home/ibrahim/RobotArm/install/action_interfaces:/opt/ros/humble LD_LIBRARY_PATH=/home/ibrahim/ChampQuadbot/install/champ_base/lib:/home/ibrahim/ChampQuadbot/install/champ_msgs/lib:${LD_LIBRARY_PATH} PATH=/home/ibrahim/ChampQuadbot/install/champ_base/bin:${PATH} PYTHONPATH=/home/ibrahim/ChampQuadbot/install/champ_msgs/local/lib/python3.10/dist-packages:${PYTHONPATH} /usr/bin/cmake --build /home/ibrahim/ChampQuadbot/build/champ_bringup -- -j16 -l16
[3.222s] Invoking command in '/home/ibrahim/ChampQuadbot/build/champ_bringup': AMENT_PREFIX_PATH=/home/ibrahim/ChampQuadbot/install/champ_base:/home/ibrahim/ChampQuadbot/install/champ_msgs:/home/ibrahim/ChampQuadbot/install/champ_description:/home/ibrahim/ChampQuadbot/install/champ:${AMENT_PREFIX_PATH} CMAKE_PREFIX_PATH=/home/ibrahim/ChampQuadbot/install/champ_base:/home/ibrahim/ChampQuadbot/install/champ_msgs:/home/ibrahim/ChampQuadbot/install/champ_description:/home/ibrahim/ChampQuadbot/install/champ:/home/ibrahim/RobotArmExpanded/install/main_arm_package:/home/ibrahim/RobotArmExpanded/install/action_interfaces:/home/ibrahim/MoveItArm/install/moveit_config:/home/ibrahim/MoveItArm/install/moveit_arm_package:/home/ibrahim/TF2Sample/install/tf2sim:/home/ibrahim/RobotNav/install/main_robot_nodes:/home/ibrahim/RobotNav/install/action_interfaces:/home/ibrahim/RobotMonitor/install/Robot3Node_Package:/home/ibrahim/ros2_ws/install/my_first_package:/home/ibrahim/ros2_ws/install/action_interfaces:/home/ibrahim/RobotArm/install/main_arm_package:/home/ibrahim/RobotArm/install/action_interfaces:/opt/ros/humble LD_LIBRARY_PATH=/home/ibrahim/ChampQuadbot/install/champ_base/lib:/home/ibrahim/ChampQuadbot/install/champ_msgs/lib:${LD_LIBRARY_PATH} PATH=/home/ibrahim/ChampQuadbot/install/champ_base/bin:${PATH} PYTHONPATH=/home/ibrahim/ChampQuadbot/install/champ_msgs/local/lib/python3.10/dist-packages:${PYTHONPATH} /usr/bin/cmake --install /home/ibrahim/ChampQuadbot/build/champ_bringup
[3.235s] -- Install configuration: ""
[3.235s] -- Installing: /home/ibrahim/ChampQuadbot/install/champ_bringup/share/champ_bringup/launch
[3.237s] -- Installing: /home/ibrahim/ChampQuadbot/install/champ_bringup/share/champ_bringup/launch/include
[3.238s] -- Installing: /home/ibrahim/ChampQuadbot/install/champ_bringup/share/champ_bringup/launch/include/velocity_smoother.launch
[3.239s] -- Installing: /home/ibrahim/ChampQuadbot/install/champ_bringup/share/champ_bringup/launch/include/laser
[3.239s] -- Installing: /home/ibrahim/ChampQuadbot/install/champ_bringup/share/champ_bringup/launch/include/laser/lms1xx.launch
[3.239s] -- Installing: /home/ibrahim/ChampQuadbot/install/champ_bringup/share/champ_bringup/launch/include/laser/xv11.launch
[3.240s] -- Installing: /home/ibrahim/ChampQuadbot/install/champ_bringup/share/champ_bringup/launch/include/laser/ydlidar.launch
[3.241s] -- Installing: /home/ibrahim/ChampQuadbot/install/champ_bringup/share/champ_bringup/launch/include/laser/sweep.launch
[3.241s] -- Installing: /home/ibrahim/ChampQuadbot/install/champ_bringup/share/champ_bringup/launch/include/laser/kinect.launch
[3.242s] -- Installing: /home/ibrahim/ChampQuadbot/install/champ_bringup/share/champ_bringup/launch/include/laser/rplidar.launch
[3.242s] -- Installing: /home/ibrahim/ChampQuadbot/install/champ_bringup/share/champ_bringup/launch/include/laser/hokuyo.launch
[3.243s] -- Installing: /home/ibrahim/ChampQuadbot/install/champ_bringup/share/champ_bringup/launch/include/laser/d435.launch
[3.243s] -- Installing: /home/ibrahim/ChampQuadbot/install/champ_bringup/share/champ_bringup/launch/include/laser/sim.launch
[3.244s] -- Installing: /home/ibrahim/ChampQuadbot/install/champ_bringup/share/champ_bringup/launch/include/laser/realsense.launch
[3.244s] -- Installing: /home/ibrahim/ChampQuadbot/install/champ_bringup/share/champ_bringup/launch/bringup.launch.py
[3.245s] -- Installing: /home/ibrahim/ChampQuadbot/install/champ_bringup/share/champ_bringup/launch/joints_gui.launch
[3.245s] -- Installing: /home/ibrahim/ChampQuadbot/install/champ_bringup/share/champ_bringup/launch/bringup.launch
[3.246s] -- Installing: /home/ibrahim/ChampQuadbot/install/champ_bringup/share/champ_bringup/launch/joints_gui.launch.py
[3.247s] -- Installing: /home/ibrahim/ChampQuadbot/install/champ_bringup/share/champ_bringup/environment/pythonpath.sh
[3.247s] -- Installing: /home/ibrahim/ChampQuadbot/install/champ_bringup/share/champ_bringup/environment/pythonpath.dsv
[3.248s] -- Installing: /home/ibrahim/ChampQuadbot/install/champ_bringup/local/lib/python3.10/dist-packages/champ_bringup-0.1.0-py3.10.egg-info
[3.251s] -- Installing: /home/ibrahim/ChampQuadbot/install/champ_bringup/local/lib/python3.10/dist-packages/champ_bringup-0.1.0-py3.10.egg-info/top_level.txt
[3.252s] -- Installing: /home/ibrahim/ChampQuadbot/install/champ_bringup/local/lib/python3.10/dist-packages/champ_bringup-0.1.0-py3.10.egg-info/PKG-INFO
[3.252s] -- Installing: /home/ibrahim/ChampQuadbot/install/champ_bringup/local/lib/python3.10/dist-packages/champ_bringup-0.1.0-py3.10.egg-info/dependency_links.txt
[3.252s] -- Installing: /home/ibrahim/ChampQuadbot/install/champ_bringup/local/lib/python3.10/dist-packages/champ_bringup-0.1.0-py3.10.egg-info/SOURCES.txt
[3.253s] -- Installing: /home/ibrahim/ChampQuadbot/install/champ_bringup/local/lib/python3.10/dist-packages/champ_bringup
[3.254s] -- Installing: /home/ibrahim/ChampQuadbot/install/champ_bringup/local/lib/python3.10/dist-packages/champ_bringup/joint_calibrator_relay.py
[3.254s] -- Installing: /home/ibrahim/ChampQuadbot/install/champ_bringup/local/lib/python3.10/dist-packages/champ_bringup/__init__.py
[3.298s] Listing '/home/ibrahim/ChampQuadbot/install/champ_bringup/local/lib/python3.10/dist-packages/champ_bringup'...
[3.299s] Compiling '/home/ibrahim/ChampQuadbot/install/champ_bringup/local/lib/python3.10/dist-packages/champ_bringup/__init__.py'...
[3.299s] Compiling '/home/ibrahim/ChampQuadbot/install/champ_bringup/local/lib/python3.10/dist-packages/champ_bringup/joint_calibrator_relay.py'...
[3.309s] -- Installing: /home/ibrahim/ChampQuadbot/install/champ_bringup/lib/champ_bringup/joint_calibrator_relay.py
[3.310s] -- Installing: /home/ibrahim/ChampQuadbot/install/champ_bringup/share/ament_index/resource_index/package_run_dependencies/champ_bringup
[3.311s] -- Installing: /home/ibrahim/ChampQuadbot/install/champ_bringup/share/ament_index/resource_index/parent_prefix_path/champ_bringup
[3.311s] -- Installing: /home/ibrahim/ChampQuadbot/install/champ_bringup/share/champ_bringup/environment/ament_prefix_path.sh
[3.312s] -- Installing: /home/ibrahim/ChampQuadbot/install/champ_bringup/share/champ_bringup/environment/ament_prefix_path.dsv
[3.312s] -- Installing: /home/ibrahim/ChampQuadbot/install/champ_bringup/share/champ_bringup/environment/path.sh
[3.312s] -- Installing: /home/ibrahim/ChampQuadbot/install/champ_bringup/share/champ_bringup/environment/path.dsv
[3.312s] -- Installing: /home/ibrahim/ChampQuadbot/install/champ_bringup/share/champ_bringup/local_setup.bash
[3.313s] -- Installing: /home/ibrahim/ChampQuadbot/install/champ_bringup/share/champ_bringup/local_setup.sh
[3.313s] -- Installing: /home/ibrahim/ChampQuadbot/install/champ_bringup/share/champ_bringup/local_setup.zsh
[3.313s] -- Installing: /home/ibrahim/ChampQuadbot/install/champ_bringup/share/champ_bringup/local_setup.dsv
[3.313s] -- Installing: /home/ibrahim/ChampQuadbot/install/champ_bringup/share/champ_bringup/package.dsv
[3.314s] -- Installing: /home/ibrahim/ChampQuadbot/install/champ_bringup/share/ament_index/resource_index/packages/champ_bringup
[3.315s] -- Installing: /home/ibrahim/ChampQuadbot/install/champ_bringup/share/champ_bringup/cmake/champ_bringupConfig.cmake
[3.315s] -- Installing: /home/ibrahim/ChampQuadbot/install/champ_bringup/share/champ_bringup/cmake/champ_bringupConfig-version.cmake
[3.315s] -- Installing: /home/ibrahim/ChampQuadbot/install/champ_bringup/share/champ_bringup/package.xml
[3.319s] Invoked command in '/home/ibrahim/ChampQuadbot/build/champ_bringup' returned '0': AMENT_PREFIX_PATH=/home/ibrahim/ChampQuadbot/install/champ_base:/home/ibrahim/ChampQuadbot/install/champ_msgs:/home/ibrahim/ChampQuadbot/install/champ_description:/home/ibrahim/ChampQuadbot/install/champ:${AMENT_PREFIX_PATH} CMAKE_PREFIX_PATH=/home/ibrahim/ChampQuadbot/install/champ_base:/home/ibrahim/ChampQuadbot/install/champ_msgs:/home/ibrahim/ChampQuadbot/install/champ_description:/home/ibrahim/ChampQuadbot/install/champ:/home/ibrahim/RobotArmExpanded/install/main_arm_package:/home/ibrahim/RobotArmExpanded/install/action_interfaces:/home/ibrahim/MoveItArm/install/moveit_config:/home/ibrahim/MoveItArm/install/moveit_arm_package:/home/ibrahim/TF2Sample/install/tf2sim:/home/ibrahim/RobotNav/install/main_robot_nodes:/home/ibrahim/RobotNav/install/action_interfaces:/home/ibrahim/RobotMonitor/install/Robot3Node_Package:/home/ibrahim/ros2_ws/install/my_first_package:/home/ibrahim/ros2_ws/install/action_interfaces:/home/ibrahim/RobotArm/install/main_arm_package:/home/ibrahim/RobotArm/install/action_interfaces:/opt/ros/humble LD_LIBRARY_PATH=/home/ibrahim/ChampQuadbot/install/champ_base/lib:/home/ibrahim/ChampQuadbot/install/champ_msgs/lib:${LD_LIBRARY_PATH} PATH=/home/ibrahim/ChampQuadbot/install/champ_base/bin:${PATH} PYTHONPATH=/home/ibrahim/ChampQuadbot/install/champ_msgs/local/lib/python3.10/dist-packages:${PYTHONPATH} /usr/bin/cmake --install /home/ibrahim/ChampQuadbot/build/champ_bringup
