[0.075s] Invoking command in '/home/ibrahim/ChampQuadbot/build/champ_description': CMAKE_PREFIX_PATH=${CMAKE_PREFIX_PATH}:/home/ibrahim/RobotArm/install/main_arm_package:/home/ibrahim/RobotArm/install/action_interfaces:/opt/ros/humble /usr/bin/cmake /home/ibrahim/ChampQuadbot/src/champ/champ_description -DCMAKE_INSTALL_PREFIX=/home/ibrahim/ChampQuadbot/install/champ_description
[0.336s] -- The C compiler identification is GNU 11.4.0
[0.946s] -- The CXX compiler identification is GNU 11.4.0
[1.390s] -- Detecting C compiler ABI info
[1.591s] -- Detecting C compiler ABI info - done
[1.598s] -- Check for working C compiler: /usr/bin/cc - skipped
[1.598s] -- Detecting C compile features
[1.599s] -- Detecting C compile features - done
[1.604s] -- Detecting CXX compiler ABI info
[1.830s] -- Detecting CXX compiler ABI info - done
[1.839s] -- Check for working CXX compiler: /usr/bin/c++ - skipped
[1.839s] -- Detecting CXX compile features
[1.840s] -- Detecting CXX compile features - done
[1.846s] -- Found ament_cmake: 1.3.14 (/opt/ros/humble/share/ament_cmake/cmake)
[2.063s] -- Found Python3: /usr/bin/python3 (found version "3.10.12") found components: Interpreter 
[2.227s] -- Found ament_lint_auto: 0.12.15 (/opt/ros/humble/share/ament_lint_auto/cmake)
[2.317s] -- Configuring done
[2.327s] -- Generating done
[2.331s] -- Build files have been written to: /home/ibrahim/ChampQuadbot/build/champ_description
[2.340s] Invoked command in '/home/ibrahim/ChampQuadbot/build/champ_description' returned '0': CMAKE_PREFIX_PATH=${CMAKE_PREFIX_PATH}:/home/ibrahim/RobotArm/install/main_arm_package:/home/ibrahim/RobotArm/install/action_interfaces:/opt/ros/humble /usr/bin/cmake /home/ibrahim/ChampQuadbot/src/champ/champ_description -DCMAKE_INSTALL_PREFIX=/home/ibrahim/ChampQuadbot/install/champ_description
[2.341s] Invoking command in '/home/ibrahim/ChampQuadbot/build/champ_description': CMAKE_PREFIX_PATH=${CMAKE_PREFIX_PATH}:/home/ibrahim/RobotArm/install/main_arm_package:/home/ibrahim/RobotArm/install/action_interfaces:/opt/ros/humble /usr/bin/cmake --build /home/ibrahim/ChampQuadbot/build/champ_description -- -j16 -l16
[2.421s] Invoked command in '/home/ibrahim/ChampQuadbot/build/champ_description' returned '0': CMAKE_PREFIX_PATH=${CMAKE_PREFIX_PATH}:/home/ibrahim/RobotArm/install/main_arm_package:/home/ibrahim/RobotArm/install/action_interfaces:/opt/ros/humble /usr/bin/cmake --build /home/ibrahim/ChampQuadbot/build/champ_description -- -j16 -l16
[2.424s] Invoking command in '/home/ibrahim/ChampQuadbot/build/champ_description': CMAKE_PREFIX_PATH=${CMAKE_PREFIX_PATH}:/home/ibrahim/RobotArm/install/main_arm_package:/home/ibrahim/RobotArm/install/action_interfaces:/opt/ros/humble /usr/bin/cmake --install /home/ibrahim/ChampQuadbot/build/champ_description
[2.453s] -- Install configuration: ""
[2.453s] -- Installing: /home/ibrahim/ChampQuadbot/install/champ_description/share/champ_description/launch
[2.453s] -- Installing: /home/ibrahim/ChampQuadbot/install/champ_description/share/champ_description/launch/description.launch
[2.453s] -- Installing: /home/ibrahim/ChampQuadbot/install/champ_description/share/champ_description/launch/description.launch.py
[2.453s] -- Installing: /home/ibrahim/ChampQuadbot/install/champ_description/share/champ_description/launch/view_urdf.launch
[2.453s] -- Installing: /home/ibrahim/ChampQuadbot/install/champ_description/share/champ_description/rviz
[2.453s] -- Installing: /home/ibrahim/ChampQuadbot/install/champ_description/share/champ_description/rviz/urdf_viewer.rviz
[2.454s] -- Installing: /home/ibrahim/ChampQuadbot/install/champ_description/share/champ_description/meshes
[2.454s] -- Installing: /home/ibrahim/ChampQuadbot/install/champ_description/share/champ_description/meshes/hip.stl
[2.454s] -- Installing: /home/ibrahim/ChampQuadbot/install/champ_description/share/champ_description/meshes/upper_leg_simple.stl
[2.454s] -- Installing: /home/ibrahim/ChampQuadbot/install/champ_description/share/champ_description/meshes/base_simple.stl
[2.454s] -- Installing: /home/ibrahim/ChampQuadbot/install/champ_description/share/champ_description/meshes/hokuyo_utm_30lx.dae
[2.454s] -- Installing: /home/ibrahim/ChampQuadbot/install/champ_description/share/champ_description/meshes/base.stl
[2.454s] -- Installing: /home/ibrahim/ChampQuadbot/install/champ_description/share/champ_description/meshes/asus_camera_simple.dae
[2.454s] -- Installing: /home/ibrahim/ChampQuadbot/install/champ_description/share/champ_description/meshes/lower_leg.stl
[2.454s] -- Installing: /home/ibrahim/ChampQuadbot/install/champ_description/share/champ_description/meshes/upper_leg.stl
[2.454s] -- Installing: /home/ibrahim/ChampQuadbot/install/champ_description/share/champ_description/meshes/arm
[2.454s] -- Installing: /home/ibrahim/ChampQuadbot/install/champ_description/share/champ_description/meshes/arm/upper_arm.stl
[2.454s] -- Installing: /home/ibrahim/ChampQuadbot/install/champ_description/share/champ_description/meshes/arm/wrist1.stl
[2.454s] -- Installing: /home/ibrahim/ChampQuadbot/install/champ_description/share/champ_description/meshes/arm/lower_arm.stl
[2.454s] -- Installing: /home/ibrahim/ChampQuadbot/install/champ_description/share/champ_description/meshes/arm/base.stl
[2.454s] -- Installing: /home/ibrahim/ChampQuadbot/install/champ_description/share/champ_description/meshes/arm/wrist2.stl
[2.454s] -- Installing: /home/ibrahim/ChampQuadbot/install/champ_description/share/champ_description/meshes/lower_leg_simple.stl
[2.454s] -- Installing: /home/ibrahim/ChampQuadbot/install/champ_description/share/champ_description/urdf
[2.454s] -- Installing: /home/ibrahim/ChampQuadbot/install/champ_description/share/champ_description/urdf/accessories.urdf.xacro
[2.454s] -- Installing: /home/ibrahim/ChampQuadbot/install/champ_description/share/champ_description/urdf/champ.urdf
[2.454s] -- Installing: /home/ibrahim/ChampQuadbot/install/champ_description/share/champ_description/urdf/properties.urdf.xacro
[2.454s] -- Installing: /home/ibrahim/ChampQuadbot/install/champ_description/share/champ_description/urdf/champ_arm.urdf
[2.455s] -- Installing: /home/ibrahim/ChampQuadbot/install/champ_description/share/champ_description/urdf/asus_camera.urdf.xacro
[2.455s] -- Installing: /home/ibrahim/ChampQuadbot/install/champ_description/share/champ_description/urdf/champ_velodyne.urdf
[2.455s] -- Installing: /home/ibrahim/ChampQuadbot/install/champ_description/share/champ_description/urdf/hokuyo_utm30lx.urdf.xacro
[2.455s] -- Installing: /home/ibrahim/ChampQuadbot/install/champ_description/share/champ_description/urdf/leg.urdf.xacro
[2.455s] -- Installing: /home/ibrahim/ChampQuadbot/install/champ_description/share/champ_description/urdf/champ.urdf.xacro
[2.455s] -- Installing: /home/ibrahim/ChampQuadbot/install/champ_description/share/champ_description/urdf/gen_urdf
[2.455s] -- Installing: /home/ibrahim/ChampQuadbot/install/champ_description/share/ament_index/resource_index/package_run_dependencies/champ_description
[2.456s] -- Installing: /home/ibrahim/ChampQuadbot/install/champ_description/share/ament_index/resource_index/parent_prefix_path/champ_description
[2.457s] -- Installing: /home/ibrahim/ChampQuadbot/install/champ_description/share/champ_description/environment/ament_prefix_path.sh
[2.457s] -- Installing: /home/ibrahim/ChampQuadbot/install/champ_description/share/champ_description/environment/ament_prefix_path.dsv
[2.457s] -- Installing: /home/ibrahim/ChampQuadbot/install/champ_description/share/champ_description/environment/path.sh
[2.458s] -- Installing: /home/ibrahim/ChampQuadbot/install/champ_description/share/champ_description/environment/path.dsv
[2.458s] -- Installing: /home/ibrahim/ChampQuadbot/install/champ_description/share/champ_description/local_setup.bash
[2.458s] -- Installing: /home/ibrahim/ChampQuadbot/install/champ_description/share/champ_description/local_setup.sh
[2.458s] -- Installing: /home/ibrahim/ChampQuadbot/install/champ_description/share/champ_description/local_setup.zsh
[2.459s] -- Installing: /home/ibrahim/ChampQuadbot/install/champ_description/share/champ_description/local_setup.dsv
[2.459s] -- Installing: /home/ibrahim/ChampQuadbot/install/champ_description/share/champ_description/package.dsv
[2.460s] -- Installing: /home/ibrahim/ChampQuadbot/install/champ_description/share/ament_index/resource_index/packages/champ_description
[2.461s] -- Installing: /home/ibrahim/ChampQuadbot/install/champ_description/share/champ_description/cmake/champ_descriptionConfig.cmake
[2.462s] -- Installing: /home/ibrahim/ChampQuadbot/install/champ_description/share/champ_description/cmake/champ_descriptionConfig-version.cmake
[2.462s] -- Installing: /home/ibrahim/ChampQuadbot/install/champ_description/share/champ_description/package.xml
[2.466s] Invoked command in '/home/ibrahim/ChampQuadbot/build/champ_description' returned '0': CMAKE_PREFIX_PATH=${CMAKE_PREFIX_PATH}:/home/ibrahim/RobotArm/install/main_arm_package:/home/ibrahim/RobotArm/install/action_interfaces:/opt/ros/humble /usr/bin/cmake --install /home/ibrahim/ChampQuadbot/build/champ_description
