[0.048s] Invoking command in '/home/ibrahim/ChampQuadbot/build/champ_teleop': CMAKE_PREFIX_PATH=${CMAKE_PREFIX_PATH}:/home/ibrahim/RobotArm/install/main_arm_package:/home/ibrahim/RobotArm/install/action_interfaces:/opt/ros/humble /usr/bin/cmake --build /home/ibrahim/ChampQuadbot/build/champ_teleop -- -j16 -l16
[0.145s] Invoked command in '/home/ibrahim/ChampQuadbot/build/champ_teleop' returned '0': CMAKE_PREFIX_PATH=${CMAKE_PREFIX_PATH}:/home/ibrahim/RobotArm/install/main_arm_package:/home/ibrahim/RobotArm/install/action_interfaces:/opt/ros/humble /usr/bin/cmake --build /home/ibrahim/ChampQuadbot/build/champ_teleop -- -j16 -l16
[0.146s] Invoking command in '/home/ibrahim/ChampQuadbot/build/champ_teleop': CMAKE_PREFIX_PATH=${CMAKE_PREFIX_PATH}:/home/ibrahim/RobotArm/install/main_arm_package:/home/ibrahim/RobotArm/install/action_interfaces:/opt/ros/humble /usr/bin/cmake --install /home/ibrahim/ChampQuadbot/build/champ_teleop
[0.164s] -- Install configuration: ""
[0.165s] -- Up-to-date: /home/ibrahim/ChampQuadbot/install/champ_teleop/share/champ_teleop/launch
[0.166s] -- Up-to-date: /home/ibrahim/ChampQuadbot/install/champ_teleop/share/champ_teleop/launch/teleop.launch.py
[0.166s] -- Up-to-date: /home/ibrahim/ChampQuadbot/install/champ_teleop/lib/champ_teleop/champ_teleop.py
[0.168s] -- Up-to-date: /home/ibrahim/ChampQuadbot/install/champ_teleop/share/ament_index/resource_index/package_run_dependencies/champ_teleop
[0.169s] -- Up-to-date: /home/ibrahim/ChampQuadbot/install/champ_teleop/share/ament_index/resource_index/parent_prefix_path/champ_teleop
[0.169s] -- Up-to-date: /home/ibrahim/ChampQuadbot/install/champ_teleop/share/champ_teleop/environment/ament_prefix_path.sh
[0.170s] -- Up-to-date: /home/ibrahim/ChampQuadbot/install/champ_teleop/share/champ_teleop/environment/ament_prefix_path.dsv
[0.170s] -- Up-to-date: /home/ibrahim/ChampQuadbot/install/champ_teleop/share/champ_teleop/environment/path.sh
[0.170s] -- Up-to-date: /home/ibrahim/ChampQuadbot/install/champ_teleop/share/champ_teleop/environment/path.dsv
[0.171s] -- Up-to-date: /home/ibrahim/ChampQuadbot/install/champ_teleop/share/champ_teleop/local_setup.bash
[0.171s] -- Up-to-date: /home/ibrahim/ChampQuadbot/install/champ_teleop/share/champ_teleop/local_setup.sh
[0.172s] -- Up-to-date: /home/ibrahim/ChampQuadbot/install/champ_teleop/share/champ_teleop/local_setup.zsh
[0.173s] -- Up-to-date: /home/ibrahim/ChampQuadbot/install/champ_teleop/share/champ_teleop/local_setup.dsv
[0.175s] -- Installing: /home/ibrahim/ChampQuadbot/install/champ_teleop/share/champ_teleop/package.dsv
[0.176s] -- Up-to-date: /home/ibrahim/ChampQuadbot/install/champ_teleop/share/ament_index/resource_index/packages/champ_teleop
[0.177s] -- Up-to-date: /home/ibrahim/ChampQuadbot/install/champ_teleop/share/champ_teleop/cmake/champ_teleopConfig.cmake
[0.177s] -- Up-to-date: /home/ibrahim/ChampQuadbot/install/champ_teleop/share/champ_teleop/cmake/champ_teleopConfig-version.cmake
[0.178s] -- Up-to-date: /home/ibrahim/ChampQuadbot/install/champ_teleop/share/champ_teleop/package.xml
[0.240s] Invoked command in '/home/ibrahim/ChampQuadbot/build/champ_teleop' returned '0': CMAKE_PREFIX_PATH=${CMAKE_PREFIX_PATH}:/home/ibrahim/RobotArm/install/main_arm_package:/home/ibrahim/RobotArm/install/action_interfaces:/opt/ros/humble /usr/bin/cmake --install /home/ibrahim/ChampQuadbot/build/champ_teleop
