[0.087s] Invoking command in '/home/ibrahim/ChampQuadbot/build/champ': CMAKE_PREFIX_PATH=${CMAKE_PREFIX_PATH}:/home/ibrahim/RobotArm/install/main_arm_package:/home/ibrahim/RobotArm/install/action_interfaces:/opt/ros/humble /usr/bin/cmake /home/ibrahim/ChampQuadbot/src/champ/champ -DCMAKE_INSTALL_PREFIX=/home/ibrahim/ChampQuadbot/install/champ
[0.358s] -- The C compiler identification is GNU 11.4.0
[0.925s] -- The CXX compiler identification is GNU 11.4.0
[1.378s] -- Detecting C compiler ABI info
[1.560s] -- Detecting C compiler ABI info - done
[1.566s] -- Check for working C compiler: /usr/bin/cc - skipped
[1.566s] -- Detecting C compile features
[1.567s] -- Detecting C compile features - done
[1.570s] -- Detecting CXX compiler ABI info
[1.792s] -- Detecting CXX compiler ABI info - done
[1.803s] -- Check for working CXX compiler: /usr/bin/c++ - skipped
[1.804s] -- Detecting CXX compile features
[1.805s] -- Detecting CXX compile features - done
[1.813s] -- Found ament_cmake: 1.3.14 (/opt/ros/humble/share/ament_cmake/cmake)
[2.050s] -- Found Python3: /usr/bin/python3 (found version "3.10.12") found components: Interpreter 
[2.223s] -- Found rclcpp: 16.0.19 (/opt/ros/humble/share/rclcpp/cmake)
[2.504s] -- Found rosidl_generator_c: 3.1.8 (/opt/ros/humble/share/rosidl_generator_c/cmake)
[2.513s] -- Found rosidl_adapter: 3.1.8 (/opt/ros/humble/share/rosidl_adapter/cmake)
[2.529s] -- Found rosidl_generator_cpp: 3.1.8 (/opt/ros/humble/share/rosidl_generator_cpp/cmake)
[2.558s] -- Using all available rosidl_typesupport_c: rosidl_typesupport_fastrtps_c;rosidl_typesupport_introspection_c
[2.584s] -- Using all available rosidl_typesupport_cpp: rosidl_typesupport_fastrtps_cpp;rosidl_typesupport_introspection_cpp
[2.685s] -- Found rmw_implementation_cmake: 6.1.2 (/opt/ros/humble/share/rmw_implementation_cmake/cmake)
[2.692s] -- Found rmw_cyclonedds_cpp: 1.3.4 (/opt/ros/humble/share/rmw_cyclonedds_cpp/cmake)
[2.771s] -- Using RMW implementation 'rmw_cyclonedds_cpp' as default
[2.824s] -- Looking for pthread.h
[3.096s] -- Looking for pthread.h - found
[3.096s] -- Performing Test CMAKE_HAVE_LIBC_PTHREAD
[3.296s] -- Performing Test CMAKE_HAVE_LIBC_PTHREAD - Success
[3.297s] -- Found Threads: TRUE  
[3.481s] -- Found ament_lint_auto: 0.12.15 (/opt/ros/humble/share/ament_lint_auto/cmake)
[3.559s] -- Configuring done
[3.570s] -- Generating done
[3.574s] -- Build files have been written to: /home/ibrahim/ChampQuadbot/build/champ
[3.586s] Invoked command in '/home/ibrahim/ChampQuadbot/build/champ' returned '0': CMAKE_PREFIX_PATH=${CMAKE_PREFIX_PATH}:/home/ibrahim/RobotArm/install/main_arm_package:/home/ibrahim/RobotArm/install/action_interfaces:/opt/ros/humble /usr/bin/cmake /home/ibrahim/ChampQuadbot/src/champ/champ -DCMAKE_INSTALL_PREFIX=/home/ibrahim/ChampQuadbot/install/champ
[3.589s] Invoking command in '/home/ibrahim/ChampQuadbot/build/champ': CMAKE_PREFIX_PATH=${CMAKE_PREFIX_PATH}:/home/ibrahim/RobotArm/install/main_arm_package:/home/ibrahim/RobotArm/install/action_interfaces:/opt/ros/humble /usr/bin/cmake --build /home/ibrahim/ChampQuadbot/build/champ -- -j16 -l16
[3.644s] Invoked command in '/home/ibrahim/ChampQuadbot/build/champ' returned '0': CMAKE_PREFIX_PATH=${CMAKE_PREFIX_PATH}:/home/ibrahim/RobotArm/install/main_arm_package:/home/ibrahim/RobotArm/install/action_interfaces:/opt/ros/humble /usr/bin/cmake --build /home/ibrahim/ChampQuadbot/build/champ -- -j16 -l16
[3.646s] Invoking command in '/home/ibrahim/ChampQuadbot/build/champ': CMAKE_PREFIX_PATH=${CMAKE_PREFIX_PATH}:/home/ibrahim/RobotArm/install/main_arm_package:/home/ibrahim/RobotArm/install/action_interfaces:/opt/ros/humble /usr/bin/cmake --install /home/ibrahim/ChampQuadbot/build/champ
[3.654s] -- Install configuration: ""
[3.654s] -- Installing: /home/ibrahim/ChampQuadbot/install/champ/include
[3.655s] -- Installing: /home/ibrahim/ChampQuadbot/install/champ/include/champ
[3.655s] -- Installing: /home/ibrahim/ChampQuadbot/install/champ/include/champ/kinematics
[3.656s] -- Installing: /home/ibrahim/ChampQuadbot/install/champ/include/champ/kinematics/kinematics.h
[3.656s] -- Installing: /home/ibrahim/ChampQuadbot/install/champ/include/champ/odometry
[3.657s] -- Installing: /home/ibrahim/ChampQuadbot/install/champ/include/champ/odometry/odometry.h
[3.657s] -- Installing: /home/ibrahim/ChampQuadbot/install/champ/include/champ/quadruped_base
[3.657s] -- Installing: /home/ibrahim/ChampQuadbot/install/champ/include/champ/quadruped_base/quadruped_base.h
[3.658s] -- Installing: /home/ibrahim/ChampQuadbot/install/champ/include/champ/quadruped_base/quadruped_leg.h
[3.658s] -- Installing: /home/ibrahim/ChampQuadbot/install/champ/include/champ/quadruped_base/quadruped_components.h
[3.658s] -- Installing: /home/ibrahim/ChampQuadbot/install/champ/include/champ/quadruped_base/quadruped_joint.h
[3.658s] -- Installing: /home/ibrahim/ChampQuadbot/install/champ/include/champ/bla
[3.659s] -- Installing: /home/ibrahim/ChampQuadbot/install/champ/include/champ/bla/memory_delegate.h
[3.659s] -- Installing: /home/ibrahim/ChampQuadbot/install/champ/include/champ/bla/basic_linear_algebra.h
[3.660s] -- Installing: /home/ibrahim/ChampQuadbot/install/champ/include/champ/LICENSE
[3.660s] -- Installing: /home/ibrahim/ChampQuadbot/install/champ/include/champ/leg_controller
[3.660s] -- Installing: /home/ibrahim/ChampQuadbot/install/champ/include/champ/leg_controller/phase_generator.h
[3.661s] -- Installing: /home/ibrahim/ChampQuadbot/install/champ/include/champ/leg_controller/leg_controller.h
[3.661s] -- Installing: /home/ibrahim/ChampQuadbot/install/champ/include/champ/leg_controller/trajectory_planner.h
[3.661s] -- Installing: /home/ibrahim/ChampQuadbot/install/champ/include/champ/.git
[3.661s] -- Installing: /home/ibrahim/ChampQuadbot/install/champ/include/champ/macros
[3.662s] -- Installing: /home/ibrahim/ChampQuadbot/install/champ/include/champ/macros/macros.h
[3.662s] -- Installing: /home/ibrahim/ChampQuadbot/install/champ/include/champ/README.md
[3.662s] -- Installing: /home/ibrahim/ChampQuadbot/install/champ/include/champ/utils
[3.663s] -- Installing: /home/ibrahim/ChampQuadbot/install/champ/include/champ/utils/xmlrpc_helpers.h
[3.663s] -- Installing: /home/ibrahim/ChampQuadbot/install/champ/include/champ/utils/urdf_loader.h
[3.664s] -- Installing: /home/ibrahim/ChampQuadbot/install/champ/include/champ/geometry
[3.664s] -- Installing: /home/ibrahim/ChampQuadbot/install/champ/include/champ/geometry/geometry.h
[3.664s] -- Installing: /home/ibrahim/ChampQuadbot/install/champ/include/champ/body_controller
[3.665s] -- Installing: /home/ibrahim/ChampQuadbot/install/champ/include/champ/body_controller/body_controller.h
[3.666s] -- Installing: /home/ibrahim/ChampQuadbot/install/champ/share/ament_index/resource_index/package_run_dependencies/champ
[3.667s] -- Installing: /home/ibrahim/ChampQuadbot/install/champ/share/ament_index/resource_index/parent_prefix_path/champ
[3.668s] -- Installing: /home/ibrahim/ChampQuadbot/install/champ/share/champ/environment/ament_prefix_path.sh
[3.668s] -- Installing: /home/ibrahim/ChampQuadbot/install/champ/share/champ/environment/ament_prefix_path.dsv
[3.668s] -- Installing: /home/ibrahim/ChampQuadbot/install/champ/share/champ/environment/path.sh
[3.668s] -- Installing: /home/ibrahim/ChampQuadbot/install/champ/share/champ/environment/path.dsv
[3.669s] -- Installing: /home/ibrahim/ChampQuadbot/install/champ/share/champ/local_setup.bash
[3.669s] -- Installing: /home/ibrahim/ChampQuadbot/install/champ/share/champ/local_setup.sh
[3.669s] -- Installing: /home/ibrahim/ChampQuadbot/install/champ/share/champ/local_setup.zsh
[3.669s] -- Installing: /home/ibrahim/ChampQuadbot/install/champ/share/champ/local_setup.dsv
[3.670s] -- Installing: /home/ibrahim/ChampQuadbot/install/champ/share/champ/package.dsv
[3.670s] -- Installing: /home/ibrahim/ChampQuadbot/install/champ/share/ament_index/resource_index/packages/champ
[3.671s] -- Installing: /home/ibrahim/ChampQuadbot/install/champ/share/champ/cmake/ament_cmake_export_include_directories-extras.cmake
[3.671s] -- Installing: /home/ibrahim/ChampQuadbot/install/champ/share/champ/cmake/champConfig.cmake
[3.671s] -- Installing: /home/ibrahim/ChampQuadbot/install/champ/share/champ/cmake/champConfig-version.cmake
[3.672s] -- Installing: /home/ibrahim/ChampQuadbot/install/champ/share/champ/package.xml
[3.675s] Invoked command in '/home/ibrahim/ChampQuadbot/build/champ' returned '0': CMAKE_PREFIX_PATH=${CMAKE_PREFIX_PATH}:/home/ibrahim/RobotArm/install/main_arm_package:/home/ibrahim/RobotArm/install/action_interfaces:/opt/ros/humble /usr/bin/cmake --install /home/ibrahim/ChampQuadbot/build/champ
