[0.094s] Invoking command in '/home/ibrahim/ChampQuadbot/build/champ_config': CMAKE_PREFIX_PATH=${CMAKE_PREFIX_PATH}:/home/ibrahim/RobotArm/install/main_arm_package:/home/ibrahim/RobotArm/install/action_interfaces:/opt/ros/humble /usr/bin/cmake --build /home/ibrahim/ChampQuadbot/build/champ_config -- -j16 -l16
[0.192s] Invoked command in '/home/ibrahim/ChampQuadbot/build/champ_config' returned '0': CMAKE_PREFIX_PATH=${CMAKE_PREFIX_PATH}:/home/ibrahim/RobotArm/install/main_arm_package:/home/ibrahim/RobotArm/install/action_interfaces:/opt/ros/humble /usr/bin/cmake --build /home/ibrahim/ChampQuadbot/build/champ_config -- -j16 -l16
[0.193s] Invoking command in '/home/ibrahim/ChampQuadbot/build/champ_config': CMAKE_PREFIX_PATH=${CMAKE_PREFIX_PATH}:/home/ibrahim/RobotArm/install/main_arm_package:/home/ibrahim/RobotArm/install/action_interfaces:/opt/ros/humble /usr/bin/cmake --install /home/ibrahim/ChampQuadbot/build/champ_config
[0.261s] -- Install configuration: ""
[0.261s] -- Up-to-date: /home/ibrahim/ChampQuadbot/install/champ_config/share/champ_config/launch
[0.263s] -- Up-to-date: /home/ibrahim/ChampQuadbot/install/champ_config/share/champ_config/launch/bringup.launch.py
[0.264s] -- Up-to-date: /home/ibrahim/ChampQuadbot/install/champ_config/share/champ_config/launch/gazebo.launch.py
[0.265s] -- Up-to-date: /home/ibrahim/ChampQuadbot/install/champ_config/share/champ_config/launch/navigate.launch.py
[0.265s] -- Up-to-date: /home/ibrahim/ChampQuadbot/install/champ_config/share/champ_config/launch/slam.launch.py
[0.266s] -- Up-to-date: /home/ibrahim/ChampQuadbot/install/champ_config/share/champ_config/config
[0.266s] -- Up-to-date: /home/ibrahim/ChampQuadbot/install/champ_config/share/champ_config/config/joints
[0.266s] -- Up-to-date: /home/ibrahim/ChampQuadbot/install/champ_config/share/champ_config/config/joints/joints.yaml
[0.268s] -- Up-to-date: /home/ibrahim/ChampQuadbot/install/champ_config/share/champ_config/config/links
[0.268s] -- Up-to-date: /home/ibrahim/ChampQuadbot/install/champ_config/share/champ_config/config/links/links.yaml
[0.268s] -- Up-to-date: /home/ibrahim/ChampQuadbot/install/champ_config/share/champ_config/config/autonomy
[0.269s] -- Up-to-date: /home/ibrahim/ChampQuadbot/install/champ_config/share/champ_config/config/autonomy/slam.yaml
[0.270s] -- Up-to-date: /home/ibrahim/ChampQuadbot/install/champ_config/share/champ_config/config/autonomy/navigation.yaml
[0.271s] -- Up-to-date: /home/ibrahim/ChampQuadbot/install/champ_config/share/champ_config/config/gait
[0.271s] -- Up-to-date: /home/ibrahim/ChampQuadbot/install/champ_config/share/champ_config/config/gait/gait.yaml
[0.272s] -- Up-to-date: /home/ibrahim/ChampQuadbot/install/champ_config/share/champ_config/maps
[0.273s] -- Up-to-date: /home/ibrahim/ChampQuadbot/install/champ_config/share/champ_config/maps/playground.pgm
[0.273s] -- Up-to-date: /home/ibrahim/ChampQuadbot/install/champ_config/share/champ_config/maps/map.yaml
[0.273s] -- Up-to-date: /home/ibrahim/ChampQuadbot/install/champ_config/share/champ_config/maps/map.pgm
[0.274s] -- Up-to-date: /home/ibrahim/ChampQuadbot/install/champ_config/share/champ_config/maps/playground.yaml
[0.275s] -- Up-to-date: /home/ibrahim/ChampQuadbot/install/champ_config/share/champ_config/worlds
[0.276s] -- Up-to-date: /home/ibrahim/ChampQuadbot/install/champ_config/share/champ_config/worlds/playground.world
[0.276s] -- Up-to-date: /home/ibrahim/ChampQuadbot/install/champ_config/share/champ_config/worlds/outdoor.world
[0.277s] -- Up-to-date: /home/ibrahim/ChampQuadbot/install/champ_config/share/champ_config/worlds/default.world
[0.277s] -- Up-to-date: /home/ibrahim/ChampQuadbot/install/champ_config/share/ament_index/resource_index/package_run_dependencies/champ_config
[0.278s] -- Up-to-date: /home/ibrahim/ChampQuadbot/install/champ_config/share/ament_index/resource_index/parent_prefix_path/champ_config
[0.279s] -- Up-to-date: /home/ibrahim/ChampQuadbot/install/champ_config/share/champ_config/environment/ament_prefix_path.sh
[0.280s] -- Up-to-date: /home/ibrahim/ChampQuadbot/install/champ_config/share/champ_config/environment/ament_prefix_path.dsv
[0.281s] -- Up-to-date: /home/ibrahim/ChampQuadbot/install/champ_config/share/champ_config/environment/path.sh
[0.281s] -- Up-to-date: /home/ibrahim/ChampQuadbot/install/champ_config/share/champ_config/environment/path.dsv
[0.282s] -- Up-to-date: /home/ibrahim/ChampQuadbot/install/champ_config/share/champ_config/local_setup.bash
[0.283s] -- Up-to-date: /home/ibrahim/ChampQuadbot/install/champ_config/share/champ_config/local_setup.sh
[0.283s] -- Up-to-date: /home/ibrahim/ChampQuadbot/install/champ_config/share/champ_config/local_setup.zsh
[0.284s] -- Up-to-date: /home/ibrahim/ChampQuadbot/install/champ_config/share/champ_config/local_setup.dsv
[0.284s] -- Installing: /home/ibrahim/ChampQuadbot/install/champ_config/share/champ_config/package.dsv
[0.298s] -- Up-to-date: /home/ibrahim/ChampQuadbot/install/champ_config/share/ament_index/resource_index/packages/champ_config
[0.299s] -- Up-to-date: /home/ibrahim/ChampQuadbot/install/champ_config/share/champ_config/cmake/champ_configConfig.cmake
[0.299s] -- Up-to-date: /home/ibrahim/ChampQuadbot/install/champ_config/share/champ_config/cmake/champ_configConfig-version.cmake
[0.299s] -- Up-to-date: /home/ibrahim/ChampQuadbot/install/champ_config/share/champ_config/package.xml
[0.345s] Invoked command in '/home/ibrahim/ChampQuadbot/build/champ_config' returned '0': CMAKE_PREFIX_PATH=${CMAKE_PREFIX_PATH}:/home/ibrahim/RobotArm/install/main_arm_package:/home/ibrahim/RobotArm/install/action_interfaces:/opt/ros/humble /usr/bin/cmake --install /home/ibrahim/ChampQuadbot/build/champ_config
