[0.104s] Invoking command in '/home/ibrahim/ChampQuadbot/build/champ_msgs': CMAKE_PREFIX_PATH=${CMAKE_PREFIX_PATH}:/home/ibrahim/RobotArm/install/main_arm_package:/home/ibrahim/RobotArm/install/action_interfaces:/opt/ros/humble /usr/bin/cmake --build /home/ibrahim/ChampQuadbot/build/champ_msgs -- -j16 -l16
[0.317s] [35m[1mConsolidate compiler generated dependencies of target champ_msgs__rosidl_generator_c[0m
[0.360s] [  1%] Built target champ_msgs__cpp
[0.361s] [  2%] Built target champ_msgs__rs
[0.418s] [  2%] Built target ament_cmake_python_copy_champ_msgs
[0.430s] [35m[1mConsolidate compiler generated dependencies of target champ_msgs__rosidl_typesupport_fastrtps_cpp[0m
[0.431s] [35m[1mConsolidate compiler generated dependencies of target champ_msgs__rosidl_typesupport_cpp[0m
[0.431s] [35m[1mConsolidate compiler generated dependencies of target champ_msgs__rosidl_typesupport_introspection_cpp[0m
[0.432s] [ 13%] Built target champ_msgs__rosidl_generator_c
[0.433s] [35m[1mConsolidate compiler generated dependencies of target champ_msgs__rosidl_typesupport_fastrtps_c[0m
[0.434s] [35m[1mConsolidate compiler generated dependencies of target champ_msgs__rosidl_typesupport_c[0m
[0.436s] [35m[1mConsolidate compiler generated dependencies of target champ_msgs__rosidl_typesupport_introspection_c[0m
[0.453s] [ 25%] Built target champ_msgs__rosidl_typesupport_cpp
[0.455s] [ 36%] Built target champ_msgs__rosidl_typesupport_introspection_cpp
[0.458s] [ 47%] Built target champ_msgs__rosidl_typesupport_fastrtps_cpp
[0.483s] [ 59%] Built target champ_msgs__rosidl_typesupport_c
[0.483s] [ 70%] Built target champ_msgs__rosidl_typesupport_introspection_c
[0.484s] [ 82%] Built target champ_msgs__rosidl_typesupport_fastrtps_c
[0.545s] [ 82%] Built target champ_msgs
[0.604s] [ 83%] Built target champ_msgs__py
[0.634s] [35m[1mConsolidate compiler generated dependencies of target champ_msgs__rosidl_generator_py[0m
[0.689s] [ 93%] Built target champ_msgs__rosidl_generator_py
[0.713s] [35m[1mConsolidate compiler generated dependencies of target champ_msgs__rosidl_typesupport_c__pyext[0m
[0.713s] [35m[1mConsolidate compiler generated dependencies of target champ_msgs__rosidl_typesupport_fastrtps_c__pyext[0m
[0.713s] [35m[1mConsolidate compiler generated dependencies of target champ_msgs__rosidl_typesupport_introspection_c__pyext[0m
[0.745s] [ 97%] Built target champ_msgs__rosidl_typesupport_fastrtps_c__pyext
[0.745s] [ 97%] Built target champ_msgs__rosidl_typesupport_introspection_c__pyext
[0.747s] [100%] Built target champ_msgs__rosidl_typesupport_c__pyext
[0.880s] running egg_info
[0.883s] writing champ_msgs.egg-info/PKG-INFO
[0.883s] writing dependency_links to champ_msgs.egg-info/dependency_links.txt
[0.884s] writing top-level names to champ_msgs.egg-info/top_level.txt
[0.890s] reading manifest file 'champ_msgs.egg-info/SOURCES.txt'
[0.891s] writing manifest file 'champ_msgs.egg-info/SOURCES.txt'
[0.937s] [100%] Built target ament_cmake_python_build_champ_msgs_egg
[0.968s] Invoked command in '/home/ibrahim/ChampQuadbot/build/champ_msgs' returned '0': CMAKE_PREFIX_PATH=${CMAKE_PREFIX_PATH}:/home/ibrahim/RobotArm/install/main_arm_package:/home/ibrahim/RobotArm/install/action_interfaces:/opt/ros/humble /usr/bin/cmake --build /home/ibrahim/ChampQuadbot/build/champ_msgs -- -j16 -l16
[0.972s] Invoking command in '/home/ibrahim/ChampQuadbot/build/champ_msgs': CMAKE_PREFIX_PATH=${CMAKE_PREFIX_PATH}:/home/ibrahim/RobotArm/install/main_arm_package:/home/ibrahim/RobotArm/install/action_interfaces:/opt/ros/humble /usr/bin/cmake --install /home/ibrahim/ChampQuadbot/build/champ_msgs
[0.988s] -- Install configuration: ""
[0.989s] -- Up-to-date: /home/ibrahim/ChampQuadbot/install/champ_msgs/share/ament_index/resource_index/rosidl_interfaces/champ_msgs
[0.989s] -- Up-to-date: /home/ibrahim/ChampQuadbot/install/champ_msgs/include/champ_msgs/champ_msgs
[0.989s] -- Up-to-date: /home/ibrahim/ChampQuadbot/install/champ_msgs/include/champ_msgs/champ_msgs/msg
[0.989s] -- Up-to-date: /home/ibrahim/ChampQuadbot/install/champ_msgs/include/champ_msgs/champ_msgs/msg/rosidl_generator_c__visibility_control.h
[0.990s] -- Up-to-date: /home/ibrahim/ChampQuadbot/install/champ_msgs/include/champ_msgs/champ_msgs/msg/contacts.h
[0.990s] -- Up-to-date: /home/ibrahim/ChampQuadbot/install/champ_msgs/include/champ_msgs/champ_msgs/msg/contacts_stamped.h
[0.990s] -- Up-to-date: /home/ibrahim/ChampQuadbot/install/champ_msgs/include/champ_msgs/champ_msgs/msg/pid.h
[0.990s] -- Up-to-date: /home/ibrahim/ChampQuadbot/install/champ_msgs/include/champ_msgs/champ_msgs/msg/velocities.h
[0.990s] -- Up-to-date: /home/ibrahim/ChampQuadbot/install/champ_msgs/include/champ_msgs/champ_msgs/msg/detail
[0.991s] -- Up-to-date: /home/ibrahim/ChampQuadbot/install/champ_msgs/include/champ_msgs/champ_msgs/msg/detail/point__functions.h
[0.991s] -- Up-to-date: /home/ibrahim/ChampQuadbot/install/champ_msgs/include/champ_msgs/champ_msgs/msg/detail/imu__functions.c
[0.991s] -- Up-to-date: /home/ibrahim/ChampQuadbot/install/champ_msgs/include/champ_msgs/champ_msgs/msg/detail/point__functions.c
[0.991s] -- Up-to-date: /home/ibrahim/ChampQuadbot/install/champ_msgs/include/champ_msgs/champ_msgs/msg/detail/joints__functions.h
[0.993s] -- Up-to-date: /home/ibrahim/ChampQuadbot/install/champ_msgs/include/champ_msgs/champ_msgs/msg/detail/joints__type_support.h
[0.993s] -- Up-to-date: /home/ibrahim/ChampQuadbot/install/champ_msgs/include/champ_msgs/champ_msgs/msg/detail/pid__type_support.h
[0.993s] -- Up-to-date: /home/ibrahim/ChampQuadbot/install/champ_msgs/include/champ_msgs/champ_msgs/msg/detail/pose__functions.h
[0.993s] -- Up-to-date: /home/ibrahim/ChampQuadbot/install/champ_msgs/include/champ_msgs/champ_msgs/msg/detail/point__type_support.h
[0.993s] -- Up-to-date: /home/ibrahim/ChampQuadbot/install/champ_msgs/include/champ_msgs/champ_msgs/msg/detail/velocities__struct.h
[0.993s] -- Up-to-date: /home/ibrahim/ChampQuadbot/install/champ_msgs/include/champ_msgs/champ_msgs/msg/detail/joints__functions.c
[0.994s] -- Up-to-date: /home/ibrahim/ChampQuadbot/install/champ_msgs/include/champ_msgs/champ_msgs/msg/detail/point_array__functions.c
[0.994s] -- Up-to-date: /home/ibrahim/ChampQuadbot/install/champ_msgs/include/champ_msgs/champ_msgs/msg/detail/point_array__struct.h
[0.994s] -- Up-to-date: /home/ibrahim/ChampQuadbot/install/champ_msgs/include/champ_msgs/champ_msgs/msg/detail/contacts__type_support.h
[0.994s] -- Up-to-date: /home/ibrahim/ChampQuadbot/install/champ_msgs/include/champ_msgs/champ_msgs/msg/detail/contacts_stamped__functions.c
[0.995s] -- Up-to-date: /home/ibrahim/ChampQuadbot/install/champ_msgs/include/champ_msgs/champ_msgs/msg/detail/pid__functions.c
[0.995s] -- Up-to-date: /home/ibrahim/ChampQuadbot/install/champ_msgs/include/champ_msgs/champ_msgs/msg/detail/velocities__functions.c
[0.995s] -- Up-to-date: /home/ibrahim/ChampQuadbot/install/champ_msgs/include/champ_msgs/champ_msgs/msg/detail/point_array__type_support.h
[0.995s] -- Up-to-date: /home/ibrahim/ChampQuadbot/install/champ_msgs/include/champ_msgs/champ_msgs/msg/detail/velocities__type_support.h
[0.995s] -- Up-to-date: /home/ibrahim/ChampQuadbot/install/champ_msgs/include/champ_msgs/champ_msgs/msg/detail/velocities__functions.h
[0.995s] -- Up-to-date: /home/ibrahim/ChampQuadbot/install/champ_msgs/include/champ_msgs/champ_msgs/msg/detail/pose__functions.c
[0.995s] -- Up-to-date: /home/ibrahim/ChampQuadbot/install/champ_msgs/include/champ_msgs/champ_msgs/msg/detail/pid__functions.h
[0.995s] -- Up-to-date: /home/ibrahim/ChampQuadbot/install/champ_msgs/include/champ_msgs/champ_msgs/msg/detail/contacts_stamped__type_support.h
[0.996s] -- Up-to-date: /home/ibrahim/ChampQuadbot/install/champ_msgs/include/champ_msgs/champ_msgs/msg/detail/contacts_stamped__functions.h
[0.996s] -- Up-to-date: /home/ibrahim/ChampQuadbot/install/champ_msgs/include/champ_msgs/champ_msgs/msg/detail/contacts__struct.h
[0.996s] -- Up-to-date: /home/ibrahim/ChampQuadbot/install/champ_msgs/include/champ_msgs/champ_msgs/msg/detail/point__struct.h
[0.996s] -- Up-to-date: /home/ibrahim/ChampQuadbot/install/champ_msgs/include/champ_msgs/champ_msgs/msg/detail/contacts__functions.c
[0.996s] -- Up-to-date: /home/ibrahim/ChampQuadbot/install/champ_msgs/include/champ_msgs/champ_msgs/msg/detail/joints__struct.h
[0.996s] -- Up-to-date: /home/ibrahim/ChampQuadbot/install/champ_msgs/include/champ_msgs/champ_msgs/msg/detail/contacts__functions.h
[0.996s] -- Up-to-date: /home/ibrahim/ChampQuadbot/install/champ_msgs/include/champ_msgs/champ_msgs/msg/detail/point_array__functions.h
[0.996s] -- Up-to-date: /home/ibrahim/ChampQuadbot/install/champ_msgs/include/champ_msgs/champ_msgs/msg/detail/imu__functions.h
[0.996s] -- Up-to-date: /home/ibrahim/ChampQuadbot/install/champ_msgs/include/champ_msgs/champ_msgs/msg/detail/contacts_stamped__struct.h
[0.997s] -- Up-to-date: /home/ibrahim/ChampQuadbot/install/champ_msgs/include/champ_msgs/champ_msgs/msg/detail/imu__type_support.h
[0.997s] -- Up-to-date: /home/ibrahim/ChampQuadbot/install/champ_msgs/include/champ_msgs/champ_msgs/msg/detail/pid__struct.h
[0.997s] -- Up-to-date: /home/ibrahim/ChampQuadbot/install/champ_msgs/include/champ_msgs/champ_msgs/msg/detail/imu__struct.h
[0.997s] -- Up-to-date: /home/ibrahim/ChampQuadbot/install/champ_msgs/include/champ_msgs/champ_msgs/msg/detail/pose__type_support.h
[0.997s] -- Up-to-date: /home/ibrahim/ChampQuadbot/install/champ_msgs/include/champ_msgs/champ_msgs/msg/detail/pose__struct.h
[0.997s] -- Up-to-date: /home/ibrahim/ChampQuadbot/install/champ_msgs/include/champ_msgs/champ_msgs/msg/imu.h
[0.997s] -- Up-to-date: /home/ibrahim/ChampQuadbot/install/champ_msgs/include/champ_msgs/champ_msgs/msg/point_array.h
[0.998s] -- Up-to-date: /home/ibrahim/ChampQuadbot/install/champ_msgs/include/champ_msgs/champ_msgs/msg/point.h
[0.998s] -- Up-to-date: /home/ibrahim/ChampQuadbot/install/champ_msgs/include/champ_msgs/champ_msgs/msg/pose.h
[0.998s] -- Up-to-date: /home/ibrahim/ChampQuadbot/install/champ_msgs/include/champ_msgs/champ_msgs/msg/joints.h
[0.998s] -- Up-to-date: /home/ibrahim/ChampQuadbot/install/champ_msgs/share/champ_msgs/environment/library_path.sh
[0.998s] -- Up-to-date: /home/ibrahim/ChampQuadbot/install/champ_msgs/share/champ_msgs/environment/library_path.dsv
[0.998s] -- Up-to-date: /home/ibrahim/ChampQuadbot/install/champ_msgs/lib/libchamp_msgs__rosidl_generator_c.so
[0.998s] -- Up-to-date: /home/ibrahim/ChampQuadbot/install/champ_msgs/include/champ_msgs/champ_msgs
[0.998s] -- Up-to-date: /home/ibrahim/ChampQuadbot/install/champ_msgs/include/champ_msgs/champ_msgs/msg
[0.998s] -- Up-to-date: /home/ibrahim/ChampQuadbot/install/champ_msgs/include/champ_msgs/champ_msgs/msg/rosidl_typesupport_fastrtps_c__visibility_control.h
[0.998s] -- Up-to-date: /home/ibrahim/ChampQuadbot/install/champ_msgs/include/champ_msgs/champ_msgs/msg/detail
[0.998s] -- Up-to-date: /home/ibrahim/ChampQuadbot/install/champ_msgs/include/champ_msgs/champ_msgs/msg/detail/imu__rosidl_typesupport_fastrtps_c.h
[0.999s] -- Up-to-date: /home/ibrahim/ChampQuadbot/install/champ_msgs/include/champ_msgs/champ_msgs/msg/detail/pose__rosidl_typesupport_fastrtps_c.h
[0.999s] -- Up-to-date: /home/ibrahim/ChampQuadbot/install/champ_msgs/include/champ_msgs/champ_msgs/msg/detail/contacts_stamped__rosidl_typesupport_fastrtps_c.h
[0.999s] -- Up-to-date: /home/ibrahim/ChampQuadbot/install/champ_msgs/include/champ_msgs/champ_msgs/msg/detail/velocities__rosidl_typesupport_fastrtps_c.h
[0.999s] -- Up-to-date: /home/ibrahim/ChampQuadbot/install/champ_msgs/include/champ_msgs/champ_msgs/msg/detail/joints__rosidl_typesupport_fastrtps_c.h
[0.999s] -- Up-to-date: /home/ibrahim/ChampQuadbot/install/champ_msgs/include/champ_msgs/champ_msgs/msg/detail/contacts__rosidl_typesupport_fastrtps_c.h
[0.999s] -- Up-to-date: /home/ibrahim/ChampQuadbot/install/champ_msgs/include/champ_msgs/champ_msgs/msg/detail/pid__rosidl_typesupport_fastrtps_c.h
[0.999s] -- Up-to-date: /home/ibrahim/ChampQuadbot/install/champ_msgs/include/champ_msgs/champ_msgs/msg/detail/point__rosidl_typesupport_fastrtps_c.h
[0.999s] -- Up-to-date: /home/ibrahim/ChampQuadbot/install/champ_msgs/include/champ_msgs/champ_msgs/msg/detail/point_array__rosidl_typesupport_fastrtps_c.h
[1.000s] -- Up-to-date: /home/ibrahim/ChampQuadbot/install/champ_msgs/lib/libchamp_msgs__rosidl_typesupport_fastrtps_c.so
[1.000s] -- Up-to-date: /home/ibrahim/ChampQuadbot/install/champ_msgs/include/champ_msgs/champ_msgs
[1.001s] -- Up-to-date: /home/ibrahim/ChampQuadbot/install/champ_msgs/include/champ_msgs/champ_msgs/msg
[1.001s] -- Up-to-date: /home/ibrahim/ChampQuadbot/install/champ_msgs/include/champ_msgs/champ_msgs/msg/detail
[1.001s] -- Up-to-date: /home/ibrahim/ChampQuadbot/install/champ_msgs/include/champ_msgs/champ_msgs/msg/detail/contacts__type_support.c
[1.001s] -- Up-to-date: /home/ibrahim/ChampQuadbot/install/champ_msgs/include/champ_msgs/champ_msgs/msg/detail/point_array__rosidl_typesupport_introspection_c.h
[1.001s] -- Up-to-date: /home/ibrahim/ChampQuadbot/install/champ_msgs/include/champ_msgs/champ_msgs/msg/detail/joints__rosidl_typesupport_introspection_c.h
[1.002s] -- Up-to-date: /home/ibrahim/ChampQuadbot/install/champ_msgs/include/champ_msgs/champ_msgs/msg/detail/contacts__rosidl_typesupport_introspection_c.h
[1.002s] -- Up-to-date: /home/ibrahim/ChampQuadbot/install/champ_msgs/include/champ_msgs/champ_msgs/msg/detail/contacts_stamped__type_support.c
[1.002s] -- Up-to-date: /home/ibrahim/ChampQuadbot/install/champ_msgs/include/champ_msgs/champ_msgs/msg/detail/velocities__type_support.c
[1.002s] -- Up-to-date: /home/ibrahim/ChampQuadbot/install/champ_msgs/include/champ_msgs/champ_msgs/msg/detail/point__type_support.c
[1.002s] -- Up-to-date: /home/ibrahim/ChampQuadbot/install/champ_msgs/include/champ_msgs/champ_msgs/msg/detail/imu__type_support.c
[1.002s] -- Up-to-date: /home/ibrahim/ChampQuadbot/install/champ_msgs/include/champ_msgs/champ_msgs/msg/detail/pid__type_support.c
[1.002s] -- Up-to-date: /home/ibrahim/ChampQuadbot/install/champ_msgs/include/champ_msgs/champ_msgs/msg/detail/velocities__rosidl_typesupport_introspection_c.h
[1.003s] -- Up-to-date: /home/ibrahim/ChampQuadbot/install/champ_msgs/include/champ_msgs/champ_msgs/msg/detail/contacts_stamped__rosidl_typesupport_introspection_c.h
[1.003s] -- Up-to-date: /home/ibrahim/ChampQuadbot/install/champ_msgs/include/champ_msgs/champ_msgs/msg/detail/point__rosidl_typesupport_introspection_c.h
[1.003s] -- Up-to-date: /home/ibrahim/ChampQuadbot/install/champ_msgs/include/champ_msgs/champ_msgs/msg/detail/point_array__type_support.c
[1.003s] -- Up-to-date: /home/ibrahim/ChampQuadbot/install/champ_msgs/include/champ_msgs/champ_msgs/msg/detail/imu__rosidl_typesupport_introspection_c.h
[1.003s] -- Up-to-date: /home/ibrahim/ChampQuadbot/install/champ_msgs/include/champ_msgs/champ_msgs/msg/detail/pose__type_support.c
[1.003s] -- Up-to-date: /home/ibrahim/ChampQuadbot/install/champ_msgs/include/champ_msgs/champ_msgs/msg/detail/pose__rosidl_typesupport_introspection_c.h
[1.003s] -- Up-to-date: /home/ibrahim/ChampQuadbot/install/champ_msgs/include/champ_msgs/champ_msgs/msg/detail/pid__rosidl_typesupport_introspection_c.h
[1.004s] -- Up-to-date: /home/ibrahim/ChampQuadbot/install/champ_msgs/include/champ_msgs/champ_msgs/msg/detail/joints__type_support.c
[1.004s] -- Up-to-date: /home/ibrahim/ChampQuadbot/install/champ_msgs/include/champ_msgs/champ_msgs/msg/rosidl_typesupport_introspection_c__visibility_control.h
[1.005s] -- Up-to-date: /home/ibrahim/ChampQuadbot/install/champ_msgs/lib/libchamp_msgs__rosidl_typesupport_introspection_c.so
[1.005s] -- Up-to-date: /home/ibrahim/ChampQuadbot/install/champ_msgs/lib/libchamp_msgs__rosidl_typesupport_c.so
[1.005s] -- Up-to-date: /home/ibrahim/ChampQuadbot/install/champ_msgs/include/champ_msgs/champ_msgs
[1.006s] -- Up-to-date: /home/ibrahim/ChampQuadbot/install/champ_msgs/include/champ_msgs/champ_msgs/msg
[1.006s] -- Up-to-date: /home/ibrahim/ChampQuadbot/install/champ_msgs/include/champ_msgs/champ_msgs/msg/point.hpp
[1.006s] -- Up-to-date: /home/ibrahim/ChampQuadbot/install/champ_msgs/include/champ_msgs/champ_msgs/msg/imu.hpp
[1.006s] -- Up-to-date: /home/ibrahim/ChampQuadbot/install/champ_msgs/include/champ_msgs/champ_msgs/msg/contacts_stamped.hpp
[1.007s] -- Up-to-date: /home/ibrahim/ChampQuadbot/install/champ_msgs/include/champ_msgs/champ_msgs/msg/joints.hpp
[1.007s] -- Up-to-date: /home/ibrahim/ChampQuadbot/install/champ_msgs/include/champ_msgs/champ_msgs/msg/detail
[1.007s] -- Up-to-date: /home/ibrahim/ChampQuadbot/install/champ_msgs/include/champ_msgs/champ_msgs/msg/detail/point__traits.hpp
[1.007s] -- Up-to-date: /home/ibrahim/ChampQuadbot/install/champ_msgs/include/champ_msgs/champ_msgs/msg/detail/point_array__builder.hpp
[1.008s] -- Up-to-date: /home/ibrahim/ChampQuadbot/install/champ_msgs/include/champ_msgs/champ_msgs/msg/detail/point__struct.hpp
[1.008s] -- Up-to-date: /home/ibrahim/ChampQuadbot/install/champ_msgs/include/champ_msgs/champ_msgs/msg/detail/contacts_stamped__builder.hpp
[1.008s] -- Up-to-date: /home/ibrahim/ChampQuadbot/install/champ_msgs/include/champ_msgs/champ_msgs/msg/detail/contacts__struct.hpp
[1.009s] -- Up-to-date: /home/ibrahim/ChampQuadbot/install/champ_msgs/include/champ_msgs/champ_msgs/msg/detail/velocities__type_support.hpp
[1.009s] -- Up-to-date: /home/ibrahim/ChampQuadbot/install/champ_msgs/include/champ_msgs/champ_msgs/msg/detail/velocities__traits.hpp
[1.009s] -- Up-to-date: /home/ibrahim/ChampQuadbot/install/champ_msgs/include/champ_msgs/champ_msgs/msg/detail/joints__type_support.hpp
[1.009s] -- Up-to-date: /home/ibrahim/ChampQuadbot/install/champ_msgs/include/champ_msgs/champ_msgs/msg/detail/imu__builder.hpp
[1.010s] -- Up-to-date: /home/ibrahim/ChampQuadbot/install/champ_msgs/include/champ_msgs/champ_msgs/msg/detail/point_array__type_support.hpp
[1.010s] -- Up-to-date: /home/ibrahim/ChampQuadbot/install/champ_msgs/include/champ_msgs/champ_msgs/msg/detail/pose__builder.hpp
[1.010s] -- Up-to-date: /home/ibrahim/ChampQuadbot/install/champ_msgs/include/champ_msgs/champ_msgs/msg/detail/joints__struct.hpp
[1.010s] -- Up-to-date: /home/ibrahim/ChampQuadbot/install/champ_msgs/include/champ_msgs/champ_msgs/msg/detail/point_array__struct.hpp
[1.010s] -- Up-to-date: /home/ibrahim/ChampQuadbot/install/champ_msgs/include/champ_msgs/champ_msgs/msg/detail/joints__builder.hpp
[1.011s] -- Up-to-date: /home/ibrahim/ChampQuadbot/install/champ_msgs/include/champ_msgs/champ_msgs/msg/detail/imu__traits.hpp
[1.011s] -- Up-to-date: /home/ibrahim/ChampQuadbot/install/champ_msgs/include/champ_msgs/champ_msgs/msg/detail/contacts__traits.hpp
[1.011s] -- Up-to-date: /home/ibrahim/ChampQuadbot/install/champ_msgs/include/champ_msgs/champ_msgs/msg/detail/point_array__traits.hpp
[1.012s] -- Up-to-date: /home/ibrahim/ChampQuadbot/install/champ_msgs/include/champ_msgs/champ_msgs/msg/detail/point__type_support.hpp
[1.012s] -- Up-to-date: /home/ibrahim/ChampQuadbot/install/champ_msgs/include/champ_msgs/champ_msgs/msg/detail/pid__builder.hpp
[1.012s] -- Up-to-date: /home/ibrahim/ChampQuadbot/install/champ_msgs/include/champ_msgs/champ_msgs/msg/detail/contacts_stamped__struct.hpp
[1.012s] -- Up-to-date: /home/ibrahim/ChampQuadbot/install/champ_msgs/include/champ_msgs/champ_msgs/msg/detail/contacts__builder.hpp
[1.013s] -- Up-to-date: /home/ibrahim/ChampQuadbot/install/champ_msgs/include/champ_msgs/champ_msgs/msg/detail/pid__struct.hpp
[1.013s] -- Up-to-date: /home/ibrahim/ChampQuadbot/install/champ_msgs/include/champ_msgs/champ_msgs/msg/detail/pose__type_support.hpp
[1.013s] -- Up-to-date: /home/ibrahim/ChampQuadbot/install/champ_msgs/include/champ_msgs/champ_msgs/msg/detail/contacts_stamped__type_support.hpp
[1.014s] -- Up-to-date: /home/ibrahim/ChampQuadbot/install/champ_msgs/include/champ_msgs/champ_msgs/msg/detail/contacts__type_support.hpp
[1.014s] -- Up-to-date: /home/ibrahim/ChampQuadbot/install/champ_msgs/include/champ_msgs/champ_msgs/msg/detail/pose__traits.hpp
[1.015s] -- Up-to-date: /home/ibrahim/ChampQuadbot/install/champ_msgs/include/champ_msgs/champ_msgs/msg/detail/velocities__builder.hpp
[1.015s] -- Up-to-date: /home/ibrahim/ChampQuadbot/install/champ_msgs/include/champ_msgs/champ_msgs/msg/detail/point__builder.hpp
[1.015s] -- Up-to-date: /home/ibrahim/ChampQuadbot/install/champ_msgs/include/champ_msgs/champ_msgs/msg/detail/imu__type_support.hpp
[1.016s] -- Up-to-date: /home/ibrahim/ChampQuadbot/install/champ_msgs/include/champ_msgs/champ_msgs/msg/detail/imu__struct.hpp
[1.016s] -- Up-to-date: /home/ibrahim/ChampQuadbot/install/champ_msgs/include/champ_msgs/champ_msgs/msg/detail/velocities__struct.hpp
[1.016s] -- Up-to-date: /home/ibrahim/ChampQuadbot/install/champ_msgs/include/champ_msgs/champ_msgs/msg/detail/joints__traits.hpp
[1.016s] -- Up-to-date: /home/ibrahim/ChampQuadbot/install/champ_msgs/include/champ_msgs/champ_msgs/msg/detail/pid__traits.hpp
[1.017s] -- Up-to-date: /home/ibrahim/ChampQuadbot/install/champ_msgs/include/champ_msgs/champ_msgs/msg/detail/pose__struct.hpp
[1.017s] -- Up-to-date: /home/ibrahim/ChampQuadbot/install/champ_msgs/include/champ_msgs/champ_msgs/msg/detail/contacts_stamped__traits.hpp
[1.017s] -- Up-to-date: /home/ibrahim/ChampQuadbot/install/champ_msgs/include/champ_msgs/champ_msgs/msg/detail/pid__type_support.hpp
[1.018s] -- Up-to-date: /home/ibrahim/ChampQuadbot/install/champ_msgs/include/champ_msgs/champ_msgs/msg/rosidl_generator_cpp__visibility_control.hpp
[1.018s] -- Up-to-date: /home/ibrahim/ChampQuadbot/install/champ_msgs/include/champ_msgs/champ_msgs/msg/point_array.hpp
[1.018s] -- Up-to-date: /home/ibrahim/ChampQuadbot/install/champ_msgs/include/champ_msgs/champ_msgs/msg/contacts.hpp
[1.018s] -- Up-to-date: /home/ibrahim/ChampQuadbot/install/champ_msgs/include/champ_msgs/champ_msgs/msg/pid.hpp
[1.019s] -- Up-to-date: /home/ibrahim/ChampQuadbot/install/champ_msgs/include/champ_msgs/champ_msgs/msg/velocities.hpp
[1.019s] -- Up-to-date: /home/ibrahim/ChampQuadbot/install/champ_msgs/include/champ_msgs/champ_msgs/msg/pose.hpp
[1.019s] -- Up-to-date: /home/ibrahim/ChampQuadbot/install/champ_msgs/include/champ_msgs/champ_msgs
[1.019s] -- Up-to-date: /home/ibrahim/ChampQuadbot/install/champ_msgs/include/champ_msgs/champ_msgs/msg
[1.019s] -- Up-to-date: /home/ibrahim/ChampQuadbot/install/champ_msgs/include/champ_msgs/champ_msgs/msg/rosidl_typesupport_fastrtps_cpp__visibility_control.h
[1.020s] -- Up-to-date: /home/ibrahim/ChampQuadbot/install/champ_msgs/include/champ_msgs/champ_msgs/msg/detail
[1.020s] -- Up-to-date: /home/ibrahim/ChampQuadbot/install/champ_msgs/include/champ_msgs/champ_msgs/msg/detail/point__rosidl_typesupport_fastrtps_cpp.hpp
[1.020s] -- Up-to-date: /home/ibrahim/ChampQuadbot/install/champ_msgs/include/champ_msgs/champ_msgs/msg/detail/pose__rosidl_typesupport_fastrtps_cpp.hpp
[1.020s] -- Up-to-date: /home/ibrahim/ChampQuadbot/install/champ_msgs/include/champ_msgs/champ_msgs/msg/detail/contacts__rosidl_typesupport_fastrtps_cpp.hpp
[1.020s] -- Up-to-date: /home/ibrahim/ChampQuadbot/install/champ_msgs/include/champ_msgs/champ_msgs/msg/detail/dds_fastrtps
[1.021s] -- Up-to-date: /home/ibrahim/ChampQuadbot/install/champ_msgs/include/champ_msgs/champ_msgs/msg/detail/contacts_stamped__rosidl_typesupport_fastrtps_cpp.hpp
[1.021s] -- Up-to-date: /home/ibrahim/ChampQuadbot/install/champ_msgs/include/champ_msgs/champ_msgs/msg/detail/imu__rosidl_typesupport_fastrtps_cpp.hpp
[1.021s] -- Up-to-date: /home/ibrahim/ChampQuadbot/install/champ_msgs/include/champ_msgs/champ_msgs/msg/detail/point_array__rosidl_typesupport_fastrtps_cpp.hpp
[1.021s] -- Up-to-date: /home/ibrahim/ChampQuadbot/install/champ_msgs/include/champ_msgs/champ_msgs/msg/detail/velocities__rosidl_typesupport_fastrtps_cpp.hpp
[1.021s] -- Up-to-date: /home/ibrahim/ChampQuadbot/install/champ_msgs/include/champ_msgs/champ_msgs/msg/detail/pid__rosidl_typesupport_fastrtps_cpp.hpp
[1.022s] -- Up-to-date: /home/ibrahim/ChampQuadbot/install/champ_msgs/include/champ_msgs/champ_msgs/msg/detail/joints__rosidl_typesupport_fastrtps_cpp.hpp
[1.022s] -- Up-to-date: /home/ibrahim/ChampQuadbot/install/champ_msgs/lib/libchamp_msgs__rosidl_typesupport_fastrtps_cpp.so
[1.023s] -- Up-to-date: /home/ibrahim/ChampQuadbot/install/champ_msgs/include/champ_msgs/champ_msgs
[1.023s] -- Up-to-date: /home/ibrahim/ChampQuadbot/install/champ_msgs/include/champ_msgs/champ_msgs/msg
[1.023s] -- Up-to-date: /home/ibrahim/ChampQuadbot/install/champ_msgs/include/champ_msgs/champ_msgs/msg/detail
[1.023s] -- Up-to-date: /home/ibrahim/ChampQuadbot/install/champ_msgs/include/champ_msgs/champ_msgs/msg/detail/imu__rosidl_typesupport_introspection_cpp.hpp
[1.023s] -- Up-to-date: /home/ibrahim/ChampQuadbot/install/champ_msgs/include/champ_msgs/champ_msgs/msg/detail/contacts__rosidl_typesupport_introspection_cpp.hpp
[1.024s] -- Up-to-date: /home/ibrahim/ChampQuadbot/install/champ_msgs/include/champ_msgs/champ_msgs/msg/detail/joints__type_support.cpp
[1.024s] -- Up-to-date: /home/ibrahim/ChampQuadbot/install/champ_msgs/include/champ_msgs/champ_msgs/msg/detail/pid__type_support.cpp
[1.025s] -- Up-to-date: /home/ibrahim/ChampQuadbot/install/champ_msgs/include/champ_msgs/champ_msgs/msg/detail/imu__type_support.cpp
[1.025s] -- Up-to-date: /home/ibrahim/ChampQuadbot/install/champ_msgs/include/champ_msgs/champ_msgs/msg/detail/joints__rosidl_typesupport_introspection_cpp.hpp
[1.025s] -- Up-to-date: /home/ibrahim/ChampQuadbot/install/champ_msgs/include/champ_msgs/champ_msgs/msg/detail/point__rosidl_typesupport_introspection_cpp.hpp
[1.026s] -- Up-to-date: /home/ibrahim/ChampQuadbot/install/champ_msgs/include/champ_msgs/champ_msgs/msg/detail/velocities__type_support.cpp
[1.026s] -- Up-to-date: /home/ibrahim/ChampQuadbot/install/champ_msgs/include/champ_msgs/champ_msgs/msg/detail/contacts_stamped__type_support.cpp
[1.026s] -- Up-to-date: /home/ibrahim/ChampQuadbot/install/champ_msgs/include/champ_msgs/champ_msgs/msg/detail/point_array__rosidl_typesupport_introspection_cpp.hpp
[1.026s] -- Up-to-date: /home/ibrahim/ChampQuadbot/install/champ_msgs/include/champ_msgs/champ_msgs/msg/detail/pid__rosidl_typesupport_introspection_cpp.hpp
[1.026s] -- Up-to-date: /home/ibrahim/ChampQuadbot/install/champ_msgs/include/champ_msgs/champ_msgs/msg/detail/point__type_support.cpp
[1.026s] -- Up-to-date: /home/ibrahim/ChampQuadbot/install/champ_msgs/include/champ_msgs/champ_msgs/msg/detail/contacts_stamped__rosidl_typesupport_introspection_cpp.hpp
[1.026s] -- Up-to-date: /home/ibrahim/ChampQuadbot/install/champ_msgs/include/champ_msgs/champ_msgs/msg/detail/point_array__type_support.cpp
[1.027s] -- Up-to-date: /home/ibrahim/ChampQuadbot/install/champ_msgs/include/champ_msgs/champ_msgs/msg/detail/contacts__type_support.cpp
[1.027s] -- Up-to-date: /home/ibrahim/ChampQuadbot/install/champ_msgs/include/champ_msgs/champ_msgs/msg/detail/pose__rosidl_typesupport_introspection_cpp.hpp
[1.027s] -- Up-to-date: /home/ibrahim/ChampQuadbot/install/champ_msgs/include/champ_msgs/champ_msgs/msg/detail/velocities__rosidl_typesupport_introspection_cpp.hpp
[1.027s] -- Up-to-date: /home/ibrahim/ChampQuadbot/install/champ_msgs/include/champ_msgs/champ_msgs/msg/detail/pose__type_support.cpp
[1.027s] -- Up-to-date: /home/ibrahim/ChampQuadbot/install/champ_msgs/lib/libchamp_msgs__rosidl_typesupport_introspection_cpp.so
[1.027s] -- Up-to-date: /home/ibrahim/ChampQuadbot/install/champ_msgs/lib/libchamp_msgs__rosidl_typesupport_cpp.so
[1.027s] -- Up-to-date: /home/ibrahim/ChampQuadbot/install/champ_msgs/share/champ_msgs/environment/pythonpath.sh
[1.027s] -- Up-to-date: /home/ibrahim/ChampQuadbot/install/champ_msgs/share/champ_msgs/environment/pythonpath.dsv
[1.027s] -- Up-to-date: /home/ibrahim/ChampQuadbot/install/champ_msgs/local/lib/python3.10/dist-packages/champ_msgs-0.1.0-py3.10.egg-info
[1.027s] -- Installing: /home/ibrahim/ChampQuadbot/install/champ_msgs/local/lib/python3.10/dist-packages/champ_msgs-0.1.0-py3.10.egg-info/top_level.txt
[1.028s] -- Installing: /home/ibrahim/ChampQuadbot/install/champ_msgs/local/lib/python3.10/dist-packages/champ_msgs-0.1.0-py3.10.egg-info/PKG-INFO
[1.028s] -- Installing: /home/ibrahim/ChampQuadbot/install/champ_msgs/local/lib/python3.10/dist-packages/champ_msgs-0.1.0-py3.10.egg-info/dependency_links.txt
[1.028s] -- Installing: /home/ibrahim/ChampQuadbot/install/champ_msgs/local/lib/python3.10/dist-packages/champ_msgs-0.1.0-py3.10.egg-info/SOURCES.txt
[1.028s] -- Up-to-date: /home/ibrahim/ChampQuadbot/install/champ_msgs/local/lib/python3.10/dist-packages/champ_msgs
[1.028s] -- Up-to-date: /home/ibrahim/ChampQuadbot/install/champ_msgs/local/lib/python3.10/dist-packages/champ_msgs/_champ_msgs_s.ep.rosidl_typesupport_introspection_c.c
[1.028s] -- Up-to-date: /home/ibrahim/ChampQuadbot/install/champ_msgs/local/lib/python3.10/dist-packages/champ_msgs/champ_msgs_s__rosidl_typesupport_fastrtps_c.cpython-310-x86_64-linux-gnu.so
[1.029s] -- Up-to-date: /home/ibrahim/ChampQuadbot/install/champ_msgs/local/lib/python3.10/dist-packages/champ_msgs/champ_msgs_s__rosidl_typesupport_c.cpython-310-x86_64-linux-gnu.so
[1.029s] -- Up-to-date: /home/ibrahim/ChampQuadbot/install/champ_msgs/local/lib/python3.10/dist-packages/champ_msgs/libchamp_msgs__rosidl_generator_py.so
[1.029s] -- Up-to-date: /home/ibrahim/ChampQuadbot/install/champ_msgs/local/lib/python3.10/dist-packages/champ_msgs/msg
[1.029s] -- Up-to-date: /home/ibrahim/ChampQuadbot/install/champ_msgs/local/lib/python3.10/dist-packages/champ_msgs/msg/_contacts.py
[1.029s] -- Up-to-date: /home/ibrahim/ChampQuadbot/install/champ_msgs/local/lib/python3.10/dist-packages/champ_msgs/msg/_pose_s.c
[1.029s] -- Up-to-date: /home/ibrahim/ChampQuadbot/install/champ_msgs/local/lib/python3.10/dist-packages/champ_msgs/msg/_point_s.c
[1.030s] -- Up-to-date: /home/ibrahim/ChampQuadbot/install/champ_msgs/local/lib/python3.10/dist-packages/champ_msgs/msg/_contacts_s.c
[1.030s] -- Up-to-date: /home/ibrahim/ChampQuadbot/install/champ_msgs/local/lib/python3.10/dist-packages/champ_msgs/msg/_point_array.py
[1.030s] -- Up-to-date: /home/ibrahim/ChampQuadbot/install/champ_msgs/local/lib/python3.10/dist-packages/champ_msgs/msg/_pid_s.c
[1.030s] -- Up-to-date: /home/ibrahim/ChampQuadbot/install/champ_msgs/local/lib/python3.10/dist-packages/champ_msgs/msg/_contacts_stamped.py
[1.030s] -- Up-to-date: /home/ibrahim/ChampQuadbot/install/champ_msgs/local/lib/python3.10/dist-packages/champ_msgs/msg/_imu.py
[1.030s] -- Up-to-date: /home/ibrahim/ChampQuadbot/install/champ_msgs/local/lib/python3.10/dist-packages/champ_msgs/msg/_pose.py
[1.030s] -- Up-to-date: /home/ibrahim/ChampQuadbot/install/champ_msgs/local/lib/python3.10/dist-packages/champ_msgs/msg/_velocities.py
[1.031s] -- Up-to-date: /home/ibrahim/ChampQuadbot/install/champ_msgs/local/lib/python3.10/dist-packages/champ_msgs/msg/_imu_s.c
[1.031s] -- Up-to-date: /home/ibrahim/ChampQuadbot/install/champ_msgs/local/lib/python3.10/dist-packages/champ_msgs/msg/_joints.py
[1.031s] -- Up-to-date: /home/ibrahim/ChampQuadbot/install/champ_msgs/local/lib/python3.10/dist-packages/champ_msgs/msg/_joints_s.c
[1.031s] -- Up-to-date: /home/ibrahim/ChampQuadbot/install/champ_msgs/local/lib/python3.10/dist-packages/champ_msgs/msg/_pid.py
[1.031s] -- Up-to-date: /home/ibrahim/ChampQuadbot/install/champ_msgs/local/lib/python3.10/dist-packages/champ_msgs/msg/_point.py
[1.031s] -- Up-to-date: /home/ibrahim/ChampQuadbot/install/champ_msgs/local/lib/python3.10/dist-packages/champ_msgs/msg/_point_array_s.c
[1.031s] -- Up-to-date: /home/ibrahim/ChampQuadbot/install/champ_msgs/local/lib/python3.10/dist-packages/champ_msgs/msg/_velocities_s.c
[1.031s] -- Up-to-date: /home/ibrahim/ChampQuadbot/install/champ_msgs/local/lib/python3.10/dist-packages/champ_msgs/msg/_contacts_stamped_s.c
[1.032s] -- Up-to-date: /home/ibrahim/ChampQuadbot/install/champ_msgs/local/lib/python3.10/dist-packages/champ_msgs/msg/__init__.py
[1.032s] -- Up-to-date: /home/ibrahim/ChampQuadbot/install/champ_msgs/local/lib/python3.10/dist-packages/champ_msgs/champ_msgs_s__rosidl_typesupport_introspection_c.cpython-310-x86_64-linux-gnu.so
[1.032s] -- Up-to-date: /home/ibrahim/ChampQuadbot/install/champ_msgs/local/lib/python3.10/dist-packages/champ_msgs/__init__.py
[1.032s] -- Up-to-date: /home/ibrahim/ChampQuadbot/install/champ_msgs/local/lib/python3.10/dist-packages/champ_msgs/_champ_msgs_s.ep.rosidl_typesupport_fastrtps_c.c
[1.032s] -- Up-to-date: /home/ibrahim/ChampQuadbot/install/champ_msgs/local/lib/python3.10/dist-packages/champ_msgs/_champ_msgs_s.ep.rosidl_typesupport_c.c
[1.098s] Listing '/home/ibrahim/ChampQuadbot/install/champ_msgs/local/lib/python3.10/dist-packages/champ_msgs'...
[1.098s] Listing '/home/ibrahim/ChampQuadbot/install/champ_msgs/local/lib/python3.10/dist-packages/champ_msgs/msg'...
[1.108s] -- Up-to-date: /home/ibrahim/ChampQuadbot/install/champ_msgs/local/lib/python3.10/dist-packages/champ_msgs/champ_msgs_s__rosidl_typesupport_fastrtps_c.cpython-310-x86_64-linux-gnu.so
[1.109s] -- Up-to-date: /home/ibrahim/ChampQuadbot/install/champ_msgs/local/lib/python3.10/dist-packages/champ_msgs/champ_msgs_s__rosidl_typesupport_introspection_c.cpython-310-x86_64-linux-gnu.so
[1.110s] -- Up-to-date: /home/ibrahim/ChampQuadbot/install/champ_msgs/local/lib/python3.10/dist-packages/champ_msgs/champ_msgs_s__rosidl_typesupport_c.cpython-310-x86_64-linux-gnu.so
[1.111s] -- Up-to-date: /home/ibrahim/ChampQuadbot/install/champ_msgs/lib/libchamp_msgs__rosidl_generator_py.so
[1.111s] -- Up-to-date: /home/ibrahim/ChampQuadbot/install/champ_msgs/share/ament_index/resource_index/rust_packages/champ_msgs
[1.112s] -- Up-to-date: /home/ibrahim/ChampQuadbot/install/champ_msgs/share/champ_msgs/rust
[1.112s] -- Up-to-date: /home/ibrahim/ChampQuadbot/install/champ_msgs/share/champ_msgs/rust/src
[1.113s] -- Up-to-date: /home/ibrahim/ChampQuadbot/install/champ_msgs/share/champ_msgs/rust/src/msg.rs
[1.113s] -- Up-to-date: /home/ibrahim/ChampQuadbot/install/champ_msgs/share/champ_msgs/rust/src/lib.rs
[1.113s] -- Up-to-date: /home/ibrahim/ChampQuadbot/install/champ_msgs/share/champ_msgs/rust/src/msg
[1.113s] -- Up-to-date: /home/ibrahim/ChampQuadbot/install/champ_msgs/share/champ_msgs/rust/src/msg/rmw.rs
[1.114s] -- Up-to-date: /home/ibrahim/ChampQuadbot/install/champ_msgs/share/champ_msgs/rust/build.rs
[1.114s] -- Up-to-date: /home/ibrahim/ChampQuadbot/install/champ_msgs/share/champ_msgs/rust/Cargo.toml
[1.114s] -- Up-to-date: /home/ibrahim/ChampQuadbot/install/champ_msgs/share/champ_msgs/msg/Velocities.idl
[1.115s] -- Up-to-date: /home/ibrahim/ChampQuadbot/install/champ_msgs/share/champ_msgs/msg/PID.idl
[1.115s] -- Up-to-date: /home/ibrahim/ChampQuadbot/install/champ_msgs/share/champ_msgs/msg/Imu.idl
[1.115s] -- Up-to-date: /home/ibrahim/ChampQuadbot/install/champ_msgs/share/champ_msgs/msg/Point.idl
[1.116s] -- Up-to-date: /home/ibrahim/ChampQuadbot/install/champ_msgs/share/champ_msgs/msg/PointArray.idl
[1.116s] -- Up-to-date: /home/ibrahim/ChampQuadbot/install/champ_msgs/share/champ_msgs/msg/Joints.idl
[1.116s] -- Up-to-date: /home/ibrahim/ChampQuadbot/install/champ_msgs/share/champ_msgs/msg/Contacts.idl
[1.116s] -- Up-to-date: /home/ibrahim/ChampQuadbot/install/champ_msgs/share/champ_msgs/msg/ContactsStamped.idl
[1.116s] -- Up-to-date: /home/ibrahim/ChampQuadbot/install/champ_msgs/share/champ_msgs/msg/Pose.idl
[1.116s] -- Up-to-date: /home/ibrahim/ChampQuadbot/install/champ_msgs/share/champ_msgs/msg/Velocities.msg
[1.116s] -- Up-to-date: /home/ibrahim/ChampQuadbot/install/champ_msgs/share/champ_msgs/msg/PID.msg
[1.116s] -- Up-to-date: /home/ibrahim/ChampQuadbot/install/champ_msgs/share/champ_msgs/msg/Imu.msg
[1.116s] -- Up-to-date: /home/ibrahim/ChampQuadbot/install/champ_msgs/share/champ_msgs/msg/Point.msg
[1.117s] -- Up-to-date: /home/ibrahim/ChampQuadbot/install/champ_msgs/share/champ_msgs/msg/PointArray.msg
[1.117s] -- Up-to-date: /home/ibrahim/ChampQuadbot/install/champ_msgs/share/champ_msgs/msg/Joints.msg
[1.117s] -- Up-to-date: /home/ibrahim/ChampQuadbot/install/champ_msgs/share/champ_msgs/msg/Contacts.msg
[1.118s] -- Up-to-date: /home/ibrahim/ChampQuadbot/install/champ_msgs/share/champ_msgs/msg/ContactsStamped.msg
[1.118s] -- Up-to-date: /home/ibrahim/ChampQuadbot/install/champ_msgs/share/champ_msgs/msg/Pose.msg
[1.118s] -- Up-to-date: /home/ibrahim/ChampQuadbot/install/champ_msgs/share/ament_index/resource_index/package_run_dependencies/champ_msgs
[1.118s] -- Up-to-date: /home/ibrahim/ChampQuadbot/install/champ_msgs/share/ament_index/resource_index/parent_prefix_path/champ_msgs
[1.119s] -- Up-to-date: /home/ibrahim/ChampQuadbot/install/champ_msgs/share/champ_msgs/environment/ament_prefix_path.sh
[1.119s] -- Up-to-date: /home/ibrahim/ChampQuadbot/install/champ_msgs/share/champ_msgs/environment/ament_prefix_path.dsv
[1.119s] -- Up-to-date: /home/ibrahim/ChampQuadbot/install/champ_msgs/share/champ_msgs/environment/path.sh
[1.119s] -- Up-to-date: /home/ibrahim/ChampQuadbot/install/champ_msgs/share/champ_msgs/environment/path.dsv
[1.119s] -- Up-to-date: /home/ibrahim/ChampQuadbot/install/champ_msgs/share/champ_msgs/local_setup.bash
[1.119s] -- Up-to-date: /home/ibrahim/ChampQuadbot/install/champ_msgs/share/champ_msgs/local_setup.sh
[1.120s] -- Up-to-date: /home/ibrahim/ChampQuadbot/install/champ_msgs/share/champ_msgs/local_setup.zsh
[1.120s] -- Up-to-date: /home/ibrahim/ChampQuadbot/install/champ_msgs/share/champ_msgs/local_setup.dsv
[1.120s] -- Installing: /home/ibrahim/ChampQuadbot/install/champ_msgs/share/champ_msgs/package.dsv
[1.121s] -- Up-to-date: /home/ibrahim/ChampQuadbot/install/champ_msgs/share/ament_index/resource_index/packages/champ_msgs
[1.121s] -- Up-to-date: /home/ibrahim/ChampQuadbot/install/champ_msgs/share/champ_msgs/cmake/export_champ_msgs__rosidl_generator_cExport.cmake
[1.121s] -- Up-to-date: /home/ibrahim/ChampQuadbot/install/champ_msgs/share/champ_msgs/cmake/export_champ_msgs__rosidl_generator_cExport-noconfig.cmake
[1.121s] -- Up-to-date: /home/ibrahim/ChampQuadbot/install/champ_msgs/share/champ_msgs/cmake/export_champ_msgs__rosidl_typesupport_fastrtps_cExport.cmake
[1.122s] -- Up-to-date: /home/ibrahim/ChampQuadbot/install/champ_msgs/share/champ_msgs/cmake/export_champ_msgs__rosidl_typesupport_fastrtps_cExport-noconfig.cmake
[1.122s] -- Up-to-date: /home/ibrahim/ChampQuadbot/install/champ_msgs/share/champ_msgs/cmake/champ_msgs__rosidl_typesupport_introspection_cExport.cmake
[1.122s] -- Up-to-date: /home/ibrahim/ChampQuadbot/install/champ_msgs/share/champ_msgs/cmake/champ_msgs__rosidl_typesupport_introspection_cExport-noconfig.cmake
[1.122s] -- Up-to-date: /home/ibrahim/ChampQuadbot/install/champ_msgs/share/champ_msgs/cmake/champ_msgs__rosidl_typesupport_cExport.cmake
[1.122s] -- Up-to-date: /home/ibrahim/ChampQuadbot/install/champ_msgs/share/champ_msgs/cmake/champ_msgs__rosidl_typesupport_cExport-noconfig.cmake
[1.122s] -- Up-to-date: /home/ibrahim/ChampQuadbot/install/champ_msgs/share/champ_msgs/cmake/export_champ_msgs__rosidl_generator_cppExport.cmake
[1.122s] -- Up-to-date: /home/ibrahim/ChampQuadbot/install/champ_msgs/share/champ_msgs/cmake/export_champ_msgs__rosidl_typesupport_fastrtps_cppExport.cmake
[1.122s] -- Up-to-date: /home/ibrahim/ChampQuadbot/install/champ_msgs/share/champ_msgs/cmake/export_champ_msgs__rosidl_typesupport_fastrtps_cppExport-noconfig.cmake
[1.122s] -- Up-to-date: /home/ibrahim/ChampQuadbot/install/champ_msgs/share/champ_msgs/cmake/champ_msgs__rosidl_typesupport_introspection_cppExport.cmake
[1.123s] -- Up-to-date: /home/ibrahim/ChampQuadbot/install/champ_msgs/share/champ_msgs/cmake/champ_msgs__rosidl_typesupport_introspection_cppExport-noconfig.cmake
[1.123s] -- Up-to-date: /home/ibrahim/ChampQuadbot/install/champ_msgs/share/champ_msgs/cmake/champ_msgs__rosidl_typesupport_cppExport.cmake
[1.123s] -- Up-to-date: /home/ibrahim/ChampQuadbot/install/champ_msgs/share/champ_msgs/cmake/champ_msgs__rosidl_typesupport_cppExport-noconfig.cmake
[1.123s] -- Up-to-date: /home/ibrahim/ChampQuadbot/install/champ_msgs/share/champ_msgs/cmake/export_champ_msgs__rosidl_generator_pyExport.cmake
[1.123s] -- Up-to-date: /home/ibrahim/ChampQuadbot/install/champ_msgs/share/champ_msgs/cmake/export_champ_msgs__rosidl_generator_pyExport-noconfig.cmake
[1.123s] -- Up-to-date: /home/ibrahim/ChampQuadbot/install/champ_msgs/share/champ_msgs/cmake/rosidl_cmake-extras.cmake
[1.123s] -- Up-to-date: /home/ibrahim/ChampQuadbot/install/champ_msgs/share/champ_msgs/cmake/ament_cmake_export_dependencies-extras.cmake
[1.123s] -- Up-to-date: /home/ibrahim/ChampQuadbot/install/champ_msgs/share/champ_msgs/cmake/ament_cmake_export_include_directories-extras.cmake
[1.123s] -- Up-to-date: /home/ibrahim/ChampQuadbot/install/champ_msgs/share/champ_msgs/cmake/ament_cmake_export_libraries-extras.cmake
[1.124s] -- Up-to-date: /home/ibrahim/ChampQuadbot/install/champ_msgs/share/champ_msgs/cmake/ament_cmake_export_targets-extras.cmake
[1.124s] -- Up-to-date: /home/ibrahim/ChampQuadbot/install/champ_msgs/share/champ_msgs/cmake/rosidl_cmake_export_typesupport_targets-extras.cmake
[1.124s] -- Up-to-date: /home/ibrahim/ChampQuadbot/install/champ_msgs/share/champ_msgs/cmake/rosidl_cmake_export_typesupport_libraries-extras.cmake
[1.124s] -- Up-to-date: /home/ibrahim/ChampQuadbot/install/champ_msgs/share/champ_msgs/cmake/champ_msgsConfig.cmake
[1.124s] -- Up-to-date: /home/ibrahim/ChampQuadbot/install/champ_msgs/share/champ_msgs/cmake/champ_msgsConfig-version.cmake
[1.124s] -- Up-to-date: /home/ibrahim/ChampQuadbot/install/champ_msgs/share/champ_msgs/package.xml
[1.127s] Invoked command in '/home/ibrahim/ChampQuadbot/build/champ_msgs' returned '0': CMAKE_PREFIX_PATH=${CMAKE_PREFIX_PATH}:/home/ibrahim/RobotArm/install/main_arm_package:/home/ibrahim/RobotArm/install/action_interfaces:/opt/ros/humble /usr/bin/cmake --install /home/ibrahim/ChampQuadbot/build/champ_msgs
