[0.093s] Invoking command in '/home/ibrahim/ChampQuadbot/build/champ_navigation': CMAKE_PREFIX_PATH=${CMAKE_PREFIX_PATH}:/home/ibrahim/RobotArm/install/main_arm_package:/home/ibrahim/RobotArm/install/action_interfaces:/opt/ros/humble /usr/bin/cmake --build /home/ibrahim/ChampQuadbot/build/champ_navigation -- -j16 -l16
[0.203s] Invoked command in '/home/ibrahim/ChampQuadbot/build/champ_navigation' returned '0': CMAKE_PREFIX_PATH=${CMAKE_PREFIX_PATH}:/home/ibrahim/RobotArm/install/main_arm_package:/home/ibrahim/RobotArm/install/action_interfaces:/opt/ros/humble /usr/bin/cmake --build /home/ibrahim/ChampQuadbot/build/champ_navigation -- -j16 -l16
[0.207s] Invoking command in '/home/ibrahim/ChampQuadbot/build/champ_navigation': CMAKE_PREFIX_PATH=${CMAKE_PREFIX_PATH}:/home/ibrahim/RobotArm/install/main_arm_package:/home/ibrahim/RobotArm/install/action_interfaces:/opt/ros/humble /usr/bin/cmake --install /home/ibrahim/ChampQuadbot/build/champ_navigation
[0.274s] -- Install configuration: ""
[0.274s] -- Up-to-date: /home/ibrahim/ChampQuadbot/install/champ_navigation/share/champ_navigation/launch
[0.275s] -- Up-to-date: /home/ibrahim/ChampQuadbot/install/champ_navigation/share/champ_navigation/launch/navigate.launch.py
[0.275s] -- Up-to-date: /home/ibrahim/ChampQuadbot/install/champ_navigation/share/champ_navigation/launch/slam.launch.py
[0.276s] -- Up-to-date: /home/ibrahim/ChampQuadbot/install/champ_navigation/share/champ_navigation/rviz
[0.277s] -- Up-to-date: /home/ibrahim/ChampQuadbot/install/champ_navigation/share/champ_navigation/rviz/slam.rviz
[0.277s] -- Up-to-date: /home/ibrahim/ChampQuadbot/install/champ_navigation/share/champ_navigation/rviz/navigation_minimal.rviz
[0.278s] -- Up-to-date: /home/ibrahim/ChampQuadbot/install/champ_navigation/share/champ_navigation/rviz/navigation.rviz
[0.278s] -- Up-to-date: /home/ibrahim/ChampQuadbot/install/champ_navigation/share/ament_index/resource_index/package_run_dependencies/champ_navigation
[0.278s] -- Up-to-date: /home/ibrahim/ChampQuadbot/install/champ_navigation/share/ament_index/resource_index/parent_prefix_path/champ_navigation
[0.279s] -- Up-to-date: /home/ibrahim/ChampQuadbot/install/champ_navigation/share/champ_navigation/environment/ament_prefix_path.sh
[0.279s] -- Up-to-date: /home/ibrahim/ChampQuadbot/install/champ_navigation/share/champ_navigation/environment/ament_prefix_path.dsv
[0.282s] -- Up-to-date: /home/ibrahim/ChampQuadbot/install/champ_navigation/share/champ_navigation/environment/path.sh
[0.282s] -- Up-to-date: /home/ibrahim/ChampQuadbot/install/champ_navigation/share/champ_navigation/environment/path.dsv
[0.283s] -- Up-to-date: /home/ibrahim/ChampQuadbot/install/champ_navigation/share/champ_navigation/local_setup.bash
[0.283s] -- Up-to-date: /home/ibrahim/ChampQuadbot/install/champ_navigation/share/champ_navigation/local_setup.sh
[0.309s] -- Up-to-date: /home/ibrahim/ChampQuadbot/install/champ_navigation/share/champ_navigation/local_setup.zsh
[0.310s] -- Up-to-date: /home/ibrahim/ChampQuadbot/install/champ_navigation/share/champ_navigation/local_setup.dsv
[0.311s] -- Installing: /home/ibrahim/ChampQuadbot/install/champ_navigation/share/champ_navigation/package.dsv
[0.312s] -- Up-to-date: /home/ibrahim/ChampQuadbot/install/champ_navigation/share/ament_index/resource_index/packages/champ_navigation
[0.313s] -- Up-to-date: /home/ibrahim/ChampQuadbot/install/champ_navigation/share/champ_navigation/cmake/champ_navigationConfig.cmake
[0.313s] -- Up-to-date: /home/ibrahim/ChampQuadbot/install/champ_navigation/share/champ_navigation/cmake/champ_navigationConfig-version.cmake
[0.314s] -- Up-to-date: /home/ibrahim/ChampQuadbot/install/champ_navigation/share/champ_navigation/package.xml
[0.373s] Invoked command in '/home/ibrahim/ChampQuadbot/build/champ_navigation' returned '0': CMAKE_PREFIX_PATH=${CMAKE_PREFIX_PATH}:/home/ibrahim/RobotArm/install/main_arm_package:/home/ibrahim/RobotArm/install/action_interfaces:/opt/ros/humble /usr/bin/cmake --install /home/ibrahim/ChampQuadbot/build/champ_navigation
