[0.891s] Invoking command in '/home/ibrahim/ChampQuadbot/build/quadbot_config': CMAKE_PREFIX_PATH=/home/ibrahim/ChampQuadbot/install/champ_bringup:/home/ibrahim/ChampQuadbot/install/champ_gazebo:/home/ibrahim/ChampQuadbot/install/champ_base:/home/ibrahim/ChampQuadbot/install/champbot_nodes:/home/ibrahim/ChampQuadbot/install/champ_msgs:/home/ibrahim/ChampQuadbot/install/champ_description:/home/ibrahim/ChampQuadbot/install/champ:/home/ibrahim/ChampQuadbot/install/quadbot_config:/home/ibrahim/ChampQuadbot/install/champ_teleop:/home/ibrahim/ChampQuadbot/install/champ_navigation:/home/ibrahim/ChampQuadbot/install/champ_config:/home/ibrahim/RobotArmExpanded/install/main_arm_package:/home/ibrahim/RobotArmExpanded/install/action_interfaces:/home/ibrahim/MoveItArm/install/moveit_config:/home/ibrahim/MoveItArm/install/moveit_arm_package:/home/ibrahim/TF2Sample/install/tf2sim:/home/ibrahim/RobotNav/install/main_robot_nodes:/home/ibrahim/RobotNav/install/action_interfaces:/home/ibrahim/RobotMonitor/install/Robot3Node_Package:/home/ibrahim/ros2_ws/install/my_first_package:/home/ibrahim/ros2_ws/install/action_interfaces:/home/ibrahim/RobotArm/install/main_arm_package:/home/ibrahim/RobotArm/install/action_interfaces:/opt/ros/humble /usr/bin/cmake --build /home/ibrahim/ChampQuadbot/build/quadbot_config -- -j16 -l16
[0.982s] Invoked command in '/home/ibrahim/ChampQuadbot/build/quadbot_config' returned '0': CMAKE_PREFIX_PATH=/home/ibrahim/ChampQuadbot/install/champ_bringup:/home/ibrahim/ChampQuadbot/install/champ_gazebo:/home/ibrahim/ChampQuadbot/install/champ_base:/home/ibrahim/ChampQuadbot/install/champbot_nodes:/home/ibrahim/ChampQuadbot/install/champ_msgs:/home/ibrahim/ChampQuadbot/install/champ_description:/home/ibrahim/ChampQuadbot/install/champ:/home/ibrahim/ChampQuadbot/install/quadbot_config:/home/ibrahim/ChampQuadbot/install/champ_teleop:/home/ibrahim/ChampQuadbot/install/champ_navigation:/home/ibrahim/ChampQuadbot/install/champ_config:/home/ibrahim/RobotArmExpanded/install/main_arm_package:/home/ibrahim/RobotArmExpanded/install/action_interfaces:/home/ibrahim/MoveItArm/install/moveit_config:/home/ibrahim/MoveItArm/install/moveit_arm_package:/home/ibrahim/TF2Sample/install/tf2sim:/home/ibrahim/RobotNav/install/main_robot_nodes:/home/ibrahim/RobotNav/install/action_interfaces:/home/ibrahim/RobotMonitor/install/Robot3Node_Package:/home/ibrahim/ros2_ws/install/my_first_package:/home/ibrahim/ros2_ws/install/action_interfaces:/home/ibrahim/RobotArm/install/main_arm_package:/home/ibrahim/RobotArm/install/action_interfaces:/opt/ros/humble /usr/bin/cmake --build /home/ibrahim/ChampQuadbot/build/quadbot_config -- -j16 -l16
[0.985s] Invoking command in '/home/ibrahim/ChampQuadbot/build/quadbot_config': CMAKE_PREFIX_PATH=/home/ibrahim/ChampQuadbot/install/champ_bringup:/home/ibrahim/ChampQuadbot/install/champ_gazebo:/home/ibrahim/ChampQuadbot/install/champ_base:/home/ibrahim/ChampQuadbot/install/champbot_nodes:/home/ibrahim/ChampQuadbot/install/champ_msgs:/home/ibrahim/ChampQuadbot/install/champ_description:/home/ibrahim/ChampQuadbot/install/champ:/home/ibrahim/ChampQuadbot/install/quadbot_config:/home/ibrahim/ChampQuadbot/install/champ_teleop:/home/ibrahim/ChampQuadbot/install/champ_navigation:/home/ibrahim/ChampQuadbot/install/champ_config:/home/ibrahim/RobotArmExpanded/install/main_arm_package:/home/ibrahim/RobotArmExpanded/install/action_interfaces:/home/ibrahim/MoveItArm/install/moveit_config:/home/ibrahim/MoveItArm/install/moveit_arm_package:/home/ibrahim/TF2Sample/install/tf2sim:/home/ibrahim/RobotNav/install/main_robot_nodes:/home/ibrahim/RobotNav/install/action_interfaces:/home/ibrahim/RobotMonitor/install/Robot3Node_Package:/home/ibrahim/ros2_ws/install/my_first_package:/home/ibrahim/ros2_ws/install/action_interfaces:/home/ibrahim/RobotArm/install/main_arm_package:/home/ibrahim/RobotArm/install/action_interfaces:/opt/ros/humble /usr/bin/cmake --install /home/ibrahim/ChampQuadbot/build/quadbot_config
[1.002s] -- Install configuration: ""
[1.003s] -- Up-to-date: /home/ibrahim/ChampQuadbot/install/quadbot_config/share/quadbot_config/launch
[1.004s] -- Up-to-date: /home/ibrahim/ChampQuadbot/install/quadbot_config/share/quadbot_config/launch/bringup.launch.py
[1.004s] -- Up-to-date: /home/ibrahim/ChampQuadbot/install/quadbot_config/share/quadbot_config/launch/gazebo.launch.py
[1.004s] -- Up-to-date: /home/ibrahim/ChampQuadbot/install/quadbot_config/share/quadbot_config/config
[1.005s] -- Up-to-date: /home/ibrahim/ChampQuadbot/install/quadbot_config/share/quadbot_config/config/joints
[1.006s] -- Up-to-date: /home/ibrahim/ChampQuadbot/install/quadbot_config/share/quadbot_config/config/joints/joints.yaml
[1.006s] -- Up-to-date: /home/ibrahim/ChampQuadbot/install/quadbot_config/share/quadbot_config/config/links
[1.006s] -- Up-to-date: /home/ibrahim/ChampQuadbot/install/quadbot_config/share/quadbot_config/config/links/links.yaml
[1.006s] -- Up-to-date: /home/ibrahim/ChampQuadbot/install/quadbot_config/share/quadbot_config/config/gait
[1.007s] -- Up-to-date: /home/ibrahim/ChampQuadbot/install/quadbot_config/share/quadbot_config/config/gait/gait.yaml
[1.007s] -- Up-to-date: /home/ibrahim/ChampQuadbot/install/quadbot_config/share/quadbot_config/config/ros_control
[1.008s] -- Up-to-date: /home/ibrahim/ChampQuadbot/install/quadbot_config/share/quadbot_config/config/ros_control/ros_control.yaml
[1.008s] -- Up-to-date: /home/ibrahim/ChampQuadbot/install/quadbot_config/share/ament_index/resource_index/package_run_dependencies/quadbot_config
[1.008s] -- Up-to-date: /home/ibrahim/ChampQuadbot/install/quadbot_config/share/ament_index/resource_index/parent_prefix_path/quadbot_config
[1.008s] -- Up-to-date: /home/ibrahim/ChampQuadbot/install/quadbot_config/share/quadbot_config/environment/ament_prefix_path.sh
[1.008s] -- Up-to-date: /home/ibrahim/ChampQuadbot/install/quadbot_config/share/quadbot_config/environment/ament_prefix_path.dsv
[1.009s] -- Up-to-date: /home/ibrahim/ChampQuadbot/install/quadbot_config/share/quadbot_config/environment/path.sh
[1.009s] -- Up-to-date: /home/ibrahim/ChampQuadbot/install/quadbot_config/share/quadbot_config/environment/path.dsv
[1.009s] -- Up-to-date: /home/ibrahim/ChampQuadbot/install/quadbot_config/share/quadbot_config/local_setup.bash
[1.009s] -- Up-to-date: /home/ibrahim/ChampQuadbot/install/quadbot_config/share/quadbot_config/local_setup.sh
[1.009s] -- Up-to-date: /home/ibrahim/ChampQuadbot/install/quadbot_config/share/quadbot_config/local_setup.zsh
[1.010s] -- Up-to-date: /home/ibrahim/ChampQuadbot/install/quadbot_config/share/quadbot_config/local_setup.dsv
[1.010s] -- Installing: /home/ibrahim/ChampQuadbot/install/quadbot_config/share/quadbot_config/package.dsv
[1.010s] -- Up-to-date: /home/ibrahim/ChampQuadbot/install/quadbot_config/share/ament_index/resource_index/packages/quadbot_config
[1.011s] -- Up-to-date: /home/ibrahim/ChampQuadbot/install/quadbot_config/share/quadbot_config/cmake/quadbot_configConfig.cmake
[1.014s] -- Up-to-date: /home/ibrahim/ChampQuadbot/install/quadbot_config/share/quadbot_config/cmake/quadbot_configConfig-version.cmake
[1.016s] -- Up-to-date: /home/ibrahim/ChampQuadbot/install/quadbot_config/share/quadbot_config/package.xml
[1.017s] Invoked command in '/home/ibrahim/ChampQuadbot/build/quadbot_config' returned '0': CMAKE_PREFIX_PATH=/home/ibrahim/ChampQuadbot/install/champ_bringup:/home/ibrahim/ChampQuadbot/install/champ_gazebo:/home/ibrahim/ChampQuadbot/install/champ_base:/home/ibrahim/ChampQuadbot/install/champbot_nodes:/home/ibrahim/ChampQuadbot/install/champ_msgs:/home/ibrahim/ChampQuadbot/install/champ_description:/home/ibrahim/ChampQuadbot/install/champ:/home/ibrahim/ChampQuadbot/install/quadbot_config:/home/ibrahim/ChampQuadbot/install/champ_teleop:/home/ibrahim/ChampQuadbot/install/champ_navigation:/home/ibrahim/ChampQuadbot/install/champ_config:/home/ibrahim/RobotArmExpanded/install/main_arm_package:/home/ibrahim/RobotArmExpanded/install/action_interfaces:/home/ibrahim/MoveItArm/install/moveit_config:/home/ibrahim/MoveItArm/install/moveit_arm_package:/home/ibrahim/TF2Sample/install/tf2sim:/home/ibrahim/RobotNav/install/main_robot_nodes:/home/ibrahim/RobotNav/install/action_interfaces:/home/ibrahim/RobotMonitor/install/Robot3Node_Package:/home/ibrahim/ros2_ws/install/my_first_package:/home/ibrahim/ros2_ws/install/action_interfaces:/home/ibrahim/RobotArm/install/main_arm_package:/home/ibrahim/RobotArm/install/action_interfaces:/opt/ros/humble /usr/bin/cmake --install /home/ibrahim/ChampQuadbot/build/quadbot_config
