[0.096s] Invoking command in '/home/ibrahim/ChampQuadbot/build/champ_description': CMAKE_PREFIX_PATH=${CMAKE_PREFIX_PATH}:/home/ibrahim/RobotArm/install/main_arm_package:/home/ibrahim/RobotArm/install/action_interfaces:/opt/ros/humble /usr/bin/cmake --build /home/ibrahim/ChampQuadbot/build/champ_description -- -j16 -l16
[0.253s] Invoked command in '/home/ibrahim/ChampQuadbot/build/champ_description' returned '0': CMAKE_PREFIX_PATH=${CMAKE_PREFIX_PATH}:/home/ibrahim/RobotArm/install/main_arm_package:/home/ibrahim/RobotArm/install/action_interfaces:/opt/ros/humble /usr/bin/cmake --build /home/ibrahim/ChampQuadbot/build/champ_description -- -j16 -l16
[0.277s] Invoking command in '/home/ibrahim/ChampQuadbot/build/champ_description': CMAKE_PREFIX_PATH=${CMAKE_PREFIX_PATH}:/home/ibrahim/RobotArm/install/main_arm_package:/home/ibrahim/RobotArm/install/action_interfaces:/opt/ros/humble /usr/bin/cmake --install /home/ibrahim/ChampQuadbot/build/champ_description
[0.306s] -- Install configuration: ""
[0.348s] -- Up-to-date: /home/ibrahim/ChampQuadbot/install/champ_description/share/champ_description/launch
[0.349s] -- Up-to-date: /home/ibrahim/ChampQuadbot/install/champ_description/share/champ_description/launch/description.launch
[0.349s] -- Up-to-date: /home/ibrahim/ChampQuadbot/install/champ_description/share/champ_description/launch/description.launch.py
[0.349s] -- Up-to-date: /home/ibrahim/ChampQuadbot/install/champ_description/share/champ_description/launch/view_urdf.launch
[0.350s] -- Up-to-date: /home/ibrahim/ChampQuadbot/install/champ_description/share/champ_description/rviz
[0.353s] -- Up-to-date: /home/ibrahim/ChampQuadbot/install/champ_description/share/champ_description/rviz/urdf_viewer.rviz
[0.354s] -- Up-to-date: /home/ibrahim/ChampQuadbot/install/champ_description/share/champ_description/meshes
[0.354s] -- Up-to-date: /home/ibrahim/ChampQuadbot/install/champ_description/share/champ_description/meshes/hip.stl
[0.356s] -- Up-to-date: /home/ibrahim/ChampQuadbot/install/champ_description/share/champ_description/meshes/upper_leg_simple.stl
[0.356s] -- Up-to-date: /home/ibrahim/ChampQuadbot/install/champ_description/share/champ_description/meshes/base_simple.stl
[0.357s] -- Up-to-date: /home/ibrahim/ChampQuadbot/install/champ_description/share/champ_description/meshes/hokuyo_utm_30lx.dae
[0.358s] -- Up-to-date: /home/ibrahim/ChampQuadbot/install/champ_description/share/champ_description/meshes/base.stl
[0.358s] -- Up-to-date: /home/ibrahim/ChampQuadbot/install/champ_description/share/champ_description/meshes/asus_camera_simple.dae
[0.358s] -- Up-to-date: /home/ibrahim/ChampQuadbot/install/champ_description/share/champ_description/meshes/lower_leg.stl
[0.358s] -- Up-to-date: /home/ibrahim/ChampQuadbot/install/champ_description/share/champ_description/meshes/upper_leg.stl
[0.359s] -- Up-to-date: /home/ibrahim/ChampQuadbot/install/champ_description/share/champ_description/meshes/arm
[0.360s] -- Up-to-date: /home/ibrahim/ChampQuadbot/install/champ_description/share/champ_description/meshes/arm/upper_arm.stl
[0.360s] -- Up-to-date: /home/ibrahim/ChampQuadbot/install/champ_description/share/champ_description/meshes/arm/wrist1.stl
[0.361s] -- Up-to-date: /home/ibrahim/ChampQuadbot/install/champ_description/share/champ_description/meshes/arm/lower_arm.stl
[0.361s] -- Up-to-date: /home/ibrahim/ChampQuadbot/install/champ_description/share/champ_description/meshes/arm/base.stl
[0.362s] -- Up-to-date: /home/ibrahim/ChampQuadbot/install/champ_description/share/champ_description/meshes/arm/wrist2.stl
[0.362s] -- Up-to-date: /home/ibrahim/ChampQuadbot/install/champ_description/share/champ_description/meshes/lower_leg_simple.stl
[0.363s] -- Up-to-date: /home/ibrahim/ChampQuadbot/install/champ_description/share/champ_description/urdf
[0.363s] -- Up-to-date: /home/ibrahim/ChampQuadbot/install/champ_description/share/champ_description/urdf/accessories.urdf.xacro
[0.364s] -- Up-to-date: /home/ibrahim/ChampQuadbot/install/champ_description/share/champ_description/urdf/champ.urdf
[0.364s] -- Up-to-date: /home/ibrahim/ChampQuadbot/install/champ_description/share/champ_description/urdf/properties.urdf.xacro
[0.365s] -- Up-to-date: /home/ibrahim/ChampQuadbot/install/champ_description/share/champ_description/urdf/champ_arm.urdf
[0.365s] -- Up-to-date: /home/ibrahim/ChampQuadbot/install/champ_description/share/champ_description/urdf/asus_camera.urdf.xacro
[0.366s] -- Up-to-date: /home/ibrahim/ChampQuadbot/install/champ_description/share/champ_description/urdf/champ_velodyne.urdf
[0.366s] -- Up-to-date: /home/ibrahim/ChampQuadbot/install/champ_description/share/champ_description/urdf/hokuyo_utm30lx.urdf.xacro
[0.366s] -- Up-to-date: /home/ibrahim/ChampQuadbot/install/champ_description/share/champ_description/urdf/leg.urdf.xacro
[0.366s] -- Up-to-date: /home/ibrahim/ChampQuadbot/install/champ_description/share/champ_description/urdf/champ.urdf.xacro
[0.367s] -- Up-to-date: /home/ibrahim/ChampQuadbot/install/champ_description/share/champ_description/urdf/gen_urdf
[0.367s] -- Up-to-date: /home/ibrahim/ChampQuadbot/install/champ_description/share/ament_index/resource_index/package_run_dependencies/champ_description
[0.367s] -- Up-to-date: /home/ibrahim/ChampQuadbot/install/champ_description/share/ament_index/resource_index/parent_prefix_path/champ_description
[0.367s] -- Up-to-date: /home/ibrahim/ChampQuadbot/install/champ_description/share/champ_description/environment/ament_prefix_path.sh
[0.367s] -- Up-to-date: /home/ibrahim/ChampQuadbot/install/champ_description/share/champ_description/environment/ament_prefix_path.dsv
[0.368s] -- Up-to-date: /home/ibrahim/ChampQuadbot/install/champ_description/share/champ_description/environment/path.sh
[0.368s] -- Up-to-date: /home/ibrahim/ChampQuadbot/install/champ_description/share/champ_description/environment/path.dsv
[0.368s] -- Up-to-date: /home/ibrahim/ChampQuadbot/install/champ_description/share/champ_description/local_setup.bash
[0.368s] -- Up-to-date: /home/ibrahim/ChampQuadbot/install/champ_description/share/champ_description/local_setup.sh
[0.368s] -- Up-to-date: /home/ibrahim/ChampQuadbot/install/champ_description/share/champ_description/local_setup.zsh
[0.368s] -- Up-to-date: /home/ibrahim/ChampQuadbot/install/champ_description/share/champ_description/local_setup.dsv
[0.368s] -- Up-to-date: /home/ibrahim/ChampQuadbot/install/champ_description/share/champ_description/package.dsv
[0.369s] -- Up-to-date: /home/ibrahim/ChampQuadbot/install/champ_description/share/ament_index/resource_index/packages/champ_description
[0.370s] -- Up-to-date: /home/ibrahim/ChampQuadbot/install/champ_description/share/champ_description/cmake/champ_descriptionConfig.cmake
[0.370s] -- Up-to-date: /home/ibrahim/ChampQuadbot/install/champ_description/share/champ_description/cmake/champ_descriptionConfig-version.cmake
[0.370s] -- Up-to-date: /home/ibrahim/ChampQuadbot/install/champ_description/share/champ_description/package.xml
[0.459s] Invoked command in '/home/ibrahim/ChampQuadbot/build/champ_description' returned '0': CMAKE_PREFIX_PATH=${CMAKE_PREFIX_PATH}:/home/ibrahim/RobotArm/install/main_arm_package:/home/ibrahim/RobotArm/install/action_interfaces:/opt/ros/humble /usr/bin/cmake --install /home/ibrahim/ChampQuadbot/build/champ_description
