[1.108s] Invoking command in '/home/ibrahim/ChampQuadbot/build/champ_bringup': AMENT_PREFIX_PATH=/home/ibrahim/ChampQuadbot/install/champ_base:/home/ibrahim/ChampQuadbot/install/champ_msgs:/home/ibrahim/ChampQuadbot/install/champ_description:/home/ibrahim/ChampQuadbot/install/champ:${AMENT_PREFIX_PATH} CMAKE_PREFIX_PATH=/home/ibrahim/ChampQuadbot/install/champ_base:/home/ibrahim/ChampQuadbot/install/champ_msgs:/home/ibrahim/ChampQuadbot/install/champ_description:/home/ibrahim/ChampQuadbot/install/champ:/home/ibrahim/RobotArmExpanded/install/main_arm_package:/home/ibrahim/RobotArmExpanded/install/action_interfaces:/home/ibrahim/MoveItArm/install/moveit_config:/home/ibrahim/MoveItArm/install/moveit_arm_package:/home/ibrahim/TF2Sample/install/tf2sim:/home/ibrahim/RobotNav/install/main_robot_nodes:/home/ibrahim/RobotNav/install/action_interfaces:/home/ibrahim/RobotMonitor/install/Robot3Node_Package:/home/ibrahim/ros2_ws/install/my_first_package:/home/ibrahim/ros2_ws/install/action_interfaces:/home/ibrahim/RobotArm/install/main_arm_package:/home/ibrahim/RobotArm/install/action_interfaces:/opt/ros/humble LD_LIBRARY_PATH=/home/ibrahim/ChampQuadbot/install/champ_base/lib:/home/ibrahim/ChampQuadbot/install/champ_msgs/lib:${LD_LIBRARY_PATH} PATH=/home/ibrahim/ChampQuadbot/install/champ_base/bin:${PATH} PYTHONPATH=/home/ibrahim/ChampQuadbot/install/champ_msgs/local/lib/python3.10/dist-packages:${PYTHONPATH} /usr/bin/cmake --build /home/ibrahim/ChampQuadbot/build/champ_bringup -- -j16 -l16
[1.325s] Built target ament_cmake_python_copy_champ_bringup
[2.174s] running egg_info
[2.176s] writing champ_bringup.egg-info/PKG-INFO
[2.176s] writing dependency_links to champ_bringup.egg-info/dependency_links.txt
[2.177s] writing top-level names to champ_bringup.egg-info/top_level.txt
[2.188s] reading manifest file 'champ_bringup.egg-info/SOURCES.txt'
[2.191s] writing manifest file 'champ_bringup.egg-info/SOURCES.txt'
[2.286s] Built target ament_cmake_python_build_champ_bringup_egg
[2.324s] Invoked command in '/home/ibrahim/ChampQuadbot/build/champ_bringup' returned '0': AMENT_PREFIX_PATH=/home/ibrahim/ChampQuadbot/install/champ_base:/home/ibrahim/ChampQuadbot/install/champ_msgs:/home/ibrahim/ChampQuadbot/install/champ_description:/home/ibrahim/ChampQuadbot/install/champ:${AMENT_PREFIX_PATH} CMAKE_PREFIX_PATH=/home/ibrahim/ChampQuadbot/install/champ_base:/home/ibrahim/ChampQuadbot/install/champ_msgs:/home/ibrahim/ChampQuadbot/install/champ_description:/home/ibrahim/ChampQuadbot/install/champ:/home/ibrahim/RobotArmExpanded/install/main_arm_package:/home/ibrahim/RobotArmExpanded/install/action_interfaces:/home/ibrahim/MoveItArm/install/moveit_config:/home/ibrahim/MoveItArm/install/moveit_arm_package:/home/ibrahim/TF2Sample/install/tf2sim:/home/ibrahim/RobotNav/install/main_robot_nodes:/home/ibrahim/RobotNav/install/action_interfaces:/home/ibrahim/RobotMonitor/install/Robot3Node_Package:/home/ibrahim/ros2_ws/install/my_first_package:/home/ibrahim/ros2_ws/install/action_interfaces:/home/ibrahim/RobotArm/install/main_arm_package:/home/ibrahim/RobotArm/install/action_interfaces:/opt/ros/humble LD_LIBRARY_PATH=/home/ibrahim/ChampQuadbot/install/champ_base/lib:/home/ibrahim/ChampQuadbot/install/champ_msgs/lib:${LD_LIBRARY_PATH} PATH=/home/ibrahim/ChampQuadbot/install/champ_base/bin:${PATH} PYTHONPATH=/home/ibrahim/ChampQuadbot/install/champ_msgs/local/lib/python3.10/dist-packages:${PYTHONPATH} /usr/bin/cmake --build /home/ibrahim/ChampQuadbot/build/champ_bringup -- -j16 -l16
[2.329s] Invoking command in '/home/ibrahim/ChampQuadbot/build/champ_bringup': AMENT_PREFIX_PATH=/home/ibrahim/ChampQuadbot/install/champ_base:/home/ibrahim/ChampQuadbot/install/champ_msgs:/home/ibrahim/ChampQuadbot/install/champ_description:/home/ibrahim/ChampQuadbot/install/champ:${AMENT_PREFIX_PATH} CMAKE_PREFIX_PATH=/home/ibrahim/ChampQuadbot/install/champ_base:/home/ibrahim/ChampQuadbot/install/champ_msgs:/home/ibrahim/ChampQuadbot/install/champ_description:/home/ibrahim/ChampQuadbot/install/champ:/home/ibrahim/RobotArmExpanded/install/main_arm_package:/home/ibrahim/RobotArmExpanded/install/action_interfaces:/home/ibrahim/MoveItArm/install/moveit_config:/home/ibrahim/MoveItArm/install/moveit_arm_package:/home/ibrahim/TF2Sample/install/tf2sim:/home/ibrahim/RobotNav/install/main_robot_nodes:/home/ibrahim/RobotNav/install/action_interfaces:/home/ibrahim/RobotMonitor/install/Robot3Node_Package:/home/ibrahim/ros2_ws/install/my_first_package:/home/ibrahim/ros2_ws/install/action_interfaces:/home/ibrahim/RobotArm/install/main_arm_package:/home/ibrahim/RobotArm/install/action_interfaces:/opt/ros/humble LD_LIBRARY_PATH=/home/ibrahim/ChampQuadbot/install/champ_base/lib:/home/ibrahim/ChampQuadbot/install/champ_msgs/lib:${LD_LIBRARY_PATH} PATH=/home/ibrahim/ChampQuadbot/install/champ_base/bin:${PATH} PYTHONPATH=/home/ibrahim/ChampQuadbot/install/champ_msgs/local/lib/python3.10/dist-packages:${PYTHONPATH} /usr/bin/cmake --install /home/ibrahim/ChampQuadbot/build/champ_bringup
[2.357s] -- Install configuration: ""
[2.358s] -- Up-to-date: /home/ibrahim/ChampQuadbot/install/champ_bringup/share/champ_bringup/launch
[2.358s] -- Up-to-date: /home/ibrahim/ChampQuadbot/install/champ_bringup/share/champ_bringup/launch/include
[2.359s] -- Up-to-date: /home/ibrahim/ChampQuadbot/install/champ_bringup/share/champ_bringup/launch/include/velocity_smoother.launch
[2.359s] -- Up-to-date: /home/ibrahim/ChampQuadbot/install/champ_bringup/share/champ_bringup/launch/include/laser
[2.359s] -- Up-to-date: /home/ibrahim/ChampQuadbot/install/champ_bringup/share/champ_bringup/launch/include/laser/lms1xx.launch
[2.359s] -- Up-to-date: /home/ibrahim/ChampQuadbot/install/champ_bringup/share/champ_bringup/launch/include/laser/xv11.launch
[2.359s] -- Up-to-date: /home/ibrahim/ChampQuadbot/install/champ_bringup/share/champ_bringup/launch/include/laser/ydlidar.launch
[2.359s] -- Up-to-date: /home/ibrahim/ChampQuadbot/install/champ_bringup/share/champ_bringup/launch/include/laser/sweep.launch
[2.360s] -- Up-to-date: /home/ibrahim/ChampQuadbot/install/champ_bringup/share/champ_bringup/launch/include/laser/kinect.launch
[2.360s] -- Up-to-date: /home/ibrahim/ChampQuadbot/install/champ_bringup/share/champ_bringup/launch/include/laser/rplidar.launch
[2.360s] -- Up-to-date: /home/ibrahim/ChampQuadbot/install/champ_bringup/share/champ_bringup/launch/include/laser/hokuyo.launch
[2.360s] -- Up-to-date: /home/ibrahim/ChampQuadbot/install/champ_bringup/share/champ_bringup/launch/include/laser/d435.launch
[2.360s] -- Up-to-date: /home/ibrahim/ChampQuadbot/install/champ_bringup/share/champ_bringup/launch/include/laser/sim.launch
[2.360s] -- Up-to-date: /home/ibrahim/ChampQuadbot/install/champ_bringup/share/champ_bringup/launch/include/laser/realsense.launch
[2.360s] -- Up-to-date: /home/ibrahim/ChampQuadbot/install/champ_bringup/share/champ_bringup/launch/bringup.launch.py
[2.361s] -- Up-to-date: /home/ibrahim/ChampQuadbot/install/champ_bringup/share/champ_bringup/launch/joints_gui.launch
[2.361s] -- Up-to-date: /home/ibrahim/ChampQuadbot/install/champ_bringup/share/champ_bringup/launch/bringup.launch
[2.362s] -- Up-to-date: /home/ibrahim/ChampQuadbot/install/champ_bringup/share/champ_bringup/launch/joints_gui.launch.py
[2.362s] -- Up-to-date: /home/ibrahim/ChampQuadbot/install/champ_bringup/share/champ_bringup/environment/pythonpath.sh
[2.362s] -- Up-to-date: /home/ibrahim/ChampQuadbot/install/champ_bringup/share/champ_bringup/environment/pythonpath.dsv
[2.362s] -- Up-to-date: /home/ibrahim/ChampQuadbot/install/champ_bringup/local/lib/python3.10/dist-packages/champ_bringup-0.1.0-py3.10.egg-info
[2.362s] -- Installing: /home/ibrahim/ChampQuadbot/install/champ_bringup/local/lib/python3.10/dist-packages/champ_bringup-0.1.0-py3.10.egg-info/top_level.txt
[2.363s] -- Installing: /home/ibrahim/ChampQuadbot/install/champ_bringup/local/lib/python3.10/dist-packages/champ_bringup-0.1.0-py3.10.egg-info/PKG-INFO
[2.364s] -- Installing: /home/ibrahim/ChampQuadbot/install/champ_bringup/local/lib/python3.10/dist-packages/champ_bringup-0.1.0-py3.10.egg-info/dependency_links.txt
[2.364s] -- Installing: /home/ibrahim/ChampQuadbot/install/champ_bringup/local/lib/python3.10/dist-packages/champ_bringup-0.1.0-py3.10.egg-info/SOURCES.txt
[2.364s] -- Up-to-date: /home/ibrahim/ChampQuadbot/install/champ_bringup/local/lib/python3.10/dist-packages/champ_bringup
[2.364s] -- Up-to-date: /home/ibrahim/ChampQuadbot/install/champ_bringup/local/lib/python3.10/dist-packages/champ_bringup/joint_calibrator_relay.py
[2.365s] -- Up-to-date: /home/ibrahim/ChampQuadbot/install/champ_bringup/local/lib/python3.10/dist-packages/champ_bringup/__init__.py
[2.452s] Listing '/home/ibrahim/ChampQuadbot/install/champ_bringup/local/lib/python3.10/dist-packages/champ_bringup'...
[2.463s] -- Up-to-date: /home/ibrahim/ChampQuadbot/install/champ_bringup/lib/champ_bringup/joint_calibrator_relay.py
[2.464s] -- Up-to-date: /home/ibrahim/ChampQuadbot/install/champ_bringup/share/ament_index/resource_index/package_run_dependencies/champ_bringup
[2.464s] -- Up-to-date: /home/ibrahim/ChampQuadbot/install/champ_bringup/share/ament_index/resource_index/parent_prefix_path/champ_bringup
[2.465s] -- Up-to-date: /home/ibrahim/ChampQuadbot/install/champ_bringup/share/champ_bringup/environment/ament_prefix_path.sh
[2.465s] -- Up-to-date: /home/ibrahim/ChampQuadbot/install/champ_bringup/share/champ_bringup/environment/ament_prefix_path.dsv
[2.466s] -- Up-to-date: /home/ibrahim/ChampQuadbot/install/champ_bringup/share/champ_bringup/environment/path.sh
[2.467s] -- Up-to-date: /home/ibrahim/ChampQuadbot/install/champ_bringup/share/champ_bringup/environment/path.dsv
[2.467s] -- Up-to-date: /home/ibrahim/ChampQuadbot/install/champ_bringup/share/champ_bringup/local_setup.bash
[2.467s] -- Up-to-date: /home/ibrahim/ChampQuadbot/install/champ_bringup/share/champ_bringup/local_setup.sh
[2.468s] -- Up-to-date: /home/ibrahim/ChampQuadbot/install/champ_bringup/share/champ_bringup/local_setup.zsh
[2.468s] -- Up-to-date: /home/ibrahim/ChampQuadbot/install/champ_bringup/share/champ_bringup/local_setup.dsv
[2.469s] -- Installing: /home/ibrahim/ChampQuadbot/install/champ_bringup/share/champ_bringup/package.dsv
[2.474s] -- Up-to-date: /home/ibrahim/ChampQuadbot/install/champ_bringup/share/ament_index/resource_index/packages/champ_bringup
[2.474s] -- Up-to-date: /home/ibrahim/ChampQuadbot/install/champ_bringup/share/champ_bringup/cmake/champ_bringupConfig.cmake
[2.474s] -- Up-to-date: /home/ibrahim/ChampQuadbot/install/champ_bringup/share/champ_bringup/cmake/champ_bringupConfig-version.cmake
[2.474s] -- Up-to-date: /home/ibrahim/ChampQuadbot/install/champ_bringup/share/champ_bringup/package.xml
[2.480s] Invoked command in '/home/ibrahim/ChampQuadbot/build/champ_bringup' returned '0': AMENT_PREFIX_PATH=/home/ibrahim/ChampQuadbot/install/champ_base:/home/ibrahim/ChampQuadbot/install/champ_msgs:/home/ibrahim/ChampQuadbot/install/champ_description:/home/ibrahim/ChampQuadbot/install/champ:${AMENT_PREFIX_PATH} CMAKE_PREFIX_PATH=/home/ibrahim/ChampQuadbot/install/champ_base:/home/ibrahim/ChampQuadbot/install/champ_msgs:/home/ibrahim/ChampQuadbot/install/champ_description:/home/ibrahim/ChampQuadbot/install/champ:/home/ibrahim/RobotArmExpanded/install/main_arm_package:/home/ibrahim/RobotArmExpanded/install/action_interfaces:/home/ibrahim/MoveItArm/install/moveit_config:/home/ibrahim/MoveItArm/install/moveit_arm_package:/home/ibrahim/TF2Sample/install/tf2sim:/home/ibrahim/RobotNav/install/main_robot_nodes:/home/ibrahim/RobotNav/install/action_interfaces:/home/ibrahim/RobotMonitor/install/Robot3Node_Package:/home/ibrahim/ros2_ws/install/my_first_package:/home/ibrahim/ros2_ws/install/action_interfaces:/home/ibrahim/RobotArm/install/main_arm_package:/home/ibrahim/RobotArm/install/action_interfaces:/opt/ros/humble LD_LIBRARY_PATH=/home/ibrahim/ChampQuadbot/install/champ_base/lib:/home/ibrahim/ChampQuadbot/install/champ_msgs/lib:${LD_LIBRARY_PATH} PATH=/home/ibrahim/ChampQuadbot/install/champ_base/bin:${PATH} PYTHONPATH=/home/ibrahim/ChampQuadbot/install/champ_msgs/local/lib/python3.10/dist-packages:${PYTHONPATH} /usr/bin/cmake --install /home/ibrahim/ChampQuadbot/build/champ_bringup
