[0.054s] Invoking command in '/home/ibrahim/ChampQuadbot/build/champbot_nodes': CMAKE_PREFIX_PATH=${CMAKE_PREFIX_PATH}:/home/ibrahim/RobotArm/install/main_arm_package:/home/ibrahim/RobotArm/install/action_interfaces:/opt/ros/humble /usr/bin/cmake --build /home/ibrahim/ChampQuadbot/build/champbot_nodes -- -j16 -l16
[0.119s] [100%] Built target JointMover
[0.240s] Invoked command in '/home/ibrahim/ChampQuadbot/build/champbot_nodes' returned '0': CMAKE_PREFIX_PATH=${CMAKE_PREFIX_PATH}:/home/ibrahim/RobotArm/install/main_arm_package:/home/ibrahim/RobotArm/install/action_interfaces:/opt/ros/humble /usr/bin/cmake --build /home/ibrahim/ChampQuadbot/build/champbot_nodes -- -j16 -l16
[0.243s] Invoking command in '/home/ibrahim/ChampQuadbot/build/champbot_nodes': CMAKE_PREFIX_PATH=${CMAKE_PREFIX_PATH}:/home/ibrahim/RobotArm/install/main_arm_package:/home/ibrahim/RobotArm/install/action_interfaces:/opt/ros/humble /usr/bin/cmake --install /home/ibrahim/ChampQuadbot/build/champbot_nodes
[0.251s] -- Install configuration: ""
[0.252s] -- Up-to-date: /home/ibrahim/ChampQuadbot/install/champbot_nodes/lib/champbot_nodes/JointMover
[0.252s] -- Up-to-date: /home/ibrahim/ChampQuadbot/install/champbot_nodes/share/champbot_nodes/launch
[0.252s] -- Up-to-date: /home/ibrahim/ChampQuadbot/install/champbot_nodes/share/champbot_nodes/launch/bringup.launch.py
[0.253s] -- Up-to-date: /home/ibrahim/ChampQuadbot/install/champbot_nodes/share/champbot_nodes/launch/display.launch.py
[0.254s] -- Up-to-date: /home/ibrahim/ChampQuadbot/install/champbot_nodes/share/champbot_nodes/launch/gazebo.launch.py
[0.255s] -- Up-to-date: /home/ibrahim/ChampQuadbot/install/champbot_nodes/share/champbot_nodes/urdf
[0.255s] -- Up-to-date: /home/ibrahim/ChampQuadbot/install/champbot_nodes/share/champbot_nodes/urdf/robot.urdf.xacro
[0.255s] -- Up-to-date: /home/ibrahim/ChampQuadbot/install/champbot_nodes/share/champbot_nodes/rviz
[0.255s] -- Up-to-date: /home/ibrahim/ChampQuadbot/install/champbot_nodes/share/champbot_nodes/rviz/model.rviz
[0.256s] -- Up-to-date: /home/ibrahim/ChampQuadbot/install/champbot_nodes/share/champbot_nodes/worlds
[0.256s] -- Up-to-date: /home/ibrahim/ChampQuadbot/install/champbot_nodes/share/champbot_nodes/worlds/world.sdf
[0.257s] -- Up-to-date: /home/ibrahim/ChampQuadbot/install/champbot_nodes/share/ament_index/resource_index/package_run_dependencies/champbot_nodes
[0.257s] -- Up-to-date: /home/ibrahim/ChampQuadbot/install/champbot_nodes/share/ament_index/resource_index/parent_prefix_path/champbot_nodes
[0.257s] -- Up-to-date: /home/ibrahim/ChampQuadbot/install/champbot_nodes/share/champbot_nodes/environment/ament_prefix_path.sh
[0.257s] -- Up-to-date: /home/ibrahim/ChampQuadbot/install/champbot_nodes/share/champbot_nodes/environment/ament_prefix_path.dsv
[0.258s] -- Up-to-date: /home/ibrahim/ChampQuadbot/install/champbot_nodes/share/champbot_nodes/environment/path.sh
[0.258s] -- Up-to-date: /home/ibrahim/ChampQuadbot/install/champbot_nodes/share/champbot_nodes/environment/path.dsv
[0.259s] -- Up-to-date: /home/ibrahim/ChampQuadbot/install/champbot_nodes/share/champbot_nodes/local_setup.bash
[0.260s] -- Up-to-date: /home/ibrahim/ChampQuadbot/install/champbot_nodes/share/champbot_nodes/local_setup.sh
[0.261s] -- Up-to-date: /home/ibrahim/ChampQuadbot/install/champbot_nodes/share/champbot_nodes/local_setup.zsh
[0.261s] -- Up-to-date: /home/ibrahim/ChampQuadbot/install/champbot_nodes/share/champbot_nodes/local_setup.dsv
[0.262s] -- Up-to-date: /home/ibrahim/ChampQuadbot/install/champbot_nodes/share/champbot_nodes/package.dsv
[0.263s] -- Up-to-date: /home/ibrahim/ChampQuadbot/install/champbot_nodes/share/ament_index/resource_index/packages/champbot_nodes
[0.264s] -- Up-to-date: /home/ibrahim/ChampQuadbot/install/champbot_nodes/share/champbot_nodes/cmake/champbot_nodesConfig.cmake
[0.264s] -- Up-to-date: /home/ibrahim/ChampQuadbot/install/champbot_nodes/share/champbot_nodes/cmake/champbot_nodesConfig-version.cmake
[0.265s] -- Up-to-date: /home/ibrahim/ChampQuadbot/install/champbot_nodes/share/champbot_nodes/package.xml
[0.292s] Invoked command in '/home/ibrahim/ChampQuadbot/build/champbot_nodes' returned '0': CMAKE_PREFIX_PATH=${CMAKE_PREFIX_PATH}:/home/ibrahim/RobotArm/install/main_arm_package:/home/ibrahim/RobotArm/install/action_interfaces:/opt/ros/humble /usr/bin/cmake --install /home/ibrahim/ChampQuadbot/build/champbot_nodes
