[0.459s] Invoking command in '/home/ibrahim/ChampQuadbot/build/champ_bringup': AMENT_PREFIX_PATH=/home/ibrahim/ChampQuadbot/install/champ_base:/home/ibrahim/ChampQuadbot/install/champ_msgs:/home/ibrahim/ChampQuadbot/install/champ_description:/home/ibrahim/ChampQuadbot/install/champ:${AMENT_PREFIX_PATH} CMAKE_PREFIX_PATH=/home/ibrahim/ChampQuadbot/install/champ_base:/home/ibrahim/ChampQuadbot/install/champ_msgs:/home/ibrahim/ChampQuadbot/install/champ_description:/home/ibrahim/ChampQuadbot/install/champ:/home/ibrahim/RobotArmExpanded/install/main_arm_package:/home/ibrahim/RobotArmExpanded/install/action_interfaces:/home/ibrahim/MoveItArm/install/moveit_config:/home/ibrahim/MoveItArm/install/moveit_arm_package:/home/ibrahim/TF2Sample/install/tf2sim:/home/ibrahim/RobotNav/install/main_robot_nodes:/home/ibrahim/RobotNav/install/action_interfaces:/home/ibrahim/RobotMonitor/install/Robot3Node_Package:/home/ibrahim/ros2_ws/install/my_first_package:/home/ibrahim/ros2_ws/install/action_interfaces:/home/ibrahim/RobotArm/install/main_arm_package:/home/ibrahim/RobotArm/install/action_interfaces:/opt/ros/humble LD_LIBRARY_PATH=/home/ibrahim/ChampQuadbot/install/champ_base/lib:/home/ibrahim/ChampQuadbot/install/champ_msgs/lib:${LD_LIBRARY_PATH} PATH=/home/ibrahim/ChampQuadbot/install/champ_base/bin:${PATH} PYTHONPATH=/home/ibrahim/ChampQuadbot/install/champ_msgs/local/lib/python3.10/dist-packages:${PYTHONPATH} /usr/bin/cmake --build /home/ibrahim/ChampQuadbot/build/champ_bringup -- -j16 -l16
[0.563s] Built target ament_cmake_python_copy_champ_bringup
[0.813s] running egg_info
[0.814s] writing champ_bringup.egg-info/PKG-INFO
[0.815s] writing dependency_links to champ_bringup.egg-info/dependency_links.txt
[0.815s] writing top-level names to champ_bringup.egg-info/top_level.txt
[0.817s] reading manifest file 'champ_bringup.egg-info/SOURCES.txt'
[0.818s] writing manifest file 'champ_bringup.egg-info/SOURCES.txt'
[0.850s] Built target ament_cmake_python_build_champ_bringup_egg
[0.868s] Invoked command in '/home/ibrahim/ChampQuadbot/build/champ_bringup' returned '0': AMENT_PREFIX_PATH=/home/ibrahim/ChampQuadbot/install/champ_base:/home/ibrahim/ChampQuadbot/install/champ_msgs:/home/ibrahim/ChampQuadbot/install/champ_description:/home/ibrahim/ChampQuadbot/install/champ:${AMENT_PREFIX_PATH} CMAKE_PREFIX_PATH=/home/ibrahim/ChampQuadbot/install/champ_base:/home/ibrahim/ChampQuadbot/install/champ_msgs:/home/ibrahim/ChampQuadbot/install/champ_description:/home/ibrahim/ChampQuadbot/install/champ:/home/ibrahim/RobotArmExpanded/install/main_arm_package:/home/ibrahim/RobotArmExpanded/install/action_interfaces:/home/ibrahim/MoveItArm/install/moveit_config:/home/ibrahim/MoveItArm/install/moveit_arm_package:/home/ibrahim/TF2Sample/install/tf2sim:/home/ibrahim/RobotNav/install/main_robot_nodes:/home/ibrahim/RobotNav/install/action_interfaces:/home/ibrahim/RobotMonitor/install/Robot3Node_Package:/home/ibrahim/ros2_ws/install/my_first_package:/home/ibrahim/ros2_ws/install/action_interfaces:/home/ibrahim/RobotArm/install/main_arm_package:/home/ibrahim/RobotArm/install/action_interfaces:/opt/ros/humble LD_LIBRARY_PATH=/home/ibrahim/ChampQuadbot/install/champ_base/lib:/home/ibrahim/ChampQuadbot/install/champ_msgs/lib:${LD_LIBRARY_PATH} PATH=/home/ibrahim/ChampQuadbot/install/champ_base/bin:${PATH} PYTHONPATH=/home/ibrahim/ChampQuadbot/install/champ_msgs/local/lib/python3.10/dist-packages:${PYTHONPATH} /usr/bin/cmake --build /home/ibrahim/ChampQuadbot/build/champ_bringup -- -j16 -l16
[0.871s] Invoking command in '/home/ibrahim/ChampQuadbot/build/champ_bringup': AMENT_PREFIX_PATH=/home/ibrahim/ChampQuadbot/install/champ_base:/home/ibrahim/ChampQuadbot/install/champ_msgs:/home/ibrahim/ChampQuadbot/install/champ_description:/home/ibrahim/ChampQuadbot/install/champ:${AMENT_PREFIX_PATH} CMAKE_PREFIX_PATH=/home/ibrahim/ChampQuadbot/install/champ_base:/home/ibrahim/ChampQuadbot/install/champ_msgs:/home/ibrahim/ChampQuadbot/install/champ_description:/home/ibrahim/ChampQuadbot/install/champ:/home/ibrahim/RobotArmExpanded/install/main_arm_package:/home/ibrahim/RobotArmExpanded/install/action_interfaces:/home/ibrahim/MoveItArm/install/moveit_config:/home/ibrahim/MoveItArm/install/moveit_arm_package:/home/ibrahim/TF2Sample/install/tf2sim:/home/ibrahim/RobotNav/install/main_robot_nodes:/home/ibrahim/RobotNav/install/action_interfaces:/home/ibrahim/RobotMonitor/install/Robot3Node_Package:/home/ibrahim/ros2_ws/install/my_first_package:/home/ibrahim/ros2_ws/install/action_interfaces:/home/ibrahim/RobotArm/install/main_arm_package:/home/ibrahim/RobotArm/install/action_interfaces:/opt/ros/humble LD_LIBRARY_PATH=/home/ibrahim/ChampQuadbot/install/champ_base/lib:/home/ibrahim/ChampQuadbot/install/champ_msgs/lib:${LD_LIBRARY_PATH} PATH=/home/ibrahim/ChampQuadbot/install/champ_base/bin:${PATH} PYTHONPATH=/home/ibrahim/ChampQuadbot/install/champ_msgs/local/lib/python3.10/dist-packages:${PYTHONPATH} /usr/bin/cmake --install /home/ibrahim/ChampQuadbot/build/champ_bringup
[0.882s] -- Install configuration: ""
[0.883s] -- Up-to-date: /home/ibrahim/ChampQuadbot/install/champ_bringup/share/champ_bringup/launch
[0.883s] -- Up-to-date: /home/ibrahim/ChampQuadbot/install/champ_bringup/share/champ_bringup/launch/include
[0.883s] -- Up-to-date: /home/ibrahim/ChampQuadbot/install/champ_bringup/share/champ_bringup/launch/include/velocity_smoother.launch
[0.883s] -- Up-to-date: /home/ibrahim/ChampQuadbot/install/champ_bringup/share/champ_bringup/launch/include/laser
[0.883s] -- Up-to-date: /home/ibrahim/ChampQuadbot/install/champ_bringup/share/champ_bringup/launch/include/laser/lms1xx.launch
[0.884s] -- Up-to-date: /home/ibrahim/ChampQuadbot/install/champ_bringup/share/champ_bringup/launch/include/laser/xv11.launch
[0.884s] -- Up-to-date: /home/ibrahim/ChampQuadbot/install/champ_bringup/share/champ_bringup/launch/include/laser/ydlidar.launch
[0.884s] -- Up-to-date: /home/ibrahim/ChampQuadbot/install/champ_bringup/share/champ_bringup/launch/include/laser/sweep.launch
[0.884s] -- Up-to-date: /home/ibrahim/ChampQuadbot/install/champ_bringup/share/champ_bringup/launch/include/laser/kinect.launch
[0.884s] -- Up-to-date: /home/ibrahim/ChampQuadbot/install/champ_bringup/share/champ_bringup/launch/include/laser/rplidar.launch
[0.884s] -- Up-to-date: /home/ibrahim/ChampQuadbot/install/champ_bringup/share/champ_bringup/launch/include/laser/hokuyo.launch
[0.884s] -- Up-to-date: /home/ibrahim/ChampQuadbot/install/champ_bringup/share/champ_bringup/launch/include/laser/d435.launch
[0.884s] -- Up-to-date: /home/ibrahim/ChampQuadbot/install/champ_bringup/share/champ_bringup/launch/include/laser/sim.launch
[0.884s] -- Up-to-date: /home/ibrahim/ChampQuadbot/install/champ_bringup/share/champ_bringup/launch/include/laser/realsense.launch
[0.884s] -- Up-to-date: /home/ibrahim/ChampQuadbot/install/champ_bringup/share/champ_bringup/launch/bringup.launch.py
[0.884s] -- Up-to-date: /home/ibrahim/ChampQuadbot/install/champ_bringup/share/champ_bringup/launch/joints_gui.launch
[0.884s] -- Up-to-date: /home/ibrahim/ChampQuadbot/install/champ_bringup/share/champ_bringup/launch/bringup.launch
[0.885s] -- Up-to-date: /home/ibrahim/ChampQuadbot/install/champ_bringup/share/champ_bringup/launch/joints_gui.launch.py
[0.885s] -- Up-to-date: /home/ibrahim/ChampQuadbot/install/champ_bringup/share/champ_bringup/environment/pythonpath.sh
[0.885s] -- Up-to-date: /home/ibrahim/ChampQuadbot/install/champ_bringup/share/champ_bringup/environment/pythonpath.dsv
[0.885s] -- Up-to-date: /home/ibrahim/ChampQuadbot/install/champ_bringup/local/lib/python3.10/dist-packages/champ_bringup-0.1.0-py3.10.egg-info
[0.885s] -- Installing: /home/ibrahim/ChampQuadbot/install/champ_bringup/local/lib/python3.10/dist-packages/champ_bringup-0.1.0-py3.10.egg-info/top_level.txt
[0.885s] -- Installing: /home/ibrahim/ChampQuadbot/install/champ_bringup/local/lib/python3.10/dist-packages/champ_bringup-0.1.0-py3.10.egg-info/PKG-INFO
[0.885s] -- Installing: /home/ibrahim/ChampQuadbot/install/champ_bringup/local/lib/python3.10/dist-packages/champ_bringup-0.1.0-py3.10.egg-info/dependency_links.txt
[0.885s] -- Installing: /home/ibrahim/ChampQuadbot/install/champ_bringup/local/lib/python3.10/dist-packages/champ_bringup-0.1.0-py3.10.egg-info/SOURCES.txt
[0.885s] -- Up-to-date: /home/ibrahim/ChampQuadbot/install/champ_bringup/local/lib/python3.10/dist-packages/champ_bringup
[0.886s] -- Up-to-date: /home/ibrahim/ChampQuadbot/install/champ_bringup/local/lib/python3.10/dist-packages/champ_bringup/joint_calibrator_relay.py
[0.886s] -- Up-to-date: /home/ibrahim/ChampQuadbot/install/champ_bringup/local/lib/python3.10/dist-packages/champ_bringup/__init__.py
[0.918s] Listing '/home/ibrahim/ChampQuadbot/install/champ_bringup/local/lib/python3.10/dist-packages/champ_bringup'...
[0.923s] -- Up-to-date: /home/ibrahim/ChampQuadbot/install/champ_bringup/lib/champ_bringup/joint_calibrator_relay.py
[0.923s] -- Up-to-date: /home/ibrahim/ChampQuadbot/install/champ_bringup/share/ament_index/resource_index/package_run_dependencies/champ_bringup
[0.924s] -- Up-to-date: /home/ibrahim/ChampQuadbot/install/champ_bringup/share/ament_index/resource_index/parent_prefix_path/champ_bringup
[0.924s] -- Up-to-date: /home/ibrahim/ChampQuadbot/install/champ_bringup/share/champ_bringup/environment/ament_prefix_path.sh
[0.924s] -- Up-to-date: /home/ibrahim/ChampQuadbot/install/champ_bringup/share/champ_bringup/environment/ament_prefix_path.dsv
[0.924s] -- Up-to-date: /home/ibrahim/ChampQuadbot/install/champ_bringup/share/champ_bringup/environment/path.sh
[0.924s] -- Up-to-date: /home/ibrahim/ChampQuadbot/install/champ_bringup/share/champ_bringup/environment/path.dsv
[0.924s] -- Up-to-date: /home/ibrahim/ChampQuadbot/install/champ_bringup/share/champ_bringup/local_setup.bash
[0.924s] -- Up-to-date: /home/ibrahim/ChampQuadbot/install/champ_bringup/share/champ_bringup/local_setup.sh
[0.924s] -- Up-to-date: /home/ibrahim/ChampQuadbot/install/champ_bringup/share/champ_bringup/local_setup.zsh
[0.924s] -- Up-to-date: /home/ibrahim/ChampQuadbot/install/champ_bringup/share/champ_bringup/local_setup.dsv
[0.924s] -- Installing: /home/ibrahim/ChampQuadbot/install/champ_bringup/share/champ_bringup/package.dsv
[0.925s] -- Up-to-date: /home/ibrahim/ChampQuadbot/install/champ_bringup/share/ament_index/resource_index/packages/champ_bringup
[0.925s] -- Up-to-date: /home/ibrahim/ChampQuadbot/install/champ_bringup/share/champ_bringup/cmake/champ_bringupConfig.cmake
[0.925s] -- Up-to-date: /home/ibrahim/ChampQuadbot/install/champ_bringup/share/champ_bringup/cmake/champ_bringupConfig-version.cmake
[0.925s] -- Up-to-date: /home/ibrahim/ChampQuadbot/install/champ_bringup/share/champ_bringup/package.xml
[0.929s] Invoked command in '/home/ibrahim/ChampQuadbot/build/champ_bringup' returned '0': AMENT_PREFIX_PATH=/home/ibrahim/ChampQuadbot/install/champ_base:/home/ibrahim/ChampQuadbot/install/champ_msgs:/home/ibrahim/ChampQuadbot/install/champ_description:/home/ibrahim/ChampQuadbot/install/champ:${AMENT_PREFIX_PATH} CMAKE_PREFIX_PATH=/home/ibrahim/ChampQuadbot/install/champ_base:/home/ibrahim/ChampQuadbot/install/champ_msgs:/home/ibrahim/ChampQuadbot/install/champ_description:/home/ibrahim/ChampQuadbot/install/champ:/home/ibrahim/RobotArmExpanded/install/main_arm_package:/home/ibrahim/RobotArmExpanded/install/action_interfaces:/home/ibrahim/MoveItArm/install/moveit_config:/home/ibrahim/MoveItArm/install/moveit_arm_package:/home/ibrahim/TF2Sample/install/tf2sim:/home/ibrahim/RobotNav/install/main_robot_nodes:/home/ibrahim/RobotNav/install/action_interfaces:/home/ibrahim/RobotMonitor/install/Robot3Node_Package:/home/ibrahim/ros2_ws/install/my_first_package:/home/ibrahim/ros2_ws/install/action_interfaces:/home/ibrahim/RobotArm/install/main_arm_package:/home/ibrahim/RobotArm/install/action_interfaces:/opt/ros/humble LD_LIBRARY_PATH=/home/ibrahim/ChampQuadbot/install/champ_base/lib:/home/ibrahim/ChampQuadbot/install/champ_msgs/lib:${LD_LIBRARY_PATH} PATH=/home/ibrahim/ChampQuadbot/install/champ_base/bin:${PATH} PYTHONPATH=/home/ibrahim/ChampQuadbot/install/champ_msgs/local/lib/python3.10/dist-packages:${PYTHONPATH} /usr/bin/cmake --install /home/ibrahim/ChampQuadbot/build/champ_bringup
