[0.397s] Invoking command in '/home/ibrahim/ChampQuadbot/build/champ_gazebo': AMENT_PREFIX_PATH=/home/ibrahim/ChampQuadbot/install/champ_msgs:/home/ibrahim/ChampQuadbot/install/champ:${AMENT_PREFIX_PATH} CMAKE_PREFIX_PATH=/home/ibrahim/ChampQuadbot/install/champ_msgs:/home/ibrahim/ChampQuadbot/install/champ:/home/ibrahim/RobotArmExpanded/install/main_arm_package:/home/ibrahim/RobotArmExpanded/install/action_interfaces:/home/ibrahim/MoveItArm/install/moveit_config:/home/ibrahim/MoveItArm/install/moveit_arm_package:/home/ibrahim/TF2Sample/install/tf2sim:/home/ibrahim/RobotNav/install/main_robot_nodes:/home/ibrahim/RobotNav/install/action_interfaces:/home/ibrahim/RobotMonitor/install/Robot3Node_Package:/home/ibrahim/ros2_ws/install/my_first_package:/home/ibrahim/ros2_ws/install/action_interfaces:/home/ibrahim/RobotArm/install/main_arm_package:/home/ibrahim/RobotArm/install/action_interfaces:/opt/ros/humble LD_LIBRARY_PATH=/home/ibrahim/ChampQuadbot/install/champ_msgs/lib:${LD_LIBRARY_PATH} PYTHONPATH=/home/ibrahim/ChampQuadbot/install/champ_msgs/local/lib/python3.10/dist-packages:${PYTHONPATH} /usr/bin/cmake --build /home/ibrahim/ChampQuadbot/build/champ_gazebo -- -j16 -l16
[1.019s] [100%] Built target contact_sensor
[1.096s] Invoked command in '/home/ibrahim/ChampQuadbot/build/champ_gazebo' returned '0': AMENT_PREFIX_PATH=/home/ibrahim/ChampQuadbot/install/champ_msgs:/home/ibrahim/ChampQuadbot/install/champ:${AMENT_PREFIX_PATH} CMAKE_PREFIX_PATH=/home/ibrahim/ChampQuadbot/install/champ_msgs:/home/ibrahim/ChampQuadbot/install/champ:/home/ibrahim/RobotArmExpanded/install/main_arm_package:/home/ibrahim/RobotArmExpanded/install/action_interfaces:/home/ibrahim/MoveItArm/install/moveit_config:/home/ibrahim/MoveItArm/install/moveit_arm_package:/home/ibrahim/TF2Sample/install/tf2sim:/home/ibrahim/RobotNav/install/main_robot_nodes:/home/ibrahim/RobotNav/install/action_interfaces:/home/ibrahim/RobotMonitor/install/Robot3Node_Package:/home/ibrahim/ros2_ws/install/my_first_package:/home/ibrahim/ros2_ws/install/action_interfaces:/home/ibrahim/RobotArm/install/main_arm_package:/home/ibrahim/RobotArm/install/action_interfaces:/opt/ros/humble LD_LIBRARY_PATH=/home/ibrahim/ChampQuadbot/install/champ_msgs/lib:${LD_LIBRARY_PATH} PYTHONPATH=/home/ibrahim/ChampQuadbot/install/champ_msgs/local/lib/python3.10/dist-packages:${PYTHONPATH} /usr/bin/cmake --build /home/ibrahim/ChampQuadbot/build/champ_gazebo -- -j16 -l16
[1.103s] Invoking command in '/home/ibrahim/ChampQuadbot/build/champ_gazebo': AMENT_PREFIX_PATH=/home/ibrahim/ChampQuadbot/install/champ_msgs:/home/ibrahim/ChampQuadbot/install/champ:${AMENT_PREFIX_PATH} CMAKE_PREFIX_PATH=/home/ibrahim/ChampQuadbot/install/champ_msgs:/home/ibrahim/ChampQuadbot/install/champ:/home/ibrahim/RobotArmExpanded/install/main_arm_package:/home/ibrahim/RobotArmExpanded/install/action_interfaces:/home/ibrahim/MoveItArm/install/moveit_config:/home/ibrahim/MoveItArm/install/moveit_arm_package:/home/ibrahim/TF2Sample/install/tf2sim:/home/ibrahim/RobotNav/install/main_robot_nodes:/home/ibrahim/RobotNav/install/action_interfaces:/home/ibrahim/RobotMonitor/install/Robot3Node_Package:/home/ibrahim/ros2_ws/install/my_first_package:/home/ibrahim/ros2_ws/install/action_interfaces:/home/ibrahim/RobotArm/install/main_arm_package:/home/ibrahim/RobotArm/install/action_interfaces:/opt/ros/humble LD_LIBRARY_PATH=/home/ibrahim/ChampQuadbot/install/champ_msgs/lib:${LD_LIBRARY_PATH} PYTHONPATH=/home/ibrahim/ChampQuadbot/install/champ_msgs/local/lib/python3.10/dist-packages:${PYTHONPATH} /usr/bin/cmake --install /home/ibrahim/ChampQuadbot/build/champ_gazebo
[1.134s] -- Install configuration: ""
[1.135s] -- Up-to-date: /home/ibrahim/ChampQuadbot/install/champ_gazebo/bin/imu_sensor.py
[1.135s] -- Up-to-date: /home/ibrahim/ChampQuadbot/install/champ_gazebo/bin/odometry_tf.py
[1.135s] -- Up-to-date: /home/ibrahim/ChampQuadbot/install/champ_gazebo/bin/odometry.py
[1.136s] -- Up-to-date: /home/ibrahim/ChampQuadbot/install/champ_gazebo/lib/champ_gazebo/contact_sensor
[1.138s] -- Up-to-date: /home/ibrahim/ChampQuadbot/install/champ_gazebo/share/champ_gazebo/launch
[1.138s] -- Up-to-date: /home/ibrahim/ChampQuadbot/install/champ_gazebo/share/champ_gazebo/launch/spawn_robot.launch
[1.139s] -- Up-to-date: /home/ibrahim/ChampQuadbot/install/champ_gazebo/share/champ_gazebo/launch/spawn_world.launch
[1.140s] -- Up-to-date: /home/ibrahim/ChampQuadbot/install/champ_gazebo/share/champ_gazebo/launch/gazebo.launch
[1.141s] -- Up-to-date: /home/ibrahim/ChampQuadbot/install/champ_gazebo/share/champ_gazebo/launch/gazebo.launch.py
[1.141s] -- Up-to-date: /home/ibrahim/ChampQuadbot/install/champ_gazebo/share/champ_gazebo/config
[1.141s] -- Up-to-date: /home/ibrahim/ChampQuadbot/install/champ_gazebo/share/champ_gazebo/config/gazebo.yaml
[1.142s] -- Up-to-date: /home/ibrahim/ChampQuadbot/install/champ_gazebo/share/champ_gazebo/config/ros_control.yaml
[1.142s] -- Up-to-date: /home/ibrahim/ChampQuadbot/install/champ_gazebo/share/champ_gazebo/worlds
[1.142s] -- Up-to-date: /home/ibrahim/ChampQuadbot/install/champ_gazebo/share/champ_gazebo/worlds/playground.world
[1.142s] -- Up-to-date: /home/ibrahim/ChampQuadbot/install/champ_gazebo/share/champ_gazebo/worlds/outdoor.world
[1.143s] -- Up-to-date: /home/ibrahim/ChampQuadbot/install/champ_gazebo/share/champ_gazebo/worlds/default.world
[1.143s] -- Up-to-date: /home/ibrahim/ChampQuadbot/install/champ_gazebo/share/ament_index/resource_index/package_run_dependencies/champ_gazebo
[1.143s] -- Up-to-date: /home/ibrahim/ChampQuadbot/install/champ_gazebo/share/ament_index/resource_index/parent_prefix_path/champ_gazebo
[1.143s] -- Up-to-date: /home/ibrahim/ChampQuadbot/install/champ_gazebo/share/champ_gazebo/environment/ament_prefix_path.sh
[1.143s] -- Up-to-date: /home/ibrahim/ChampQuadbot/install/champ_gazebo/share/champ_gazebo/environment/ament_prefix_path.dsv
[1.144s] -- Up-to-date: /home/ibrahim/ChampQuadbot/install/champ_gazebo/share/champ_gazebo/environment/path.sh
[1.144s] -- Up-to-date: /home/ibrahim/ChampQuadbot/install/champ_gazebo/share/champ_gazebo/environment/path.dsv
[1.144s] -- Up-to-date: /home/ibrahim/ChampQuadbot/install/champ_gazebo/share/champ_gazebo/local_setup.bash
[1.144s] -- Up-to-date: /home/ibrahim/ChampQuadbot/install/champ_gazebo/share/champ_gazebo/local_setup.sh
[1.144s] -- Up-to-date: /home/ibrahim/ChampQuadbot/install/champ_gazebo/share/champ_gazebo/local_setup.zsh
[1.144s] -- Up-to-date: /home/ibrahim/ChampQuadbot/install/champ_gazebo/share/champ_gazebo/local_setup.dsv
[1.144s] -- Installing: /home/ibrahim/ChampQuadbot/install/champ_gazebo/share/champ_gazebo/package.dsv
[1.144s] -- Up-to-date: /home/ibrahim/ChampQuadbot/install/champ_gazebo/share/ament_index/resource_index/packages/champ_gazebo
[1.145s] -- Up-to-date: /home/ibrahim/ChampQuadbot/install/champ_gazebo/share/champ_gazebo/cmake/ament_cmake_export_include_directories-extras.cmake
[1.145s] -- Up-to-date: /home/ibrahim/ChampQuadbot/install/champ_gazebo/share/champ_gazebo/cmake/ament_cmake_export_dependencies-extras.cmake
[1.145s] -- Up-to-date: /home/ibrahim/ChampQuadbot/install/champ_gazebo/share/champ_gazebo/cmake/champ_gazeboConfig.cmake
[1.145s] -- Up-to-date: /home/ibrahim/ChampQuadbot/install/champ_gazebo/share/champ_gazebo/cmake/champ_gazeboConfig-version.cmake
[1.145s] -- Up-to-date: /home/ibrahim/ChampQuadbot/install/champ_gazebo/share/champ_gazebo/package.xml
[1.152s] Invoked command in '/home/ibrahim/ChampQuadbot/build/champ_gazebo' returned '0': AMENT_PREFIX_PATH=/home/ibrahim/ChampQuadbot/install/champ_msgs:/home/ibrahim/ChampQuadbot/install/champ:${AMENT_PREFIX_PATH} CMAKE_PREFIX_PATH=/home/ibrahim/ChampQuadbot/install/champ_msgs:/home/ibrahim/ChampQuadbot/install/champ:/home/ibrahim/RobotArmExpanded/install/main_arm_package:/home/ibrahim/RobotArmExpanded/install/action_interfaces:/home/ibrahim/MoveItArm/install/moveit_config:/home/ibrahim/MoveItArm/install/moveit_arm_package:/home/ibrahim/TF2Sample/install/tf2sim:/home/ibrahim/RobotNav/install/main_robot_nodes:/home/ibrahim/RobotNav/install/action_interfaces:/home/ibrahim/RobotMonitor/install/Robot3Node_Package:/home/ibrahim/ros2_ws/install/my_first_package:/home/ibrahim/ros2_ws/install/action_interfaces:/home/ibrahim/RobotArm/install/main_arm_package:/home/ibrahim/RobotArm/install/action_interfaces:/opt/ros/humble LD_LIBRARY_PATH=/home/ibrahim/ChampQuadbot/install/champ_msgs/lib:${LD_LIBRARY_PATH} PYTHONPATH=/home/ibrahim/ChampQuadbot/install/champ_msgs/local/lib/python3.10/dist-packages:${PYTHONPATH} /usr/bin/cmake --install /home/ibrahim/ChampQuadbot/build/champ_gazebo
