[0.066s] Invoking command in '/home/ibrahim/ChampQuadbot/build/champ_navigation': CMAKE_PREFIX_PATH=${CMAKE_PREFIX_PATH}:/home/ibrahim/RobotArm/install/main_arm_package:/home/ibrahim/RobotArm/install/action_interfaces:/opt/ros/humble /usr/bin/cmake /home/ibrahim/ChampQuadbot/src/champ/champ_navigation -DCMAKE_INSTALL_PREFIX=/home/ibrahim/ChampQuadbot/install/champ_navigation
[0.304s] -- The C compiler identification is GNU 11.4.0
[0.868s] -- The CXX compiler identification is GNU 11.4.0
[1.304s] -- Detecting C compiler ABI info
[1.497s] -- Detecting C compiler ABI info - done
[1.505s] -- Check for working C compiler: /usr/bin/cc - skipped
[1.506s] -- Detecting C compile features
[1.506s] -- Detecting C compile features - done
[1.509s] -- Detecting CXX compiler ABI info
[1.715s] -- Detecting CXX compiler ABI info - done
[1.722s] -- Check for working CXX compiler: /usr/bin/c++ - skipped
[1.723s] -- Detecting CXX compile features
[1.723s] -- Detecting CXX compile features - done
[1.744s] -- Found ament_cmake: 1.3.14 (/opt/ros/humble/share/ament_cmake/cmake)
[1.983s] -- Found Python3: /usr/bin/python3 (found version "3.10.12") found components: Interpreter 
[2.244s] -- Configuring done
[2.252s] -- Generating done
[2.256s] -- Build files have been written to: /home/ibrahim/ChampQuadbot/build/champ_navigation
[2.262s] Invoked command in '/home/ibrahim/ChampQuadbot/build/champ_navigation' returned '0': CMAKE_PREFIX_PATH=${CMAKE_PREFIX_PATH}:/home/ibrahim/RobotArm/install/main_arm_package:/home/ibrahim/RobotArm/install/action_interfaces:/opt/ros/humble /usr/bin/cmake /home/ibrahim/ChampQuadbot/src/champ/champ_navigation -DCMAKE_INSTALL_PREFIX=/home/ibrahim/ChampQuadbot/install/champ_navigation
[2.264s] Invoking command in '/home/ibrahim/ChampQuadbot/build/champ_navigation': CMAKE_PREFIX_PATH=${CMAKE_PREFIX_PATH}:/home/ibrahim/RobotArm/install/main_arm_package:/home/ibrahim/RobotArm/install/action_interfaces:/opt/ros/humble /usr/bin/cmake --build /home/ibrahim/ChampQuadbot/build/champ_navigation -- -j16 -l16
[2.326s] Invoked command in '/home/ibrahim/ChampQuadbot/build/champ_navigation' returned '0': CMAKE_PREFIX_PATH=${CMAKE_PREFIX_PATH}:/home/ibrahim/RobotArm/install/main_arm_package:/home/ibrahim/RobotArm/install/action_interfaces:/opt/ros/humble /usr/bin/cmake --build /home/ibrahim/ChampQuadbot/build/champ_navigation -- -j16 -l16
[2.329s] Invoking command in '/home/ibrahim/ChampQuadbot/build/champ_navigation': CMAKE_PREFIX_PATH=${CMAKE_PREFIX_PATH}:/home/ibrahim/RobotArm/install/main_arm_package:/home/ibrahim/RobotArm/install/action_interfaces:/opt/ros/humble /usr/bin/cmake --install /home/ibrahim/ChampQuadbot/build/champ_navigation
[2.338s] -- Install configuration: ""
[2.339s] -- Installing: /home/ibrahim/ChampQuadbot/install/champ_navigation/share/champ_navigation/launch
[2.341s] -- Installing: /home/ibrahim/ChampQuadbot/install/champ_navigation/share/champ_navigation/launch/navigate.launch.py
[2.341s] -- Installing: /home/ibrahim/ChampQuadbot/install/champ_navigation/share/champ_navigation/launch/slam.launch.py
[2.341s] -- Installing: /home/ibrahim/ChampQuadbot/install/champ_navigation/share/champ_navigation/rviz
[2.342s] -- Installing: /home/ibrahim/ChampQuadbot/install/champ_navigation/share/champ_navigation/rviz/slam.rviz
[2.342s] -- Installing: /home/ibrahim/ChampQuadbot/install/champ_navigation/share/champ_navigation/rviz/navigation_minimal.rviz
[2.342s] -- Installing: /home/ibrahim/ChampQuadbot/install/champ_navigation/share/champ_navigation/rviz/navigation.rviz
[2.344s] -- Installing: /home/ibrahim/ChampQuadbot/install/champ_navigation/share/ament_index/resource_index/package_run_dependencies/champ_navigation
[2.345s] -- Installing: /home/ibrahim/ChampQuadbot/install/champ_navigation/share/ament_index/resource_index/parent_prefix_path/champ_navigation
[2.346s] -- Installing: /home/ibrahim/ChampQuadbot/install/champ_navigation/share/champ_navigation/environment/ament_prefix_path.sh
[2.347s] -- Installing: /home/ibrahim/ChampQuadbot/install/champ_navigation/share/champ_navigation/environment/ament_prefix_path.dsv
[2.348s] -- Installing: /home/ibrahim/ChampQuadbot/install/champ_navigation/share/champ_navigation/environment/path.sh
[2.348s] -- Installing: /home/ibrahim/ChampQuadbot/install/champ_navigation/share/champ_navigation/environment/path.dsv
[2.348s] -- Installing: /home/ibrahim/ChampQuadbot/install/champ_navigation/share/champ_navigation/local_setup.bash
[2.348s] -- Installing: /home/ibrahim/ChampQuadbot/install/champ_navigation/share/champ_navigation/local_setup.sh
[2.348s] -- Installing: /home/ibrahim/ChampQuadbot/install/champ_navigation/share/champ_navigation/local_setup.zsh
[2.349s] -- Installing: /home/ibrahim/ChampQuadbot/install/champ_navigation/share/champ_navigation/local_setup.dsv
[2.349s] -- Installing: /home/ibrahim/ChampQuadbot/install/champ_navigation/share/champ_navigation/package.dsv
[2.350s] -- Installing: /home/ibrahim/ChampQuadbot/install/champ_navigation/share/ament_index/resource_index/packages/champ_navigation
[2.351s] -- Installing: /home/ibrahim/ChampQuadbot/install/champ_navigation/share/champ_navigation/cmake/champ_navigationConfig.cmake
[2.352s] -- Installing: /home/ibrahim/ChampQuadbot/install/champ_navigation/share/champ_navigation/cmake/champ_navigationConfig-version.cmake
[2.352s] -- Installing: /home/ibrahim/ChampQuadbot/install/champ_navigation/share/champ_navigation/package.xml
[2.356s] Invoked command in '/home/ibrahim/ChampQuadbot/build/champ_navigation' returned '0': CMAKE_PREFIX_PATH=${CMAKE_PREFIX_PATH}:/home/ibrahim/RobotArm/install/main_arm_package:/home/ibrahim/RobotArm/install/action_interfaces:/opt/ros/humble /usr/bin/cmake --install /home/ibrahim/ChampQuadbot/build/champ_navigation
