[0.242s] Invoking command in '/home/ibrahim/ChampQuadbot/build/champ': CMAKE_PREFIX_PATH=${CMAKE_PREFIX_PATH}:/home/ibrahim/RobotArm/install/main_arm_package:/home/ibrahim/RobotArm/install/action_interfaces:/opt/ros/humble /usr/bin/cmake --build /home/ibrahim/ChampQuadbot/build/champ -- -j16 -l16
[0.656s] Invoked command in '/home/ibrahim/ChampQuadbot/build/champ' returned '0': CMAKE_PREFIX_PATH=${CMAKE_PREFIX_PATH}:/home/ibrahim/RobotArm/install/main_arm_package:/home/ibrahim/RobotArm/install/action_interfaces:/opt/ros/humble /usr/bin/cmake --build /home/ibrahim/ChampQuadbot/build/champ -- -j16 -l16
[0.656s] Invoking command in '/home/ibrahim/ChampQuadbot/build/champ': CMAKE_PREFIX_PATH=${CMAKE_PREFIX_PATH}:/home/ibrahim/RobotArm/install/main_arm_package:/home/ibrahim/RobotArm/install/action_interfaces:/opt/ros/humble /usr/bin/cmake --install /home/ibrahim/ChampQuadbot/build/champ
[0.725s] -- Install configuration: ""
[0.725s] -- Up-to-date: /home/ibrahim/ChampQuadbot/install/champ/include
[0.725s] -- Up-to-date: /home/ibrahim/ChampQuadbot/install/champ/include/champ
[0.726s] -- Up-to-date: /home/ibrahim/ChampQuadbot/install/champ/include/champ/kinematics
[0.726s] -- Up-to-date: /home/ibrahim/ChampQuadbot/install/champ/include/champ/kinematics/kinematics.h
[0.726s] -- Up-to-date: /home/ibrahim/ChampQuadbot/install/champ/include/champ/odometry
[0.727s] -- Up-to-date: /home/ibrahim/ChampQuadbot/install/champ/include/champ/odometry/odometry.h
[0.727s] -- Up-to-date: /home/ibrahim/ChampQuadbot/install/champ/include/champ/quadruped_base
[0.727s] -- Up-to-date: /home/ibrahim/ChampQuadbot/install/champ/include/champ/quadruped_base/quadruped_base.h
[0.727s] -- Up-to-date: /home/ibrahim/ChampQuadbot/install/champ/include/champ/quadruped_base/quadruped_leg.h
[0.728s] -- Up-to-date: /home/ibrahim/ChampQuadbot/install/champ/include/champ/quadruped_base/quadruped_components.h
[0.731s] -- Up-to-date: /home/ibrahim/ChampQuadbot/install/champ/include/champ/quadruped_base/quadruped_joint.h
[0.736s] -- Up-to-date: /home/ibrahim/ChampQuadbot/install/champ/include/champ/bla
[0.737s] -- Up-to-date: /home/ibrahim/ChampQuadbot/install/champ/include/champ/bla/memory_delegate.h
[0.737s] -- Up-to-date: /home/ibrahim/ChampQuadbot/install/champ/include/champ/bla/basic_linear_algebra.h
[0.737s] -- Up-to-date: /home/ibrahim/ChampQuadbot/install/champ/include/champ/LICENSE
[0.737s] -- Up-to-date: /home/ibrahim/ChampQuadbot/install/champ/include/champ/leg_controller
[0.737s] -- Up-to-date: /home/ibrahim/ChampQuadbot/install/champ/include/champ/leg_controller/phase_generator.h
[0.738s] -- Up-to-date: /home/ibrahim/ChampQuadbot/install/champ/include/champ/leg_controller/leg_controller.h
[0.739s] -- Up-to-date: /home/ibrahim/ChampQuadbot/install/champ/include/champ/leg_controller/trajectory_planner.h
[0.739s] -- Up-to-date: /home/ibrahim/ChampQuadbot/install/champ/include/champ/.git
[0.739s] -- Up-to-date: /home/ibrahim/ChampQuadbot/install/champ/include/champ/macros
[0.740s] -- Up-to-date: /home/ibrahim/ChampQuadbot/install/champ/include/champ/macros/macros.h
[0.741s] -- Up-to-date: /home/ibrahim/ChampQuadbot/install/champ/include/champ/README.md
[0.746s] -- Up-to-date: /home/ibrahim/ChampQuadbot/install/champ/include/champ/utils
[0.747s] -- Up-to-date: /home/ibrahim/ChampQuadbot/install/champ/include/champ/utils/xmlrpc_helpers.h
[0.747s] -- Up-to-date: /home/ibrahim/ChampQuadbot/install/champ/include/champ/utils/urdf_loader.h
[0.747s] -- Up-to-date: /home/ibrahim/ChampQuadbot/install/champ/include/champ/geometry
[0.747s] -- Up-to-date: /home/ibrahim/ChampQuadbot/install/champ/include/champ/geometry/geometry.h
[0.747s] -- Up-to-date: /home/ibrahim/ChampQuadbot/install/champ/include/champ/body_controller
[0.747s] -- Up-to-date: /home/ibrahim/ChampQuadbot/install/champ/include/champ/body_controller/body_controller.h
[0.747s] -- Up-to-date: /home/ibrahim/ChampQuadbot/install/champ/share/ament_index/resource_index/package_run_dependencies/champ
[0.748s] -- Up-to-date: /home/ibrahim/ChampQuadbot/install/champ/share/ament_index/resource_index/parent_prefix_path/champ
[0.748s] -- Up-to-date: /home/ibrahim/ChampQuadbot/install/champ/share/champ/environment/ament_prefix_path.sh
[0.748s] -- Up-to-date: /home/ibrahim/ChampQuadbot/install/champ/share/champ/environment/ament_prefix_path.dsv
[0.749s] -- Up-to-date: /home/ibrahim/ChampQuadbot/install/champ/share/champ/environment/path.sh
[0.749s] -- Up-to-date: /home/ibrahim/ChampQuadbot/install/champ/share/champ/environment/path.dsv
[0.749s] -- Up-to-date: /home/ibrahim/ChampQuadbot/install/champ/share/champ/local_setup.bash
[0.760s] -- Up-to-date: /home/ibrahim/ChampQuadbot/install/champ/share/champ/local_setup.sh
[0.761s] -- Up-to-date: /home/ibrahim/ChampQuadbot/install/champ/share/champ/local_setup.zsh
[0.763s] -- Up-to-date: /home/ibrahim/ChampQuadbot/install/champ/share/champ/local_setup.dsv
[0.763s] -- Installing: /home/ibrahim/ChampQuadbot/install/champ/share/champ/package.dsv
[0.770s] -- Up-to-date: /home/ibrahim/ChampQuadbot/install/champ/share/ament_index/resource_index/packages/champ
[0.771s] -- Up-to-date: /home/ibrahim/ChampQuadbot/install/champ/share/champ/cmake/ament_cmake_export_include_directories-extras.cmake
[0.771s] -- Up-to-date: /home/ibrahim/ChampQuadbot/install/champ/share/champ/cmake/champConfig.cmake
[0.771s] -- Up-to-date: /home/ibrahim/ChampQuadbot/install/champ/share/champ/cmake/champConfig-version.cmake
[0.771s] -- Up-to-date: /home/ibrahim/ChampQuadbot/install/champ/share/champ/package.xml
[0.977s] Invoked command in '/home/ibrahim/ChampQuadbot/build/champ' returned '0': CMAKE_PREFIX_PATH=${CMAKE_PREFIX_PATH}:/home/ibrahim/RobotArm/install/main_arm_package:/home/ibrahim/RobotArm/install/action_interfaces:/opt/ros/humble /usr/bin/cmake --install /home/ibrahim/ChampQuadbot/build/champ
