[0.668s] DEBUG:colcon:Command line arguments: ['/usr/bin/colcon', 'build', '--packages-select', 'quadbot_config']
[0.668s] DEBUG:colcon:Parsed command line arguments: Namespace(log_base=None, log_level=None, verb_name='build', build_base='build', install_base='install', merge_install=False, symlink_install=False, test_result_base=None, continue_on_error=False, executor='parallel', parallel_workers=16, event_handlers=None, ignore_user_meta=False, metas=['./colcon.meta'], base_paths=['.'], packages_ignore=None, packages_ignore_regex=None, paths=None, packages_up_to=None, packages_up_to_regex=None, packages_above=None, packages_above_and_dependencies=None, packages_above_depth=None, packages_select_by_dep=None, packages_skip_by_dep=None, packages_skip_up_to=None, packages_select_build_failed=False, packages_skip_build_finished=False, packages_select_test_failures=False, packages_skip_test_passed=False, packages_select=['quadbot_config'], packages_skip=None, packages_select_regex=None, packages_skip_regex=None, packages_start=None, packages_end=None, allow_overriding=[], cmake_args=None, cmake_target=None, cmake_target_skip_unavailable=False, cmake_clean_cache=False, cmake_clean_first=False, cmake_force_configure=False, ament_cmake_args=None, catkin_cmake_args=None, catkin_skip_building_tests=False, verb_parser=<colcon_defaults.argument_parser.defaults.DefaultArgumentsDecorator object at 0x777b040d5180>, verb_extension=<colcon_core.verb.build.BuildVerb object at 0x777b040d4bb0>, main=<bound method BuildVerb.main of <colcon_core.verb.build.BuildVerb object at 0x777b040d4bb0>>)
[1.319s] Level 1:colcon.colcon_core.package_discovery:discover_packages(colcon_meta) check parameters
[1.319s] Level 1:colcon.colcon_core.package_discovery:discover_packages(recursive) check parameters
[1.319s] Level 1:colcon.colcon_core.package_discovery:discover_packages(ignore) check parameters
[1.319s] Level 1:colcon.colcon_core.package_discovery:discover_packages(path) check parameters
[1.319s] Level 1:colcon.colcon_core.package_discovery:discover_packages(colcon_meta) discover
[1.319s] Level 1:colcon.colcon_core.package_discovery:discover_packages(recursive) discover
[1.320s] INFO:colcon.colcon_core.package_discovery:Crawling recursively for packages in '/home/ibrahim/ChampQuadbot'
[1.320s] Level 1:colcon.colcon_core.package_identification:_identify(.) by extensions ['ignore', 'ignore_ament_install']
[1.320s] Level 1:colcon.colcon_core.package_identification:_identify(.) by extension 'ignore'
[1.320s] Level 1:colcon.colcon_core.package_identification:_identify(.) by extension 'ignore_ament_install'
[1.320s] Level 1:colcon.colcon_core.package_identification:_identify(.) by extensions ['colcon_pkg']
[1.320s] Level 1:colcon.colcon_core.package_identification:_identify(.) by extension 'colcon_pkg'
[1.321s] Level 1:colcon.colcon_core.package_identification:_identify(.) by extensions ['colcon_meta']
[1.321s] Level 1:colcon.colcon_core.package_identification:_identify(.) by extension 'colcon_meta'
[1.321s] Level 1:colcon.colcon_core.package_identification:_identify(.) by extensions ['ros']
[1.321s] Level 1:colcon.colcon_core.package_identification:_identify(.) by extension 'ros'
[1.347s] Level 1:colcon.colcon_core.package_identification:_identify(.) by extensions ['cmake', 'python']
[1.348s] Level 1:colcon.colcon_core.package_identification:_identify(.) by extension 'cmake'
[1.348s] Level 1:colcon.colcon_core.package_identification:_identify(.) by extension 'python'
[1.348s] Level 1:colcon.colcon_core.package_identification:_identify(.) by extensions ['python_setup_py']
[1.348s] Level 1:colcon.colcon_core.package_identification:_identify(.) by extension 'python_setup_py'
[1.349s] Level 1:colcon.colcon_core.package_identification:_identify(build) by extensions ['ignore', 'ignore_ament_install']
[1.349s] Level 1:colcon.colcon_core.package_identification:_identify(build) by extension 'ignore'
[1.349s] Level 1:colcon.colcon_core.package_identification:_identify(build) ignored
[1.349s] Level 1:colcon.colcon_core.package_identification:_identify(install) by extensions ['ignore', 'ignore_ament_install']
[1.349s] Level 1:colcon.colcon_core.package_identification:_identify(install) by extension 'ignore'
[1.350s] Level 1:colcon.colcon_core.package_identification:_identify(install) ignored
[1.350s] Level 1:colcon.colcon_core.package_identification:_identify(log) by extensions ['ignore', 'ignore_ament_install']
[1.350s] Level 1:colcon.colcon_core.package_identification:_identify(log) by extension 'ignore'
[1.350s] Level 1:colcon.colcon_core.package_identification:_identify(log) ignored
[1.351s] Level 1:colcon.colcon_core.package_identification:_identify(src) by extensions ['ignore', 'ignore_ament_install']
[1.351s] Level 1:colcon.colcon_core.package_identification:_identify(src) by extension 'ignore'
[1.351s] Level 1:colcon.colcon_core.package_identification:_identify(src) by extension 'ignore_ament_install'
[1.351s] Level 1:colcon.colcon_core.package_identification:_identify(src) by extensions ['colcon_pkg']
[1.351s] Level 1:colcon.colcon_core.package_identification:_identify(src) by extension 'colcon_pkg'
[1.351s] Level 1:colcon.colcon_core.package_identification:_identify(src) by extensions ['colcon_meta']
[1.351s] Level 1:colcon.colcon_core.package_identification:_identify(src) by extension 'colcon_meta'
[1.351s] Level 1:colcon.colcon_core.package_identification:_identify(src) by extensions ['ros']
[1.351s] Level 1:colcon.colcon_core.package_identification:_identify(src) by extension 'ros'
[1.352s] Level 1:colcon.colcon_core.package_identification:_identify(src) by extensions ['cmake', 'python']
[1.352s] Level 1:colcon.colcon_core.package_identification:_identify(src) by extension 'cmake'
[1.352s] Level 1:colcon.colcon_core.package_identification:_identify(src) by extension 'python'
[1.352s] Level 1:colcon.colcon_core.package_identification:_identify(src) by extensions ['python_setup_py']
[1.352s] Level 1:colcon.colcon_core.package_identification:_identify(src) by extension 'python_setup_py'
[1.353s] Level 1:colcon.colcon_core.package_identification:_identify(src/champ) by extensions ['ignore', 'ignore_ament_install']
[1.353s] Level 1:colcon.colcon_core.package_identification:_identify(src/champ) by extension 'ignore'
[1.353s] Level 1:colcon.colcon_core.package_identification:_identify(src/champ) by extension 'ignore_ament_install'
[1.353s] Level 1:colcon.colcon_core.package_identification:_identify(src/champ) by extensions ['colcon_pkg']
[1.353s] Level 1:colcon.colcon_core.package_identification:_identify(src/champ) by extension 'colcon_pkg'
[1.353s] Level 1:colcon.colcon_core.package_identification:_identify(src/champ) by extensions ['colcon_meta']
[1.353s] Level 1:colcon.colcon_core.package_identification:_identify(src/champ) by extension 'colcon_meta'
[1.353s] Level 1:colcon.colcon_core.package_identification:_identify(src/champ) by extensions ['ros']
[1.353s] Level 1:colcon.colcon_core.package_identification:_identify(src/champ) by extension 'ros'
[1.353s] Level 1:colcon.colcon_core.package_identification:_identify(src/champ) by extensions ['cmake', 'python']
[1.354s] Level 1:colcon.colcon_core.package_identification:_identify(src/champ) by extension 'cmake'
[1.354s] Level 1:colcon.colcon_core.package_identification:_identify(src/champ) by extension 'python'
[1.354s] Level 1:colcon.colcon_core.package_identification:_identify(src/champ) by extensions ['python_setup_py']
[1.354s] Level 1:colcon.colcon_core.package_identification:_identify(src/champ) by extension 'python_setup_py'
[1.354s] Level 1:colcon.colcon_core.package_identification:_identify(src/champ/champ) by extensions ['ignore', 'ignore_ament_install']
[1.354s] Level 1:colcon.colcon_core.package_identification:_identify(src/champ/champ) by extension 'ignore'
[1.355s] Level 1:colcon.colcon_core.package_identification:_identify(src/champ/champ) by extension 'ignore_ament_install'
[1.355s] Level 1:colcon.colcon_core.package_identification:_identify(src/champ/champ) by extensions ['colcon_pkg']
[1.355s] Level 1:colcon.colcon_core.package_identification:_identify(src/champ/champ) by extension 'colcon_pkg'
[1.355s] Level 1:colcon.colcon_core.package_identification:_identify(src/champ/champ) by extensions ['colcon_meta']
[1.355s] Level 1:colcon.colcon_core.package_identification:_identify(src/champ/champ) by extension 'colcon_meta'
[1.355s] Level 1:colcon.colcon_core.package_identification:_identify(src/champ/champ) by extensions ['ros']
[1.356s] Level 1:colcon.colcon_core.package_identification:_identify(src/champ/champ) by extension 'ros'
[1.366s] DEBUG:colcon.colcon_core.package_identification:Package 'src/champ/champ' with type 'ros.ament_cmake' and name 'champ'
[1.366s] Level 1:colcon.colcon_core.package_identification:_identify(src/champ/champ_base) by extensions ['ignore', 'ignore_ament_install']
[1.366s] Level 1:colcon.colcon_core.package_identification:_identify(src/champ/champ_base) by extension 'ignore'
[1.367s] Level 1:colcon.colcon_core.package_identification:_identify(src/champ/champ_base) by extension 'ignore_ament_install'
[1.367s] Level 1:colcon.colcon_core.package_identification:_identify(src/champ/champ_base) by extensions ['colcon_pkg']
[1.367s] Level 1:colcon.colcon_core.package_identification:_identify(src/champ/champ_base) by extension 'colcon_pkg'
[1.367s] Level 1:colcon.colcon_core.package_identification:_identify(src/champ/champ_base) by extensions ['colcon_meta']
[1.367s] Level 1:colcon.colcon_core.package_identification:_identify(src/champ/champ_base) by extension 'colcon_meta'
[1.367s] Level 1:colcon.colcon_core.package_identification:_identify(src/champ/champ_base) by extensions ['ros']
[1.367s] Level 1:colcon.colcon_core.package_identification:_identify(src/champ/champ_base) by extension 'ros'
[1.369s] DEBUG:colcon.colcon_core.package_identification:Package 'src/champ/champ_base' with type 'ros.ament_cmake' and name 'champ_base'
[1.370s] Level 1:colcon.colcon_core.package_identification:_identify(src/champ/champ_bringup) by extensions ['ignore', 'ignore_ament_install']
[1.370s] Level 1:colcon.colcon_core.package_identification:_identify(src/champ/champ_bringup) by extension 'ignore'
[1.370s] Level 1:colcon.colcon_core.package_identification:_identify(src/champ/champ_bringup) by extension 'ignore_ament_install'
[1.370s] Level 1:colcon.colcon_core.package_identification:_identify(src/champ/champ_bringup) by extensions ['colcon_pkg']
[1.370s] Level 1:colcon.colcon_core.package_identification:_identify(src/champ/champ_bringup) by extension 'colcon_pkg'
[1.370s] Level 1:colcon.colcon_core.package_identification:_identify(src/champ/champ_bringup) by extensions ['colcon_meta']
[1.370s] Level 1:colcon.colcon_core.package_identification:_identify(src/champ/champ_bringup) by extension 'colcon_meta'
[1.370s] Level 1:colcon.colcon_core.package_identification:_identify(src/champ/champ_bringup) by extensions ['ros']
[1.370s] Level 1:colcon.colcon_core.package_identification:_identify(src/champ/champ_bringup) by extension 'ros'
[1.372s] DEBUG:colcon.colcon_core.package_identification:Package 'src/champ/champ_bringup' with type 'ros.ament_cmake' and name 'champ_bringup'
[1.372s] Level 1:colcon.colcon_core.package_identification:_identify(src/champ/champ_config) by extensions ['ignore', 'ignore_ament_install']
[1.373s] Level 1:colcon.colcon_core.package_identification:_identify(src/champ/champ_config) by extension 'ignore'
[1.373s] Level 1:colcon.colcon_core.package_identification:_identify(src/champ/champ_config) by extension 'ignore_ament_install'
[1.373s] Level 1:colcon.colcon_core.package_identification:_identify(src/champ/champ_config) by extensions ['colcon_pkg']
[1.373s] Level 1:colcon.colcon_core.package_identification:_identify(src/champ/champ_config) by extension 'colcon_pkg'
[1.373s] Level 1:colcon.colcon_core.package_identification:_identify(src/champ/champ_config) by extensions ['colcon_meta']
[1.373s] Level 1:colcon.colcon_core.package_identification:_identify(src/champ/champ_config) by extension 'colcon_meta'
[1.373s] Level 1:colcon.colcon_core.package_identification:_identify(src/champ/champ_config) by extensions ['ros']
[1.373s] Level 1:colcon.colcon_core.package_identification:_identify(src/champ/champ_config) by extension 'ros'
[1.375s] DEBUG:colcon.colcon_core.package_identification:Package 'src/champ/champ_config' with type 'ros.ament_cmake' and name 'champ_config'
[1.375s] Level 1:colcon.colcon_core.package_identification:_identify(src/champ/champ_description) by extensions ['ignore', 'ignore_ament_install']
[1.375s] Level 1:colcon.colcon_core.package_identification:_identify(src/champ/champ_description) by extension 'ignore'
[1.375s] Level 1:colcon.colcon_core.package_identification:_identify(src/champ/champ_description) by extension 'ignore_ament_install'
[1.376s] Level 1:colcon.colcon_core.package_identification:_identify(src/champ/champ_description) by extensions ['colcon_pkg']
[1.376s] Level 1:colcon.colcon_core.package_identification:_identify(src/champ/champ_description) by extension 'colcon_pkg'
[1.376s] Level 1:colcon.colcon_core.package_identification:_identify(src/champ/champ_description) by extensions ['colcon_meta']
[1.376s] Level 1:colcon.colcon_core.package_identification:_identify(src/champ/champ_description) by extension 'colcon_meta'
[1.376s] Level 1:colcon.colcon_core.package_identification:_identify(src/champ/champ_description) by extensions ['ros']
[1.376s] Level 1:colcon.colcon_core.package_identification:_identify(src/champ/champ_description) by extension 'ros'
[1.377s] DEBUG:colcon.colcon_core.package_identification:Package 'src/champ/champ_description' with type 'ros.ament_cmake' and name 'champ_description'
[1.377s] Level 1:colcon.colcon_core.package_identification:_identify(src/champ/champ_gazebo) by extensions ['ignore', 'ignore_ament_install']
[1.378s] Level 1:colcon.colcon_core.package_identification:_identify(src/champ/champ_gazebo) by extension 'ignore'
[1.378s] Level 1:colcon.colcon_core.package_identification:_identify(src/champ/champ_gazebo) by extension 'ignore_ament_install'
[1.378s] Level 1:colcon.colcon_core.package_identification:_identify(src/champ/champ_gazebo) by extensions ['colcon_pkg']
[1.378s] Level 1:colcon.colcon_core.package_identification:_identify(src/champ/champ_gazebo) by extension 'colcon_pkg'
[1.378s] Level 1:colcon.colcon_core.package_identification:_identify(src/champ/champ_gazebo) by extensions ['colcon_meta']
[1.378s] Level 1:colcon.colcon_core.package_identification:_identify(src/champ/champ_gazebo) by extension 'colcon_meta'
[1.378s] Level 1:colcon.colcon_core.package_identification:_identify(src/champ/champ_gazebo) by extensions ['ros']
[1.378s] Level 1:colcon.colcon_core.package_identification:_identify(src/champ/champ_gazebo) by extension 'ros'
[1.380s] DEBUG:colcon.colcon_core.package_identification:Package 'src/champ/champ_gazebo' with type 'ros.ament_cmake' and name 'champ_gazebo'
[1.380s] Level 1:colcon.colcon_core.package_identification:_identify(src/champ/champ_msgs) by extensions ['ignore', 'ignore_ament_install']
[1.380s] Level 1:colcon.colcon_core.package_identification:_identify(src/champ/champ_msgs) by extension 'ignore'
[1.380s] Level 1:colcon.colcon_core.package_identification:_identify(src/champ/champ_msgs) by extension 'ignore_ament_install'
[1.380s] Level 1:colcon.colcon_core.package_identification:_identify(src/champ/champ_msgs) by extensions ['colcon_pkg']
[1.381s] Level 1:colcon.colcon_core.package_identification:_identify(src/champ/champ_msgs) by extension 'colcon_pkg'
[1.381s] Level 1:colcon.colcon_core.package_identification:_identify(src/champ/champ_msgs) by extensions ['colcon_meta']
[1.381s] Level 1:colcon.colcon_core.package_identification:_identify(src/champ/champ_msgs) by extension 'colcon_meta'
[1.381s] Level 1:colcon.colcon_core.package_identification:_identify(src/champ/champ_msgs) by extensions ['ros']
[1.381s] Level 1:colcon.colcon_core.package_identification:_identify(src/champ/champ_msgs) by extension 'ros'
[1.383s] DEBUG:colcon.colcon_core.package_identification:Package 'src/champ/champ_msgs' with type 'ros.ament_cmake' and name 'champ_msgs'
[1.383s] Level 1:colcon.colcon_core.package_identification:_identify(src/champ/champ_navigation) by extensions ['ignore', 'ignore_ament_install']
[1.383s] Level 1:colcon.colcon_core.package_identification:_identify(src/champ/champ_navigation) by extension 'ignore'
[1.383s] Level 1:colcon.colcon_core.package_identification:_identify(src/champ/champ_navigation) by extension 'ignore_ament_install'
[1.383s] Level 1:colcon.colcon_core.package_identification:_identify(src/champ/champ_navigation) by extensions ['colcon_pkg']
[1.383s] Level 1:colcon.colcon_core.package_identification:_identify(src/champ/champ_navigation) by extension 'colcon_pkg'
[1.383s] Level 1:colcon.colcon_core.package_identification:_identify(src/champ/champ_navigation) by extensions ['colcon_meta']
[1.384s] Level 1:colcon.colcon_core.package_identification:_identify(src/champ/champ_navigation) by extension 'colcon_meta'
[1.384s] Level 1:colcon.colcon_core.package_identification:_identify(src/champ/champ_navigation) by extensions ['ros']
[1.384s] Level 1:colcon.colcon_core.package_identification:_identify(src/champ/champ_navigation) by extension 'ros'
[1.385s] DEBUG:colcon.colcon_core.package_identification:Package 'src/champ/champ_navigation' with type 'ros.ament_cmake' and name 'champ_navigation'
[1.385s] Level 1:colcon.colcon_core.package_identification:_identify(src/champ/docs) by extensions ['ignore', 'ignore_ament_install']
[1.385s] Level 1:colcon.colcon_core.package_identification:_identify(src/champ/docs) by extension 'ignore'
[1.385s] Level 1:colcon.colcon_core.package_identification:_identify(src/champ/docs) by extension 'ignore_ament_install'
[1.385s] Level 1:colcon.colcon_core.package_identification:_identify(src/champ/docs) by extensions ['colcon_pkg']
[1.385s] Level 1:colcon.colcon_core.package_identification:_identify(src/champ/docs) by extension 'colcon_pkg'
[1.385s] Level 1:colcon.colcon_core.package_identification:_identify(src/champ/docs) by extensions ['colcon_meta']
[1.386s] Level 1:colcon.colcon_core.package_identification:_identify(src/champ/docs) by extension 'colcon_meta'
[1.386s] Level 1:colcon.colcon_core.package_identification:_identify(src/champ/docs) by extensions ['ros']
[1.386s] Level 1:colcon.colcon_core.package_identification:_identify(src/champ/docs) by extension 'ros'
[1.386s] Level 1:colcon.colcon_core.package_identification:_identify(src/champ/docs) by extensions ['cmake', 'python']
[1.386s] Level 1:colcon.colcon_core.package_identification:_identify(src/champ/docs) by extension 'cmake'
[1.386s] Level 1:colcon.colcon_core.package_identification:_identify(src/champ/docs) by extension 'python'
[1.386s] Level 1:colcon.colcon_core.package_identification:_identify(src/champ/docs) by extensions ['python_setup_py']
[1.386s] Level 1:colcon.colcon_core.package_identification:_identify(src/champ/docs) by extension 'python_setup_py'
[1.387s] Level 1:colcon.colcon_core.package_identification:_identify(src/champ/docs/images) by extensions ['ignore', 'ignore_ament_install']
[1.387s] Level 1:colcon.colcon_core.package_identification:_identify(src/champ/docs/images) by extension 'ignore'
[1.387s] Level 1:colcon.colcon_core.package_identification:_identify(src/champ/docs/images) by extension 'ignore_ament_install'
[1.387s] Level 1:colcon.colcon_core.package_identification:_identify(src/champ/docs/images) by extensions ['colcon_pkg']
[1.387s] Level 1:colcon.colcon_core.package_identification:_identify(src/champ/docs/images) by extension 'colcon_pkg'
[1.387s] Level 1:colcon.colcon_core.package_identification:_identify(src/champ/docs/images) by extensions ['colcon_meta']
[1.387s] Level 1:colcon.colcon_core.package_identification:_identify(src/champ/docs/images) by extension 'colcon_meta'
[1.387s] Level 1:colcon.colcon_core.package_identification:_identify(src/champ/docs/images) by extensions ['ros']
[1.387s] Level 1:colcon.colcon_core.package_identification:_identify(src/champ/docs/images) by extension 'ros'
[1.387s] Level 1:colcon.colcon_core.package_identification:_identify(src/champ/docs/images) by extensions ['cmake', 'python']
[1.387s] Level 1:colcon.colcon_core.package_identification:_identify(src/champ/docs/images) by extension 'cmake'
[1.388s] Level 1:colcon.colcon_core.package_identification:_identify(src/champ/docs/images) by extension 'python'
[1.388s] Level 1:colcon.colcon_core.package_identification:_identify(src/champ/docs/images) by extensions ['python_setup_py']
[1.388s] Level 1:colcon.colcon_core.package_identification:_identify(src/champ/docs/images) by extension 'python_setup_py'
[1.388s] Level 1:colcon.colcon_core.package_identification:_identify(src/champ_teleop) by extensions ['ignore', 'ignore_ament_install']
[1.388s] Level 1:colcon.colcon_core.package_identification:_identify(src/champ_teleop) by extension 'ignore'
[1.388s] Level 1:colcon.colcon_core.package_identification:_identify(src/champ_teleop) by extension 'ignore_ament_install'
[1.389s] Level 1:colcon.colcon_core.package_identification:_identify(src/champ_teleop) by extensions ['colcon_pkg']
[1.389s] Level 1:colcon.colcon_core.package_identification:_identify(src/champ_teleop) by extension 'colcon_pkg'
[1.389s] Level 1:colcon.colcon_core.package_identification:_identify(src/champ_teleop) by extensions ['colcon_meta']
[1.389s] Level 1:colcon.colcon_core.package_identification:_identify(src/champ_teleop) by extension 'colcon_meta'
[1.389s] Level 1:colcon.colcon_core.package_identification:_identify(src/champ_teleop) by extensions ['ros']
[1.389s] Level 1:colcon.colcon_core.package_identification:_identify(src/champ_teleop) by extension 'ros'
[1.391s] DEBUG:colcon.colcon_core.package_identification:Package 'src/champ_teleop' with type 'ros.ament_cmake' and name 'champ_teleop'
[1.391s] Level 1:colcon.colcon_core.package_identification:_identify(src/champbot_nodes) by extensions ['ignore', 'ignore_ament_install']
[1.391s] Level 1:colcon.colcon_core.package_identification:_identify(src/champbot_nodes) by extension 'ignore'
[1.391s] Level 1:colcon.colcon_core.package_identification:_identify(src/champbot_nodes) by extension 'ignore_ament_install'
[1.391s] Level 1:colcon.colcon_core.package_identification:_identify(src/champbot_nodes) by extensions ['colcon_pkg']
[1.391s] Level 1:colcon.colcon_core.package_identification:_identify(src/champbot_nodes) by extension 'colcon_pkg'
[1.391s] Level 1:colcon.colcon_core.package_identification:_identify(src/champbot_nodes) by extensions ['colcon_meta']
[1.392s] Level 1:colcon.colcon_core.package_identification:_identify(src/champbot_nodes) by extension 'colcon_meta'
[1.392s] Level 1:colcon.colcon_core.package_identification:_identify(src/champbot_nodes) by extensions ['ros']
[1.392s] Level 1:colcon.colcon_core.package_identification:_identify(src/champbot_nodes) by extension 'ros'
[1.393s] DEBUG:colcon.colcon_core.package_identification:Package 'src/champbot_nodes' with type 'ros.ament_cmake' and name 'champbot_nodes'
[1.393s] Level 1:colcon.colcon_core.package_identification:_identify(src/quadbot_config) by extensions ['ignore', 'ignore_ament_install']
[1.393s] Level 1:colcon.colcon_core.package_identification:_identify(src/quadbot_config) by extension 'ignore'
[1.393s] Level 1:colcon.colcon_core.package_identification:_identify(src/quadbot_config) by extension 'ignore_ament_install'
[1.394s] Level 1:colcon.colcon_core.package_identification:_identify(src/quadbot_config) by extensions ['colcon_pkg']
[1.394s] Level 1:colcon.colcon_core.package_identification:_identify(src/quadbot_config) by extension 'colcon_pkg'
[1.394s] Level 1:colcon.colcon_core.package_identification:_identify(src/quadbot_config) by extensions ['colcon_meta']
[1.394s] Level 1:colcon.colcon_core.package_identification:_identify(src/quadbot_config) by extension 'colcon_meta'
[1.394s] Level 1:colcon.colcon_core.package_identification:_identify(src/quadbot_config) by extensions ['ros']
[1.394s] Level 1:colcon.colcon_core.package_identification:_identify(src/quadbot_config) by extension 'ros'
[1.396s] DEBUG:colcon.colcon_core.package_identification:Package 'src/quadbot_config' with type 'ros.ament_cmake' and name 'quadbot_config'
[1.396s] Level 1:colcon.colcon_core.package_discovery:discover_packages(recursive) using defaults
[1.396s] Level 1:colcon.colcon_core.package_discovery:discover_packages(ignore) discover
[1.396s] Level 1:colcon.colcon_core.package_discovery:discover_packages(ignore) using defaults
[1.396s] Level 1:colcon.colcon_core.package_discovery:discover_packages(path) discover
[1.396s] Level 1:colcon.colcon_core.package_discovery:discover_packages(path) using defaults
[1.495s] INFO:colcon.colcon_core.package_selection:Skipping not selected package 'champ' in 'src/champ/champ'
[1.495s] INFO:colcon.colcon_core.package_selection:Skipping not selected package 'champ_config' in 'src/champ/champ_config'
[1.495s] INFO:colcon.colcon_core.package_selection:Skipping not selected package 'champ_description' in 'src/champ/champ_description'
[1.495s] INFO:colcon.colcon_core.package_selection:Skipping not selected package 'champ_msgs' in 'src/champ/champ_msgs'
[1.495s] INFO:colcon.colcon_core.package_selection:Skipping not selected package 'champ_navigation' in 'src/champ/champ_navigation'
[1.495s] INFO:colcon.colcon_core.package_selection:Skipping not selected package 'champ_teleop' in 'src/champ_teleop'
[1.495s] INFO:colcon.colcon_core.package_selection:Skipping not selected package 'champbot_nodes' in 'src/champbot_nodes'
[1.495s] INFO:colcon.colcon_core.package_selection:Skipping not selected package 'champ_base' in 'src/champ/champ_base'
[1.495s] INFO:colcon.colcon_core.package_selection:Skipping not selected package 'champ_gazebo' in 'src/champ/champ_gazebo'
[1.495s] INFO:colcon.colcon_core.package_selection:Skipping not selected package 'champ_bringup' in 'src/champ/champ_bringup'
[1.497s] Level 1:colcon.colcon_core.package_discovery:discover_packages(prefix_path) check parameters
[1.497s] Level 1:colcon.colcon_core.package_discovery:discover_packages(prefix_path) discover
[1.523s] DEBUG:colcon.colcon_installed_package_information.package_discovery:Found 2 installed packages in /home/ibrahim/MoveItArm/install
[1.524s] DEBUG:colcon.colcon_installed_package_information.package_discovery:Found 2 installed packages in /home/ibrahim/RobotArmExpanded/install
[1.526s] DEBUG:colcon.colcon_installed_package_information.package_discovery:Found 2 installed packages in /home/ibrahim/RobotArm/install
[1.527s] DEBUG:colcon.colcon_installed_package_information.package_discovery:Found 1 installed packages in /home/ibrahim/TF2Sample/install
[1.529s] DEBUG:colcon.colcon_installed_package_information.package_discovery:Found 2 installed packages in /home/ibrahim/RobotNav/install
[1.530s] DEBUG:colcon.colcon_installed_package_information.package_discovery:Found 1 installed packages in /home/ibrahim/RobotMonitor/install
[1.531s] DEBUG:colcon.colcon_installed_package_information.package_discovery:Found 2 installed packages in /home/ibrahim/ros2_ws/install
[1.535s] DEBUG:colcon.colcon_installed_package_information.package_discovery:Found 449 installed packages in /opt/ros/humble
[1.538s] Level 1:colcon.colcon_core.package_discovery:discover_packages(prefix_path) using defaults
[1.650s] Level 5:colcon.colcon_core.verb:set package 'quadbot_config' build argument 'cmake_args' from command line to 'None'
[1.651s] Level 5:colcon.colcon_core.verb:set package 'quadbot_config' build argument 'cmake_target' from command line to 'None'
[1.651s] Level 5:colcon.colcon_core.verb:set package 'quadbot_config' build argument 'cmake_target_skip_unavailable' from command line to 'False'
[1.651s] Level 5:colcon.colcon_core.verb:set package 'quadbot_config' build argument 'cmake_clean_cache' from command line to 'False'
[1.651s] Level 5:colcon.colcon_core.verb:set package 'quadbot_config' build argument 'cmake_clean_first' from command line to 'False'
[1.651s] Level 5:colcon.colcon_core.verb:set package 'quadbot_config' build argument 'cmake_force_configure' from command line to 'False'
[1.651s] Level 5:colcon.colcon_core.verb:set package 'quadbot_config' build argument 'ament_cmake_args' from command line to 'None'
[1.651s] Level 5:colcon.colcon_core.verb:set package 'quadbot_config' build argument 'catkin_cmake_args' from command line to 'None'
[1.651s] Level 5:colcon.colcon_core.verb:set package 'quadbot_config' build argument 'catkin_skip_building_tests' from command line to 'False'
[1.651s] DEBUG:colcon.colcon_core.verb:Building package 'quadbot_config' with the following arguments: {'ament_cmake_args': None, 'build_base': '/home/ibrahim/ChampQuadbot/build/quadbot_config', 'catkin_cmake_args': None, 'catkin_skip_building_tests': False, 'cmake_args': None, 'cmake_clean_cache': False, 'cmake_clean_first': False, 'cmake_force_configure': False, 'cmake_target': None, 'cmake_target_skip_unavailable': False, 'install_base': '/home/ibrahim/ChampQuadbot/install/quadbot_config', 'merge_install': False, 'path': '/home/ibrahim/ChampQuadbot/src/quadbot_config', 'symlink_install': False, 'test_result_base': None}
[1.651s] INFO:colcon.colcon_core.executor:Executing jobs using 'parallel' executor
[1.653s] DEBUG:colcon.colcon_parallel_executor.executor.parallel:run_until_complete
[1.653s] INFO:colcon.colcon_ros.task.ament_cmake.build:Building ROS package in '/home/ibrahim/ChampQuadbot/src/quadbot_config' with build type 'ament_cmake'
[1.654s] INFO:colcon.colcon_cmake.task.cmake.build:Building CMake package in '/home/ibrahim/ChampQuadbot/src/quadbot_config'
[1.663s] INFO:colcon.colcon_core.plugin_system:Skipping extension 'colcon_core.shell.bat': Not used on non-Windows systems
[1.663s] INFO:colcon.colcon_core.shell:Skip shell extension 'powershell' for command environment: Not usable outside of PowerShell
[1.664s] DEBUG:colcon.colcon_core.shell:Skip shell extension 'dsv' for command environment
[2.898s] DEBUG:colcon.colcon_core.event_handler.log_command:Invoking command in '/home/ibrahim/ChampQuadbot/build/quadbot_config': AMENT_PREFIX_PATH=/home/ibrahim/ChampQuadbot/install/champ_bringup:/home/ibrahim/ChampQuadbot/install/champ_gazebo:/home/ibrahim/ChampQuadbot/install/champ_base:/home/ibrahim/ChampQuadbot/install/champbot_nodes:/home/ibrahim/ChampQuadbot/install/champ_msgs:/home/ibrahim/ChampQuadbot/install/champ_description:/home/ibrahim/ChampQuadbot/install/champ:${AMENT_PREFIX_PATH} CMAKE_PREFIX_PATH=/home/ibrahim/ChampQuadbot/install/champ_bringup:/home/ibrahim/ChampQuadbot/install/champ_gazebo:/home/ibrahim/ChampQuadbot/install/champ_base:/home/ibrahim/ChampQuadbot/install/champbot_nodes:/home/ibrahim/ChampQuadbot/install/champ_msgs:/home/ibrahim/ChampQuadbot/install/champ_description:/home/ibrahim/ChampQuadbot/install/champ:/home/ibrahim/RobotArmExpanded/install/main_arm_package:/home/ibrahim/RobotArmExpanded/install/action_interfaces:/home/ibrahim/MoveItArm/install/moveit_config:/home/ibrahim/MoveItArm/install/moveit_arm_package:/home/ibrahim/TF2Sample/install/tf2sim:/home/ibrahim/RobotNav/install/main_robot_nodes:/home/ibrahim/RobotNav/install/action_interfaces:/home/ibrahim/RobotMonitor/install/Robot3Node_Package:/home/ibrahim/ros2_ws/install/my_first_package:/home/ibrahim/ros2_ws/install/action_interfaces:/home/ibrahim/RobotArm/install/main_arm_package:/home/ibrahim/RobotArm/install/action_interfaces:/opt/ros/humble LD_LIBRARY_PATH=/home/ibrahim/ChampQuadbot/install/champ_base/lib:/home/ibrahim/ChampQuadbot/install/champ_msgs/lib:${LD_LIBRARY_PATH} PATH=/home/ibrahim/ChampQuadbot/install/champ_gazebo/bin:/home/ibrahim/ChampQuadbot/install/champ_base/bin:${PATH} PYTHONPATH=/home/ibrahim/ChampQuadbot/install/champ_bringup/local/lib/python3.10/dist-packages:/home/ibrahim/ChampQuadbot/install/champ_msgs/local/lib/python3.10/dist-packages:${PYTHONPATH} /usr/bin/cmake --build /home/ibrahim/ChampQuadbot/build/quadbot_config -- -j16 -l16
[3.579s] DEBUG:colcon.colcon_core.event_handler.log_command:Invoked command in '/home/ibrahim/ChampQuadbot/build/quadbot_config' returned '0': AMENT_PREFIX_PATH=/home/ibrahim/ChampQuadbot/install/champ_bringup:/home/ibrahim/ChampQuadbot/install/champ_gazebo:/home/ibrahim/ChampQuadbot/install/champ_base:/home/ibrahim/ChampQuadbot/install/champbot_nodes:/home/ibrahim/ChampQuadbot/install/champ_msgs:/home/ibrahim/ChampQuadbot/install/champ_description:/home/ibrahim/ChampQuadbot/install/champ:${AMENT_PREFIX_PATH} CMAKE_PREFIX_PATH=/home/ibrahim/ChampQuadbot/install/champ_bringup:/home/ibrahim/ChampQuadbot/install/champ_gazebo:/home/ibrahim/ChampQuadbot/install/champ_base:/home/ibrahim/ChampQuadbot/install/champbot_nodes:/home/ibrahim/ChampQuadbot/install/champ_msgs:/home/ibrahim/ChampQuadbot/install/champ_description:/home/ibrahim/ChampQuadbot/install/champ:/home/ibrahim/RobotArmExpanded/install/main_arm_package:/home/ibrahim/RobotArmExpanded/install/action_interfaces:/home/ibrahim/MoveItArm/install/moveit_config:/home/ibrahim/MoveItArm/install/moveit_arm_package:/home/ibrahim/TF2Sample/install/tf2sim:/home/ibrahim/RobotNav/install/main_robot_nodes:/home/ibrahim/RobotNav/install/action_interfaces:/home/ibrahim/RobotMonitor/install/Robot3Node_Package:/home/ibrahim/ros2_ws/install/my_first_package:/home/ibrahim/ros2_ws/install/action_interfaces:/home/ibrahim/RobotArm/install/main_arm_package:/home/ibrahim/RobotArm/install/action_interfaces:/opt/ros/humble LD_LIBRARY_PATH=/home/ibrahim/ChampQuadbot/install/champ_base/lib:/home/ibrahim/ChampQuadbot/install/champ_msgs/lib:${LD_LIBRARY_PATH} PATH=/home/ibrahim/ChampQuadbot/install/champ_gazebo/bin:/home/ibrahim/ChampQuadbot/install/champ_base/bin:${PATH} PYTHONPATH=/home/ibrahim/ChampQuadbot/install/champ_bringup/local/lib/python3.10/dist-packages:/home/ibrahim/ChampQuadbot/install/champ_msgs/local/lib/python3.10/dist-packages:${PYTHONPATH} /usr/bin/cmake --build /home/ibrahim/ChampQuadbot/build/quadbot_config -- -j16 -l16
[3.600s] DEBUG:colcon.colcon_core.event_handler.log_command:Invoking command in '/home/ibrahim/ChampQuadbot/build/quadbot_config': AMENT_PREFIX_PATH=/home/ibrahim/ChampQuadbot/install/champ_bringup:/home/ibrahim/ChampQuadbot/install/champ_gazebo:/home/ibrahim/ChampQuadbot/install/champ_base:/home/ibrahim/ChampQuadbot/install/champbot_nodes:/home/ibrahim/ChampQuadbot/install/champ_msgs:/home/ibrahim/ChampQuadbot/install/champ_description:/home/ibrahim/ChampQuadbot/install/champ:${AMENT_PREFIX_PATH} CMAKE_PREFIX_PATH=/home/ibrahim/ChampQuadbot/install/champ_bringup:/home/ibrahim/ChampQuadbot/install/champ_gazebo:/home/ibrahim/ChampQuadbot/install/champ_base:/home/ibrahim/ChampQuadbot/install/champbot_nodes:/home/ibrahim/ChampQuadbot/install/champ_msgs:/home/ibrahim/ChampQuadbot/install/champ_description:/home/ibrahim/ChampQuadbot/install/champ:/home/ibrahim/RobotArmExpanded/install/main_arm_package:/home/ibrahim/RobotArmExpanded/install/action_interfaces:/home/ibrahim/MoveItArm/install/moveit_config:/home/ibrahim/MoveItArm/install/moveit_arm_package:/home/ibrahim/TF2Sample/install/tf2sim:/home/ibrahim/RobotNav/install/main_robot_nodes:/home/ibrahim/RobotNav/install/action_interfaces:/home/ibrahim/RobotMonitor/install/Robot3Node_Package:/home/ibrahim/ros2_ws/install/my_first_package:/home/ibrahim/ros2_ws/install/action_interfaces:/home/ibrahim/RobotArm/install/main_arm_package:/home/ibrahim/RobotArm/install/action_interfaces:/opt/ros/humble LD_LIBRARY_PATH=/home/ibrahim/ChampQuadbot/install/champ_base/lib:/home/ibrahim/ChampQuadbot/install/champ_msgs/lib:${LD_LIBRARY_PATH} PATH=/home/ibrahim/ChampQuadbot/install/champ_gazebo/bin:/home/ibrahim/ChampQuadbot/install/champ_base/bin:${PATH} PYTHONPATH=/home/ibrahim/ChampQuadbot/install/champ_bringup/local/lib/python3.10/dist-packages:/home/ibrahim/ChampQuadbot/install/champ_msgs/local/lib/python3.10/dist-packages:${PYTHONPATH} /usr/bin/cmake --install /home/ibrahim/ChampQuadbot/build/quadbot_config
[3.630s] Level 1:colcon.colcon_core.environment:create_environment_scripts_only(quadbot_config)
[3.631s] DEBUG:colcon.colcon_core.event_handler.log_command:Invoked command in '/home/ibrahim/ChampQuadbot/build/quadbot_config' returned '0': AMENT_PREFIX_PATH=/home/ibrahim/ChampQuadbot/install/champ_bringup:/home/ibrahim/ChampQuadbot/install/champ_gazebo:/home/ibrahim/ChampQuadbot/install/champ_base:/home/ibrahim/ChampQuadbot/install/champbot_nodes:/home/ibrahim/ChampQuadbot/install/champ_msgs:/home/ibrahim/ChampQuadbot/install/champ_description:/home/ibrahim/ChampQuadbot/install/champ:${AMENT_PREFIX_PATH} CMAKE_PREFIX_PATH=/home/ibrahim/ChampQuadbot/install/champ_bringup:/home/ibrahim/ChampQuadbot/install/champ_gazebo:/home/ibrahim/ChampQuadbot/install/champ_base:/home/ibrahim/ChampQuadbot/install/champbot_nodes:/home/ibrahim/ChampQuadbot/install/champ_msgs:/home/ibrahim/ChampQuadbot/install/champ_description:/home/ibrahim/ChampQuadbot/install/champ:/home/ibrahim/RobotArmExpanded/install/main_arm_package:/home/ibrahim/RobotArmExpanded/install/action_interfaces:/home/ibrahim/MoveItArm/install/moveit_config:/home/ibrahim/MoveItArm/install/moveit_arm_package:/home/ibrahim/TF2Sample/install/tf2sim:/home/ibrahim/RobotNav/install/main_robot_nodes:/home/ibrahim/RobotNav/install/action_interfaces:/home/ibrahim/RobotMonitor/install/Robot3Node_Package:/home/ibrahim/ros2_ws/install/my_first_package:/home/ibrahim/ros2_ws/install/action_interfaces:/home/ibrahim/RobotArm/install/main_arm_package:/home/ibrahim/RobotArm/install/action_interfaces:/opt/ros/humble LD_LIBRARY_PATH=/home/ibrahim/ChampQuadbot/install/champ_base/lib:/home/ibrahim/ChampQuadbot/install/champ_msgs/lib:${LD_LIBRARY_PATH} PATH=/home/ibrahim/ChampQuadbot/install/champ_gazebo/bin:/home/ibrahim/ChampQuadbot/install/champ_base/bin:${PATH} PYTHONPATH=/home/ibrahim/ChampQuadbot/install/champ_bringup/local/lib/python3.10/dist-packages:/home/ibrahim/ChampQuadbot/install/champ_msgs/local/lib/python3.10/dist-packages:${PYTHONPATH} /usr/bin/cmake --install /home/ibrahim/ChampQuadbot/build/quadbot_config
[3.640s] Level 1:colcon.colcon_core.environment:checking '/home/ibrahim/ChampQuadbot/install/quadbot_config' for CMake module files
[3.641s] Level 1:colcon.colcon_core.environment:checking '/home/ibrahim/ChampQuadbot/install/quadbot_config' for CMake config files
[3.642s] Level 1:colcon.colcon_core.shell:create_environment_hook('quadbot_config', 'cmake_prefix_path')
[3.642s] INFO:colcon.colcon_core.shell:Creating environment hook '/home/ibrahim/ChampQuadbot/install/quadbot_config/share/quadbot_config/hook/cmake_prefix_path.ps1'
[3.645s] INFO:colcon.colcon_core.shell:Creating environment descriptor '/home/ibrahim/ChampQuadbot/install/quadbot_config/share/quadbot_config/hook/cmake_prefix_path.dsv'
[3.646s] INFO:colcon.colcon_core.shell:Creating environment hook '/home/ibrahim/ChampQuadbot/install/quadbot_config/share/quadbot_config/hook/cmake_prefix_path.sh'
[3.648s] Level 1:colcon.colcon_core.environment:checking '/home/ibrahim/ChampQuadbot/install/quadbot_config/bin'
[3.648s] Level 1:colcon.colcon_core.environment:checking '/home/ibrahim/ChampQuadbot/install/quadbot_config/lib/pkgconfig/quadbot_config.pc'
[3.649s] Level 1:colcon.colcon_core.environment:checking '/home/ibrahim/ChampQuadbot/install/quadbot_config/lib/python3.10/site-packages'
[3.649s] Level 1:colcon.colcon_core.environment:checking '/home/ibrahim/ChampQuadbot/install/quadbot_config/bin'
[3.650s] INFO:colcon.colcon_core.shell:Creating package script '/home/ibrahim/ChampQuadbot/install/quadbot_config/share/quadbot_config/package.ps1'
[3.652s] INFO:colcon.colcon_core.shell:Creating package descriptor '/home/ibrahim/ChampQuadbot/install/quadbot_config/share/quadbot_config/package.dsv'
[3.653s] INFO:colcon.colcon_core.shell:Creating package script '/home/ibrahim/ChampQuadbot/install/quadbot_config/share/quadbot_config/package.sh'
[3.655s] INFO:colcon.colcon_core.shell:Creating package script '/home/ibrahim/ChampQuadbot/install/quadbot_config/share/quadbot_config/package.bash'
[3.656s] INFO:colcon.colcon_core.shell:Creating package script '/home/ibrahim/ChampQuadbot/install/quadbot_config/share/quadbot_config/package.zsh'
[3.657s] Level 1:colcon.colcon_core.environment:create_file_with_runtime_dependencies(/home/ibrahim/ChampQuadbot/install/quadbot_config/share/colcon-core/packages/quadbot_config)
[3.658s] Level 1:colcon.colcon_core.environment:create_environment_scripts_only(quadbot_config)
[3.658s] Level 1:colcon.colcon_core.environment:checking '/home/ibrahim/ChampQuadbot/install/quadbot_config' for CMake module files
[3.659s] Level 1:colcon.colcon_core.environment:checking '/home/ibrahim/ChampQuadbot/install/quadbot_config' for CMake config files
[3.660s] Level 1:colcon.colcon_core.shell:create_environment_hook('quadbot_config', 'cmake_prefix_path')
[3.661s] INFO:colcon.colcon_core.shell:Creating environment hook '/home/ibrahim/ChampQuadbot/install/quadbot_config/share/quadbot_config/hook/cmake_prefix_path.ps1'
[3.661s] INFO:colcon.colcon_core.shell:Creating environment descriptor '/home/ibrahim/ChampQuadbot/install/quadbot_config/share/quadbot_config/hook/cmake_prefix_path.dsv'
[3.662s] INFO:colcon.colcon_core.shell:Creating environment hook '/home/ibrahim/ChampQuadbot/install/quadbot_config/share/quadbot_config/hook/cmake_prefix_path.sh'
[3.663s] Level 1:colcon.colcon_core.environment:checking '/home/ibrahim/ChampQuadbot/install/quadbot_config/bin'
[3.663s] Level 1:colcon.colcon_core.environment:checking '/home/ibrahim/ChampQuadbot/install/quadbot_config/lib/pkgconfig/quadbot_config.pc'
[3.663s] Level 1:colcon.colcon_core.environment:checking '/home/ibrahim/ChampQuadbot/install/quadbot_config/lib/python3.10/site-packages'
[3.664s] Level 1:colcon.colcon_core.environment:checking '/home/ibrahim/ChampQuadbot/install/quadbot_config/bin'
[3.664s] INFO:colcon.colcon_core.shell:Creating package script '/home/ibrahim/ChampQuadbot/install/quadbot_config/share/quadbot_config/package.ps1'
[3.665s] INFO:colcon.colcon_core.shell:Creating package descriptor '/home/ibrahim/ChampQuadbot/install/quadbot_config/share/quadbot_config/package.dsv'
[3.666s] INFO:colcon.colcon_core.shell:Creating package script '/home/ibrahim/ChampQuadbot/install/quadbot_config/share/quadbot_config/package.sh'
[3.667s] INFO:colcon.colcon_core.shell:Creating package script '/home/ibrahim/ChampQuadbot/install/quadbot_config/share/quadbot_config/package.bash'
[3.668s] INFO:colcon.colcon_core.shell:Creating package script '/home/ibrahim/ChampQuadbot/install/quadbot_config/share/quadbot_config/package.zsh'
[3.669s] Level 1:colcon.colcon_core.environment:create_file_with_runtime_dependencies(/home/ibrahim/ChampQuadbot/install/quadbot_config/share/colcon-core/packages/quadbot_config)
[3.670s] DEBUG:colcon.colcon_parallel_executor.executor.parallel:closing loop
[3.671s] DEBUG:colcon.colcon_parallel_executor.executor.parallel:loop closed
[3.671s] DEBUG:colcon.colcon_parallel_executor.executor.parallel:run_until_complete finished with '0'
[3.671s] DEBUG:colcon.colcon_core.event_reactor:joining thread
[3.776s] INFO:colcon.colcon_core.plugin_system:Skipping extension 'colcon_notification.desktop_notification.notify_send': Could not find 'notify-send'
[3.776s] INFO:colcon.colcon_core.plugin_system:Skipping extension 'colcon_notification.desktop_notification.terminal_notifier': Not used on non-Darwin systems
[3.776s] INFO:colcon.colcon_core.plugin_system:Skipping extension 'colcon_notification.desktop_notification.win32': Not used on non-Windows systems
[3.776s] INFO:colcon.colcon_notification.desktop_notification:Sending desktop notification using 'notify2'
[3.777s] DEBUG:colcon.colcon_notification.desktop_notification.notify2:Failed to initialize notify2: org.freedesktop.DBus.Error.FileNotFound: Failed to connect to socket /run/user/1000/bus: No such file or directory
[3.777s] DEBUG:colcon.colcon_core.event_reactor:joined thread
[3.778s] INFO:colcon.colcon_core.shell:Creating prefix script '/home/ibrahim/ChampQuadbot/install/local_setup.ps1'
[3.797s] INFO:colcon.colcon_core.shell:Creating prefix util module '/home/ibrahim/ChampQuadbot/install/_local_setup_util_ps1.py'
[3.802s] INFO:colcon.colcon_core.shell:Creating prefix chain script '/home/ibrahim/ChampQuadbot/install/setup.ps1'
[3.806s] INFO:colcon.colcon_core.shell:Creating prefix script '/home/ibrahim/ChampQuadbot/install/local_setup.sh'
[3.808s] INFO:colcon.colcon_core.shell:Creating prefix util module '/home/ibrahim/ChampQuadbot/install/_local_setup_util_sh.py'
[3.809s] INFO:colcon.colcon_core.shell:Creating prefix chain script '/home/ibrahim/ChampQuadbot/install/setup.sh'
[3.813s] INFO:colcon.colcon_core.shell:Creating prefix script '/home/ibrahim/ChampQuadbot/install/local_setup.bash'
[3.814s] INFO:colcon.colcon_core.shell:Creating prefix chain script '/home/ibrahim/ChampQuadbot/install/setup.bash'
[3.817s] INFO:colcon.colcon_core.shell:Creating prefix script '/home/ibrahim/ChampQuadbot/install/local_setup.zsh'
[3.819s] INFO:colcon.colcon_core.shell:Creating prefix chain script '/home/ibrahim/ChampQuadbot/install/setup.zsh'
