[0.153s] Invoking command in '/home/ibrahim/ChampQuadbot/build/champ_base': AMENT_PREFIX_PATH=/home/ibrahim/ChampQuadbot/install/champ_msgs:/home/ibrahim/ChampQuadbot/install/champ:${AMENT_PREFIX_PATH} CMAKE_PREFIX_PATH=/home/ibrahim/ChampQuadbot/install/champ_msgs:/home/ibrahim/ChampQuadbot/install/champ:/home/ibrahim/RobotArmExpanded/install/main_arm_package:/home/ibrahim/RobotArmExpanded/install/action_interfaces:/home/ibrahim/MoveItArm/install/moveit_config:/home/ibrahim/MoveItArm/install/moveit_arm_package:/home/ibrahim/TF2Sample/install/tf2sim:/home/ibrahim/RobotNav/install/main_robot_nodes:/home/ibrahim/RobotNav/install/action_interfaces:/home/ibrahim/RobotMonitor/install/Robot3Node_Package:/home/ibrahim/ros2_ws/install/my_first_package:/home/ibrahim/ros2_ws/install/action_interfaces:/home/ibrahim/RobotArm/install/main_arm_package:/home/ibrahim/RobotArm/install/action_interfaces:/opt/ros/humble LD_LIBRARY_PATH=/home/ibrahim/ChampQuadbot/install/champ_msgs/lib:${LD_LIBRARY_PATH} PYTHONPATH=/home/ibrahim/ChampQuadbot/install/champ_msgs/local/lib/python3.10/dist-packages:${PYTHONPATH} /usr/bin/cmake /home/ibrahim/ChampQuadbot/src/champ/champ_base -DCMAKE_INSTALL_PREFIX=/home/ibrahim/ChampQuadbot/install/champ_base
[0.322s] -- The C compiler identification is GNU 11.4.0
[0.770s] -- The CXX compiler identification is GNU 11.4.0
[1.064s] -- Detecting C compiler ABI info
[1.218s] -- Detecting C compiler ABI info - done
[1.225s] -- Check for working C compiler: /usr/bin/cc - skipped
[1.225s] -- Detecting C compile features
[1.225s] -- Detecting C compile features - done
[1.228s] -- Detecting CXX compiler ABI info
[1.382s] -- Detecting CXX compiler ABI info - done
[1.387s] -- Check for working CXX compiler: /usr/bin/c++ - skipped
[1.387s] -- Detecting CXX compile features
[1.387s] -- Detecting CXX compile features - done
[1.392s] -- Found ament_cmake: 1.3.14 (/opt/ros/humble/share/ament_cmake/cmake)
[1.544s] -- Found Python3: /usr/bin/python3 (found version "3.10.12") found components: Interpreter 
[1.679s] -- Found rclcpp: 16.0.19 (/opt/ros/humble/share/rclcpp/cmake)
[1.824s] -- Found rosidl_generator_c: 3.1.8 (/opt/ros/humble/share/rosidl_generator_c/cmake)
[1.834s] -- Found rosidl_adapter: 3.1.8 (/opt/ros/humble/share/rosidl_adapter/cmake)
[1.845s] -- Found rosidl_generator_cpp: 3.1.8 (/opt/ros/humble/share/rosidl_generator_cpp/cmake)
[1.864s] -- Using all available rosidl_typesupport_c: rosidl_typesupport_fastrtps_c;rosidl_typesupport_introspection_c
[1.884s] -- Using all available rosidl_typesupport_cpp: rosidl_typesupport_fastrtps_cpp;rosidl_typesupport_introspection_cpp
[1.943s] -- Found rmw_implementation_cmake: 6.1.2 (/opt/ros/humble/share/rmw_implementation_cmake/cmake)
[1.948s] -- Found rmw_cyclonedds_cpp: 1.3.4 (/opt/ros/humble/share/rmw_cyclonedds_cpp/cmake)
[1.976s] -- Using RMW implementation 'rmw_cyclonedds_cpp' as default
[1.990s] -- Looking for pthread.h
[2.140s] -- Looking for pthread.h - found
[2.141s] -- Performing Test CMAKE_HAVE_LIBC_PTHREAD
[2.287s] -- Performing Test CMAKE_HAVE_LIBC_PTHREAD - Success
[2.288s] -- Found Threads: TRUE  
[2.356s] -- Found rclpy: 3.3.21 (/opt/ros/humble/share/rclpy/cmake)
[2.356s] -- Found champ_msgs: 0.1.0 (/home/ibrahim/ChampQuadbot/install/champ_msgs/share/champ_msgs/cmake)
[2.393s] -- Found visualization_msgs: 4.9.1 (/opt/ros/humble/share/visualization_msgs/cmake)
[2.456s] -- Found trajectory_msgs: 4.9.1 (/opt/ros/humble/share/trajectory_msgs/cmake)
[2.489s] -- Found nav_msgs: 4.9.1 (/opt/ros/humble/share/nav_msgs/cmake)
[2.521s] -- Found tf2_ros: 0.25.20 (/opt/ros/humble/share/tf2_ros/cmake)
[2.720s] -- Found urdf: 2.6.1 (/opt/ros/humble/share/urdf/cmake)
[4.244s] -- Found champ: 0.1.0 (/home/ibrahim/ChampQuadbot/install/champ/share/champ/cmake)
[4.343s] -- Configuring done
[4.404s] -- Generating done
[4.422s] -- Build files have been written to: /home/ibrahim/ChampQuadbot/build/champ_base
[4.438s] Invoked command in '/home/ibrahim/ChampQuadbot/build/champ_base' returned '0': AMENT_PREFIX_PATH=/home/ibrahim/ChampQuadbot/install/champ_msgs:/home/ibrahim/ChampQuadbot/install/champ:${AMENT_PREFIX_PATH} CMAKE_PREFIX_PATH=/home/ibrahim/ChampQuadbot/install/champ_msgs:/home/ibrahim/ChampQuadbot/install/champ:/home/ibrahim/RobotArmExpanded/install/main_arm_package:/home/ibrahim/RobotArmExpanded/install/action_interfaces:/home/ibrahim/MoveItArm/install/moveit_config:/home/ibrahim/MoveItArm/install/moveit_arm_package:/home/ibrahim/TF2Sample/install/tf2sim:/home/ibrahim/RobotNav/install/main_robot_nodes:/home/ibrahim/RobotNav/install/action_interfaces:/home/ibrahim/RobotMonitor/install/Robot3Node_Package:/home/ibrahim/ros2_ws/install/my_first_package:/home/ibrahim/ros2_ws/install/action_interfaces:/home/ibrahim/RobotArm/install/main_arm_package:/home/ibrahim/RobotArm/install/action_interfaces:/opt/ros/humble LD_LIBRARY_PATH=/home/ibrahim/ChampQuadbot/install/champ_msgs/lib:${LD_LIBRARY_PATH} PYTHONPATH=/home/ibrahim/ChampQuadbot/install/champ_msgs/local/lib/python3.10/dist-packages:${PYTHONPATH} /usr/bin/cmake /home/ibrahim/ChampQuadbot/src/champ/champ_base -DCMAKE_INSTALL_PREFIX=/home/ibrahim/ChampQuadbot/install/champ_base
[4.440s] Invoking command in '/home/ibrahim/ChampQuadbot/build/champ_base': AMENT_PREFIX_PATH=/home/ibrahim/ChampQuadbot/install/champ_msgs:/home/ibrahim/ChampQuadbot/install/champ:${AMENT_PREFIX_PATH} CMAKE_PREFIX_PATH=/home/ibrahim/ChampQuadbot/install/champ_msgs:/home/ibrahim/ChampQuadbot/install/champ:/home/ibrahim/RobotArmExpanded/install/main_arm_package:/home/ibrahim/RobotArmExpanded/install/action_interfaces:/home/ibrahim/MoveItArm/install/moveit_config:/home/ibrahim/MoveItArm/install/moveit_arm_package:/home/ibrahim/TF2Sample/install/tf2sim:/home/ibrahim/RobotNav/install/main_robot_nodes:/home/ibrahim/RobotNav/install/action_interfaces:/home/ibrahim/RobotMonitor/install/Robot3Node_Package:/home/ibrahim/ros2_ws/install/my_first_package:/home/ibrahim/ros2_ws/install/action_interfaces:/home/ibrahim/RobotArm/install/main_arm_package:/home/ibrahim/RobotArm/install/action_interfaces:/opt/ros/humble LD_LIBRARY_PATH=/home/ibrahim/ChampQuadbot/install/champ_msgs/lib:${LD_LIBRARY_PATH} PYTHONPATH=/home/ibrahim/ChampQuadbot/install/champ_msgs/local/lib/python3.10/dist-packages:${PYTHONPATH} /usr/bin/cmake --build /home/ibrahim/ChampQuadbot/build/champ_base -- -j16 -l16
[4.508s] [  8%] [32mBuilding CXX object CMakeFiles/quadruped_controller.dir/src/quadruped_controller.cpp.o[0m
[4.508s] [ 25%] [32mBuilding CXX object CMakeFiles/message_relay.dir/src/message_relay.cpp.o[0m
[4.508s] [ 25%] [32mBuilding CXX object CMakeFiles/state_estimation.dir/src/state_estimation.cpp.o[0m
[21.640s] [ 33%] [32m[1mLinking CXX shared library libquadruped_controller.so[0m
[22.840s] [ 33%] Built target quadruped_controller
[22.989s] [ 41%] [32mBuilding CXX object CMakeFiles/quadruped_controller_node.dir/src/quadruped_controller_node.cpp.o[0m
[25.106s] [ 50%] [32m[1mLinking CXX shared library libmessage_relay.so[0m
[26.295s] [ 50%] Built target message_relay
[26.334s] [ 58%] [32mBuilding CXX object CMakeFiles/message_relay_node.dir/src/message_relay_node.cpp.o[0m
[27.809s] [ 66%] [32m[1mLinking CXX shared library libstate_estimation.so[0m
[28.441s] [ 75%] [32m[1mLinking CXX executable quadruped_controller_node[0m
[28.953s] [ 75%] Built target quadruped_controller_node
[29.167s] [ 75%] Built target state_estimation
[29.198s] [ 83%] [32mBuilding CXX object CMakeFiles/state_estimation_node.dir/src/state_estimation_node.cpp.o[0m
[30.188s] [ 91%] [32m[1mLinking CXX executable message_relay_node[0m
[30.695s] [ 91%] Built target message_relay_node
[35.370s] [100%] [32m[1mLinking CXX executable state_estimation_node[0m
[35.946s] [100%] Built target state_estimation_node
[35.968s] Invoked command in '/home/ibrahim/ChampQuadbot/build/champ_base' returned '0': AMENT_PREFIX_PATH=/home/ibrahim/ChampQuadbot/install/champ_msgs:/home/ibrahim/ChampQuadbot/install/champ:${AMENT_PREFIX_PATH} CMAKE_PREFIX_PATH=/home/ibrahim/ChampQuadbot/install/champ_msgs:/home/ibrahim/ChampQuadbot/install/champ:/home/ibrahim/RobotArmExpanded/install/main_arm_package:/home/ibrahim/RobotArmExpanded/install/action_interfaces:/home/ibrahim/MoveItArm/install/moveit_config:/home/ibrahim/MoveItArm/install/moveit_arm_package:/home/ibrahim/TF2Sample/install/tf2sim:/home/ibrahim/RobotNav/install/main_robot_nodes:/home/ibrahim/RobotNav/install/action_interfaces:/home/ibrahim/RobotMonitor/install/Robot3Node_Package:/home/ibrahim/ros2_ws/install/my_first_package:/home/ibrahim/ros2_ws/install/action_interfaces:/home/ibrahim/RobotArm/install/main_arm_package:/home/ibrahim/RobotArm/install/action_interfaces:/opt/ros/humble LD_LIBRARY_PATH=/home/ibrahim/ChampQuadbot/install/champ_msgs/lib:${LD_LIBRARY_PATH} PYTHONPATH=/home/ibrahim/ChampQuadbot/install/champ_msgs/local/lib/python3.10/dist-packages:${PYTHONPATH} /usr/bin/cmake --build /home/ibrahim/ChampQuadbot/build/champ_base -- -j16 -l16
[35.973s] Invoking command in '/home/ibrahim/ChampQuadbot/build/champ_base': AMENT_PREFIX_PATH=/home/ibrahim/ChampQuadbot/install/champ_msgs:/home/ibrahim/ChampQuadbot/install/champ:${AMENT_PREFIX_PATH} CMAKE_PREFIX_PATH=/home/ibrahim/ChampQuadbot/install/champ_msgs:/home/ibrahim/ChampQuadbot/install/champ:/home/ibrahim/RobotArmExpanded/install/main_arm_package:/home/ibrahim/RobotArmExpanded/install/action_interfaces:/home/ibrahim/MoveItArm/install/moveit_config:/home/ibrahim/MoveItArm/install/moveit_arm_package:/home/ibrahim/TF2Sample/install/tf2sim:/home/ibrahim/RobotNav/install/main_robot_nodes:/home/ibrahim/RobotNav/install/action_interfaces:/home/ibrahim/RobotMonitor/install/Robot3Node_Package:/home/ibrahim/ros2_ws/install/my_first_package:/home/ibrahim/ros2_ws/install/action_interfaces:/home/ibrahim/RobotArm/install/main_arm_package:/home/ibrahim/RobotArm/install/action_interfaces:/opt/ros/humble LD_LIBRARY_PATH=/home/ibrahim/ChampQuadbot/install/champ_msgs/lib:${LD_LIBRARY_PATH} PYTHONPATH=/home/ibrahim/ChampQuadbot/install/champ_msgs/local/lib/python3.10/dist-packages:${PYTHONPATH} /usr/bin/cmake --install /home/ibrahim/ChampQuadbot/build/champ_base
[35.985s] -- Install configuration: ""
[35.985s] -- Installing: /home/ibrahim/ChampQuadbot/install/champ_base/share/champ_base/config
[35.988s] -- Installing: /home/ibrahim/ChampQuadbot/install/champ_base/share/champ_base/config/velocity_smoother
[35.989s] -- Installing: /home/ibrahim/ChampQuadbot/install/champ_base/share/champ_base/config/velocity_smoother/velocity_smoother.yaml
[35.989s] -- Installing: /home/ibrahim/ChampQuadbot/install/champ_base/share/champ_base/config/ekf
[35.990s] -- Installing: /home/ibrahim/ChampQuadbot/install/champ_base/share/champ_base/config/ekf/footprint_to_odom.yaml
[35.990s] -- Installing: /home/ibrahim/ChampQuadbot/install/champ_base/share/champ_base/config/ekf/base_to_footprint.yaml
[35.991s] -- Installing: /home/ibrahim/ChampQuadbot/install/champ_base/lib/libquadruped_controller.so
[36.010s] -- Set runtime path of "/home/ibrahim/ChampQuadbot/install/champ_base/lib/libquadruped_controller.so" to ""
[36.011s] -- Installing: /home/ibrahim/ChampQuadbot/install/champ_base/bin/quadruped_controller_node
[36.012s] -- Set runtime path of "/home/ibrahim/ChampQuadbot/install/champ_base/bin/quadruped_controller_node" to ""
[36.012s] -- Installing: /home/ibrahim/ChampQuadbot/install/champ_base/lib/libmessage_relay.so
[36.044s] -- Set runtime path of "/home/ibrahim/ChampQuadbot/install/champ_base/lib/libmessage_relay.so" to ""
[36.044s] -- Installing: /home/ibrahim/ChampQuadbot/install/champ_base/bin/message_relay_node
[36.045s] -- Set runtime path of "/home/ibrahim/ChampQuadbot/install/champ_base/bin/message_relay_node" to ""
[36.045s] -- Installing: /home/ibrahim/ChampQuadbot/install/champ_base/lib/libstate_estimation.so
[36.082s] -- Set runtime path of "/home/ibrahim/ChampQuadbot/install/champ_base/lib/libstate_estimation.so" to ""
[36.082s] -- Installing: /home/ibrahim/ChampQuadbot/install/champ_base/bin/state_estimation_node
[36.083s] -- Set runtime path of "/home/ibrahim/ChampQuadbot/install/champ_base/bin/state_estimation_node" to ""
[36.083s] -- Installing: /home/ibrahim/ChampQuadbot/install/champ_base/lib/champ_base/quadruped_controller_node
[36.084s] -- Set runtime path of "/home/ibrahim/ChampQuadbot/install/champ_base/lib/champ_base/quadruped_controller_node" to ""
[36.084s] -- Installing: /home/ibrahim/ChampQuadbot/install/champ_base/lib/champ_base/message_relay_node
[36.085s] -- Set runtime path of "/home/ibrahim/ChampQuadbot/install/champ_base/lib/champ_base/message_relay_node" to ""
[36.085s] -- Installing: /home/ibrahim/ChampQuadbot/install/champ_base/lib/champ_base/state_estimation_node
[36.085s] -- Set runtime path of "/home/ibrahim/ChampQuadbot/install/champ_base/lib/champ_base/state_estimation_node" to ""
[36.087s] -- Installing: /home/ibrahim/ChampQuadbot/install/champ_base/share/ament_index/resource_index/package_run_dependencies/champ_base
[36.088s] -- Installing: /home/ibrahim/ChampQuadbot/install/champ_base/share/ament_index/resource_index/parent_prefix_path/champ_base
[36.090s] -- Installing: /home/ibrahim/ChampQuadbot/install/champ_base/share/champ_base/environment/ament_prefix_path.sh
[36.091s] -- Installing: /home/ibrahim/ChampQuadbot/install/champ_base/share/champ_base/environment/ament_prefix_path.dsv
[36.092s] -- Installing: /home/ibrahim/ChampQuadbot/install/champ_base/share/champ_base/environment/path.sh
[36.092s] -- Installing: /home/ibrahim/ChampQuadbot/install/champ_base/share/champ_base/environment/path.dsv
[36.092s] -- Installing: /home/ibrahim/ChampQuadbot/install/champ_base/share/champ_base/local_setup.bash
[36.093s] -- Installing: /home/ibrahim/ChampQuadbot/install/champ_base/share/champ_base/local_setup.sh
[36.093s] -- Installing: /home/ibrahim/ChampQuadbot/install/champ_base/share/champ_base/local_setup.zsh
[36.094s] -- Installing: /home/ibrahim/ChampQuadbot/install/champ_base/share/champ_base/local_setup.dsv
[36.094s] -- Installing: /home/ibrahim/ChampQuadbot/install/champ_base/share/champ_base/package.dsv
[36.095s] -- Installing: /home/ibrahim/ChampQuadbot/install/champ_base/share/ament_index/resource_index/packages/champ_base
[36.096s] -- Installing: /home/ibrahim/ChampQuadbot/install/champ_base/share/champ_base/cmake/ament_cmake_export_include_directories-extras.cmake
[36.096s] -- Installing: /home/ibrahim/ChampQuadbot/install/champ_base/share/champ_base/cmake/ament_cmake_export_dependencies-extras.cmake
[36.097s] -- Installing: /home/ibrahim/ChampQuadbot/install/champ_base/share/champ_base/cmake/champ_baseConfig.cmake
[36.097s] -- Installing: /home/ibrahim/ChampQuadbot/install/champ_base/share/champ_base/cmake/champ_baseConfig-version.cmake
[36.098s] -- Installing: /home/ibrahim/ChampQuadbot/install/champ_base/share/champ_base/package.xml
[36.101s] Invoked command in '/home/ibrahim/ChampQuadbot/build/champ_base' returned '0': AMENT_PREFIX_PATH=/home/ibrahim/ChampQuadbot/install/champ_msgs:/home/ibrahim/ChampQuadbot/install/champ:${AMENT_PREFIX_PATH} CMAKE_PREFIX_PATH=/home/ibrahim/ChampQuadbot/install/champ_msgs:/home/ibrahim/ChampQuadbot/install/champ:/home/ibrahim/RobotArmExpanded/install/main_arm_package:/home/ibrahim/RobotArmExpanded/install/action_interfaces:/home/ibrahim/MoveItArm/install/moveit_config:/home/ibrahim/MoveItArm/install/moveit_arm_package:/home/ibrahim/TF2Sample/install/tf2sim:/home/ibrahim/RobotNav/install/main_robot_nodes:/home/ibrahim/RobotNav/install/action_interfaces:/home/ibrahim/RobotMonitor/install/Robot3Node_Package:/home/ibrahim/ros2_ws/install/my_first_package:/home/ibrahim/ros2_ws/install/action_interfaces:/home/ibrahim/RobotArm/install/main_arm_package:/home/ibrahim/RobotArm/install/action_interfaces:/opt/ros/humble LD_LIBRARY_PATH=/home/ibrahim/ChampQuadbot/install/champ_msgs/lib:${LD_LIBRARY_PATH} PYTHONPATH=/home/ibrahim/ChampQuadbot/install/champ_msgs/local/lib/python3.10/dist-packages:${PYTHONPATH} /usr/bin/cmake --install /home/ibrahim/ChampQuadbot/build/champ_base
