[0.013s] Invoking command in '/home/ibrahim/ChampQuadbot/build/champbot_nodes': CMAKE_PREFIX_PATH=${CMAKE_PREFIX_PATH}:/home/ibrahim/RobotArm/install/main_arm_package:/home/ibrahim/RobotArm/install/action_interfaces:/opt/ros/humble /usr/bin/cmake --build /home/ibrahim/ChampQuadbot/build/champbot_nodes -- -j16 -l16
[0.068s] -- Found ament_cmake: 1.3.14 (/opt/ros/humble/share/ament_cmake/cmake)
[0.251s] -- Found ament_lint_auto: 0.12.15 (/opt/ros/humble/share/ament_lint_auto/cmake)
[0.329s] -- Added test 'cppcheck' to perform static code analysis on C / C++ code
[0.329s] -- Configured cppcheck include dirs: $<BUILD_INTERFACE:/home/ibrahim/ChampQuadbot/src/champbot_nodes/include>
[0.329s] -- Configured cppcheck exclude dirs and/or files: 
[0.330s] -- Added test 'flake8' to check Python code syntax and style conventions
[0.331s] -- Added test 'lint_cmake' to check CMake code style
[0.331s] -- Added test 'pep257' to check Python code against some of the docstring style conventions in PEP 257
[0.333s] -- Added test 'uncrustify' to check C / C++ code style
[0.333s] -- Configured uncrustify additional arguments: 
[0.333s] -- Added test 'xmllint' to check XML markup files
[0.338s] -- Configuring done
[0.373s] -- Generating done
[0.379s] -- Build files have been written to: /home/ibrahim/ChampQuadbot/build/champbot_nodes
[0.408s] Consolidate compiler generated dependencies of target JointMover
[0.424s] [100%] Built target JointMover
[0.439s] Invoked command in '/home/ibrahim/ChampQuadbot/build/champbot_nodes' returned '0': CMAKE_PREFIX_PATH=${CMAKE_PREFIX_PATH}:/home/ibrahim/RobotArm/install/main_arm_package:/home/ibrahim/RobotArm/install/action_interfaces:/opt/ros/humble /usr/bin/cmake --build /home/ibrahim/ChampQuadbot/build/champbot_nodes -- -j16 -l16
[0.452s] Invoking command in '/home/ibrahim/ChampQuadbot/build/champbot_nodes': CMAKE_PREFIX_PATH=${CMAKE_PREFIX_PATH}:/home/ibrahim/RobotArm/install/main_arm_package:/home/ibrahim/RobotArm/install/action_interfaces:/opt/ros/humble /usr/bin/cmake --install /home/ibrahim/ChampQuadbot/build/champbot_nodes
[0.461s] -- Install configuration: ""
[0.461s] -- Up-to-date: /home/ibrahim/ChampQuadbot/install/champbot_nodes/lib/champbot_nodes/JointMover
[0.461s] -- Up-to-date: /home/ibrahim/ChampQuadbot/install/champbot_nodes/share/champbot_nodes/launch
[0.461s] -- Up-to-date: /home/ibrahim/ChampQuadbot/install/champbot_nodes/share/champbot_nodes/launch/bringup.launch.py
[0.462s] -- Up-to-date: /home/ibrahim/ChampQuadbot/install/champbot_nodes/share/champbot_nodes/launch/display.launch.py
[0.462s] -- Up-to-date: /home/ibrahim/ChampQuadbot/install/champbot_nodes/share/champbot_nodes/launch/gazebo.launch.py
[0.462s] -- Up-to-date: /home/ibrahim/ChampQuadbot/install/champbot_nodes/share/champbot_nodes/urdf
[0.462s] -- Up-to-date: /home/ibrahim/ChampQuadbot/install/champbot_nodes/share/champbot_nodes/urdf/robot.urdf.xacro
[0.462s] -- Up-to-date: /home/ibrahim/ChampQuadbot/install/champbot_nodes/share/champbot_nodes/rviz
[0.462s] -- Up-to-date: /home/ibrahim/ChampQuadbot/install/champbot_nodes/share/champbot_nodes/rviz/model.rviz
[0.462s] -- Installing: /home/ibrahim/ChampQuadbot/install/champbot_nodes/share/champbot_nodes/worlds
[0.462s] -- Installing: /home/ibrahim/ChampQuadbot/install/champbot_nodes/share/champbot_nodes/worlds/world.sdf
[0.463s] -- Up-to-date: /home/ibrahim/ChampQuadbot/install/champbot_nodes/share/ament_index/resource_index/package_run_dependencies/champbot_nodes
[0.463s] -- Up-to-date: /home/ibrahim/ChampQuadbot/install/champbot_nodes/share/ament_index/resource_index/parent_prefix_path/champbot_nodes
[0.463s] -- Up-to-date: /home/ibrahim/ChampQuadbot/install/champbot_nodes/share/champbot_nodes/environment/ament_prefix_path.sh
[0.463s] -- Installing: /home/ibrahim/ChampQuadbot/install/champbot_nodes/share/champbot_nodes/environment/ament_prefix_path.dsv
[0.463s] -- Up-to-date: /home/ibrahim/ChampQuadbot/install/champbot_nodes/share/champbot_nodes/environment/path.sh
[0.463s] -- Installing: /home/ibrahim/ChampQuadbot/install/champbot_nodes/share/champbot_nodes/environment/path.dsv
[0.464s] -- Up-to-date: /home/ibrahim/ChampQuadbot/install/champbot_nodes/share/champbot_nodes/local_setup.bash
[0.464s] -- Up-to-date: /home/ibrahim/ChampQuadbot/install/champbot_nodes/share/champbot_nodes/local_setup.sh
[0.464s] -- Up-to-date: /home/ibrahim/ChampQuadbot/install/champbot_nodes/share/champbot_nodes/local_setup.zsh
[0.464s] -- Installing: /home/ibrahim/ChampQuadbot/install/champbot_nodes/share/champbot_nodes/local_setup.dsv
[0.464s] -- Installing: /home/ibrahim/ChampQuadbot/install/champbot_nodes/share/champbot_nodes/package.dsv
[0.465s] -- Up-to-date: /home/ibrahim/ChampQuadbot/install/champbot_nodes/share/ament_index/resource_index/packages/champbot_nodes
[0.465s] -- Up-to-date: /home/ibrahim/ChampQuadbot/install/champbot_nodes/share/champbot_nodes/cmake/champbot_nodesConfig.cmake
[0.465s] -- Up-to-date: /home/ibrahim/ChampQuadbot/install/champbot_nodes/share/champbot_nodes/cmake/champbot_nodesConfig-version.cmake
[0.465s] -- Up-to-date: /home/ibrahim/ChampQuadbot/install/champbot_nodes/share/champbot_nodes/package.xml
[0.467s] Invoked command in '/home/ibrahim/ChampQuadbot/build/champbot_nodes' returned '0': CMAKE_PREFIX_PATH=${CMAKE_PREFIX_PATH}:/home/ibrahim/RobotArm/install/main_arm_package:/home/ibrahim/RobotArm/install/action_interfaces:/opt/ros/humble /usr/bin/cmake --install /home/ibrahim/ChampQuadbot/build/champbot_nodes
