[0.051s] Invoking command in '/home/ibrahim/ChampQuadbot/build/champ_config': CMAKE_PREFIX_PATH=${CMAKE_PREFIX_PATH}:/home/ibrahim/RobotArm/install/main_arm_package:/home/ibrahim/RobotArm/install/action_interfaces:/opt/ros/humble /usr/bin/cmake --build /home/ibrahim/ChampQuadbot/build/champ_config -- -j16 -l16
[0.131s] Invoked command in '/home/ibrahim/ChampQuadbot/build/champ_config' returned '0': CMAKE_PREFIX_PATH=${CMAKE_PREFIX_PATH}:/home/ibrahim/RobotArm/install/main_arm_package:/home/ibrahim/RobotArm/install/action_interfaces:/opt/ros/humble /usr/bin/cmake --build /home/ibrahim/ChampQuadbot/build/champ_config -- -j16 -l16
[0.133s] Invoking command in '/home/ibrahim/ChampQuadbot/build/champ_config': CMAKE_PREFIX_PATH=${CMAKE_PREFIX_PATH}:/home/ibrahim/RobotArm/install/main_arm_package:/home/ibrahim/RobotArm/install/action_interfaces:/opt/ros/humble /usr/bin/cmake --install /home/ibrahim/ChampQuadbot/build/champ_config
[0.150s] -- Install configuration: ""
[0.150s] -- Up-to-date: /home/ibrahim/ChampQuadbot/install/champ_config/share/champ_config/launch
[0.150s] -- Installing: /home/ibrahim/ChampQuadbot/install/champ_config/share/champ_config/launch/bringup.launch.py
[0.151s] -- Installing: /home/ibrahim/ChampQuadbot/install/champ_config/share/champ_config/launch/gazebo.launch.py
[0.153s] -- Installing: /home/ibrahim/ChampQuadbot/install/champ_config/share/champ_config/launch/navigate.launch.py
[0.153s] -- Installing: /home/ibrahim/ChampQuadbot/install/champ_config/share/champ_config/launch/slam.launch.py
[0.153s] -- Up-to-date: /home/ibrahim/ChampQuadbot/install/champ_config/share/champ_config/config
[0.153s] -- Up-to-date: /home/ibrahim/ChampQuadbot/install/champ_config/share/champ_config/config/joints
[0.153s] -- Installing: /home/ibrahim/ChampQuadbot/install/champ_config/share/champ_config/config/joints/joints.yaml
[0.154s] -- Up-to-date: /home/ibrahim/ChampQuadbot/install/champ_config/share/champ_config/config/links
[0.154s] -- Installing: /home/ibrahim/ChampQuadbot/install/champ_config/share/champ_config/config/links/links.yaml
[0.154s] -- Up-to-date: /home/ibrahim/ChampQuadbot/install/champ_config/share/champ_config/config/autonomy
[0.154s] -- Installing: /home/ibrahim/ChampQuadbot/install/champ_config/share/champ_config/config/autonomy/slam.yaml
[0.154s] -- Installing: /home/ibrahim/ChampQuadbot/install/champ_config/share/champ_config/config/autonomy/navigation.yaml
[0.154s] -- Up-to-date: /home/ibrahim/ChampQuadbot/install/champ_config/share/champ_config/config/gait
[0.154s] -- Installing: /home/ibrahim/ChampQuadbot/install/champ_config/share/champ_config/config/gait/gait.yaml
[0.154s] -- Up-to-date: /home/ibrahim/ChampQuadbot/install/champ_config/share/champ_config/maps
[0.154s] -- Installing: /home/ibrahim/ChampQuadbot/install/champ_config/share/champ_config/maps/playground.pgm
[0.156s] -- Installing: /home/ibrahim/ChampQuadbot/install/champ_config/share/champ_config/maps/map.yaml
[0.156s] -- Installing: /home/ibrahim/ChampQuadbot/install/champ_config/share/champ_config/maps/map.pgm
[0.183s] -- Installing: /home/ibrahim/ChampQuadbot/install/champ_config/share/champ_config/maps/playground.yaml
[0.183s] -- Up-to-date: /home/ibrahim/ChampQuadbot/install/champ_config/share/champ_config/worlds
[0.183s] -- Installing: /home/ibrahim/ChampQuadbot/install/champ_config/share/champ_config/worlds/playground.world
[0.184s] -- Installing: /home/ibrahim/ChampQuadbot/install/champ_config/share/champ_config/worlds/outdoor.world
[0.185s] -- Installing: /home/ibrahim/ChampQuadbot/install/champ_config/share/champ_config/worlds/default.world
[0.186s] -- Installing: /home/ibrahim/ChampQuadbot/install/champ_config/share/ament_index/resource_index/package_run_dependencies/champ_config
[0.186s] -- Installing: /home/ibrahim/ChampQuadbot/install/champ_config/share/ament_index/resource_index/parent_prefix_path/champ_config
[0.188s] -- Installing: /home/ibrahim/ChampQuadbot/install/champ_config/share/champ_config/environment/ament_prefix_path.sh
[0.188s] -- Installing: /home/ibrahim/ChampQuadbot/install/champ_config/share/champ_config/environment/ament_prefix_path.dsv
[0.189s] -- Installing: /home/ibrahim/ChampQuadbot/install/champ_config/share/champ_config/environment/path.sh
[0.190s] -- Installing: /home/ibrahim/ChampQuadbot/install/champ_config/share/champ_config/environment/path.dsv
[0.190s] -- Installing: /home/ibrahim/ChampQuadbot/install/champ_config/share/champ_config/local_setup.bash
[0.190s] -- Installing: /home/ibrahim/ChampQuadbot/install/champ_config/share/champ_config/local_setup.sh
[0.191s] -- Installing: /home/ibrahim/ChampQuadbot/install/champ_config/share/champ_config/local_setup.zsh
[0.192s] -- Installing: /home/ibrahim/ChampQuadbot/install/champ_config/share/champ_config/local_setup.dsv
[0.192s] -- Installing: /home/ibrahim/ChampQuadbot/install/champ_config/share/champ_config/package.dsv
[0.192s] -- Installing: /home/ibrahim/ChampQuadbot/install/champ_config/share/ament_index/resource_index/packages/champ_config
[0.192s] -- Installing: /home/ibrahim/ChampQuadbot/install/champ_config/share/champ_config/cmake/champ_configConfig.cmake
[0.192s] -- Installing: /home/ibrahim/ChampQuadbot/install/champ_config/share/champ_config/cmake/champ_configConfig-version.cmake
[0.192s] -- Installing: /home/ibrahim/ChampQuadbot/install/champ_config/share/champ_config/package.xml
[0.254s] Invoked command in '/home/ibrahim/ChampQuadbot/build/champ_config' returned '0': CMAKE_PREFIX_PATH=${CMAKE_PREFIX_PATH}:/home/ibrahim/RobotArm/install/main_arm_package:/home/ibrahim/RobotArm/install/action_interfaces:/opt/ros/humble /usr/bin/cmake --install /home/ibrahim/ChampQuadbot/build/champ_config
