[0.121s] Invoking command in '/home/ibrahim/ChampQuadbot/build/champ_msgs': CMAKE_PREFIX_PATH=${CMAKE_PREFIX_PATH}:/home/ibrahim/RobotArm/install/main_arm_package:/home/ibrahim/RobotArm/install/action_interfaces:/opt/ros/humble /usr/bin/cmake --build /home/ibrahim/ChampQuadbot/build/champ_msgs -- -j16 -l16
[0.289s] [  1%] Built target champ_msgs__rs
[0.307s] [  2%] Built target champ_msgs__cpp
[0.308s] [ 13%] Built target champ_msgs__rosidl_generator_c
[0.353s] [ 13%] Built target ament_cmake_python_copy_champ_msgs
[0.457s] [ 40%] Built target champ_msgs__rosidl_typesupport_fastrtps_c
[0.457s] [ 60%] Built target champ_msgs__rosidl_typesupport_fastrtps_cpp
[0.458s] [ 69%] Built target champ_msgs__rosidl_typesupport_c
[0.458s] [ 78%] Built target champ_msgs__rosidl_typesupport_cpp
[0.458s] [ 82%] Built target champ_msgs__rosidl_typesupport_introspection_c
[0.459s] [ 82%] Built target champ_msgs__rosidl_typesupport_introspection_cpp
[0.461s] [ 82%] Built target champ_msgs
[0.536s] [ 83%] Built target champ_msgs__py
[0.613s] [ 93%] Built target champ_msgs__rosidl_generator_py
[0.674s] [ 95%] Built target champ_msgs__rosidl_typesupport_introspection_c__pyext
[0.676s] [100%] Built target champ_msgs__rosidl_typesupport_fastrtps_c__pyext
[0.677s] [100%] Built target champ_msgs__rosidl_typesupport_c__pyext
[0.835s] running egg_info
[0.836s] writing champ_msgs.egg-info/PKG-INFO
[0.837s] writing dependency_links to champ_msgs.egg-info/dependency_links.txt
[0.837s] writing top-level names to champ_msgs.egg-info/top_level.txt
[0.842s] reading manifest file 'champ_msgs.egg-info/SOURCES.txt'
[0.844s] writing manifest file 'champ_msgs.egg-info/SOURCES.txt'
[0.899s] [100%] Built target ament_cmake_python_build_champ_msgs_egg
[0.933s] Invoked command in '/home/ibrahim/ChampQuadbot/build/champ_msgs' returned '0': CMAKE_PREFIX_PATH=${CMAKE_PREFIX_PATH}:/home/ibrahim/RobotArm/install/main_arm_package:/home/ibrahim/RobotArm/install/action_interfaces:/opt/ros/humble /usr/bin/cmake --build /home/ibrahim/ChampQuadbot/build/champ_msgs -- -j16 -l16
[0.937s] Invoking command in '/home/ibrahim/ChampQuadbot/build/champ_msgs': CMAKE_PREFIX_PATH=${CMAKE_PREFIX_PATH}:/home/ibrahim/RobotArm/install/main_arm_package:/home/ibrahim/RobotArm/install/action_interfaces:/opt/ros/humble /usr/bin/cmake --install /home/ibrahim/ChampQuadbot/build/champ_msgs
[0.955s] -- Install configuration: ""
[0.956s] -- Up-to-date: /home/ibrahim/ChampQuadbot/install/champ_msgs/share/ament_index/resource_index/rosidl_interfaces/champ_msgs
[0.956s] -- Up-to-date: /home/ibrahim/ChampQuadbot/install/champ_msgs/include/champ_msgs/champ_msgs
[0.956s] -- Up-to-date: /home/ibrahim/ChampQuadbot/install/champ_msgs/include/champ_msgs/champ_msgs/msg
[0.957s] -- Up-to-date: /home/ibrahim/ChampQuadbot/install/champ_msgs/include/champ_msgs/champ_msgs/msg/rosidl_generator_c__visibility_control.h
[0.957s] -- Up-to-date: /home/ibrahim/ChampQuadbot/install/champ_msgs/include/champ_msgs/champ_msgs/msg/contacts.h
[0.957s] -- Up-to-date: /home/ibrahim/ChampQuadbot/install/champ_msgs/include/champ_msgs/champ_msgs/msg/contacts_stamped.h
[0.958s] -- Up-to-date: /home/ibrahim/ChampQuadbot/install/champ_msgs/include/champ_msgs/champ_msgs/msg/pid.h
[0.958s] -- Up-to-date: /home/ibrahim/ChampQuadbot/install/champ_msgs/include/champ_msgs/champ_msgs/msg/velocities.h
[0.960s] -- Up-to-date: /home/ibrahim/ChampQuadbot/install/champ_msgs/include/champ_msgs/champ_msgs/msg/detail
[0.960s] -- Up-to-date: /home/ibrahim/ChampQuadbot/install/champ_msgs/include/champ_msgs/champ_msgs/msg/detail/point__functions.h
[0.960s] -- Up-to-date: /home/ibrahim/ChampQuadbot/install/champ_msgs/include/champ_msgs/champ_msgs/msg/detail/imu__functions.c
[0.961s] -- Up-to-date: /home/ibrahim/ChampQuadbot/install/champ_msgs/include/champ_msgs/champ_msgs/msg/detail/point__functions.c
[0.961s] -- Up-to-date: /home/ibrahim/ChampQuadbot/install/champ_msgs/include/champ_msgs/champ_msgs/msg/detail/joints__functions.h
[0.962s] -- Up-to-date: /home/ibrahim/ChampQuadbot/install/champ_msgs/include/champ_msgs/champ_msgs/msg/detail/joints__type_support.h
[0.962s] -- Up-to-date: /home/ibrahim/ChampQuadbot/install/champ_msgs/include/champ_msgs/champ_msgs/msg/detail/pid__type_support.h
[0.963s] -- Up-to-date: /home/ibrahim/ChampQuadbot/install/champ_msgs/include/champ_msgs/champ_msgs/msg/detail/pose__functions.h
[0.964s] -- Up-to-date: /home/ibrahim/ChampQuadbot/install/champ_msgs/include/champ_msgs/champ_msgs/msg/detail/point__type_support.h
[0.964s] -- Up-to-date: /home/ibrahim/ChampQuadbot/install/champ_msgs/include/champ_msgs/champ_msgs/msg/detail/velocities__struct.h
[0.964s] -- Up-to-date: /home/ibrahim/ChampQuadbot/install/champ_msgs/include/champ_msgs/champ_msgs/msg/detail/joints__functions.c
[0.964s] -- Up-to-date: /home/ibrahim/ChampQuadbot/install/champ_msgs/include/champ_msgs/champ_msgs/msg/detail/point_array__functions.c
[0.965s] -- Up-to-date: /home/ibrahim/ChampQuadbot/install/champ_msgs/include/champ_msgs/champ_msgs/msg/detail/point_array__struct.h
[0.965s] -- Up-to-date: /home/ibrahim/ChampQuadbot/install/champ_msgs/include/champ_msgs/champ_msgs/msg/detail/contacts__type_support.h
[0.966s] -- Up-to-date: /home/ibrahim/ChampQuadbot/install/champ_msgs/include/champ_msgs/champ_msgs/msg/detail/contacts_stamped__functions.c
[0.966s] -- Up-to-date: /home/ibrahim/ChampQuadbot/install/champ_msgs/include/champ_msgs/champ_msgs/msg/detail/pid__functions.c
[0.966s] -- Up-to-date: /home/ibrahim/ChampQuadbot/install/champ_msgs/include/champ_msgs/champ_msgs/msg/detail/velocities__functions.c
[0.966s] -- Up-to-date: /home/ibrahim/ChampQuadbot/install/champ_msgs/include/champ_msgs/champ_msgs/msg/detail/point_array__type_support.h
[0.966s] -- Up-to-date: /home/ibrahim/ChampQuadbot/install/champ_msgs/include/champ_msgs/champ_msgs/msg/detail/velocities__type_support.h
[0.967s] -- Up-to-date: /home/ibrahim/ChampQuadbot/install/champ_msgs/include/champ_msgs/champ_msgs/msg/detail/velocities__functions.h
[0.967s] -- Up-to-date: /home/ibrahim/ChampQuadbot/install/champ_msgs/include/champ_msgs/champ_msgs/msg/detail/pose__functions.c
[0.967s] -- Up-to-date: /home/ibrahim/ChampQuadbot/install/champ_msgs/include/champ_msgs/champ_msgs/msg/detail/pid__functions.h
[0.967s] -- Up-to-date: /home/ibrahim/ChampQuadbot/install/champ_msgs/include/champ_msgs/champ_msgs/msg/detail/contacts_stamped__type_support.h
[0.968s] -- Up-to-date: /home/ibrahim/ChampQuadbot/install/champ_msgs/include/champ_msgs/champ_msgs/msg/detail/contacts_stamped__functions.h
[0.968s] -- Up-to-date: /home/ibrahim/ChampQuadbot/install/champ_msgs/include/champ_msgs/champ_msgs/msg/detail/contacts__struct.h
[0.968s] -- Up-to-date: /home/ibrahim/ChampQuadbot/install/champ_msgs/include/champ_msgs/champ_msgs/msg/detail/point__struct.h
[0.968s] -- Up-to-date: /home/ibrahim/ChampQuadbot/install/champ_msgs/include/champ_msgs/champ_msgs/msg/detail/contacts__functions.c
[0.969s] -- Up-to-date: /home/ibrahim/ChampQuadbot/install/champ_msgs/include/champ_msgs/champ_msgs/msg/detail/joints__struct.h
[0.969s] -- Up-to-date: /home/ibrahim/ChampQuadbot/install/champ_msgs/include/champ_msgs/champ_msgs/msg/detail/contacts__functions.h
[0.969s] -- Up-to-date: /home/ibrahim/ChampQuadbot/install/champ_msgs/include/champ_msgs/champ_msgs/msg/detail/point_array__functions.h
[0.970s] -- Up-to-date: /home/ibrahim/ChampQuadbot/install/champ_msgs/include/champ_msgs/champ_msgs/msg/detail/imu__functions.h
[0.970s] -- Up-to-date: /home/ibrahim/ChampQuadbot/install/champ_msgs/include/champ_msgs/champ_msgs/msg/detail/contacts_stamped__struct.h
[0.970s] -- Up-to-date: /home/ibrahim/ChampQuadbot/install/champ_msgs/include/champ_msgs/champ_msgs/msg/detail/imu__type_support.h
[0.971s] -- Up-to-date: /home/ibrahim/ChampQuadbot/install/champ_msgs/include/champ_msgs/champ_msgs/msg/detail/pid__struct.h
[0.971s] -- Up-to-date: /home/ibrahim/ChampQuadbot/install/champ_msgs/include/champ_msgs/champ_msgs/msg/detail/imu__struct.h
[0.971s] -- Up-to-date: /home/ibrahim/ChampQuadbot/install/champ_msgs/include/champ_msgs/champ_msgs/msg/detail/pose__type_support.h
[0.971s] -- Up-to-date: /home/ibrahim/ChampQuadbot/install/champ_msgs/include/champ_msgs/champ_msgs/msg/detail/pose__struct.h
[0.972s] -- Up-to-date: /home/ibrahim/ChampQuadbot/install/champ_msgs/include/champ_msgs/champ_msgs/msg/imu.h
[0.972s] -- Up-to-date: /home/ibrahim/ChampQuadbot/install/champ_msgs/include/champ_msgs/champ_msgs/msg/point_array.h
[0.972s] -- Up-to-date: /home/ibrahim/ChampQuadbot/install/champ_msgs/include/champ_msgs/champ_msgs/msg/point.h
[0.973s] -- Up-to-date: /home/ibrahim/ChampQuadbot/install/champ_msgs/include/champ_msgs/champ_msgs/msg/pose.h
[0.973s] -- Up-to-date: /home/ibrahim/ChampQuadbot/install/champ_msgs/include/champ_msgs/champ_msgs/msg/joints.h
[0.973s] -- Up-to-date: /home/ibrahim/ChampQuadbot/install/champ_msgs/share/champ_msgs/environment/library_path.sh
[0.974s] -- Up-to-date: /home/ibrahim/ChampQuadbot/install/champ_msgs/share/champ_msgs/environment/library_path.dsv
[0.974s] -- Up-to-date: /home/ibrahim/ChampQuadbot/install/champ_msgs/lib/libchamp_msgs__rosidl_generator_c.so
[0.974s] -- Up-to-date: /home/ibrahim/ChampQuadbot/install/champ_msgs/include/champ_msgs/champ_msgs
[0.974s] -- Up-to-date: /home/ibrahim/ChampQuadbot/install/champ_msgs/include/champ_msgs/champ_msgs/msg
[0.975s] -- Up-to-date: /home/ibrahim/ChampQuadbot/install/champ_msgs/include/champ_msgs/champ_msgs/msg/rosidl_typesupport_fastrtps_c__visibility_control.h
[0.975s] -- Up-to-date: /home/ibrahim/ChampQuadbot/install/champ_msgs/include/champ_msgs/champ_msgs/msg/detail
[0.976s] -- Up-to-date: /home/ibrahim/ChampQuadbot/install/champ_msgs/include/champ_msgs/champ_msgs/msg/detail/imu__rosidl_typesupport_fastrtps_c.h
[0.976s] -- Up-to-date: /home/ibrahim/ChampQuadbot/install/champ_msgs/include/champ_msgs/champ_msgs/msg/detail/pose__rosidl_typesupport_fastrtps_c.h
[0.977s] -- Up-to-date: /home/ibrahim/ChampQuadbot/install/champ_msgs/include/champ_msgs/champ_msgs/msg/detail/contacts_stamped__rosidl_typesupport_fastrtps_c.h
[0.977s] -- Up-to-date: /home/ibrahim/ChampQuadbot/install/champ_msgs/include/champ_msgs/champ_msgs/msg/detail/velocities__rosidl_typesupport_fastrtps_c.h
[0.977s] -- Up-to-date: /home/ibrahim/ChampQuadbot/install/champ_msgs/include/champ_msgs/champ_msgs/msg/detail/joints__rosidl_typesupport_fastrtps_c.h
[0.978s] -- Up-to-date: /home/ibrahim/ChampQuadbot/install/champ_msgs/include/champ_msgs/champ_msgs/msg/detail/contacts__rosidl_typesupport_fastrtps_c.h
[0.978s] -- Up-to-date: /home/ibrahim/ChampQuadbot/install/champ_msgs/include/champ_msgs/champ_msgs/msg/detail/pid__rosidl_typesupport_fastrtps_c.h
[0.978s] -- Up-to-date: /home/ibrahim/ChampQuadbot/install/champ_msgs/include/champ_msgs/champ_msgs/msg/detail/point__rosidl_typesupport_fastrtps_c.h
[0.979s] -- Up-to-date: /home/ibrahim/ChampQuadbot/install/champ_msgs/include/champ_msgs/champ_msgs/msg/detail/point_array__rosidl_typesupport_fastrtps_c.h
[0.979s] -- Up-to-date: /home/ibrahim/ChampQuadbot/install/champ_msgs/lib/libchamp_msgs__rosidl_typesupport_fastrtps_c.so
[0.979s] -- Up-to-date: /home/ibrahim/ChampQuadbot/install/champ_msgs/include/champ_msgs/champ_msgs
[0.980s] -- Up-to-date: /home/ibrahim/ChampQuadbot/install/champ_msgs/include/champ_msgs/champ_msgs/msg
[0.980s] -- Up-to-date: /home/ibrahim/ChampQuadbot/install/champ_msgs/include/champ_msgs/champ_msgs/msg/detail
[0.981s] -- Up-to-date: /home/ibrahim/ChampQuadbot/install/champ_msgs/include/champ_msgs/champ_msgs/msg/detail/contacts__type_support.c
[0.981s] -- Up-to-date: /home/ibrahim/ChampQuadbot/install/champ_msgs/include/champ_msgs/champ_msgs/msg/detail/point_array__rosidl_typesupport_introspection_c.h
[0.981s] -- Up-to-date: /home/ibrahim/ChampQuadbot/install/champ_msgs/include/champ_msgs/champ_msgs/msg/detail/joints__rosidl_typesupport_introspection_c.h
[0.982s] -- Up-to-date: /home/ibrahim/ChampQuadbot/install/champ_msgs/include/champ_msgs/champ_msgs/msg/detail/contacts__rosidl_typesupport_introspection_c.h
[0.982s] -- Up-to-date: /home/ibrahim/ChampQuadbot/install/champ_msgs/include/champ_msgs/champ_msgs/msg/detail/contacts_stamped__type_support.c
[0.982s] -- Up-to-date: /home/ibrahim/ChampQuadbot/install/champ_msgs/include/champ_msgs/champ_msgs/msg/detail/velocities__type_support.c
[0.983s] -- Up-to-date: /home/ibrahim/ChampQuadbot/install/champ_msgs/include/champ_msgs/champ_msgs/msg/detail/point__type_support.c
[0.983s] -- Up-to-date: /home/ibrahim/ChampQuadbot/install/champ_msgs/include/champ_msgs/champ_msgs/msg/detail/imu__type_support.c
[0.984s] -- Up-to-date: /home/ibrahim/ChampQuadbot/install/champ_msgs/include/champ_msgs/champ_msgs/msg/detail/pid__type_support.c
[0.984s] -- Up-to-date: /home/ibrahim/ChampQuadbot/install/champ_msgs/include/champ_msgs/champ_msgs/msg/detail/velocities__rosidl_typesupport_introspection_c.h
[0.985s] -- Up-to-date: /home/ibrahim/ChampQuadbot/install/champ_msgs/include/champ_msgs/champ_msgs/msg/detail/contacts_stamped__rosidl_typesupport_introspection_c.h
[0.985s] -- Up-to-date: /home/ibrahim/ChampQuadbot/install/champ_msgs/include/champ_msgs/champ_msgs/msg/detail/point__rosidl_typesupport_introspection_c.h
[0.985s] -- Up-to-date: /home/ibrahim/ChampQuadbot/install/champ_msgs/include/champ_msgs/champ_msgs/msg/detail/point_array__type_support.c
[0.985s] -- Up-to-date: /home/ibrahim/ChampQuadbot/install/champ_msgs/include/champ_msgs/champ_msgs/msg/detail/imu__rosidl_typesupport_introspection_c.h
[0.985s] -- Up-to-date: /home/ibrahim/ChampQuadbot/install/champ_msgs/include/champ_msgs/champ_msgs/msg/detail/pose__type_support.c
[0.985s] -- Up-to-date: /home/ibrahim/ChampQuadbot/install/champ_msgs/include/champ_msgs/champ_msgs/msg/detail/pose__rosidl_typesupport_introspection_c.h
[0.986s] -- Up-to-date: /home/ibrahim/ChampQuadbot/install/champ_msgs/include/champ_msgs/champ_msgs/msg/detail/pid__rosidl_typesupport_introspection_c.h
[0.986s] -- Up-to-date: /home/ibrahim/ChampQuadbot/install/champ_msgs/include/champ_msgs/champ_msgs/msg/detail/joints__type_support.c
[0.987s] -- Up-to-date: /home/ibrahim/ChampQuadbot/install/champ_msgs/include/champ_msgs/champ_msgs/msg/rosidl_typesupport_introspection_c__visibility_control.h
[0.987s] -- Up-to-date: /home/ibrahim/ChampQuadbot/install/champ_msgs/lib/libchamp_msgs__rosidl_typesupport_introspection_c.so
[0.987s] -- Up-to-date: /home/ibrahim/ChampQuadbot/install/champ_msgs/lib/libchamp_msgs__rosidl_typesupport_c.so
[0.988s] -- Up-to-date: /home/ibrahim/ChampQuadbot/install/champ_msgs/include/champ_msgs/champ_msgs
[0.988s] -- Up-to-date: /home/ibrahim/ChampQuadbot/install/champ_msgs/include/champ_msgs/champ_msgs/msg
[0.988s] -- Up-to-date: /home/ibrahim/ChampQuadbot/install/champ_msgs/include/champ_msgs/champ_msgs/msg/point.hpp
[0.988s] -- Up-to-date: /home/ibrahim/ChampQuadbot/install/champ_msgs/include/champ_msgs/champ_msgs/msg/imu.hpp
[0.988s] -- Up-to-date: /home/ibrahim/ChampQuadbot/install/champ_msgs/include/champ_msgs/champ_msgs/msg/contacts_stamped.hpp
[0.988s] -- Up-to-date: /home/ibrahim/ChampQuadbot/install/champ_msgs/include/champ_msgs/champ_msgs/msg/joints.hpp
[0.989s] -- Up-to-date: /home/ibrahim/ChampQuadbot/install/champ_msgs/include/champ_msgs/champ_msgs/msg/detail
[0.989s] -- Up-to-date: /home/ibrahim/ChampQuadbot/install/champ_msgs/include/champ_msgs/champ_msgs/msg/detail/point__traits.hpp
[0.989s] -- Up-to-date: /home/ibrahim/ChampQuadbot/install/champ_msgs/include/champ_msgs/champ_msgs/msg/detail/point_array__builder.hpp
[0.990s] -- Up-to-date: /home/ibrahim/ChampQuadbot/install/champ_msgs/include/champ_msgs/champ_msgs/msg/detail/point__struct.hpp
[0.990s] -- Up-to-date: /home/ibrahim/ChampQuadbot/install/champ_msgs/include/champ_msgs/champ_msgs/msg/detail/contacts_stamped__builder.hpp
[0.990s] -- Up-to-date: /home/ibrahim/ChampQuadbot/install/champ_msgs/include/champ_msgs/champ_msgs/msg/detail/contacts__struct.hpp
[0.991s] -- Up-to-date: /home/ibrahim/ChampQuadbot/install/champ_msgs/include/champ_msgs/champ_msgs/msg/detail/velocities__type_support.hpp
[0.991s] -- Up-to-date: /home/ibrahim/ChampQuadbot/install/champ_msgs/include/champ_msgs/champ_msgs/msg/detail/velocities__traits.hpp
[0.992s] -- Up-to-date: /home/ibrahim/ChampQuadbot/install/champ_msgs/include/champ_msgs/champ_msgs/msg/detail/joints__type_support.hpp
[0.992s] -- Up-to-date: /home/ibrahim/ChampQuadbot/install/champ_msgs/include/champ_msgs/champ_msgs/msg/detail/imu__builder.hpp
[0.993s] -- Up-to-date: /home/ibrahim/ChampQuadbot/install/champ_msgs/include/champ_msgs/champ_msgs/msg/detail/point_array__type_support.hpp
[0.993s] -- Up-to-date: /home/ibrahim/ChampQuadbot/install/champ_msgs/include/champ_msgs/champ_msgs/msg/detail/pose__builder.hpp
[0.993s] -- Up-to-date: /home/ibrahim/ChampQuadbot/install/champ_msgs/include/champ_msgs/champ_msgs/msg/detail/joints__struct.hpp
[0.994s] -- Up-to-date: /home/ibrahim/ChampQuadbot/install/champ_msgs/include/champ_msgs/champ_msgs/msg/detail/point_array__struct.hpp
[0.994s] -- Up-to-date: /home/ibrahim/ChampQuadbot/install/champ_msgs/include/champ_msgs/champ_msgs/msg/detail/joints__builder.hpp
[0.995s] -- Up-to-date: /home/ibrahim/ChampQuadbot/install/champ_msgs/include/champ_msgs/champ_msgs/msg/detail/imu__traits.hpp
[0.995s] -- Up-to-date: /home/ibrahim/ChampQuadbot/install/champ_msgs/include/champ_msgs/champ_msgs/msg/detail/contacts__traits.hpp
[0.995s] -- Up-to-date: /home/ibrahim/ChampQuadbot/install/champ_msgs/include/champ_msgs/champ_msgs/msg/detail/point_array__traits.hpp
[0.995s] -- Up-to-date: /home/ibrahim/ChampQuadbot/install/champ_msgs/include/champ_msgs/champ_msgs/msg/detail/point__type_support.hpp
[0.996s] -- Up-to-date: /home/ibrahim/ChampQuadbot/install/champ_msgs/include/champ_msgs/champ_msgs/msg/detail/pid__builder.hpp
[0.996s] -- Up-to-date: /home/ibrahim/ChampQuadbot/install/champ_msgs/include/champ_msgs/champ_msgs/msg/detail/contacts_stamped__struct.hpp
[0.996s] -- Up-to-date: /home/ibrahim/ChampQuadbot/install/champ_msgs/include/champ_msgs/champ_msgs/msg/detail/contacts__builder.hpp
[0.996s] -- Up-to-date: /home/ibrahim/ChampQuadbot/install/champ_msgs/include/champ_msgs/champ_msgs/msg/detail/pid__struct.hpp
[0.996s] -- Up-to-date: /home/ibrahim/ChampQuadbot/install/champ_msgs/include/champ_msgs/champ_msgs/msg/detail/pose__type_support.hpp
[0.997s] -- Up-to-date: /home/ibrahim/ChampQuadbot/install/champ_msgs/include/champ_msgs/champ_msgs/msg/detail/contacts_stamped__type_support.hpp
[0.997s] -- Up-to-date: /home/ibrahim/ChampQuadbot/install/champ_msgs/include/champ_msgs/champ_msgs/msg/detail/contacts__type_support.hpp
[0.997s] -- Up-to-date: /home/ibrahim/ChampQuadbot/install/champ_msgs/include/champ_msgs/champ_msgs/msg/detail/pose__traits.hpp
[0.997s] -- Up-to-date: /home/ibrahim/ChampQuadbot/install/champ_msgs/include/champ_msgs/champ_msgs/msg/detail/velocities__builder.hpp
[0.997s] -- Up-to-date: /home/ibrahim/ChampQuadbot/install/champ_msgs/include/champ_msgs/champ_msgs/msg/detail/point__builder.hpp
[0.997s] -- Up-to-date: /home/ibrahim/ChampQuadbot/install/champ_msgs/include/champ_msgs/champ_msgs/msg/detail/imu__type_support.hpp
[0.997s] -- Up-to-date: /home/ibrahim/ChampQuadbot/install/champ_msgs/include/champ_msgs/champ_msgs/msg/detail/imu__struct.hpp
[0.997s] -- Up-to-date: /home/ibrahim/ChampQuadbot/install/champ_msgs/include/champ_msgs/champ_msgs/msg/detail/velocities__struct.hpp
[0.997s] -- Up-to-date: /home/ibrahim/ChampQuadbot/install/champ_msgs/include/champ_msgs/champ_msgs/msg/detail/joints__traits.hpp
[0.997s] -- Up-to-date: /home/ibrahim/ChampQuadbot/install/champ_msgs/include/champ_msgs/champ_msgs/msg/detail/pid__traits.hpp
[0.997s] -- Up-to-date: /home/ibrahim/ChampQuadbot/install/champ_msgs/include/champ_msgs/champ_msgs/msg/detail/pose__struct.hpp
[0.998s] -- Up-to-date: /home/ibrahim/ChampQuadbot/install/champ_msgs/include/champ_msgs/champ_msgs/msg/detail/contacts_stamped__traits.hpp
[0.998s] -- Up-to-date: /home/ibrahim/ChampQuadbot/install/champ_msgs/include/champ_msgs/champ_msgs/msg/detail/pid__type_support.hpp
[0.998s] -- Up-to-date: /home/ibrahim/ChampQuadbot/install/champ_msgs/include/champ_msgs/champ_msgs/msg/rosidl_generator_cpp__visibility_control.hpp
[0.998s] -- Up-to-date: /home/ibrahim/ChampQuadbot/install/champ_msgs/include/champ_msgs/champ_msgs/msg/point_array.hpp
[0.998s] -- Up-to-date: /home/ibrahim/ChampQuadbot/install/champ_msgs/include/champ_msgs/champ_msgs/msg/contacts.hpp
[0.998s] -- Up-to-date: /home/ibrahim/ChampQuadbot/install/champ_msgs/include/champ_msgs/champ_msgs/msg/pid.hpp
[0.998s] -- Up-to-date: /home/ibrahim/ChampQuadbot/install/champ_msgs/include/champ_msgs/champ_msgs/msg/velocities.hpp
[0.999s] -- Up-to-date: /home/ibrahim/ChampQuadbot/install/champ_msgs/include/champ_msgs/champ_msgs/msg/pose.hpp
[0.999s] -- Up-to-date: /home/ibrahim/ChampQuadbot/install/champ_msgs/include/champ_msgs/champ_msgs
[0.999s] -- Up-to-date: /home/ibrahim/ChampQuadbot/install/champ_msgs/include/champ_msgs/champ_msgs/msg
[0.999s] -- Up-to-date: /home/ibrahim/ChampQuadbot/install/champ_msgs/include/champ_msgs/champ_msgs/msg/rosidl_typesupport_fastrtps_cpp__visibility_control.h
[0.999s] -- Up-to-date: /home/ibrahim/ChampQuadbot/install/champ_msgs/include/champ_msgs/champ_msgs/msg/detail
[0.999s] -- Up-to-date: /home/ibrahim/ChampQuadbot/install/champ_msgs/include/champ_msgs/champ_msgs/msg/detail/point__rosidl_typesupport_fastrtps_cpp.hpp
[0.999s] -- Up-to-date: /home/ibrahim/ChampQuadbot/install/champ_msgs/include/champ_msgs/champ_msgs/msg/detail/pose__rosidl_typesupport_fastrtps_cpp.hpp
[0.999s] -- Up-to-date: /home/ibrahim/ChampQuadbot/install/champ_msgs/include/champ_msgs/champ_msgs/msg/detail/contacts__rosidl_typesupport_fastrtps_cpp.hpp
[0.999s] -- Up-to-date: /home/ibrahim/ChampQuadbot/install/champ_msgs/include/champ_msgs/champ_msgs/msg/detail/dds_fastrtps
[0.999s] -- Up-to-date: /home/ibrahim/ChampQuadbot/install/champ_msgs/include/champ_msgs/champ_msgs/msg/detail/contacts_stamped__rosidl_typesupport_fastrtps_cpp.hpp
[1.000s] -- Up-to-date: /home/ibrahim/ChampQuadbot/install/champ_msgs/include/champ_msgs/champ_msgs/msg/detail/imu__rosidl_typesupport_fastrtps_cpp.hpp
[1.000s] -- Up-to-date: /home/ibrahim/ChampQuadbot/install/champ_msgs/include/champ_msgs/champ_msgs/msg/detail/point_array__rosidl_typesupport_fastrtps_cpp.hpp
[1.000s] -- Up-to-date: /home/ibrahim/ChampQuadbot/install/champ_msgs/include/champ_msgs/champ_msgs/msg/detail/velocities__rosidl_typesupport_fastrtps_cpp.hpp
[1.000s] -- Up-to-date: /home/ibrahim/ChampQuadbot/install/champ_msgs/include/champ_msgs/champ_msgs/msg/detail/pid__rosidl_typesupport_fastrtps_cpp.hpp
[1.000s] -- Up-to-date: /home/ibrahim/ChampQuadbot/install/champ_msgs/include/champ_msgs/champ_msgs/msg/detail/joints__rosidl_typesupport_fastrtps_cpp.hpp
[1.000s] -- Up-to-date: /home/ibrahim/ChampQuadbot/install/champ_msgs/lib/libchamp_msgs__rosidl_typesupport_fastrtps_cpp.so
[1.000s] -- Up-to-date: /home/ibrahim/ChampQuadbot/install/champ_msgs/include/champ_msgs/champ_msgs
[1.001s] -- Up-to-date: /home/ibrahim/ChampQuadbot/install/champ_msgs/include/champ_msgs/champ_msgs/msg
[1.001s] -- Up-to-date: /home/ibrahim/ChampQuadbot/install/champ_msgs/include/champ_msgs/champ_msgs/msg/detail
[1.002s] -- Up-to-date: /home/ibrahim/ChampQuadbot/install/champ_msgs/include/champ_msgs/champ_msgs/msg/detail/imu__rosidl_typesupport_introspection_cpp.hpp
[1.002s] -- Up-to-date: /home/ibrahim/ChampQuadbot/install/champ_msgs/include/champ_msgs/champ_msgs/msg/detail/contacts__rosidl_typesupport_introspection_cpp.hpp
[1.002s] -- Up-to-date: /home/ibrahim/ChampQuadbot/install/champ_msgs/include/champ_msgs/champ_msgs/msg/detail/joints__type_support.cpp
[1.003s] -- Up-to-date: /home/ibrahim/ChampQuadbot/install/champ_msgs/include/champ_msgs/champ_msgs/msg/detail/pid__type_support.cpp
[1.003s] -- Up-to-date: /home/ibrahim/ChampQuadbot/install/champ_msgs/include/champ_msgs/champ_msgs/msg/detail/imu__type_support.cpp
[1.003s] -- Up-to-date: /home/ibrahim/ChampQuadbot/install/champ_msgs/include/champ_msgs/champ_msgs/msg/detail/joints__rosidl_typesupport_introspection_cpp.hpp
[1.003s] -- Up-to-date: /home/ibrahim/ChampQuadbot/install/champ_msgs/include/champ_msgs/champ_msgs/msg/detail/point__rosidl_typesupport_introspection_cpp.hpp
[1.003s] -- Up-to-date: /home/ibrahim/ChampQuadbot/install/champ_msgs/include/champ_msgs/champ_msgs/msg/detail/velocities__type_support.cpp
[1.003s] -- Up-to-date: /home/ibrahim/ChampQuadbot/install/champ_msgs/include/champ_msgs/champ_msgs/msg/detail/contacts_stamped__type_support.cpp
[1.003s] -- Up-to-date: /home/ibrahim/ChampQuadbot/install/champ_msgs/include/champ_msgs/champ_msgs/msg/detail/point_array__rosidl_typesupport_introspection_cpp.hpp
[1.003s] -- Up-to-date: /home/ibrahim/ChampQuadbot/install/champ_msgs/include/champ_msgs/champ_msgs/msg/detail/pid__rosidl_typesupport_introspection_cpp.hpp
[1.004s] -- Up-to-date: /home/ibrahim/ChampQuadbot/install/champ_msgs/include/champ_msgs/champ_msgs/msg/detail/point__type_support.cpp
[1.004s] -- Up-to-date: /home/ibrahim/ChampQuadbot/install/champ_msgs/include/champ_msgs/champ_msgs/msg/detail/contacts_stamped__rosidl_typesupport_introspection_cpp.hpp
[1.004s] -- Up-to-date: /home/ibrahim/ChampQuadbot/install/champ_msgs/include/champ_msgs/champ_msgs/msg/detail/point_array__type_support.cpp
[1.004s] -- Up-to-date: /home/ibrahim/ChampQuadbot/install/champ_msgs/include/champ_msgs/champ_msgs/msg/detail/contacts__type_support.cpp
[1.004s] -- Up-to-date: /home/ibrahim/ChampQuadbot/install/champ_msgs/include/champ_msgs/champ_msgs/msg/detail/pose__rosidl_typesupport_introspection_cpp.hpp
[1.004s] -- Up-to-date: /home/ibrahim/ChampQuadbot/install/champ_msgs/include/champ_msgs/champ_msgs/msg/detail/velocities__rosidl_typesupport_introspection_cpp.hpp
[1.004s] -- Up-to-date: /home/ibrahim/ChampQuadbot/install/champ_msgs/include/champ_msgs/champ_msgs/msg/detail/pose__type_support.cpp
[1.004s] -- Up-to-date: /home/ibrahim/ChampQuadbot/install/champ_msgs/lib/libchamp_msgs__rosidl_typesupport_introspection_cpp.so
[1.004s] -- Up-to-date: /home/ibrahim/ChampQuadbot/install/champ_msgs/lib/libchamp_msgs__rosidl_typesupport_cpp.so
[1.004s] -- Up-to-date: /home/ibrahim/ChampQuadbot/install/champ_msgs/share/champ_msgs/environment/pythonpath.sh
[1.004s] -- Up-to-date: /home/ibrahim/ChampQuadbot/install/champ_msgs/share/champ_msgs/environment/pythonpath.dsv
[1.004s] -- Up-to-date: /home/ibrahim/ChampQuadbot/install/champ_msgs/local/lib/python3.10/dist-packages/champ_msgs-0.1.0-py3.10.egg-info
[1.005s] -- Installing: /home/ibrahim/ChampQuadbot/install/champ_msgs/local/lib/python3.10/dist-packages/champ_msgs-0.1.0-py3.10.egg-info/top_level.txt
[1.005s] -- Installing: /home/ibrahim/ChampQuadbot/install/champ_msgs/local/lib/python3.10/dist-packages/champ_msgs-0.1.0-py3.10.egg-info/PKG-INFO
[1.005s] -- Installing: /home/ibrahim/ChampQuadbot/install/champ_msgs/local/lib/python3.10/dist-packages/champ_msgs-0.1.0-py3.10.egg-info/dependency_links.txt
[1.005s] -- Installing: /home/ibrahim/ChampQuadbot/install/champ_msgs/local/lib/python3.10/dist-packages/champ_msgs-0.1.0-py3.10.egg-info/SOURCES.txt
[1.005s] -- Up-to-date: /home/ibrahim/ChampQuadbot/install/champ_msgs/local/lib/python3.10/dist-packages/champ_msgs
[1.005s] -- Up-to-date: /home/ibrahim/ChampQuadbot/install/champ_msgs/local/lib/python3.10/dist-packages/champ_msgs/_champ_msgs_s.ep.rosidl_typesupport_introspection_c.c
[1.005s] -- Up-to-date: /home/ibrahim/ChampQuadbot/install/champ_msgs/local/lib/python3.10/dist-packages/champ_msgs/champ_msgs_s__rosidl_typesupport_fastrtps_c.cpython-310-x86_64-linux-gnu.so
[1.006s] -- Up-to-date: /home/ibrahim/ChampQuadbot/install/champ_msgs/local/lib/python3.10/dist-packages/champ_msgs/champ_msgs_s__rosidl_typesupport_c.cpython-310-x86_64-linux-gnu.so
[1.006s] -- Up-to-date: /home/ibrahim/ChampQuadbot/install/champ_msgs/local/lib/python3.10/dist-packages/champ_msgs/libchamp_msgs__rosidl_generator_py.so
[1.006s] -- Up-to-date: /home/ibrahim/ChampQuadbot/install/champ_msgs/local/lib/python3.10/dist-packages/champ_msgs/msg
[1.006s] -- Up-to-date: /home/ibrahim/ChampQuadbot/install/champ_msgs/local/lib/python3.10/dist-packages/champ_msgs/msg/_contacts.py
[1.006s] -- Up-to-date: /home/ibrahim/ChampQuadbot/install/champ_msgs/local/lib/python3.10/dist-packages/champ_msgs/msg/_pose_s.c
[1.006s] -- Up-to-date: /home/ibrahim/ChampQuadbot/install/champ_msgs/local/lib/python3.10/dist-packages/champ_msgs/msg/_point_s.c
[1.006s] -- Up-to-date: /home/ibrahim/ChampQuadbot/install/champ_msgs/local/lib/python3.10/dist-packages/champ_msgs/msg/_contacts_s.c
[1.007s] -- Up-to-date: /home/ibrahim/ChampQuadbot/install/champ_msgs/local/lib/python3.10/dist-packages/champ_msgs/msg/_point_array.py
[1.007s] -- Up-to-date: /home/ibrahim/ChampQuadbot/install/champ_msgs/local/lib/python3.10/dist-packages/champ_msgs/msg/_pid_s.c
[1.007s] -- Up-to-date: /home/ibrahim/ChampQuadbot/install/champ_msgs/local/lib/python3.10/dist-packages/champ_msgs/msg/_contacts_stamped.py
[1.007s] -- Up-to-date: /home/ibrahim/ChampQuadbot/install/champ_msgs/local/lib/python3.10/dist-packages/champ_msgs/msg/_imu.py
[1.007s] -- Up-to-date: /home/ibrahim/ChampQuadbot/install/champ_msgs/local/lib/python3.10/dist-packages/champ_msgs/msg/_pose.py
[1.007s] -- Up-to-date: /home/ibrahim/ChampQuadbot/install/champ_msgs/local/lib/python3.10/dist-packages/champ_msgs/msg/_velocities.py
[1.007s] -- Up-to-date: /home/ibrahim/ChampQuadbot/install/champ_msgs/local/lib/python3.10/dist-packages/champ_msgs/msg/_imu_s.c
[1.007s] -- Up-to-date: /home/ibrahim/ChampQuadbot/install/champ_msgs/local/lib/python3.10/dist-packages/champ_msgs/msg/_joints.py
[1.008s] -- Up-to-date: /home/ibrahim/ChampQuadbot/install/champ_msgs/local/lib/python3.10/dist-packages/champ_msgs/msg/_joints_s.c
[1.008s] -- Up-to-date: /home/ibrahim/ChampQuadbot/install/champ_msgs/local/lib/python3.10/dist-packages/champ_msgs/msg/_pid.py
[1.008s] -- Up-to-date: /home/ibrahim/ChampQuadbot/install/champ_msgs/local/lib/python3.10/dist-packages/champ_msgs/msg/_point.py
[1.008s] -- Up-to-date: /home/ibrahim/ChampQuadbot/install/champ_msgs/local/lib/python3.10/dist-packages/champ_msgs/msg/_point_array_s.c
[1.008s] -- Up-to-date: /home/ibrahim/ChampQuadbot/install/champ_msgs/local/lib/python3.10/dist-packages/champ_msgs/msg/_velocities_s.c
[1.008s] -- Up-to-date: /home/ibrahim/ChampQuadbot/install/champ_msgs/local/lib/python3.10/dist-packages/champ_msgs/msg/_contacts_stamped_s.c
[1.008s] -- Up-to-date: /home/ibrahim/ChampQuadbot/install/champ_msgs/local/lib/python3.10/dist-packages/champ_msgs/msg/__init__.py
[1.008s] -- Up-to-date: /home/ibrahim/ChampQuadbot/install/champ_msgs/local/lib/python3.10/dist-packages/champ_msgs/champ_msgs_s__rosidl_typesupport_introspection_c.cpython-310-x86_64-linux-gnu.so
[1.008s] -- Up-to-date: /home/ibrahim/ChampQuadbot/install/champ_msgs/local/lib/python3.10/dist-packages/champ_msgs/__init__.py
[1.008s] -- Up-to-date: /home/ibrahim/ChampQuadbot/install/champ_msgs/local/lib/python3.10/dist-packages/champ_msgs/_champ_msgs_s.ep.rosidl_typesupport_fastrtps_c.c
[1.009s] -- Up-to-date: /home/ibrahim/ChampQuadbot/install/champ_msgs/local/lib/python3.10/dist-packages/champ_msgs/_champ_msgs_s.ep.rosidl_typesupport_c.c
[1.057s] Listing '/home/ibrahim/ChampQuadbot/install/champ_msgs/local/lib/python3.10/dist-packages/champ_msgs'...
[1.058s] Listing '/home/ibrahim/ChampQuadbot/install/champ_msgs/local/lib/python3.10/dist-packages/champ_msgs/msg'...
[1.065s] -- Up-to-date: /home/ibrahim/ChampQuadbot/install/champ_msgs/local/lib/python3.10/dist-packages/champ_msgs/champ_msgs_s__rosidl_typesupport_fastrtps_c.cpython-310-x86_64-linux-gnu.so
[1.066s] -- Up-to-date: /home/ibrahim/ChampQuadbot/install/champ_msgs/local/lib/python3.10/dist-packages/champ_msgs/champ_msgs_s__rosidl_typesupport_introspection_c.cpython-310-x86_64-linux-gnu.so
[1.067s] -- Up-to-date: /home/ibrahim/ChampQuadbot/install/champ_msgs/local/lib/python3.10/dist-packages/champ_msgs/champ_msgs_s__rosidl_typesupport_c.cpython-310-x86_64-linux-gnu.so
[1.067s] -- Up-to-date: /home/ibrahim/ChampQuadbot/install/champ_msgs/lib/libchamp_msgs__rosidl_generator_py.so
[1.068s] -- Up-to-date: /home/ibrahim/ChampQuadbot/install/champ_msgs/share/ament_index/resource_index/rust_packages/champ_msgs
[1.068s] -- Up-to-date: /home/ibrahim/ChampQuadbot/install/champ_msgs/share/champ_msgs/rust
[1.068s] -- Up-to-date: /home/ibrahim/ChampQuadbot/install/champ_msgs/share/champ_msgs/rust/src
[1.069s] -- Up-to-date: /home/ibrahim/ChampQuadbot/install/champ_msgs/share/champ_msgs/rust/src/msg.rs
[1.069s] -- Up-to-date: /home/ibrahim/ChampQuadbot/install/champ_msgs/share/champ_msgs/rust/src/lib.rs
[1.070s] -- Up-to-date: /home/ibrahim/ChampQuadbot/install/champ_msgs/share/champ_msgs/rust/src/msg
[1.071s] -- Up-to-date: /home/ibrahim/ChampQuadbot/install/champ_msgs/share/champ_msgs/rust/src/msg/rmw.rs
[1.072s] -- Up-to-date: /home/ibrahim/ChampQuadbot/install/champ_msgs/share/champ_msgs/rust/build.rs
[1.072s] -- Up-to-date: /home/ibrahim/ChampQuadbot/install/champ_msgs/share/champ_msgs/rust/Cargo.toml
[1.073s] -- Up-to-date: /home/ibrahim/ChampQuadbot/install/champ_msgs/share/champ_msgs/msg/Velocities.idl
[1.073s] -- Up-to-date: /home/ibrahim/ChampQuadbot/install/champ_msgs/share/champ_msgs/msg/PID.idl
[1.074s] -- Up-to-date: /home/ibrahim/ChampQuadbot/install/champ_msgs/share/champ_msgs/msg/Imu.idl
[1.074s] -- Up-to-date: /home/ibrahim/ChampQuadbot/install/champ_msgs/share/champ_msgs/msg/Point.idl
[1.075s] -- Up-to-date: /home/ibrahim/ChampQuadbot/install/champ_msgs/share/champ_msgs/msg/PointArray.idl
[1.075s] -- Up-to-date: /home/ibrahim/ChampQuadbot/install/champ_msgs/share/champ_msgs/msg/Joints.idl
[1.076s] -- Up-to-date: /home/ibrahim/ChampQuadbot/install/champ_msgs/share/champ_msgs/msg/Contacts.idl
[1.076s] -- Up-to-date: /home/ibrahim/ChampQuadbot/install/champ_msgs/share/champ_msgs/msg/ContactsStamped.idl
[1.076s] -- Up-to-date: /home/ibrahim/ChampQuadbot/install/champ_msgs/share/champ_msgs/msg/Pose.idl
[1.076s] -- Up-to-date: /home/ibrahim/ChampQuadbot/install/champ_msgs/share/champ_msgs/msg/Velocities.msg
[1.077s] -- Up-to-date: /home/ibrahim/ChampQuadbot/install/champ_msgs/share/champ_msgs/msg/PID.msg
[1.077s] -- Up-to-date: /home/ibrahim/ChampQuadbot/install/champ_msgs/share/champ_msgs/msg/Imu.msg
[1.077s] -- Up-to-date: /home/ibrahim/ChampQuadbot/install/champ_msgs/share/champ_msgs/msg/Point.msg
[1.078s] -- Up-to-date: /home/ibrahim/ChampQuadbot/install/champ_msgs/share/champ_msgs/msg/PointArray.msg
[1.078s] -- Up-to-date: /home/ibrahim/ChampQuadbot/install/champ_msgs/share/champ_msgs/msg/Joints.msg
[1.078s] -- Up-to-date: /home/ibrahim/ChampQuadbot/install/champ_msgs/share/champ_msgs/msg/Contacts.msg
[1.079s] -- Up-to-date: /home/ibrahim/ChampQuadbot/install/champ_msgs/share/champ_msgs/msg/ContactsStamped.msg
[1.079s] -- Up-to-date: /home/ibrahim/ChampQuadbot/install/champ_msgs/share/champ_msgs/msg/Pose.msg
[1.080s] -- Up-to-date: /home/ibrahim/ChampQuadbot/install/champ_msgs/share/ament_index/resource_index/package_run_dependencies/champ_msgs
[1.080s] -- Up-to-date: /home/ibrahim/ChampQuadbot/install/champ_msgs/share/ament_index/resource_index/parent_prefix_path/champ_msgs
[1.080s] -- Up-to-date: /home/ibrahim/ChampQuadbot/install/champ_msgs/share/champ_msgs/environment/ament_prefix_path.sh
[1.080s] -- Up-to-date: /home/ibrahim/ChampQuadbot/install/champ_msgs/share/champ_msgs/environment/ament_prefix_path.dsv
[1.081s] -- Up-to-date: /home/ibrahim/ChampQuadbot/install/champ_msgs/share/champ_msgs/environment/path.sh
[1.081s] -- Up-to-date: /home/ibrahim/ChampQuadbot/install/champ_msgs/share/champ_msgs/environment/path.dsv
[1.082s] -- Up-to-date: /home/ibrahim/ChampQuadbot/install/champ_msgs/share/champ_msgs/local_setup.bash
[1.082s] -- Up-to-date: /home/ibrahim/ChampQuadbot/install/champ_msgs/share/champ_msgs/local_setup.sh
[1.082s] -- Up-to-date: /home/ibrahim/ChampQuadbot/install/champ_msgs/share/champ_msgs/local_setup.zsh
[1.083s] -- Up-to-date: /home/ibrahim/ChampQuadbot/install/champ_msgs/share/champ_msgs/local_setup.dsv
[1.083s] -- Installing: /home/ibrahim/ChampQuadbot/install/champ_msgs/share/champ_msgs/package.dsv
[1.083s] -- Up-to-date: /home/ibrahim/ChampQuadbot/install/champ_msgs/share/ament_index/resource_index/packages/champ_msgs
[1.083s] -- Up-to-date: /home/ibrahim/ChampQuadbot/install/champ_msgs/share/champ_msgs/cmake/export_champ_msgs__rosidl_generator_cExport.cmake
[1.083s] -- Up-to-date: /home/ibrahim/ChampQuadbot/install/champ_msgs/share/champ_msgs/cmake/export_champ_msgs__rosidl_generator_cExport-noconfig.cmake
[1.083s] -- Up-to-date: /home/ibrahim/ChampQuadbot/install/champ_msgs/share/champ_msgs/cmake/export_champ_msgs__rosidl_typesupport_fastrtps_cExport.cmake
[1.083s] -- Up-to-date: /home/ibrahim/ChampQuadbot/install/champ_msgs/share/champ_msgs/cmake/export_champ_msgs__rosidl_typesupport_fastrtps_cExport-noconfig.cmake
[1.084s] -- Up-to-date: /home/ibrahim/ChampQuadbot/install/champ_msgs/share/champ_msgs/cmake/champ_msgs__rosidl_typesupport_introspection_cExport.cmake
[1.084s] -- Up-to-date: /home/ibrahim/ChampQuadbot/install/champ_msgs/share/champ_msgs/cmake/champ_msgs__rosidl_typesupport_introspection_cExport-noconfig.cmake
[1.084s] -- Up-to-date: /home/ibrahim/ChampQuadbot/install/champ_msgs/share/champ_msgs/cmake/champ_msgs__rosidl_typesupport_cExport.cmake
[1.084s] -- Up-to-date: /home/ibrahim/ChampQuadbot/install/champ_msgs/share/champ_msgs/cmake/champ_msgs__rosidl_typesupport_cExport-noconfig.cmake
[1.084s] -- Up-to-date: /home/ibrahim/ChampQuadbot/install/champ_msgs/share/champ_msgs/cmake/export_champ_msgs__rosidl_generator_cppExport.cmake
[1.084s] -- Up-to-date: /home/ibrahim/ChampQuadbot/install/champ_msgs/share/champ_msgs/cmake/export_champ_msgs__rosidl_typesupport_fastrtps_cppExport.cmake
[1.085s] -- Up-to-date: /home/ibrahim/ChampQuadbot/install/champ_msgs/share/champ_msgs/cmake/export_champ_msgs__rosidl_typesupport_fastrtps_cppExport-noconfig.cmake
[1.085s] -- Up-to-date: /home/ibrahim/ChampQuadbot/install/champ_msgs/share/champ_msgs/cmake/champ_msgs__rosidl_typesupport_introspection_cppExport.cmake
[1.085s] -- Up-to-date: /home/ibrahim/ChampQuadbot/install/champ_msgs/share/champ_msgs/cmake/champ_msgs__rosidl_typesupport_introspection_cppExport-noconfig.cmake
[1.085s] -- Up-to-date: /home/ibrahim/ChampQuadbot/install/champ_msgs/share/champ_msgs/cmake/champ_msgs__rosidl_typesupport_cppExport.cmake
[1.085s] -- Up-to-date: /home/ibrahim/ChampQuadbot/install/champ_msgs/share/champ_msgs/cmake/champ_msgs__rosidl_typesupport_cppExport-noconfig.cmake
[1.085s] -- Up-to-date: /home/ibrahim/ChampQuadbot/install/champ_msgs/share/champ_msgs/cmake/export_champ_msgs__rosidl_generator_pyExport.cmake
[1.086s] -- Up-to-date: /home/ibrahim/ChampQuadbot/install/champ_msgs/share/champ_msgs/cmake/export_champ_msgs__rosidl_generator_pyExport-noconfig.cmake
[1.086s] -- Up-to-date: /home/ibrahim/ChampQuadbot/install/champ_msgs/share/champ_msgs/cmake/rosidl_cmake-extras.cmake
[1.086s] -- Up-to-date: /home/ibrahim/ChampQuadbot/install/champ_msgs/share/champ_msgs/cmake/ament_cmake_export_dependencies-extras.cmake
[1.086s] -- Up-to-date: /home/ibrahim/ChampQuadbot/install/champ_msgs/share/champ_msgs/cmake/ament_cmake_export_include_directories-extras.cmake
[1.087s] -- Up-to-date: /home/ibrahim/ChampQuadbot/install/champ_msgs/share/champ_msgs/cmake/ament_cmake_export_libraries-extras.cmake
[1.087s] -- Up-to-date: /home/ibrahim/ChampQuadbot/install/champ_msgs/share/champ_msgs/cmake/ament_cmake_export_targets-extras.cmake
[1.087s] -- Up-to-date: /home/ibrahim/ChampQuadbot/install/champ_msgs/share/champ_msgs/cmake/rosidl_cmake_export_typesupport_targets-extras.cmake
[1.087s] -- Up-to-date: /home/ibrahim/ChampQuadbot/install/champ_msgs/share/champ_msgs/cmake/rosidl_cmake_export_typesupport_libraries-extras.cmake
[1.087s] -- Up-to-date: /home/ibrahim/ChampQuadbot/install/champ_msgs/share/champ_msgs/cmake/champ_msgsConfig.cmake
[1.087s] -- Up-to-date: /home/ibrahim/ChampQuadbot/install/champ_msgs/share/champ_msgs/cmake/champ_msgsConfig-version.cmake
[1.087s] -- Up-to-date: /home/ibrahim/ChampQuadbot/install/champ_msgs/share/champ_msgs/package.xml
[1.091s] Invoked command in '/home/ibrahim/ChampQuadbot/build/champ_msgs' returned '0': CMAKE_PREFIX_PATH=${CMAKE_PREFIX_PATH}:/home/ibrahim/RobotArm/install/main_arm_package:/home/ibrahim/RobotArm/install/action_interfaces:/opt/ros/humble /usr/bin/cmake --install /home/ibrahim/ChampQuadbot/build/champ_msgs
