[0.206s] Invoking command in '/home/ibrahim/ChampQuadbot/build/champ_base': CMAKE_PREFIX_PATH=/home/ibrahim/ChampQuadbot/install/champ_msgs:/home/ibrahim/ChampQuadbot/install/champ:/home/ibrahim/ChampQuadbot/install/quadbot_config:/home/ibrahim/ChampQuadbot/install/champbot_nodes:/home/ibrahim/ChampQuadbot/install/champ_teleop:/home/ibrahim/ChampQuadbot/install/champ_navigation:/home/ibrahim/ChampQuadbot/install/champ_gazebo:/home/ibrahim/ChampQuadbot/install/champ_bringup:/home/ibrahim/ChampQuadbot/install/champ_base:/home/ibrahim/ChampQuadbot/install/champ_description:/home/ibrahim/ChampQuadbot/install/champ_config:/home/ibrahim/RobotArmExpanded/install/main_arm_package:/home/ibrahim/RobotArmExpanded/install/action_interfaces:/home/ibrahim/MoveItArm/install/moveit_config:/home/ibrahim/MoveItArm/install/moveit_arm_package:/home/ibrahim/TF2Sample/install/tf2sim:/home/ibrahim/RobotNav/install/main_robot_nodes:/home/ibrahim/RobotNav/install/action_interfaces:/home/ibrahim/RobotMonitor/install/Robot3Node_Package:/home/ibrahim/ros2_ws/install/my_first_package:/home/ibrahim/ros2_ws/install/action_interfaces:/home/ibrahim/RobotArm/install/main_arm_package:/home/ibrahim/RobotArm/install/action_interfaces:/opt/ros/humble LD_LIBRARY_PATH=/home/ibrahim/ChampQuadbot/install/champ_msgs/lib:/home/ibrahim/ChampQuadbot/install/champ_base/lib:/home/ibrahim/RobotArmExpanded/install/action_interfaces/lib:/home/ibrahim/RobotArm/install/action_interfaces/lib:/home/ibrahim/RobotNav/install/action_interfaces/lib:/home/ibrahim/ros2_ws/install/action_interfaces/lib:/usr/lib/x86_64-linux-gnu/gazebo-11/plugins:/opt/ros/humble/opt/rviz_ogre_vendor/lib:/opt/ros/humble/lib/x86_64-linux-gnu:/opt/ros/humble/lib /usr/bin/cmake --build /home/ibrahim/ChampQuadbot/build/champ_base -- -j16 -l16
[0.342s] [ 33%] Built target quadruped_controller
[0.342s] [ 33%] Built target message_relay
[0.342s] [ 50%] Built target state_estimation
[0.404s] [ 66%] Built target quadruped_controller_node
[0.405s] [ 83%] Built target message_relay_node
[0.407s] [100%] Built target state_estimation_node
[0.458s] Invoked command in '/home/ibrahim/ChampQuadbot/build/champ_base' returned '0': CMAKE_PREFIX_PATH=/home/ibrahim/ChampQuadbot/install/champ_msgs:/home/ibrahim/ChampQuadbot/install/champ:/home/ibrahim/ChampQuadbot/install/quadbot_config:/home/ibrahim/ChampQuadbot/install/champbot_nodes:/home/ibrahim/ChampQuadbot/install/champ_teleop:/home/ibrahim/ChampQuadbot/install/champ_navigation:/home/ibrahim/ChampQuadbot/install/champ_gazebo:/home/ibrahim/ChampQuadbot/install/champ_bringup:/home/ibrahim/ChampQuadbot/install/champ_base:/home/ibrahim/ChampQuadbot/install/champ_description:/home/ibrahim/ChampQuadbot/install/champ_config:/home/ibrahim/RobotArmExpanded/install/main_arm_package:/home/ibrahim/RobotArmExpanded/install/action_interfaces:/home/ibrahim/MoveItArm/install/moveit_config:/home/ibrahim/MoveItArm/install/moveit_arm_package:/home/ibrahim/TF2Sample/install/tf2sim:/home/ibrahim/RobotNav/install/main_robot_nodes:/home/ibrahim/RobotNav/install/action_interfaces:/home/ibrahim/RobotMonitor/install/Robot3Node_Package:/home/ibrahim/ros2_ws/install/my_first_package:/home/ibrahim/ros2_ws/install/action_interfaces:/home/ibrahim/RobotArm/install/main_arm_package:/home/ibrahim/RobotArm/install/action_interfaces:/opt/ros/humble LD_LIBRARY_PATH=/home/ibrahim/ChampQuadbot/install/champ_msgs/lib:/home/ibrahim/ChampQuadbot/install/champ_base/lib:/home/ibrahim/RobotArmExpanded/install/action_interfaces/lib:/home/ibrahim/RobotArm/install/action_interfaces/lib:/home/ibrahim/RobotNav/install/action_interfaces/lib:/home/ibrahim/ros2_ws/install/action_interfaces/lib:/usr/lib/x86_64-linux-gnu/gazebo-11/plugins:/opt/ros/humble/opt/rviz_ogre_vendor/lib:/opt/ros/humble/lib/x86_64-linux-gnu:/opt/ros/humble/lib /usr/bin/cmake --build /home/ibrahim/ChampQuadbot/build/champ_base -- -j16 -l16
[0.460s] Invoking command in '/home/ibrahim/ChampQuadbot/build/champ_base': CMAKE_PREFIX_PATH=/home/ibrahim/ChampQuadbot/install/champ_msgs:/home/ibrahim/ChampQuadbot/install/champ:/home/ibrahim/ChampQuadbot/install/quadbot_config:/home/ibrahim/ChampQuadbot/install/champbot_nodes:/home/ibrahim/ChampQuadbot/install/champ_teleop:/home/ibrahim/ChampQuadbot/install/champ_navigation:/home/ibrahim/ChampQuadbot/install/champ_gazebo:/home/ibrahim/ChampQuadbot/install/champ_bringup:/home/ibrahim/ChampQuadbot/install/champ_base:/home/ibrahim/ChampQuadbot/install/champ_description:/home/ibrahim/ChampQuadbot/install/champ_config:/home/ibrahim/RobotArmExpanded/install/main_arm_package:/home/ibrahim/RobotArmExpanded/install/action_interfaces:/home/ibrahim/MoveItArm/install/moveit_config:/home/ibrahim/MoveItArm/install/moveit_arm_package:/home/ibrahim/TF2Sample/install/tf2sim:/home/ibrahim/RobotNav/install/main_robot_nodes:/home/ibrahim/RobotNav/install/action_interfaces:/home/ibrahim/RobotMonitor/install/Robot3Node_Package:/home/ibrahim/ros2_ws/install/my_first_package:/home/ibrahim/ros2_ws/install/action_interfaces:/home/ibrahim/RobotArm/install/main_arm_package:/home/ibrahim/RobotArm/install/action_interfaces:/opt/ros/humble LD_LIBRARY_PATH=/home/ibrahim/ChampQuadbot/install/champ_msgs/lib:/home/ibrahim/ChampQuadbot/install/champ_base/lib:/home/ibrahim/RobotArmExpanded/install/action_interfaces/lib:/home/ibrahim/RobotArm/install/action_interfaces/lib:/home/ibrahim/RobotNav/install/action_interfaces/lib:/home/ibrahim/ros2_ws/install/action_interfaces/lib:/usr/lib/x86_64-linux-gnu/gazebo-11/plugins:/opt/ros/humble/opt/rviz_ogre_vendor/lib:/opt/ros/humble/lib/x86_64-linux-gnu:/opt/ros/humble/lib /usr/bin/cmake --install /home/ibrahim/ChampQuadbot/build/champ_base
[0.464s] -- Install configuration: ""
[0.465s] -- Up-to-date: /home/ibrahim/ChampQuadbot/install/champ_base/share/champ_base/config
[0.466s] -- Up-to-date: /home/ibrahim/ChampQuadbot/install/champ_base/share/champ_base/config/velocity_smoother
[0.467s] -- Up-to-date: /home/ibrahim/ChampQuadbot/install/champ_base/share/champ_base/config/velocity_smoother/velocity_smoother.yaml
[0.467s] -- Up-to-date: /home/ibrahim/ChampQuadbot/install/champ_base/share/champ_base/config/ekf
[0.469s] -- Up-to-date: /home/ibrahim/ChampQuadbot/install/champ_base/share/champ_base/config/ekf/footprint_to_odom.yaml
[0.470s] -- Up-to-date: /home/ibrahim/ChampQuadbot/install/champ_base/share/champ_base/config/ekf/base_to_footprint.yaml
[0.471s] -- Up-to-date: /home/ibrahim/ChampQuadbot/install/champ_base/lib/libquadruped_controller.so
[0.472s] -- Up-to-date: /home/ibrahim/ChampQuadbot/install/champ_base/bin/quadruped_controller_node
[0.473s] -- Up-to-date: /home/ibrahim/ChampQuadbot/install/champ_base/lib/libmessage_relay.so
[0.475s] -- Up-to-date: /home/ibrahim/ChampQuadbot/install/champ_base/bin/message_relay_node
[0.476s] -- Up-to-date: /home/ibrahim/ChampQuadbot/install/champ_base/lib/libstate_estimation.so
[0.477s] -- Up-to-date: /home/ibrahim/ChampQuadbot/install/champ_base/bin/state_estimation_node
[0.478s] -- Up-to-date: /home/ibrahim/ChampQuadbot/install/champ_base/lib/champ_base/quadruped_controller_node
[0.479s] -- Up-to-date: /home/ibrahim/ChampQuadbot/install/champ_base/lib/champ_base/message_relay_node
[0.480s] -- Up-to-date: /home/ibrahim/ChampQuadbot/install/champ_base/lib/champ_base/state_estimation_node
[0.481s] -- Up-to-date: /home/ibrahim/ChampQuadbot/install/champ_base/share/ament_index/resource_index/package_run_dependencies/champ_base
[0.482s] -- Up-to-date: /home/ibrahim/ChampQuadbot/install/champ_base/share/ament_index/resource_index/parent_prefix_path/champ_base
[0.483s] -- Up-to-date: /home/ibrahim/ChampQuadbot/install/champ_base/share/champ_base/environment/ament_prefix_path.sh
[0.483s] -- Up-to-date: /home/ibrahim/ChampQuadbot/install/champ_base/share/champ_base/environment/ament_prefix_path.dsv
[0.484s] -- Up-to-date: /home/ibrahim/ChampQuadbot/install/champ_base/share/champ_base/environment/path.sh
[0.485s] -- Up-to-date: /home/ibrahim/ChampQuadbot/install/champ_base/share/champ_base/environment/path.dsv
[0.485s] -- Up-to-date: /home/ibrahim/ChampQuadbot/install/champ_base/share/champ_base/local_setup.bash
[0.486s] -- Up-to-date: /home/ibrahim/ChampQuadbot/install/champ_base/share/champ_base/local_setup.sh
[0.487s] -- Up-to-date: /home/ibrahim/ChampQuadbot/install/champ_base/share/champ_base/local_setup.zsh
[0.487s] -- Up-to-date: /home/ibrahim/ChampQuadbot/install/champ_base/share/champ_base/local_setup.dsv
[0.487s] -- Installing: /home/ibrahim/ChampQuadbot/install/champ_base/share/champ_base/package.dsv
[0.489s] -- Up-to-date: /home/ibrahim/ChampQuadbot/install/champ_base/share/ament_index/resource_index/packages/champ_base
[0.490s] -- Up-to-date: /home/ibrahim/ChampQuadbot/install/champ_base/share/champ_base/cmake/ament_cmake_export_include_directories-extras.cmake
[0.491s] -- Up-to-date: /home/ibrahim/ChampQuadbot/install/champ_base/share/champ_base/cmake/ament_cmake_export_dependencies-extras.cmake
[0.492s] -- Up-to-date: /home/ibrahim/ChampQuadbot/install/champ_base/share/champ_base/cmake/champ_baseConfig.cmake
[0.492s] -- Up-to-date: /home/ibrahim/ChampQuadbot/install/champ_base/share/champ_base/cmake/champ_baseConfig-version.cmake
[0.493s] -- Up-to-date: /home/ibrahim/ChampQuadbot/install/champ_base/share/champ_base/package.xml
[0.518s] Invoked command in '/home/ibrahim/ChampQuadbot/build/champ_base' returned '0': CMAKE_PREFIX_PATH=/home/ibrahim/ChampQuadbot/install/champ_msgs:/home/ibrahim/ChampQuadbot/install/champ:/home/ibrahim/ChampQuadbot/install/quadbot_config:/home/ibrahim/ChampQuadbot/install/champbot_nodes:/home/ibrahim/ChampQuadbot/install/champ_teleop:/home/ibrahim/ChampQuadbot/install/champ_navigation:/home/ibrahim/ChampQuadbot/install/champ_gazebo:/home/ibrahim/ChampQuadbot/install/champ_bringup:/home/ibrahim/ChampQuadbot/install/champ_base:/home/ibrahim/ChampQuadbot/install/champ_description:/home/ibrahim/ChampQuadbot/install/champ_config:/home/ibrahim/RobotArmExpanded/install/main_arm_package:/home/ibrahim/RobotArmExpanded/install/action_interfaces:/home/ibrahim/MoveItArm/install/moveit_config:/home/ibrahim/MoveItArm/install/moveit_arm_package:/home/ibrahim/TF2Sample/install/tf2sim:/home/ibrahim/RobotNav/install/main_robot_nodes:/home/ibrahim/RobotNav/install/action_interfaces:/home/ibrahim/RobotMonitor/install/Robot3Node_Package:/home/ibrahim/ros2_ws/install/my_first_package:/home/ibrahim/ros2_ws/install/action_interfaces:/home/ibrahim/RobotArm/install/main_arm_package:/home/ibrahim/RobotArm/install/action_interfaces:/opt/ros/humble LD_LIBRARY_PATH=/home/ibrahim/ChampQuadbot/install/champ_msgs/lib:/home/ibrahim/ChampQuadbot/install/champ_base/lib:/home/ibrahim/RobotArmExpanded/install/action_interfaces/lib:/home/ibrahim/RobotArm/install/action_interfaces/lib:/home/ibrahim/RobotNav/install/action_interfaces/lib:/home/ibrahim/ros2_ws/install/action_interfaces/lib:/usr/lib/x86_64-linux-gnu/gazebo-11/plugins:/opt/ros/humble/opt/rviz_ogre_vendor/lib:/opt/ros/humble/lib/x86_64-linux-gnu:/opt/ros/humble/lib /usr/bin/cmake --install /home/ibrahim/ChampQuadbot/build/champ_base
