[0.103s] Invoking command in '/home/ibrahim/ChampQuadbot/build/champ': CMAKE_PREFIX_PATH=${CMAKE_PREFIX_PATH}:/home/ibrahim/RobotArm/install/main_arm_package:/home/ibrahim/RobotArm/install/action_interfaces:/opt/ros/humble /usr/bin/cmake --build /home/ibrahim/ChampQuadbot/build/champ -- -j16 -l16
[0.197s] Invoked command in '/home/ibrahim/ChampQuadbot/build/champ' returned '0': CMAKE_PREFIX_PATH=${CMAKE_PREFIX_PATH}:/home/ibrahim/RobotArm/install/main_arm_package:/home/ibrahim/RobotArm/install/action_interfaces:/opt/ros/humble /usr/bin/cmake --build /home/ibrahim/ChampQuadbot/build/champ -- -j16 -l16
[0.223s] Invoking command in '/home/ibrahim/ChampQuadbot/build/champ': CMAKE_PREFIX_PATH=${CMAKE_PREFIX_PATH}:/home/ibrahim/RobotArm/install/main_arm_package:/home/ibrahim/RobotArm/install/action_interfaces:/opt/ros/humble /usr/bin/cmake --install /home/ibrahim/ChampQuadbot/build/champ
[0.256s] -- Install configuration: ""
[0.256s] -- Up-to-date: /home/ibrahim/ChampQuadbot/install/champ/include
[0.257s] -- Up-to-date: /home/ibrahim/ChampQuadbot/install/champ/include/champ
[0.259s] -- Up-to-date: /home/ibrahim/ChampQuadbot/install/champ/include/champ/kinematics
[0.259s] -- Up-to-date: /home/ibrahim/ChampQuadbot/install/champ/include/champ/kinematics/kinematics.h
[0.260s] -- Up-to-date: /home/ibrahim/ChampQuadbot/install/champ/include/champ/odometry
[0.274s] -- Up-to-date: /home/ibrahim/ChampQuadbot/install/champ/include/champ/odometry/odometry.h
[0.275s] -- Up-to-date: /home/ibrahim/ChampQuadbot/install/champ/include/champ/quadruped_base
[0.275s] -- Up-to-date: /home/ibrahim/ChampQuadbot/install/champ/include/champ/quadruped_base/quadruped_base.h
[0.276s] -- Up-to-date: /home/ibrahim/ChampQuadbot/install/champ/include/champ/quadruped_base/quadruped_leg.h
[0.276s] -- Up-to-date: /home/ibrahim/ChampQuadbot/install/champ/include/champ/quadruped_base/quadruped_components.h
[0.276s] -- Up-to-date: /home/ibrahim/ChampQuadbot/install/champ/include/champ/quadruped_base/quadruped_joint.h
[0.278s] -- Up-to-date: /home/ibrahim/ChampQuadbot/install/champ/include/champ/bla
[0.278s] -- Up-to-date: /home/ibrahim/ChampQuadbot/install/champ/include/champ/bla/memory_delegate.h
[0.278s] -- Up-to-date: /home/ibrahim/ChampQuadbot/install/champ/include/champ/bla/basic_linear_algebra.h
[0.278s] -- Up-to-date: /home/ibrahim/ChampQuadbot/install/champ/include/champ/LICENSE
[0.278s] -- Up-to-date: /home/ibrahim/ChampQuadbot/install/champ/include/champ/leg_controller
[0.280s] -- Up-to-date: /home/ibrahim/ChampQuadbot/install/champ/include/champ/leg_controller/phase_generator.h
[0.280s] -- Up-to-date: /home/ibrahim/ChampQuadbot/install/champ/include/champ/leg_controller/leg_controller.h
[0.281s] -- Up-to-date: /home/ibrahim/ChampQuadbot/install/champ/include/champ/leg_controller/trajectory_planner.h
[0.282s] -- Up-to-date: /home/ibrahim/ChampQuadbot/install/champ/include/champ/.git
[0.282s] -- Up-to-date: /home/ibrahim/ChampQuadbot/install/champ/include/champ/macros
[0.282s] -- Up-to-date: /home/ibrahim/ChampQuadbot/install/champ/include/champ/macros/macros.h
[0.284s] -- Up-to-date: /home/ibrahim/ChampQuadbot/install/champ/include/champ/README.md
[0.284s] -- Up-to-date: /home/ibrahim/ChampQuadbot/install/champ/include/champ/utils
[0.284s] -- Up-to-date: /home/ibrahim/ChampQuadbot/install/champ/include/champ/utils/xmlrpc_helpers.h
[0.284s] -- Up-to-date: /home/ibrahim/ChampQuadbot/install/champ/include/champ/utils/urdf_loader.h
[0.284s] -- Up-to-date: /home/ibrahim/ChampQuadbot/install/champ/include/champ/geometry
[0.284s] -- Up-to-date: /home/ibrahim/ChampQuadbot/install/champ/include/champ/geometry/geometry.h
[0.284s] -- Up-to-date: /home/ibrahim/ChampQuadbot/install/champ/include/champ/body_controller
[0.284s] -- Up-to-date: /home/ibrahim/ChampQuadbot/install/champ/include/champ/body_controller/body_controller.h
[0.285s] -- Up-to-date: /home/ibrahim/ChampQuadbot/install/champ/share/ament_index/resource_index/package_run_dependencies/champ
[0.285s] -- Up-to-date: /home/ibrahim/ChampQuadbot/install/champ/share/ament_index/resource_index/parent_prefix_path/champ
[0.285s] -- Up-to-date: /home/ibrahim/ChampQuadbot/install/champ/share/champ/environment/ament_prefix_path.sh
[0.285s] -- Up-to-date: /home/ibrahim/ChampQuadbot/install/champ/share/champ/environment/ament_prefix_path.dsv
[0.285s] -- Up-to-date: /home/ibrahim/ChampQuadbot/install/champ/share/champ/environment/path.sh
[0.285s] -- Up-to-date: /home/ibrahim/ChampQuadbot/install/champ/share/champ/environment/path.dsv
[0.285s] -- Up-to-date: /home/ibrahim/ChampQuadbot/install/champ/share/champ/local_setup.bash
[0.285s] -- Up-to-date: /home/ibrahim/ChampQuadbot/install/champ/share/champ/local_setup.sh
[0.285s] -- Up-to-date: /home/ibrahim/ChampQuadbot/install/champ/share/champ/local_setup.zsh
[0.286s] -- Up-to-date: /home/ibrahim/ChampQuadbot/install/champ/share/champ/local_setup.dsv
[0.286s] -- Installing: /home/ibrahim/ChampQuadbot/install/champ/share/champ/package.dsv
[0.286s] -- Up-to-date: /home/ibrahim/ChampQuadbot/install/champ/share/ament_index/resource_index/packages/champ
[0.286s] -- Up-to-date: /home/ibrahim/ChampQuadbot/install/champ/share/champ/cmake/ament_cmake_export_include_directories-extras.cmake
[0.287s] -- Up-to-date: /home/ibrahim/ChampQuadbot/install/champ/share/champ/cmake/champConfig.cmake
[0.287s] -- Up-to-date: /home/ibrahim/ChampQuadbot/install/champ/share/champ/cmake/champConfig-version.cmake
[0.288s] -- Up-to-date: /home/ibrahim/ChampQuadbot/install/champ/share/champ/package.xml
[0.289s] Invoked command in '/home/ibrahim/ChampQuadbot/build/champ' returned '0': CMAKE_PREFIX_PATH=${CMAKE_PREFIX_PATH}:/home/ibrahim/RobotArm/install/main_arm_package:/home/ibrahim/RobotArm/install/action_interfaces:/opt/ros/humble /usr/bin/cmake --install /home/ibrahim/ChampQuadbot/build/champ
