[0.097s] Invoking command in '/home/ibrahim/ChampQuadbot/build/champ_config': CMAKE_PREFIX_PATH=${CMAKE_PREFIX_PATH}:/home/ibrahim/RobotArm/install/main_arm_package:/home/ibrahim/RobotArm/install/action_interfaces:/opt/ros/humble /usr/bin/cmake --build /home/ibrahim/ChampQuadbot/build/champ_config -- -j16 -l16
[0.206s] Invoked command in '/home/ibrahim/ChampQuadbot/build/champ_config' returned '0': CMAKE_PREFIX_PATH=${CMAKE_PREFIX_PATH}:/home/ibrahim/RobotArm/install/main_arm_package:/home/ibrahim/RobotArm/install/action_interfaces:/opt/ros/humble /usr/bin/cmake --build /home/ibrahim/ChampQuadbot/build/champ_config -- -j16 -l16
[0.210s] Invoking command in '/home/ibrahim/ChampQuadbot/build/champ_config': CMAKE_PREFIX_PATH=${CMAKE_PREFIX_PATH}:/home/ibrahim/RobotArm/install/main_arm_package:/home/ibrahim/RobotArm/install/action_interfaces:/opt/ros/humble /usr/bin/cmake --install /home/ibrahim/ChampQuadbot/build/champ_config
[0.276s] -- Install configuration: ""
[0.276s] -- Up-to-date: /home/ibrahim/ChampQuadbot/install/champ_config/share/champ_config/launch
[0.276s] -- Up-to-date: /home/ibrahim/ChampQuadbot/install/champ_config/share/champ_config/launch/bringup.launch.py
[0.277s] -- Up-to-date: /home/ibrahim/ChampQuadbot/install/champ_config/share/champ_config/launch/gazebo.launch.py
[0.277s] -- Up-to-date: /home/ibrahim/ChampQuadbot/install/champ_config/share/champ_config/launch/navigate.launch.py
[0.277s] -- Up-to-date: /home/ibrahim/ChampQuadbot/install/champ_config/share/champ_config/launch/slam.launch.py
[0.278s] -- Up-to-date: /home/ibrahim/ChampQuadbot/install/champ_config/share/champ_config/config
[0.278s] -- Up-to-date: /home/ibrahim/ChampQuadbot/install/champ_config/share/champ_config/config/joints
[0.278s] -- Up-to-date: /home/ibrahim/ChampQuadbot/install/champ_config/share/champ_config/config/joints/joints.yaml
[0.279s] -- Up-to-date: /home/ibrahim/ChampQuadbot/install/champ_config/share/champ_config/config/links
[0.279s] -- Up-to-date: /home/ibrahim/ChampQuadbot/install/champ_config/share/champ_config/config/links/links.yaml
[0.279s] -- Up-to-date: /home/ibrahim/ChampQuadbot/install/champ_config/share/champ_config/config/autonomy
[0.280s] -- Up-to-date: /home/ibrahim/ChampQuadbot/install/champ_config/share/champ_config/config/autonomy/slam.yaml
[0.282s] -- Up-to-date: /home/ibrahim/ChampQuadbot/install/champ_config/share/champ_config/config/autonomy/navigation.yaml
[0.284s] -- Up-to-date: /home/ibrahim/ChampQuadbot/install/champ_config/share/champ_config/config/gait
[0.354s] -- Up-to-date: /home/ibrahim/ChampQuadbot/install/champ_config/share/champ_config/config/gait/gait.yaml
[0.354s] -- Up-to-date: /home/ibrahim/ChampQuadbot/install/champ_config/share/champ_config/maps
[0.355s] -- Up-to-date: /home/ibrahim/ChampQuadbot/install/champ_config/share/champ_config/maps/playground.pgm
[0.355s] -- Up-to-date: /home/ibrahim/ChampQuadbot/install/champ_config/share/champ_config/maps/map.yaml
[0.356s] -- Up-to-date: /home/ibrahim/ChampQuadbot/install/champ_config/share/champ_config/maps/map.pgm
[0.356s] -- Up-to-date: /home/ibrahim/ChampQuadbot/install/champ_config/share/champ_config/maps/playground.yaml
[0.357s] -- Up-to-date: /home/ibrahim/ChampQuadbot/install/champ_config/share/champ_config/worlds
[0.357s] -- Up-to-date: /home/ibrahim/ChampQuadbot/install/champ_config/share/champ_config/worlds/playground.world
[0.358s] -- Up-to-date: /home/ibrahim/ChampQuadbot/install/champ_config/share/champ_config/worlds/outdoor.world
[0.358s] -- Up-to-date: /home/ibrahim/ChampQuadbot/install/champ_config/share/champ_config/worlds/default.world
[0.358s] -- Up-to-date: /home/ibrahim/ChampQuadbot/install/champ_config/share/ament_index/resource_index/package_run_dependencies/champ_config
[0.359s] -- Up-to-date: /home/ibrahim/ChampQuadbot/install/champ_config/share/ament_index/resource_index/parent_prefix_path/champ_config
[0.359s] -- Up-to-date: /home/ibrahim/ChampQuadbot/install/champ_config/share/champ_config/environment/ament_prefix_path.sh
[0.360s] -- Up-to-date: /home/ibrahim/ChampQuadbot/install/champ_config/share/champ_config/environment/ament_prefix_path.dsv
[0.360s] -- Up-to-date: /home/ibrahim/ChampQuadbot/install/champ_config/share/champ_config/environment/path.sh
[0.361s] -- Up-to-date: /home/ibrahim/ChampQuadbot/install/champ_config/share/champ_config/environment/path.dsv
[0.361s] -- Up-to-date: /home/ibrahim/ChampQuadbot/install/champ_config/share/champ_config/local_setup.bash
[0.362s] -- Up-to-date: /home/ibrahim/ChampQuadbot/install/champ_config/share/champ_config/local_setup.sh
[0.363s] -- Up-to-date: /home/ibrahim/ChampQuadbot/install/champ_config/share/champ_config/local_setup.zsh
[0.364s] -- Up-to-date: /home/ibrahim/ChampQuadbot/install/champ_config/share/champ_config/local_setup.dsv
[0.365s] -- Installing: /home/ibrahim/ChampQuadbot/install/champ_config/share/champ_config/package.dsv
[0.367s] -- Up-to-date: /home/ibrahim/ChampQuadbot/install/champ_config/share/ament_index/resource_index/packages/champ_config
[0.367s] -- Up-to-date: /home/ibrahim/ChampQuadbot/install/champ_config/share/champ_config/cmake/champ_configConfig.cmake
[0.368s] -- Up-to-date: /home/ibrahim/ChampQuadbot/install/champ_config/share/champ_config/cmake/champ_configConfig-version.cmake
[0.369s] -- Up-to-date: /home/ibrahim/ChampQuadbot/install/champ_config/share/champ_config/package.xml
[0.418s] Invoked command in '/home/ibrahim/ChampQuadbot/build/champ_config' returned '0': CMAKE_PREFIX_PATH=${CMAKE_PREFIX_PATH}:/home/ibrahim/RobotArm/install/main_arm_package:/home/ibrahim/RobotArm/install/action_interfaces:/opt/ros/humble /usr/bin/cmake --install /home/ibrahim/ChampQuadbot/build/champ_config
